[ 2018-04-01T10:01:32+08:00 ] 172.31.232.156 104.238.148.71 GET /
[ log ] wallet.2100w.cn/ [运行时间：0.017847s][吞吐率：56.03req/s] [内存消耗：2,175.20kb] [文件加载：43]
[ info ] [ LANG ] /home/www/snb_wallet/thinkphp/lang/zh-cn.php
[ info ] [ LANG ] /home/www/snb_wallet/public/../application/lang/zh-cn.php
[ info ] [ ROUTE ] array (
  'type' => 'module',
  'module' => 
  array (
    0 => '',
    1 => NULL,
    2 => NULL,
  ),
)
[ info ] [ HEADER ] array (
  'host' => 'wallet.2100w.cn',
  'connection' => 'keep-alive',
  'upgrade-insecure-requests' => '1',
  'user-agent' => 'Mozilla/5.0 (Macintosh; Intel Mac OS X 10_13_3) AppleWebKit/537.36 (KHTML, like Gecko) Chrome/65.0.3325.181 Safari/537.36',
  'accept' => 'text/html,application/xhtml+xml,application/xml;q=0.9,image/webp,image/apng,*/*;q=0.8',
  'accept-encoding' => 'gzip, deflate',
  'accept-language' => 'zh-CN,zh;q=0.9,en;q=0.8,zh-TW;q=0.7',
  'content-type' => '',
  'content-length' => '',
)
[ info ] [ PARAM ] array (
)
[ info ] [ LANG ] /home/www/snb_wallet/public/../application/index/lang/zh-cn.php
[ info ] [ RUN ] app\index\controller\Index->index[ /home/www/snb_wallet/application/index/controller/Index.php ]
[ info ] [ SESSION ] INIT array (
  'id' => '',
  'var_session_id' => '',
  'prefix' => 'think',
  'type' => '',
  'auto_start' => true,
)
[ info ] [ LOG ] INIT File

---------------------------------------------------------------
[ 2018-04-01T10:01:33+08:00 ] 172.31.232.156 104.238.148.71 GET /login
[ log ] wallet.2100w.cn/login [运行时间：0.020367s][吞吐率：49.10req/s] [内存消耗：2,341.93kb] [文件加载：40]
[ info ] [ LANG ] /home/www/snb_wallet/thinkphp/lang/zh-cn.php
[ info ] [ LANG ] /home/www/snb_wallet/public/../application/lang/zh-cn.php
[ info ] [ ROUTE ] array (
  'type' => 'module',
  'module' => 
  array (
    0 => 'user',
    1 => 'user',
    2 => 'login',
  ),
  'convert' => false,
)
[ info ] [ HEADER ] array (
  'host' => 'wallet.2100w.cn',
  'connection' => 'keep-alive',
  'upgrade-insecure-requests' => '1',
  'user-agent' => 'Mozilla/5.0 (Macintosh; Intel Mac OS X 10_13_3) AppleWebKit/537.36 (KHTML, like Gecko) Chrome/65.0.3325.181 Safari/537.36',
  'accept' => 'text/html,application/xhtml+xml,application/xml;q=0.9,image/webp,image/apng,*/*;q=0.8',
  'accept-encoding' => 'gzip, deflate',
  'accept-language' => 'zh-CN,zh;q=0.9,en;q=0.8,zh-TW;q=0.7',
  'cookie' => 'think_var=zh-cn; PHPSESSID=2g1v45iirvrk2l2a54nfi8dga3',
  'content-type' => '',
  'content-length' => '',
)
[ info ] [ PARAM ] array (
)
[ info ] [ RUN ] app\user\controller\User->login[ /home/www/snb_wallet/application/user/controller/User.php ]
[ info ] [ VIEW ] /home/www/snb_wallet/public/../application/user/view/user/Login.html [ array (
  0 => 'dir',
  1 => 'title',
  2 => 'error_msg',
) ]
[ info ] [ LOG ] INIT File

---------------------------------------------------------------
[ 2018-04-01T10:01:46+08:00 ] 172.31.232.156 104.238.148.71 POST /login
[ log ] wallet.2100w.cn/login [运行时间：0.029402s][吞吐率：34.01req/s] [内存消耗：3,710.16kb] [文件加载：50]
[ info ] [ LANG ] /home/www/snb_wallet/thinkphp/lang/zh-cn.php
[ info ] [ LANG ] /home/www/snb_wallet/public/../application/lang/zh-cn.php
[ info ] [ ROUTE ] array (
  'type' => 'module',
  'module' => 
  array (
    0 => 'user',
    1 => 'user',
    2 => 'login',
  ),
  'convert' => false,
)
[ info ] [ HEADER ] array (
  'host' => 'wallet.2100w.cn',
  'connection' => 'keep-alive',
  'content-length' => '41',
  'cache-control' => 'max-age=0',
  'origin' => 'http://wallet.2100w.cn',
  'upgrade-insecure-requests' => '1',
  'content-type' => 'application/x-www-form-urlencoded',
  'user-agent' => 'Mozilla/5.0 (Macintosh; Intel Mac OS X 10_13_3) AppleWebKit/537.36 (KHTML, like Gecko) Chrome/65.0.3325.181 Safari/537.36',
  'accept' => 'text/html,application/xhtml+xml,application/xml;q=0.9,image/webp,image/apng,*/*;q=0.8',
  'referer' => 'http://wallet.2100w.cn/login',
  'accept-encoding' => 'gzip, deflate',
  'accept-language' => 'zh-CN,zh;q=0.9,en;q=0.8,zh-TW;q=0.7',
  'cookie' => 'think_var=zh-cn; PHPSESSID=2g1v45iirvrk2l2a54nfi8dga3',
)
[ info ] [ PARAM ] array (
  'email' => '9048914@qq.com',
  'password' => 'jpy123jpy',
)
[ info ] [ RUN ] app\user\controller\User->login[ /home/www/snb_wallet/application/user/controller/User.php ]
[ info ] [ DB ] INIT mysql
[ info ] [ SESSION ] INIT array (
  'id' => '',
  'var_session_id' => '',
  'prefix' => 'think',
  'type' => '',
  'auto_start' => true,
)
[ info ] [ LOG ] INIT File
[ sql ] [ DB ] CONNECT:[ UseTime:0.000394s ] mysql:dbname=wallet;host=localhost;charset=utf8
[ sql ] [ SQL ] SHOW COLUMNS FROM `yuan_user` [ RunTime:0.000815s ]
[ sql ] [ SQL ] SELECT `user_id`,`user_account`,`user_3des`,`user_name`,`user_setTrust` FROM `yuan_user` WHERE  `user_email` = '9048914@qq.com' LIMIT 1 [ RunTime:0.000344s ]
[ sql ] [ SQL ] SELECT `user_pass`,`user_confirm`,`user_3des`,`user_lock` FROM `yuan_user` WHERE  `user_email` = '9048914@qq.com' LIMIT 1 [ RunTime:0.000240s ]

---------------------------------------------------------------
[ 2018-04-01T10:01:46+08:00 ] 172.31.232.156 104.238.148.71 GET /
[ log ] wallet.2100w.cn/ [运行时间：0.018909s][吞吐率：52.88req/s] [内存消耗：2,151.02kb] [文件加载：42]
[ info ] [ LANG ] /home/www/snb_wallet/thinkphp/lang/zh-cn.php
[ info ] [ LANG ] /home/www/snb_wallet/public/../application/lang/zh-cn.php
[ info ] [ ROUTE ] array (
  'type' => 'module',
  'module' => 
  array (
    0 => '',
    1 => NULL,
    2 => NULL,
  ),
)
[ info ] [ HEADER ] array (
  'host' => 'wallet.2100w.cn',
  'connection' => 'keep-alive',
  'cache-control' => 'max-age=0',
  'upgrade-insecure-requests' => '1',
  'user-agent' => 'Mozilla/5.0 (Macintosh; Intel Mac OS X 10_13_3) AppleWebKit/537.36 (KHTML, like Gecko) Chrome/65.0.3325.181 Safari/537.36',
  'accept' => 'text/html,application/xhtml+xml,application/xml;q=0.9,image/webp,image/apng,*/*;q=0.8',
  'referer' => 'http://wallet.2100w.cn/login',
  'accept-encoding' => 'gzip, deflate',
  'accept-language' => 'zh-CN,zh;q=0.9,en;q=0.8,zh-TW;q=0.7',
  'cookie' => 'think_var=zh-cn; PHPSESSID=2g1v45iirvrk2l2a54nfi8dga3',
  'content-type' => '',
  'content-length' => '',
)
[ info ] [ PARAM ] array (
)
[ info ] [ LANG ] /home/www/snb_wallet/public/../application/index/lang/zh-cn.php
[ info ] [ RUN ] app\index\controller\Index->index[ /home/www/snb_wallet/application/index/controller/Index.php ]
[ info ] [ SESSION ] INIT array (
  'id' => '',
  'var_session_id' => '',
  'prefix' => 'think',
  'type' => '',
  'auto_start' => true,
)
[ info ] [ VIEW ] /home/www/snb_wallet/public/../application/index/view/index/Index.html [ array (
  0 => 'dir',
  1 => 'title',
) ]
[ info ] [ LOG ] INIT File

---------------------------------------------------------------
[ 2018-04-01T10:01:55+08:00 ] 172.31.232.156 104.238.148.71 POST /index/gateway/alldata
[ log ] wallet.2100w.cn/index/gateway/alldata [运行时间：0.041826s][吞吐率：23.91req/s] [内存消耗：3,806.77kb] [文件加载：53]
[ info ] [ LANG ] /home/www/snb_wallet/thinkphp/lang/zh-cn.php
[ info ] [ LANG ] /home/www/snb_wallet/public/../application/lang/zh-cn.php
[ info ] [ ROUTE ] array (
  'type' => 'module',
  'module' => 
  array (
    0 => 'index',
    1 => 'gateway',
    2 => 'alldata',
  ),
)
[ info ] [ HEADER ] array (
  'host' => 'wallet.2100w.cn',
  'connection' => 'keep-alive',
  'content-length' => '1367',
  'accept' => '*/*',
  'origin' => 'http://wallet.2100w.cn',
  'x-requested-with' => 'XMLHttpRequest',
  'user-agent' => 'Mozilla/5.0 (Macintosh; Intel Mac OS X 10_13_3) AppleWebKit/537.36 (KHTML, like Gecko) Chrome/65.0.3325.181 Safari/537.36',
  'content-type' => 'application/x-www-form-urlencoded; charset=UTF-8',
  'referer' => 'http://wallet.2100w.cn/',
  'accept-encoding' => 'gzip, deflate',
  'accept-language' => 'zh-CN,zh;q=0.9,en;q=0.8,zh-TW;q=0.7',
  'cookie' => 'think_var=zh-cn; PHPSESSID=2g1v45iirvrk2l2a54nfi8dga3',
)
[ info ] [ PARAM ] array (
  'issuer' => 
  array (
    0 => 'GCXN2CDLEOQ5Z3JGSGZWZ3ZQ6MPDJWDBFN5MYRZXTYMAP6TZIZMCUYSY',
    1 => 'GCV3PTG5D3RG2LFBZV3FC4LCVMYR5KJBHU567PSHUHBN56HIALZQZIJQ',
    2 => 'GBFM33WO6ROOUD4ZZ4NYRAEKQKGHXDAFGJVZUR2LBU76OAVP4XGFMSN2',
    3 => 'GB4U3D4DH44L3MDHX4RUGLQK7OXTN4POQGGGFHIDQU57NH4D3SMRHVCA',
    4 => 'GAHOL74UG3CNO6R6GPSBDSQMC2STRZJF536JUJ5E7RHF4X2736KN3TTN',
    5 => 'GDQZ2HAFUJXBXJJF4RHJD5GOZF7PCCNKKRW6JSXHPBHHTFUUR2RMYV2S',
    6 => 'GAQSMLEAXM6LZWGFTINF3ZW56NFWG7MNVNODVCT4F66Z3P7FQLVIJ7NK',
    7 => 'GDIVHXI725XR2NW3QS5OHQT7UVGXUNJL2IZGVFQDQYE2OE5U3UKZPTOV',
    8 => 'GDYTA6IF5VUT5DH4ULA57CMM4OYWVZF6ZQFWAVHSGCMOI2ZTXMMVEYIA',
    9 => 'GDYBTOFJCGEJTAM45HOL5SWGBW4MSS6BUKVSVI6TGEKIRCHV5D2OKTYL',
    10 => 'GBA64USUE4PI5WVPRDMVIC37RAILITUXHGCIUV4VM6OMZ6CHXLT3MBHW',
    11 => 'GCGHXLCUHGGUDEFGUDB7OD3KB74PQUS5ZYIJJLCFZCMXODP4RAXTLPPO',
  ),
  'asset' => 
  array (
    0 => 'IOT',
    1 => 'CNY',
    2 => 'LQSDT',
    3 => 'LQSMJ',
    4 => 'BTC',
    5 => 'LQSTJ',
    6 => 'LQSSJ',
    7 => 'ETH',
    8 => 'LQSHY',
    9 => 'HLJF',
    10 => 'HLJF2',
    11 => 'SNL',
  ),
  'balance' => 
  array (
    0 => '0.0000000',
    1 => '0.0000000',
    2 => '0.0000000',
    3 => '0.0000000',
    4 => '21000000.0000000',
    5 => '0.0000000',
    6 => '0.0000000',
    7 => '10000.0000000',
    8 => '0.0000000',
    9 => '100000000.0000000',
    10 => '100000000.0000000',
    11 => '500000000.0000000',
  ),
)
[ info ] [ LANG ] /home/www/snb_wallet/public/../application/index/lang/zh-cn.php
[ info ] [ RUN ] app\index\controller\Gateway->alldata[ /home/www/snb_wallet/application/index/controller/Gateway.php ]
[ info ] [ SESSION ] INIT array (
  'id' => '',
  'var_session_id' => '',
  'prefix' => 'think',
  'type' => '',
  'auto_start' => true,
)
[ info ] [ DB ] INIT mysql
[ info ] [ LOG ] INIT File
[ sql ] [ DB ] CONNECT:[ UseTime:0.000358s ] mysql:dbname=wallet;host=localhost;charset=utf8
[ sql ] [ SQL ] SHOW COLUMNS FROM `yuan_asset` [ RunTime:0.000732s ]
[ sql ] [ SQL ] SELECT * FROM `yuan_asset` WHERE  `asset_issuer` = 'GCXN2CDLEOQ5Z3JGSGZWZ3ZQ6MPDJWDBFN5MYRZXTYMAP6TZIZMCUYSY'  AND `asset_code` = 'IOT' LIMIT 1 [ RunTime:0.000375s ]
[ sql ] [ SQL ] SHOW COLUMNS FROM `yuan_gateway` [ RunTime:0.000504s ]
[ sql ] [ SQL ] SELECT * FROM `yuan_gateway` WHERE  `gateway_id` = 6 LIMIT 1 [ RunTime:0.000297s ]
[ sql ] [ SQL ] SELECT * FROM `yuan_asset` WHERE  `asset_issuer` = 'GCV3PTG5D3RG2LFBZV3FC4LCVMYR5KJBHU567PSHUHBN56HIALZQZIJQ'  AND `asset_code` = 'CNY' LIMIT 1 [ RunTime:0.000273s ]
[ sql ] [ SQL ] SELECT * FROM `yuan_gateway` WHERE  `gateway_id` = 2 LIMIT 1 [ RunTime:0.000251s ]
[ sql ] [ SQL ] SELECT * FROM `yuan_asset` WHERE  `asset_issuer` = 'GBFM33WO6ROOUD4ZZ4NYRAEKQKGHXDAFGJVZUR2LBU76OAVP4XGFMSN2'  AND `asset_code` = 'LQSDT' LIMIT 1 [ RunTime:0.000256s ]
[ sql ] [ SQL ] SELECT * FROM `yuan_gateway` WHERE  `gateway_id` = 6 LIMIT 1 [ RunTime:0.000193s ]
[ sql ] [ SQL ] SELECT * FROM `yuan_asset` WHERE  `asset_issuer` = 'GB4U3D4DH44L3MDHX4RUGLQK7OXTN4POQGGGFHIDQU57NH4D3SMRHVCA'  AND `asset_code` = 'LQSMJ' LIMIT 1 [ RunTime:0.000264s ]
[ sql ] [ SQL ] SELECT * FROM `yuan_gateway` WHERE  `gateway_id` = 6 LIMIT 1 [ RunTime:0.000193s ]
[ sql ] [ SQL ] SELECT * FROM `yuan_asset` WHERE  `asset_issuer` = 'GAHOL74UG3CNO6R6GPSBDSQMC2STRZJF536JUJ5E7RHF4X2736KN3TTN'  AND `asset_code` = 'BTC' LIMIT 1 [ RunTime:0.000269s ]
[ sql ] [ SQL ] SELECT * FROM `yuan_gateway` WHERE  `gateway_id` = 6 LIMIT 1 [ RunTime:0.000191s ]
[ sql ] [ SQL ] SELECT * FROM `yuan_asset` WHERE  `asset_issuer` = 'GDQZ2HAFUJXBXJJF4RHJD5GOZF7PCCNKKRW6JSXHPBHHTFUUR2RMYV2S'  AND `asset_code` = 'LQSTJ' LIMIT 1 [ RunTime:0.000268s ]
[ sql ] [ SQL ] SELECT * FROM `yuan_gateway` WHERE  `gateway_id` = 6 LIMIT 1 [ RunTime:0.000191s ]
[ sql ] [ SQL ] SELECT * FROM `yuan_asset` WHERE  `asset_issuer` = 'GAQSMLEAXM6LZWGFTINF3ZW56NFWG7MNVNODVCT4F66Z3P7FQLVIJ7NK'  AND `asset_code` = 'LQSSJ' LIMIT 1 [ RunTime:0.000391s ]
[ sql ] [ SQL ] SELECT * FROM `yuan_gateway` WHERE  `gateway_id` = 6 LIMIT 1 [ RunTime:0.000191s ]
[ sql ] [ SQL ] SELECT * FROM `yuan_asset` WHERE  `asset_issuer` = 'GDIVHXI725XR2NW3QS5OHQT7UVGXUNJL2IZGVFQDQYE2OE5U3UKZPTOV'  AND `asset_code` = 'ETH' LIMIT 1 [ RunTime:0.000258s ]
[ sql ] [ SQL ] SELECT * FROM `yuan_gateway` WHERE  `gateway_id` = 6 LIMIT 1 [ RunTime:0.000192s ]
[ sql ] [ SQL ] SELECT * FROM `yuan_asset` WHERE  `asset_issuer` = 'GDYTA6IF5VUT5DH4ULA57CMM4OYWVZF6ZQFWAVHSGCMOI2ZTXMMVEYIA'  AND `asset_code` = 'LQSHY' LIMIT 1 [ RunTime:0.000253s ]
[ sql ] [ SQL ] SELECT * FROM `yuan_gateway` WHERE  `gateway_id` = 6 LIMIT 1 [ RunTime:0.000190s ]
[ sql ] [ SQL ] SELECT * FROM `yuan_asset` WHERE  `asset_issuer` = 'GDYBTOFJCGEJTAM45HOL5SWGBW4MSS6BUKVSVI6TGEKIRCHV5D2OKTYL'  AND `asset_code` = 'HLJF' LIMIT 1 [ RunTime:0.000259s ]
[ sql ] [ SQL ] SELECT * FROM `yuan_gateway` WHERE  `gateway_id` = 6 LIMIT 1 [ RunTime:0.000189s ]
[ sql ] [ SQL ] SELECT * FROM `yuan_asset` WHERE  `asset_issuer` = 'GBA64USUE4PI5WVPRDMVIC37RAILITUXHGCIUV4VM6OMZ6CHXLT3MBHW'  AND `asset_code` = 'HLJF2' LIMIT 1 [ RunTime:0.000254s ]
[ sql ] [ SQL ] SELECT * FROM `yuan_gateway` WHERE  `gateway_id` = 6 LIMIT 1 [ RunTime:0.000216s ]
[ sql ] [ SQL ] SELECT * FROM `yuan_asset` WHERE  `asset_issuer` = 'GCGHXLCUHGGUDEFGUDB7OD3KB74PQUS5ZYIJJLCFZCMXODP4RAXTLPPO'  AND `asset_code` = 'SNL' LIMIT 1 [ RunTime:0.000265s ]
[ sql ] [ SQL ] SELECT * FROM `yuan_gateway` WHERE  `gateway_id` = 6 LIMIT 1 [ RunTime:0.000203s ]

---------------------------------------------------------------
