[ 2018-03-16T04:02:46+08:00 ] 172.31.232.156 106.11.156.170 GET /register?lang=de
[ log ] wallet.2100w.cn/register?lang=de [运行时间：0.027197s][吞吐率：36.77req/s] [内存消耗：3,589.08kb] [文件加载：47]
[ info ] [ LANG ] /home/www/snb_wallet/public/../application/lang/de.php
[ info ] [ ROUTE ] array (
  'type' => 'module',
  'module' => 
  array (
    0 => 'user',
    1 => 'user',
    2 => 'register',
  ),
  'convert' => false,
)
[ info ] [ HEADER ] array (
  'accept-language' => 'zh-cn,en-us,zh-tw,en-gb,en;',
  'host' => 'wallet.2100w.cn',
  'accept-encoding' => 'gzip',
  'accept' => '*/*',
  'connection' => 'Keep-Alive',
  'user-agent' => 'YisouSpider',
  'content-type' => '',
  'content-length' => '',
)
[ info ] [ PARAM ] array (
  'lang' => 'de',
)
[ info ] [ RUN ] app\user\controller\User->register[ /home/www/snb_wallet/application/user/controller/User.php ]
[ info ] [ DB ] INIT mysql
[ info ] [ VIEW ] /home/www/snb_wallet/public/../application/user/view/user/Register.html [ array (
  0 => 'dir',
  1 => 'title',
) ]
[ info ] [ LOG ] INIT File

---------------------------------------------------------------
[ 2018-03-16T06:25:25+08:00 ] 172.31.232.156 34.224.83.255 GET /
[ log ] wallet.2100w.cn/ [运行时间：0.023606s][吞吐率：42.36req/s] [内存消耗：2,174.19kb] [文件加载：43]
[ info ] [ LANG ] /home/www/snb_wallet/thinkphp/lang/zh-cn.php
[ info ] [ LANG ] /home/www/snb_wallet/public/../application/lang/zh-cn.php
[ info ] [ ROUTE ] array (
  'type' => 'module',
  'module' => 
  array (
    0 => '',
    1 => NULL,
    2 => NULL,
  ),
)
[ info ] [ HEADER ] array (
  'from' => '',
  'host' => 'wallet.2100w.cn',
  'connection' => 'Keep-Alive',
  'user-agent' => 'BUbiNG (+http://law.di.unimi.it/BUbiNG.html#wc)',
  'accept-encoding' => 'gzip,deflate',
  'content-type' => '',
  'content-length' => '',
)
[ info ] [ PARAM ] array (
)
[ info ] [ LANG ] /home/www/snb_wallet/public/../application/index/lang/zh-cn.php
[ info ] [ RUN ] app\index\controller\Index->index[ /home/www/snb_wallet/application/index/controller/Index.php ]
[ info ] [ SESSION ] INIT array (
  'id' => '',
  'var_session_id' => '',
  'prefix' => 'think',
  'type' => '',
  'auto_start' => true,
)
[ info ] [ LOG ] INIT File

---------------------------------------------------------------
[ 2018-03-16T06:25:31+08:00 ] 172.31.232.156 34.224.83.255 GET /login
[ log ] wallet.2100w.cn/login [运行时间：0.024845s][吞吐率：40.25req/s] [内存消耗：2,341.09kb] [文件加载：40]
[ info ] [ LANG ] /home/www/snb_wallet/thinkphp/lang/zh-cn.php
[ info ] [ LANG ] /home/www/snb_wallet/public/../application/lang/zh-cn.php
[ info ] [ ROUTE ] array (
  'type' => 'module',
  'module' => 
  array (
    0 => 'user',
    1 => 'user',
    2 => 'login',
  ),
  'convert' => false,
)
[ info ] [ HEADER ] array (
  'from' => '',
  'host' => 'wallet.2100w.cn',
  'connection' => 'Keep-Alive',
  'user-agent' => 'BUbiNG (+http://law.di.unimi.it/BUbiNG.html#wc)',
  'cookie' => 'PHPSESSID=egcbmugoovofjlsqmv0d09pfv0',
  'accept-encoding' => 'gzip,deflate',
  'content-type' => '',
  'content-length' => '',
)
[ info ] [ PARAM ] array (
)
[ info ] [ RUN ] app\user\controller\User->login[ /home/www/snb_wallet/application/user/controller/User.php ]
[ info ] [ VIEW ] /home/www/snb_wallet/public/../application/user/view/user/Login.html [ array (
  0 => 'dir',
  1 => 'title',
  2 => 'error_msg',
) ]
[ info ] [ LOG ] INIT File

---------------------------------------------------------------
[ 2018-03-16T06:25:38+08:00 ] 172.31.232.156 34.224.83.255 GET /register
[ log ] wallet.2100w.cn/register [运行时间：0.030836s][吞吐率：32.43req/s] [内存消耗：3,597.54kb] [文件加载：48]
[ info ] [ LANG ] /home/www/snb_wallet/thinkphp/lang/zh-cn.php
[ info ] [ LANG ] /home/www/snb_wallet/public/../application/lang/zh-cn.php
[ info ] [ ROUTE ] array (
  'type' => 'module',
  'module' => 
  array (
    0 => 'user',
    1 => 'user',
    2 => 'register',
  ),
  'convert' => false,
)
[ info ] [ HEADER ] array (
  'from' => '',
  'host' => 'wallet.2100w.cn',
  'connection' => 'Keep-Alive',
  'user-agent' => 'BUbiNG (+http://law.di.unimi.it/BUbiNG.html#wc)',
  'cookie' => 'PHPSESSID=egcbmugoovofjlsqmv0d09pfv0',
  'accept-encoding' => 'gzip,deflate',
  'content-type' => '',
  'content-length' => '',
)
[ info ] [ PARAM ] array (
)
[ info ] [ RUN ] app\user\controller\User->register[ /home/www/snb_wallet/application/user/controller/User.php ]
[ info ] [ DB ] INIT mysql
[ info ] [ VIEW ] /home/www/snb_wallet/public/../application/user/view/user/Register.html [ array (
  0 => 'dir',
  1 => 'title',
) ]
[ info ] [ LOG ] INIT File

---------------------------------------------------------------
[ 2018-03-16T06:25:44+08:00 ] 172.31.232.156 34.224.83.255 GET /forgetpassword
[ log ] wallet.2100w.cn/forgetpassword [运行时间：0.019690s][吞吐率：50.79req/s] [内存消耗：2,419.57kb] [文件加载：41]
[ info ] [ LANG ] /home/www/snb_wallet/thinkphp/lang/zh-cn.php
[ info ] [ LANG ] /home/www/snb_wallet/public/../application/lang/zh-cn.php
[ info ] [ ROUTE ] array (
  'type' => 'module',
  'module' => 
  array (
    0 => 'user',
    1 => 'user',
    2 => 'forgetpassword',
  ),
  'convert' => false,
)
[ info ] [ HEADER ] array (
  'from' => '',
  'host' => 'wallet.2100w.cn',
  'connection' => 'Keep-Alive',
  'user-agent' => 'BUbiNG (+http://law.di.unimi.it/BUbiNG.html#wc)',
  'cookie' => 'PHPSESSID=egcbmugoovofjlsqmv0d09pfv0',
  'accept-encoding' => 'gzip,deflate',
  'content-type' => '',
  'content-length' => '',
)
[ info ] [ PARAM ] array (
)
[ info ] [ RUN ] app\user\controller\User->forgetpassword[ /home/www/snb_wallet/application/user/controller/User.php ]
[ info ] [ VIEW ] /home/www/snb_wallet/public/../application/user/view/user/Forgetpassword.html [ array (
  0 => 'dir',
  1 => 'title',
) ]
[ info ] [ LOG ] INIT File

---------------------------------------------------------------
[ 2018-03-16T06:25:50+08:00 ] 172.31.232.156 34.224.83.255 GET /?lang=en-us
[ log ] wallet.2100w.cn/?lang=en-us [运行时间：0.017973s][吞吐率：55.64req/s] [内存消耗：2,162.41kb] [文件加载：41]
[ info ] [ LANG ] /home/www/snb_wallet/public/../application/lang/en-us.php
[ info ] [ ROUTE ] array (
  'type' => 'module',
  'module' => 
  array (
    0 => '',
    1 => NULL,
    2 => NULL,
  ),
)
[ info ] [ HEADER ] array (
  'from' => '',
  'host' => 'wallet.2100w.cn',
  'connection' => 'Keep-Alive',
  'user-agent' => 'BUbiNG (+http://law.di.unimi.it/BUbiNG.html#wc)',
  'cookie' => 'PHPSESSID=egcbmugoovofjlsqmv0d09pfv0',
  'accept-encoding' => 'gzip,deflate',
  'content-type' => '',
  'content-length' => '',
)
[ info ] [ PARAM ] array (
  'lang' => 'en-us',
)
[ info ] [ RUN ] app\index\controller\Index->index[ /home/www/snb_wallet/application/index/controller/Index.php ]
[ info ] [ SESSION ] INIT array (
  'id' => '',
  'var_session_id' => '',
  'prefix' => 'think',
  'type' => '',
  'auto_start' => true,
)
[ info ] [ LOG ] INIT File

---------------------------------------------------------------
[ 2018-03-16T06:27:24+08:00 ] 172.31.232.156 34.224.83.255 GET /?lang=zh-hk
[ log ] wallet.2100w.cn/?lang=zh-hk [运行时间：0.018208s][吞吐率：54.92req/s] [内存消耗：2,162.60kb] [文件加载：41]
[ info ] [ LANG ] /home/www/snb_wallet/public/../application/lang/zh-hk.php
[ info ] [ ROUTE ] array (
  'type' => 'module',
  'module' => 
  array (
    0 => '',
    1 => NULL,
    2 => NULL,
  ),
)
[ info ] [ HEADER ] array (
  'from' => '',
  'host' => 'wallet.2100w.cn',
  'connection' => 'Keep-Alive',
  'user-agent' => 'BUbiNG (+http://law.di.unimi.it/BUbiNG.html#wc)',
  'cookie' => 'PHPSESSID=egcbmugoovofjlsqmv0d09pfv0; think_var=en-us',
  'accept-encoding' => 'gzip,deflate',
  'content-type' => '',
  'content-length' => '',
)
[ info ] [ PARAM ] array (
  'lang' => 'zh-hk',
)
[ info ] [ RUN ] app\index\controller\Index->index[ /home/www/snb_wallet/application/index/controller/Index.php ]
[ info ] [ SESSION ] INIT array (
  'id' => '',
  'var_session_id' => '',
  'prefix' => 'think',
  'type' => '',
  'auto_start' => true,
)
[ info ] [ LOG ] INIT File

---------------------------------------------------------------
[ 2018-03-16T06:27:30+08:00 ] 172.31.232.156 34.224.83.255 GET /?lang=zh-cn
[ log ] wallet.2100w.cn/?lang=zh-cn [运行时间：0.019021s][吞吐率：52.57req/s] [内存消耗：2,175.27kb] [文件加载：43]
[ info ] [ LANG ] /home/www/snb_wallet/thinkphp/lang/zh-cn.php
[ info ] [ LANG ] /home/www/snb_wallet/public/../application/lang/zh-cn.php
[ info ] [ ROUTE ] array (
  'type' => 'module',
  'module' => 
  array (
    0 => '',
    1 => NULL,
    2 => NULL,
  ),
)
[ info ] [ HEADER ] array (
  'from' => '',
  'host' => 'wallet.2100w.cn',
  'connection' => 'Keep-Alive',
  'user-agent' => 'BUbiNG (+http://law.di.unimi.it/BUbiNG.html#wc)',
  'cookie' => 'PHPSESSID=egcbmugoovofjlsqmv0d09pfv0; think_var=zh-hk',
  'accept-encoding' => 'gzip,deflate',
  'content-type' => '',
  'content-length' => '',
)
[ info ] [ PARAM ] array (
  'lang' => 'zh-cn',
)
[ info ] [ LANG ] /home/www/snb_wallet/public/../application/index/lang/zh-cn.php
[ info ] [ RUN ] app\index\controller\Index->index[ /home/www/snb_wallet/application/index/controller/Index.php ]
[ info ] [ SESSION ] INIT array (
  'id' => '',
  'var_session_id' => '',
  'prefix' => 'think',
  'type' => '',
  'auto_start' => true,
)
[ info ] [ LOG ] INIT File

---------------------------------------------------------------
[ 2018-03-16T06:27:37+08:00 ] 172.31.232.156 34.224.83.255 GET /?lang=de
[ log ] wallet.2100w.cn/?lang=de [运行时间：0.019492s][吞吐率：51.30req/s] [内存消耗：2,162.57kb] [文件加载：41]
[ info ] [ LANG ] /home/www/snb_wallet/public/../application/lang/de.php
[ info ] [ ROUTE ] array (
  'type' => 'module',
  'module' => 
  array (
    0 => '',
    1 => NULL,
    2 => NULL,
  ),
)
[ info ] [ HEADER ] array (
  'from' => '',
  'host' => 'wallet.2100w.cn',
  'connection' => 'Keep-Alive',
  'user-agent' => 'BUbiNG (+http://law.di.unimi.it/BUbiNG.html#wc)',
  'cookie' => 'PHPSESSID=egcbmugoovofjlsqmv0d09pfv0; think_var=zh-cn',
  'accept-encoding' => 'gzip,deflate',
  'content-type' => '',
  'content-length' => '',
)
[ info ] [ PARAM ] array (
  'lang' => 'de',
)
[ info ] [ RUN ] app\index\controller\Index->index[ /home/www/snb_wallet/application/index/controller/Index.php ]
[ info ] [ SESSION ] INIT array (
  'id' => '',
  'var_session_id' => '',
  'prefix' => 'think',
  'type' => '',
  'auto_start' => true,
)
[ info ] [ LOG ] INIT File

---------------------------------------------------------------
[ 2018-03-16T06:29:14+08:00 ] 172.31.232.156 34.224.83.255 GET /?lang=ar
[ log ] wallet.2100w.cn/?lang=ar [运行时间：0.020637s][吞吐率：48.46req/s] [内存消耗：2,162.59kb] [文件加载：41]
[ info ] [ LANG ] /home/www/snb_wallet/public/../application/lang/ar.php
[ info ] [ ROUTE ] array (
  'type' => 'module',
  'module' => 
  array (
    0 => '',
    1 => NULL,
    2 => NULL,
  ),
)
[ info ] [ HEADER ] array (
  'from' => '',
  'host' => 'wallet.2100w.cn',
  'connection' => 'Keep-Alive',
  'user-agent' => 'BUbiNG (+http://law.di.unimi.it/BUbiNG.html#wc)',
  'cookie' => 'PHPSESSID=egcbmugoovofjlsqmv0d09pfv0; think_var=de',
  'accept-encoding' => 'gzip,deflate',
  'content-type' => '',
  'content-length' => '',
)
[ info ] [ PARAM ] array (
  'lang' => 'ar',
)
[ info ] [ RUN ] app\index\controller\Index->index[ /home/www/snb_wallet/application/index/controller/Index.php ]
[ info ] [ SESSION ] INIT array (
  'id' => '',
  'var_session_id' => '',
  'prefix' => 'think',
  'type' => '',
  'auto_start' => true,
)
[ info ] [ LOG ] INIT File

---------------------------------------------------------------
[ 2018-03-16T06:30:52+08:00 ] 172.31.232.156 34.224.83.255 GET /?lang=fr
[ log ] wallet.2100w.cn/?lang=fr [运行时间：0.028185s][吞吐率：35.48req/s] [内存消耗：2,162.53kb] [文件加载：41]
[ info ] [ LANG ] /home/www/snb_wallet/public/../application/lang/fr.php
[ info ] [ ROUTE ] array (
  'type' => 'module',
  'module' => 
  array (
    0 => '',
    1 => NULL,
    2 => NULL,
  ),
)
[ info ] [ HEADER ] array (
  'from' => '',
  'host' => 'wallet.2100w.cn',
  'connection' => 'Keep-Alive',
  'user-agent' => 'BUbiNG (+http://law.di.unimi.it/BUbiNG.html#wc)',
  'cookie' => 'PHPSESSID=egcbmugoovofjlsqmv0d09pfv0; think_var=ar',
  'accept-encoding' => 'gzip,deflate',
  'content-type' => '',
  'content-length' => '',
)
[ info ] [ PARAM ] array (
  'lang' => 'fr',
)
[ info ] [ RUN ] app\index\controller\Index->index[ /home/www/snb_wallet/application/index/controller/Index.php ]
[ info ] [ SESSION ] INIT array (
  'id' => '',
  'var_session_id' => '',
  'prefix' => 'think',
  'type' => '',
  'auto_start' => true,
)
[ info ] [ LOG ] INIT File

---------------------------------------------------------------
[ 2018-03-16T06:30:59+08:00 ] 172.31.232.156 34.224.83.255 GET /?lang=ja
[ log ] wallet.2100w.cn/?lang=ja [运行时间：0.018730s][吞吐率：53.39req/s] [内存消耗：2,162.58kb] [文件加载：41]
[ info ] [ LANG ] /home/www/snb_wallet/public/../application/lang/ja.php
[ info ] [ ROUTE ] array (
  'type' => 'module',
  'module' => 
  array (
    0 => '',
    1 => NULL,
    2 => NULL,
  ),
)
[ info ] [ HEADER ] array (
  'from' => '',
  'host' => 'wallet.2100w.cn',
  'connection' => 'Keep-Alive',
  'user-agent' => 'BUbiNG (+http://law.di.unimi.it/BUbiNG.html#wc)',
  'cookie' => 'PHPSESSID=egcbmugoovofjlsqmv0d09pfv0; think_var=fr',
  'accept-encoding' => 'gzip,deflate',
  'content-type' => '',
  'content-length' => '',
)
[ info ] [ PARAM ] array (
  'lang' => 'ja',
)
[ info ] [ RUN ] app\index\controller\Index->index[ /home/www/snb_wallet/application/index/controller/Index.php ]
[ info ] [ SESSION ] INIT array (
  'id' => '',
  'var_session_id' => '',
  'prefix' => 'think',
  'type' => '',
  'auto_start' => true,
)
[ info ] [ LOG ] INIT File

---------------------------------------------------------------
[ 2018-03-16T06:31:06+08:00 ] 172.31.232.156 34.224.83.255 GET /?lang=ko
[ log ] wallet.2100w.cn/?lang=ko [运行时间：0.017635s][吞吐率：56.71req/s] [内存消耗：2,162.59kb] [文件加载：41]
[ info ] [ LANG ] /home/www/snb_wallet/public/../application/lang/ko.php
[ info ] [ ROUTE ] array (
  'type' => 'module',
  'module' => 
  array (
    0 => '',
    1 => NULL,
    2 => NULL,
  ),
)
[ info ] [ HEADER ] array (
  'from' => '',
  'host' => 'wallet.2100w.cn',
  'connection' => 'Keep-Alive',
  'user-agent' => 'BUbiNG (+http://law.di.unimi.it/BUbiNG.html#wc)',
  'cookie' => 'PHPSESSID=egcbmugoovofjlsqmv0d09pfv0; think_var=ja',
  'accept-encoding' => 'gzip,deflate',
  'content-type' => '',
  'content-length' => '',
)
[ info ] [ PARAM ] array (
  'lang' => 'ko',
)
[ info ] [ RUN ] app\index\controller\Index->index[ /home/www/snb_wallet/application/index/controller/Index.php ]
[ info ] [ SESSION ] INIT array (
  'id' => '',
  'var_session_id' => '',
  'prefix' => 'think',
  'type' => '',
  'auto_start' => true,
)
[ info ] [ LOG ] INIT File

---------------------------------------------------------------
[ 2018-03-16T06:31:12+08:00 ] 172.31.232.156 34.224.83.255 GET /?lang=ru
[ log ] wallet.2100w.cn/?lang=ru [运行时间：0.018052s][吞吐率：55.40req/s] [内存消耗：2,162.54kb] [文件加载：41]
[ info ] [ LANG ] /home/www/snb_wallet/public/../application/lang/ru.php
[ info ] [ ROUTE ] array (
  'type' => 'module',
  'module' => 
  array (
    0 => '',
    1 => NULL,
    2 => NULL,
  ),
)
[ info ] [ HEADER ] array (
  'from' => '',
  'host' => 'wallet.2100w.cn',
  'connection' => 'Keep-Alive',
  'user-agent' => 'BUbiNG (+http://law.di.unimi.it/BUbiNG.html#wc)',
  'cookie' => 'PHPSESSID=egcbmugoovofjlsqmv0d09pfv0; think_var=ko',
  'accept-encoding' => 'gzip,deflate',
  'content-type' => '',
  'content-length' => '',
)
[ info ] [ PARAM ] array (
  'lang' => 'ru',
)
[ info ] [ RUN ] app\index\controller\Index->index[ /home/www/snb_wallet/application/index/controller/Index.php ]
[ info ] [ SESSION ] INIT array (
  'id' => '',
  'var_session_id' => '',
  'prefix' => 'think',
  'type' => '',
  'auto_start' => true,
)
[ info ] [ LOG ] INIT File

---------------------------------------------------------------
[ 2018-03-16T06:31:18+08:00 ] 172.31.232.156 34.224.83.255 GET /?lang=th
[ log ] wallet.2100w.cn/?lang=th [运行时间：0.019751s][吞吐率：50.63req/s] [内存消耗：2,162.52kb] [文件加载：41]
[ info ] [ LANG ] /home/www/snb_wallet/public/../application/lang/th.php
[ info ] [ ROUTE ] array (
  'type' => 'module',
  'module' => 
  array (
    0 => '',
    1 => NULL,
    2 => NULL,
  ),
)
[ info ] [ HEADER ] array (
  'from' => '',
  'host' => 'wallet.2100w.cn',
  'connection' => 'Keep-Alive',
  'user-agent' => 'BUbiNG (+http://law.di.unimi.it/BUbiNG.html#wc)',
  'cookie' => 'PHPSESSID=egcbmugoovofjlsqmv0d09pfv0; think_var=ru',
  'accept-encoding' => 'gzip,deflate',
  'content-type' => '',
  'content-length' => '',
)
[ info ] [ PARAM ] array (
  'lang' => 'th',
)
[ info ] [ RUN ] app\index\controller\Index->index[ /home/www/snb_wallet/application/index/controller/Index.php ]
[ info ] [ SESSION ] INIT array (
  'id' => '',
  'var_session_id' => '',
  'prefix' => 'think',
  'type' => '',
  'auto_start' => true,
)
[ info ] [ LOG ] INIT File

---------------------------------------------------------------
[ 2018-03-16T06:31:24+08:00 ] 172.31.232.156 34.224.83.255 GET /?lang=vi
[ log ] wallet.2100w.cn/?lang=vi [运行时间：0.018051s][吞吐率：55.40req/s] [内存消耗：2,162.63kb] [文件加载：41]
[ info ] [ LANG ] /home/www/snb_wallet/public/../application/lang/vi.php
[ info ] [ ROUTE ] array (
  'type' => 'module',
  'module' => 
  array (
    0 => '',
    1 => NULL,
    2 => NULL,
  ),
)
[ info ] [ HEADER ] array (
  'from' => '',
  'host' => 'wallet.2100w.cn',
  'connection' => 'Keep-Alive',
  'user-agent' => 'BUbiNG (+http://law.di.unimi.it/BUbiNG.html#wc)',
  'cookie' => 'PHPSESSID=egcbmugoovofjlsqmv0d09pfv0; think_var=th',
  'accept-encoding' => 'gzip,deflate',
  'content-type' => '',
  'content-length' => '',
)
[ info ] [ PARAM ] array (
  'lang' => 'vi',
)
[ info ] [ RUN ] app\index\controller\Index->index[ /home/www/snb_wallet/application/index/controller/Index.php ]
[ info ] [ SESSION ] INIT array (
  'id' => '',
  'var_session_id' => '',
  'prefix' => 'think',
  'type' => '',
  'auto_start' => true,
)
[ info ] [ LOG ] INIT File

---------------------------------------------------------------
[ 2018-03-16T06:33:12+08:00 ] 172.31.232.156 34.224.83.255 GET /captcha.html
[ log ] wallet.2100w.cn/captcha.html [运行时间：0.015986s][吞吐率：62.55req/s] [内存消耗：1,841.27kb] [文件加载：33]
[ info ] [ LANG ] /home/www/snb_wallet/public/../application/lang/vi.php
[ info ] [ ROUTE ] array (
  'type' => 'method',
  'method' => 
  array (
    0 => '\\think\\captcha\\CaptchaController',
    1 => 'index',
  ),
  'var' => 
  array (
  ),
)
[ info ] [ HEADER ] array (
  'from' => '',
  'host' => 'wallet.2100w.cn',
  'connection' => 'Keep-Alive',
  'user-agent' => 'BUbiNG (+http://law.di.unimi.it/BUbiNG.html#wc)',
  'cookie' => 'PHPSESSID=egcbmugoovofjlsqmv0d09pfv0; think_var=vi',
  'accept-encoding' => 'gzip,deflate',
  'content-type' => '',
  'content-length' => '',
)
[ info ] [ PARAM ] array (
  'id' => NULL,
)
[ info ] [ RUN ] think\captcha\CaptchaController->index[ /home/www/snb_wallet/vendor/topthink/think-captcha/src/CaptchaController.php ]
[ info ] [ SESSION ] INIT array (
  'id' => '',
  'var_session_id' => '',
  'prefix' => 'think',
  'type' => '',
  'auto_start' => true,
)
[ info ] [ LOG ] INIT File

---------------------------------------------------------------
