[ 2018-03-19T00:38:24+08:00 ] 172.31.232.156 106.11.159.168 GET /login?lang=zh-cn
[ log ] wallet.2100w.cn/login?lang=zh-cn [运行时间：0.019356s][吞吐率：51.66req/s] [内存消耗：2,342.13kb] [文件加载：40]
[ info ] [ LANG ] /home/www/snb_wallet/thinkphp/lang/zh-cn.php
[ info ] [ LANG ] /home/www/snb_wallet/public/../application/lang/zh-cn.php
[ info ] [ ROUTE ] array (
  'type' => 'module',
  'module' => 
  array (
    0 => 'user',
    1 => 'user',
    2 => 'login',
  ),
  'convert' => false,
)
[ info ] [ HEADER ] array (
  'accept-language' => 'zh-cn,en-us,zh-tw,en-gb,en;',
  'host' => 'wallet.2100w.cn',
  'accept-encoding' => 'gzip',
  'accept' => '*/*',
  'connection' => 'Keep-Alive',
  'user-agent' => 'YisouSpider',
  'content-type' => '',
  'content-length' => '',
)
[ info ] [ PARAM ] array (
  'lang' => 'zh-cn',
)
[ info ] [ RUN ] app\user\controller\User->login[ /home/www/snb_wallet/application/user/controller/User.php ]
[ info ] [ VIEW ] /home/www/snb_wallet/public/../application/user/view/user/Login.html [ array (
  0 => 'dir',
  1 => 'title',
  2 => 'error_msg',
) ]
[ info ] [ LOG ] INIT File

---------------------------------------------------------------
[ 2018-03-19T02:38:17+08:00 ] 172.31.232.156 106.11.153.162 GET /forgetpassword?lang=zh-cn
[ log ] wallet.2100w.cn/forgetpassword?lang=zh-cn [运行时间：0.022109s][吞吐率：45.23req/s] [内存消耗：2,420.60kb] [文件加载：41]
[ info ] [ LANG ] /home/www/snb_wallet/thinkphp/lang/zh-cn.php
[ info ] [ LANG ] /home/www/snb_wallet/public/../application/lang/zh-cn.php
[ info ] [ ROUTE ] array (
  'type' => 'module',
  'module' => 
  array (
    0 => 'user',
    1 => 'user',
    2 => 'forgetpassword',
  ),
  'convert' => false,
)
[ info ] [ HEADER ] array (
  'accept-language' => 'zh-cn,en-us,zh-tw,en-gb,en;',
  'host' => 'wallet.2100w.cn',
  'accept-encoding' => 'gzip',
  'accept' => '*/*',
  'connection' => 'Keep-Alive',
  'user-agent' => 'YisouSpider',
  'content-type' => '',
  'content-length' => '',
)
[ info ] [ PARAM ] array (
  'lang' => 'zh-cn',
)
[ info ] [ RUN ] app\user\controller\User->forgetpassword[ /home/www/snb_wallet/application/user/controller/User.php ]
[ info ] [ VIEW ] /home/www/snb_wallet/public/../application/user/view/user/Forgetpassword.html [ array (
  0 => 'dir',
  1 => 'title',
) ]
[ info ] [ LOG ] INIT File

---------------------------------------------------------------
[ 2018-03-19T10:51:36+08:00 ] 172.31.232.156 183.14.132.125 GET /
[ log ] wallet.2100w.cn/ [运行时间：0.019082s][吞吐率：52.41req/s] [内存消耗：2,175.73kb] [文件加载：43]
[ info ] [ LANG ] /home/www/snb_wallet/thinkphp/lang/zh-cn.php
[ info ] [ LANG ] /home/www/snb_wallet/public/../application/lang/zh-cn.php
[ info ] [ ROUTE ] array (
  'type' => 'module',
  'module' => 
  array (
    0 => '',
    1 => NULL,
    2 => NULL,
  ),
)
[ info ] [ HEADER ] array (
  'host' => 'wallet.2100w.cn',
  'user-agent' => 'Mozilla/5.0 (Macintosh; Intel Mac OS X 10_13_3) AppleWebKit/537.36 (KHTML, like Gecko) Chrome/65.0.3325.162 Safari/537.36',
  'accept' => 'text/html,application/xhtml+xml,application/xml;q=0.9,image/webp,image/apng,*/*;q=0.8',
  'accept-encoding' => 'gzip, deflate',
  'accept-language' => 'zh-CN,zh;q=0.9,en;q=0.8,zh-TW;q=0.7',
  'cookie' => '_ga=GA1.2.365346836.1513654267; PHPSESSID=fpcbnni12dskihsnuut8sqr0d5',
  'proxy-connection' => 'keep-alive',
  'referer' => 'http://wallet.2100w.cn/gatewayCenter',
  'upgrade-insecure-requests' => '1',
  'x-lantern-version' => '4.4.2',
  'content-type' => '',
  'content-length' => '',
)
[ info ] [ PARAM ] array (
)
[ info ] [ LANG ] /home/www/snb_wallet/public/../application/index/lang/zh-cn.php
[ info ] [ RUN ] app\index\controller\Index->index[ /home/www/snb_wallet/application/index/controller/Index.php ]
[ info ] [ SESSION ] INIT array (
  'id' => '',
  'var_session_id' => '',
  'prefix' => 'think',
  'type' => '',
  'auto_start' => true,
)
[ info ] [ LOG ] INIT File

---------------------------------------------------------------
[ 2018-03-19T10:51:37+08:00 ] 172.31.232.156 183.14.132.125 GET /login
[ log ] wallet.2100w.cn/login [运行时间：0.021921s][吞吐率：45.62req/s] [内存消耗：2,342.67kb] [文件加载：40]
[ info ] [ LANG ] /home/www/snb_wallet/thinkphp/lang/zh-cn.php
[ info ] [ LANG ] /home/www/snb_wallet/public/../application/lang/zh-cn.php
[ info ] [ ROUTE ] array (
  'type' => 'module',
  'module' => 
  array (
    0 => 'user',
    1 => 'user',
    2 => 'login',
  ),
  'convert' => false,
)
[ info ] [ HEADER ] array (
  'host' => 'wallet.2100w.cn',
  'user-agent' => 'Mozilla/5.0 (Macintosh; Intel Mac OS X 10_13_3) AppleWebKit/537.36 (KHTML, like Gecko) Chrome/65.0.3325.162 Safari/537.36',
  'accept' => 'text/html,application/xhtml+xml,application/xml;q=0.9,image/webp,image/apng,*/*;q=0.8',
  'accept-encoding' => 'gzip, deflate',
  'accept-language' => 'zh-CN,zh;q=0.9,en;q=0.8,zh-TW;q=0.7',
  'cookie' => '_ga=GA1.2.365346836.1513654267; PHPSESSID=fpcbnni12dskihsnuut8sqr0d5; think_var=zh-cn',
  'proxy-connection' => 'keep-alive',
  'referer' => 'http://wallet.2100w.cn/gatewayCenter',
  'upgrade-insecure-requests' => '1',
  'x-lantern-version' => '4.4.2',
  'content-type' => '',
  'content-length' => '',
)
[ info ] [ PARAM ] array (
)
[ info ] [ RUN ] app\user\controller\User->login[ /home/www/snb_wallet/application/user/controller/User.php ]
[ info ] [ VIEW ] /home/www/snb_wallet/public/../application/user/view/user/Login.html [ array (
  0 => 'dir',
  1 => 'title',
  2 => 'error_msg',
) ]
[ info ] [ LOG ] INIT File

---------------------------------------------------------------
[ 2018-03-19T10:51:48+08:00 ] 172.31.232.156 183.14.132.125 POST /login
[ log ] wallet.2100w.cn/login [运行时间：0.042496s][吞吐率：23.53req/s] [内存消耗：3,710.81kb] [文件加载：50]
[ info ] [ LANG ] /home/www/snb_wallet/thinkphp/lang/zh-cn.php
[ info ] [ LANG ] /home/www/snb_wallet/public/../application/lang/zh-cn.php
[ info ] [ ROUTE ] array (
  'type' => 'module',
  'module' => 
  array (
    0 => 'user',
    1 => 'user',
    2 => 'login',
  ),
  'convert' => false,
)
[ info ] [ HEADER ] array (
  'host' => 'wallet.2100w.cn',
  'user-agent' => 'Mozilla/5.0 (Macintosh; Intel Mac OS X 10_13_3) AppleWebKit/537.36 (KHTML, like Gecko) Chrome/65.0.3325.162 Safari/537.36',
  'content-length' => '41',
  'accept' => 'text/html,application/xhtml+xml,application/xml;q=0.9,image/webp,image/apng,*/*;q=0.8',
  'accept-encoding' => 'gzip, deflate',
  'accept-language' => 'zh-CN,zh;q=0.9,en;q=0.8,zh-TW;q=0.7',
  'cache-control' => 'max-age=0',
  'content-type' => 'application/x-www-form-urlencoded',
  'cookie' => '_ga=GA1.2.365346836.1513654267; PHPSESSID=fpcbnni12dskihsnuut8sqr0d5; think_var=zh-cn',
  'origin' => 'http://wallet.2100w.cn',
  'proxy-connection' => 'keep-alive',
  'referer' => 'http://wallet.2100w.cn/login',
  'upgrade-insecure-requests' => '1',
  'x-lantern-version' => '4.4.2',
)
[ info ] [ PARAM ] array (
  'email' => '9048914@qq.com',
  'password' => 'jpy123jpy',
)
[ info ] [ RUN ] app\user\controller\User->login[ /home/www/snb_wallet/application/user/controller/User.php ]
[ info ] [ DB ] INIT mysql
[ info ] [ SESSION ] INIT array (
  'id' => '',
  'var_session_id' => '',
  'prefix' => 'think',
  'type' => '',
  'auto_start' => true,
)
[ info ] [ LOG ] INIT File
[ sql ] [ DB ] CONNECT:[ UseTime:0.000435s ] mysql:dbname=wallet;host=localhost;charset=utf8
[ sql ] [ SQL ] SHOW COLUMNS FROM `yuan_user` [ RunTime:0.000754s ]
[ sql ] [ SQL ] SELECT `user_id`,`user_account`,`user_3des`,`user_name`,`user_setTrust` FROM `yuan_user` WHERE  `user_email` = '9048914@qq.com' LIMIT 1 [ RunTime:0.010996s ]
[ sql ] [ SQL ] SELECT `user_pass`,`user_confirm`,`user_3des`,`user_lock` FROM `yuan_user` WHERE  `user_email` = '9048914@qq.com' LIMIT 1 [ RunTime:0.000343s ]

---------------------------------------------------------------
[ 2018-03-19T10:51:48+08:00 ] 172.31.232.156 183.14.132.125 GET /
[ log ] wallet.2100w.cn/ [运行时间：0.019314s][吞吐率：51.78req/s] [内存消耗：2,151.49kb] [文件加载：42]
[ info ] [ LANG ] /home/www/snb_wallet/thinkphp/lang/zh-cn.php
[ info ] [ LANG ] /home/www/snb_wallet/public/../application/lang/zh-cn.php
[ info ] [ ROUTE ] array (
  'type' => 'module',
  'module' => 
  array (
    0 => '',
    1 => NULL,
    2 => NULL,
  ),
)
[ info ] [ HEADER ] array (
  'host' => 'wallet.2100w.cn',
  'user-agent' => 'Mozilla/5.0 (Macintosh; Intel Mac OS X 10_13_3) AppleWebKit/537.36 (KHTML, like Gecko) Chrome/65.0.3325.162 Safari/537.36',
  'accept' => 'text/html,application/xhtml+xml,application/xml;q=0.9,image/webp,image/apng,*/*;q=0.8',
  'accept-encoding' => 'gzip, deflate',
  'accept-language' => 'zh-CN,zh;q=0.9,en;q=0.8,zh-TW;q=0.7',
  'cache-control' => 'max-age=0',
  'cookie' => '_ga=GA1.2.365346836.1513654267; PHPSESSID=fpcbnni12dskihsnuut8sqr0d5; think_var=zh-cn',
  'proxy-connection' => 'keep-alive',
  'referer' => 'http://wallet.2100w.cn/login',
  'upgrade-insecure-requests' => '1',
  'x-lantern-version' => '4.4.2',
  'content-type' => '',
  'content-length' => '',
)
[ info ] [ PARAM ] array (
)
[ info ] [ LANG ] /home/www/snb_wallet/public/../application/index/lang/zh-cn.php
[ info ] [ RUN ] app\index\controller\Index->index[ /home/www/snb_wallet/application/index/controller/Index.php ]
[ info ] [ SESSION ] INIT array (
  'id' => '',
  'var_session_id' => '',
  'prefix' => 'think',
  'type' => '',
  'auto_start' => true,
)
[ info ] [ VIEW ] /home/www/snb_wallet/public/../application/index/view/index/Index.html [ array (
  0 => 'dir',
  1 => 'title',
) ]
[ info ] [ LOG ] INIT File

---------------------------------------------------------------
[ 2018-03-19T10:51:49+08:00 ] 172.31.232.156 183.14.132.125 POST /index/gateway/alldata
[ log ] wallet.2100w.cn/index/gateway/alldata [运行时间：0.046096s][吞吐率：21.69req/s] [内存消耗：3,805.83kb] [文件加载：53]
[ info ] [ LANG ] /home/www/snb_wallet/thinkphp/lang/zh-cn.php
[ info ] [ LANG ] /home/www/snb_wallet/public/../application/lang/zh-cn.php
[ info ] [ ROUTE ] array (
  'type' => 'module',
  'module' => 
  array (
    0 => 'index',
    1 => 'gateway',
    2 => 'alldata',
  ),
)
[ info ] [ HEADER ] array (
  'host' => 'wallet.2100w.cn',
  'user-agent' => 'Mozilla/5.0 (Macintosh; Intel Mac OS X 10_13_3) AppleWebKit/537.36 (KHTML, like Gecko) Chrome/65.0.3325.162 Safari/537.36',
  'content-length' => '1128',
  'accept' => '*/*',
  'accept-encoding' => 'gzip, deflate',
  'accept-language' => 'zh-CN,zh;q=0.9,en;q=0.8,zh-TW;q=0.7',
  'content-type' => 'application/x-www-form-urlencoded; charset=UTF-8',
  'cookie' => '_ga=GA1.2.365346836.1513654267; PHPSESSID=fpcbnni12dskihsnuut8sqr0d5; think_var=zh-cn',
  'origin' => 'http://wallet.2100w.cn',
  'proxy-connection' => 'keep-alive',
  'referer' => 'http://wallet.2100w.cn/',
  'x-lantern-version' => '4.4.2',
  'x-requested-with' => 'XMLHttpRequest',
)
[ info ] [ PARAM ] array (
  'issuer' => 
  array (
    0 => 'GCXN2CDLEOQ5Z3JGSGZWZ3ZQ6MPDJWDBFN5MYRZXTYMAP6TZIZMCUYSY',
    1 => 'GCV3PTG5D3RG2LFBZV3FC4LCVMYR5KJBHU567PSHUHBN56HIALZQZIJQ',
    2 => 'GBFM33WO6ROOUD4ZZ4NYRAEKQKGHXDAFGJVZUR2LBU76OAVP4XGFMSN2',
    3 => 'GB4U3D4DH44L3MDHX4RUGLQK7OXTN4POQGGGFHIDQU57NH4D3SMRHVCA',
    4 => 'GAHOL74UG3CNO6R6GPSBDSQMC2STRZJF536JUJ5E7RHF4X2736KN3TTN',
    5 => 'GDQZ2HAFUJXBXJJF4RHJD5GOZF7PCCNKKRW6JSXHPBHHTFUUR2RMYV2S',
    6 => 'GAQSMLEAXM6LZWGFTINF3ZW56NFWG7MNVNODVCT4F66Z3P7FQLVIJ7NK',
    7 => 'GDIVHXI725XR2NW3QS5OHQT7UVGXUNJL2IZGVFQDQYE2OE5U3UKZPTOV',
    8 => 'GDYTA6IF5VUT5DH4ULA57CMM4OYWVZF6ZQFWAVHSGCMOI2ZTXMMVEYIA',
    9 => 'GCGHXLCUHGGUDEFGUDB7OD3KB74PQUS5ZYIJJLCFZCMXODP4RAXTLPPO',
  ),
  'asset' => 
  array (
    0 => 'IOT',
    1 => 'CNY',
    2 => 'LQSDT',
    3 => 'LQSMJ',
    4 => 'BTC',
    5 => 'LQSTJ',
    6 => 'LQSSJ',
    7 => 'ETH',
    8 => 'LQSHY',
    9 => 'SNL',
  ),
  'balance' => 
  array (
    0 => '0.0000000',
    1 => '0.0000000',
    2 => '0.0000000',
    3 => '0.0000000',
    4 => '21000000.0000000',
    5 => '0.0000000',
    6 => '0.0000000',
    7 => '10000.0000000',
    8 => '0.0000000',
    9 => '500000000.0000000',
  ),
)
[ info ] [ LANG ] /home/www/snb_wallet/public/../application/index/lang/zh-cn.php
[ info ] [ RUN ] app\index\controller\Gateway->alldata[ /home/www/snb_wallet/application/index/controller/Gateway.php ]
[ info ] [ SESSION ] INIT array (
  'id' => '',
  'var_session_id' => '',
  'prefix' => 'think',
  'type' => '',
  'auto_start' => true,
)
[ info ] [ DB ] INIT mysql
[ info ] [ LOG ] INIT File
[ sql ] [ DB ] CONNECT:[ UseTime:0.000374s ] mysql:dbname=wallet;host=localhost;charset=utf8
[ sql ] [ SQL ] SHOW COLUMNS FROM `yuan_asset` [ RunTime:0.000885s ]
[ sql ] [ SQL ] SELECT * FROM `yuan_asset` WHERE  `asset_issuer` = 'GCXN2CDLEOQ5Z3JGSGZWZ3ZQ6MPDJWDBFN5MYRZXTYMAP6TZIZMCUYSY'  AND `asset_code` = 'IOT' LIMIT 1 [ RunTime:0.000500s ]
[ sql ] [ SQL ] SHOW COLUMNS FROM `yuan_gateway` [ RunTime:0.000700s ]
[ sql ] [ SQL ] SELECT * FROM `yuan_gateway` WHERE  `gateway_id` = 6 LIMIT 1 [ RunTime:0.000299s ]
[ sql ] [ SQL ] SELECT * FROM `yuan_asset` WHERE  `asset_issuer` = 'GCV3PTG5D3RG2LFBZV3FC4LCVMYR5KJBHU567PSHUHBN56HIALZQZIJQ'  AND `asset_code` = 'CNY' LIMIT 1 [ RunTime:0.000413s ]
[ sql ] [ SQL ] SELECT * FROM `yuan_gateway` WHERE  `gateway_id` = 2 LIMIT 1 [ RunTime:0.000293s ]
[ sql ] [ SQL ] SELECT * FROM `yuan_asset` WHERE  `asset_issuer` = 'GBFM33WO6ROOUD4ZZ4NYRAEKQKGHXDAFGJVZUR2LBU76OAVP4XGFMSN2'  AND `asset_code` = 'LQSDT' LIMIT 1 [ RunTime:0.000409s ]
[ sql ] [ SQL ] SELECT * FROM `yuan_gateway` WHERE  `gateway_id` = 6 LIMIT 1 [ RunTime:0.000309s ]
[ sql ] [ SQL ] SELECT * FROM `yuan_asset` WHERE  `asset_issuer` = 'GB4U3D4DH44L3MDHX4RUGLQK7OXTN4POQGGGFHIDQU57NH4D3SMRHVCA'  AND `asset_code` = 'LQSMJ' LIMIT 1 [ RunTime:0.000357s ]
[ sql ] [ SQL ] SELECT * FROM `yuan_gateway` WHERE  `gateway_id` = 6 LIMIT 1 [ RunTime:0.000288s ]
[ sql ] [ SQL ] SELECT * FROM `yuan_asset` WHERE  `asset_issuer` = 'GAHOL74UG3CNO6R6GPSBDSQMC2STRZJF536JUJ5E7RHF4X2736KN3TTN'  AND `asset_code` = 'BTC' LIMIT 1 [ RunTime:0.000343s ]
[ sql ] [ SQL ] SELECT * FROM `yuan_gateway` WHERE  `gateway_id` = 6 LIMIT 1 [ RunTime:0.000262s ]
[ sql ] [ SQL ] SELECT * FROM `yuan_asset` WHERE  `asset_issuer` = 'GDQZ2HAFUJXBXJJF4RHJD5GOZF7PCCNKKRW6JSXHPBHHTFUUR2RMYV2S'  AND `asset_code` = 'LQSTJ' LIMIT 1 [ RunTime:0.000362s ]
[ sql ] [ SQL ] SELECT * FROM `yuan_gateway` WHERE  `gateway_id` = 6 LIMIT 1 [ RunTime:0.000210s ]
[ sql ] [ SQL ] SELECT * FROM `yuan_asset` WHERE  `asset_issuer` = 'GAQSMLEAXM6LZWGFTINF3ZW56NFWG7MNVNODVCT4F66Z3P7FQLVIJ7NK'  AND `asset_code` = 'LQSSJ' LIMIT 1 [ RunTime:0.000274s ]
[ sql ] [ SQL ] SELECT * FROM `yuan_gateway` WHERE  `gateway_id` = 6 LIMIT 1 [ RunTime:0.000220s ]
[ sql ] [ SQL ] SELECT * FROM `yuan_asset` WHERE  `asset_issuer` = 'GDIVHXI725XR2NW3QS5OHQT7UVGXUNJL2IZGVFQDQYE2OE5U3UKZPTOV'  AND `asset_code` = 'ETH' LIMIT 1 [ RunTime:0.000309s ]
[ sql ] [ SQL ] SELECT * FROM `yuan_gateway` WHERE  `gateway_id` = 6 LIMIT 1 [ RunTime:0.000217s ]
[ sql ] [ SQL ] SELECT * FROM `yuan_asset` WHERE  `asset_issuer` = 'GDYTA6IF5VUT5DH4ULA57CMM4OYWVZF6ZQFWAVHSGCMOI2ZTXMMVEYIA'  AND `asset_code` = 'LQSHY' LIMIT 1 [ RunTime:0.000344s ]
[ sql ] [ SQL ] SELECT * FROM `yuan_gateway` WHERE  `gateway_id` = 6 LIMIT 1 [ RunTime:0.000197s ]
[ sql ] [ SQL ] SELECT * FROM `yuan_asset` WHERE  `asset_issuer` = 'GCGHXLCUHGGUDEFGUDB7OD3KB74PQUS5ZYIJJLCFZCMXODP4RAXTLPPO'  AND `asset_code` = 'SNL' LIMIT 1 [ RunTime:0.000418s ]
[ sql ] [ SQL ] SELECT * FROM `yuan_gateway` WHERE  `gateway_id` = 6 LIMIT 1 [ RunTime:0.000376s ]

---------------------------------------------------------------
[ 2018-03-19T10:51:52+08:00 ] 172.31.232.156 183.14.132.125 GET /member
[ log ] wallet.2100w.cn/member [运行时间：0.021536s][吞吐率：46.43req/s] [内存消耗：2,358.88kb] [文件加载：43]
[ info ] [ LANG ] /home/www/snb_wallet/thinkphp/lang/zh-cn.php
[ info ] [ LANG ] /home/www/snb_wallet/public/../application/lang/zh-cn.php
[ info ] [ ROUTE ] array (
  'type' => 'module',
  'module' => 
  array (
    0 => 'index',
    1 => 'member',
    2 => 'index',
  ),
  'convert' => false,
)
[ info ] [ HEADER ] array (
  'host' => 'wallet.2100w.cn',
  'user-agent' => 'Mozilla/5.0 (Macintosh; Intel Mac OS X 10_13_3) AppleWebKit/537.36 (KHTML, like Gecko) Chrome/65.0.3325.162 Safari/537.36',
  'accept' => 'text/html,application/xhtml+xml,application/xml;q=0.9,image/webp,image/apng,*/*;q=0.8',
  'accept-encoding' => 'gzip, deflate',
  'accept-language' => 'zh-CN,zh;q=0.9,en;q=0.8,zh-TW;q=0.7',
  'cookie' => '_ga=GA1.2.365346836.1513654267; PHPSESSID=fpcbnni12dskihsnuut8sqr0d5; think_var=zh-cn',
  'proxy-connection' => 'keep-alive',
  'referer' => 'http://wallet.2100w.cn/',
  'upgrade-insecure-requests' => '1',
  'x-lantern-version' => '4.4.2',
  'content-type' => '',
  'content-length' => '',
)
[ info ] [ PARAM ] array (
)
[ info ] [ LANG ] /home/www/snb_wallet/public/../application/index/lang/zh-cn.php
[ info ] [ RUN ] app\index\controller\Member->index[ /home/www/snb_wallet/application/index/controller/Member.php ]
[ info ] [ SESSION ] INIT array (
  'id' => '',
  'var_session_id' => '',
  'prefix' => 'think',
  'type' => '',
  'auto_start' => true,
)
[ info ] [ VIEW ] /home/www/snb_wallet/public/../application/index/view/member/Index.html [ array (
  0 => 'dir',
) ]
[ info ] [ LOG ] INIT File

---------------------------------------------------------------
[ 2018-03-19T21:46:15+08:00 ] 172.31.232.156 106.11.159.168 GET /forgetpassword?lang=ru
[ log ] wallet.2100w.cn/forgetpassword?lang=ru [运行时间：0.026937s][吞吐率：37.12req/s] [内存消耗：2,411.38kb] [文件加载：40]
[ info ] [ LANG ] /home/www/snb_wallet/public/../application/lang/ru.php
[ info ] [ ROUTE ] array (
  'type' => 'module',
  'module' => 
  array (
    0 => 'user',
    1 => 'user',
    2 => 'forgetpassword',
  ),
  'convert' => false,
)
[ info ] [ HEADER ] array (
  'accept-language' => 'zh-cn,en-us,zh-tw,en-gb,en;',
  'host' => 'wallet.2100w.cn',
  'accept-encoding' => 'gzip',
  'accept' => '*/*',
  'connection' => 'Keep-Alive',
  'user-agent' => 'YisouSpider',
  'content-type' => '',
  'content-length' => '',
)
[ info ] [ PARAM ] array (
  'lang' => 'ru',
)
[ info ] [ RUN ] app\user\controller\User->forgetpassword[ /home/www/snb_wallet/application/user/controller/User.php ]
[ info ] [ VIEW ] /home/www/snb_wallet/public/../application/user/view/user/Forgetpassword.html [ array (
  0 => 'dir',
  1 => 'title',
) ]
[ info ] [ LOG ] INIT File

---------------------------------------------------------------
