[ 2018-01-03T01:38:21+08:00 ] 172.31.232.156 106.11.156.219 GET /login?lang=zh-cn
[ log ] wallet.2100w.cn/login?lang=zh-cn [运行时间：0.015708s][吞吐率：63.66req/s] [内存消耗：2,342.13kb] [文件加载：40]
[ info ] [ LANG ] /home/www/snb_wallet/thinkphp/lang/zh-cn.php
[ info ] [ LANG ] /home/www/snb_wallet/public/../application/lang/zh-cn.php
[ info ] [ ROUTE ] array (
  'type' => 'module',
  'module' => 
  array (
    0 => 'user',
    1 => 'user',
    2 => 'login',
  ),
  'convert' => false,
)
[ info ] [ HEADER ] array (
  'accept-language' => 'zh-cn,en-us,zh-tw,en-gb,en;',
  'host' => 'wallet.2100w.cn',
  'accept-encoding' => 'gzip',
  'accept' => '*/*',
  'connection' => 'Keep-Alive',
  'user-agent' => 'YisouSpider',
  'content-type' => '',
  'content-length' => '',
)
[ info ] [ PARAM ] array (
  'lang' => 'zh-cn',
)
[ info ] [ RUN ] app\user\controller\User->login[ /home/www/snb_wallet/application/user/controller/User.php ]
[ info ] [ VIEW ] /home/www/snb_wallet/public/../application/user/view/user/Login.html [ array (
  0 => 'dir',
  1 => 'title',
  2 => 'error_msg',
) ]
[ info ] [ LOG ] INIT File

---------------------------------------------------------------
[ 2018-01-03T07:43:49+08:00 ] 172.31.232.156 168.1.128.53 GET /
[ log ] wallet.2100w.cn/ [运行时间：0.014535s][吞吐率：68.80req/s] [内存消耗：2,173.65kb] [文件加载：43]
[ info ] [ LANG ] /home/www/snb_wallet/thinkphp/lang/zh-cn.php
[ info ] [ LANG ] /home/www/snb_wallet/public/../application/lang/zh-cn.php
[ info ] [ ROUTE ] array (
  'type' => 'module',
  'module' => 
  array (
    0 => '',
    1 => NULL,
    2 => NULL,
  ),
)
[ info ] [ HEADER ] array (
  'host' => 'wallet.2100w.cn',
  'content-type' => '',
  'content-length' => '',
)
[ info ] [ PARAM ] array (
)
[ info ] [ LANG ] /home/www/snb_wallet/public/../application/index/lang/zh-cn.php
[ info ] [ RUN ] app\index\controller\Index->index[ /home/www/snb_wallet/application/index/controller/Index.php ]
[ info ] [ SESSION ] INIT array (
  'id' => '',
  'var_session_id' => '',
  'prefix' => 'think',
  'type' => '',
  'auto_start' => true,
)
[ info ] [ LOG ] INIT File

---------------------------------------------------------------
[ 2018-01-03T13:23:17+08:00 ] 172.31.232.156 106.11.156.122 GET /forgetpassword?lang=ja
[ log ] wallet.2100w.cn/forgetpassword?lang=ja [运行时间：0.017528s][吞吐率：57.05req/s] [内存消耗：2,410.75kb] [文件加载：40]
[ info ] [ LANG ] /home/www/snb_wallet/public/../application/lang/ja.php
[ info ] [ ROUTE ] array (
  'type' => 'module',
  'module' => 
  array (
    0 => 'user',
    1 => 'user',
    2 => 'forgetpassword',
  ),
  'convert' => false,
)
[ info ] [ HEADER ] array (
  'accept-language' => 'zh-cn,en-us,zh-tw,en-gb,en;',
  'host' => 'wallet.2100w.cn',
  'accept-encoding' => 'gzip',
  'accept' => '*/*',
  'connection' => 'Keep-Alive',
  'user-agent' => 'YisouSpider',
  'content-type' => '',
  'content-length' => '',
)
[ info ] [ PARAM ] array (
  'lang' => 'ja',
)
[ info ] [ RUN ] app\user\controller\User->forgetpassword[ /home/www/snb_wallet/application/user/controller/User.php ]
[ info ] [ VIEW ] /home/www/snb_wallet/public/../application/user/view/user/Forgetpassword.html [ array (
  0 => 'dir',
  1 => 'title',
) ]
[ info ] [ LOG ] INIT File

---------------------------------------------------------------
[ 2018-01-03T14:52:57+08:00 ] 172.31.232.156 163.179.32.195 GET /
[ log ] wallet.2100w.cn/ [运行时间：0.015648s][吞吐率：63.91req/s] [内存消耗：2,175.88kb] [文件加载：43]
[ info ] [ LANG ] /home/www/snb_wallet/thinkphp/lang/zh-cn.php
[ info ] [ LANG ] /home/www/snb_wallet/public/../application/lang/zh-cn.php
[ info ] [ ROUTE ] array (
  'type' => 'module',
  'module' => 
  array (
    0 => '',
    1 => NULL,
    2 => NULL,
  ),
)
[ info ] [ HEADER ] array (
  'host' => 'wallet.2100w.cn',
  'connection' => 'keep-alive',
  'user-agent' => 'Mozilla/5.0 (Windows NT 6.1; WOW64) AppleWebKit/537.36 (KHTML, like Gecko) Chrome/63.0.3239.84 Safari/537.36',
  'upgrade-insecure-requests' => '1',
  'accept' => 'text/html,application/xhtml+xml,application/xml;q=0.9,image/webp,image/apng,*/*;q=0.8',
  'accept-encoding' => 'gzip, deflate',
  'accept-language' => 'zh-CN,zh;q=0.9',
  'cookie' => 'CCKF_visitor_id_129208=964848529; __lc.visitor_id.9108090=S1505802139.59b5844123; _ga=GA1.2.1386188921.1503048644',
  'content-type' => '',
  'content-length' => '',
)
[ info ] [ PARAM ] array (
)
[ info ] [ LANG ] /home/www/snb_wallet/public/../application/index/lang/zh-cn.php
[ info ] [ RUN ] app\index\controller\Index->index[ /home/www/snb_wallet/application/index/controller/Index.php ]
[ info ] [ SESSION ] INIT array (
  'id' => '',
  'var_session_id' => '',
  'prefix' => 'think',
  'type' => '',
  'auto_start' => true,
)
[ info ] [ LOG ] INIT File

---------------------------------------------------------------
[ 2018-01-03T14:52:57+08:00 ] 172.31.232.156 163.179.32.195 GET /login
[ log ] wallet.2100w.cn/login [运行时间：0.016892s][吞吐率：59.20req/s] [内存消耗：2,342.18kb] [文件加载：40]
[ info ] [ LANG ] /home/www/snb_wallet/thinkphp/lang/zh-cn.php
[ info ] [ LANG ] /home/www/snb_wallet/public/../application/lang/zh-cn.php
[ info ] [ ROUTE ] array (
  'type' => 'module',
  'module' => 
  array (
    0 => 'user',
    1 => 'user',
    2 => 'login',
  ),
  'convert' => false,
)
[ info ] [ HEADER ] array (
  'host' => 'wallet.2100w.cn',
  'connection' => 'keep-alive',
  'user-agent' => 'Mozilla/5.0 (Windows NT 6.1; WOW64) AppleWebKit/537.36 (KHTML, like Gecko) Chrome/63.0.3239.84 Safari/537.36',
  'upgrade-insecure-requests' => '1',
  'accept' => 'text/html,application/xhtml+xml,application/xml;q=0.9,image/webp,image/apng,*/*;q=0.8',
  'accept-encoding' => 'gzip, deflate',
  'accept-language' => 'zh-CN,zh;q=0.9',
  'cookie' => 'CCKF_visitor_id_129208=964848529; __lc.visitor_id.9108090=S1505802139.59b5844123; _ga=GA1.2.1386188921.1503048644; think_var=zh-cn; PHPSESSID=s8o5012rnoqcupb953ssjjr914',
  'content-type' => '',
  'content-length' => '',
)
[ info ] [ PARAM ] array (
)
[ info ] [ RUN ] app\user\controller\User->login[ /home/www/snb_wallet/application/user/controller/User.php ]
[ info ] [ VIEW ] /home/www/snb_wallet/public/../application/user/view/user/Login.html [ array (
  0 => 'dir',
  1 => 'title',
  2 => 'error_msg',
) ]
[ info ] [ LOG ] INIT File

---------------------------------------------------------------
[ 2018-01-03T15:21:58+08:00 ] 172.31.232.156 77.88.5.5 GET /login
[ log ] wallet.2100w.cn/login [运行时间：0.016790s][吞吐率：59.56req/s] [内存消耗：2,341.18kb] [文件加载：40]
[ info ] [ LANG ] /home/www/snb_wallet/thinkphp/lang/zh-cn.php
[ info ] [ LANG ] /home/www/snb_wallet/public/../application/lang/zh-cn.php
[ info ] [ ROUTE ] array (
  'type' => 'module',
  'module' => 
  array (
    0 => 'user',
    1 => 'user',
    2 => 'login',
  ),
  'convert' => false,
)
[ info ] [ HEADER ] array (
  'host' => 'wallet.2100w.cn',
  'connection' => 'Keep-Alive',
  'user-agent' => 'Mozilla/5.0 (compatible; YandexBot/3.0; +http://yandex.com/bots)',
  'from' => 'support@search.yandex.ru',
  'accept-encoding' => 'gzip,deflate',
  'accept' => '*/*',
  'content-type' => '',
  'content-length' => '',
)
[ info ] [ PARAM ] array (
)
[ info ] [ RUN ] app\user\controller\User->login[ /home/www/snb_wallet/application/user/controller/User.php ]
[ info ] [ VIEW ] /home/www/snb_wallet/public/../application/user/view/user/Login.html [ array (
  0 => 'dir',
  1 => 'title',
  2 => 'error_msg',
) ]
[ info ] [ LOG ] INIT File

---------------------------------------------------------------
[ 2018-01-03T16:06:35+08:00 ] 172.31.232.156 77.88.5.5 GET /forgetpassword?lang=vi
[ log ] wallet.2100w.cn/forgetpassword?lang=vi [运行时间：0.017224s][吞吐率：58.06req/s] [内存消耗：2,410.84kb] [文件加载：40]
[ info ] [ LANG ] /home/www/snb_wallet/public/../application/lang/vi.php
[ info ] [ ROUTE ] array (
  'type' => 'module',
  'module' => 
  array (
    0 => 'user',
    1 => 'user',
    2 => 'forgetpassword',
  ),
  'convert' => false,
)
[ info ] [ HEADER ] array (
  'host' => 'wallet.2100w.cn',
  'connection' => 'Keep-Alive',
  'user-agent' => 'Mozilla/5.0 (compatible; YandexBot/3.0; +http://yandex.com/bots)',
  'from' => 'support@search.yandex.ru',
  'accept-encoding' => 'gzip,deflate',
  'accept' => '*/*',
  'content-type' => '',
  'content-length' => '',
)
[ info ] [ PARAM ] array (
  'lang' => 'vi',
)
[ info ] [ RUN ] app\user\controller\User->forgetpassword[ /home/www/snb_wallet/application/user/controller/User.php ]
[ info ] [ VIEW ] /home/www/snb_wallet/public/../application/user/view/user/Forgetpassword.html [ array (
  0 => 'dir',
  1 => 'title',
) ]
[ info ] [ LOG ] INIT File

---------------------------------------------------------------
[ 2018-01-03T17:34:34+08:00 ] 172.31.232.156 163.179.32.195 GET /login
[ log ] wallet.2100w.cn/login [运行时间：0.020835s][吞吐率：48.00req/s] [内存消耗：2,343.50kb] [文件加载：40]
[ info ] [ LANG ] /home/www/snb_wallet/thinkphp/lang/zh-cn.php
[ info ] [ LANG ] /home/www/snb_wallet/public/../application/lang/zh-cn.php
[ info ] [ ROUTE ] array (
  'type' => 'module',
  'module' => 
  array (
    0 => 'user',
    1 => 'user',
    2 => 'login',
  ),
  'convert' => false,
)
[ info ] [ HEADER ] array (
  'host' => 'wallet.2100w.cn',
  'connection' => 'keep-alive',
  'user-agent' => 'Mozilla/5.0 (Windows NT 6.1; WOW64) AppleWebKit/537.36 (KHTML, like Gecko) Chrome/63.0.3239.84 Safari/537.36',
  'upgrade-insecure-requests' => '1',
  'accept' => 'text/html,application/xhtml+xml,application/xml;q=0.9,image/webp,image/apng,*/*;q=0.8',
  'accept-encoding' => 'gzip, deflate',
  'accept-language' => 'zh-CN,zh;q=0.9',
  'cookie' => 'CCKF_visitor_id_129208=964848529; __lc.visitor_id.9108090=S1505802139.59b5844123; _ga=GA1.2.1386188921.1503048644; PHPSESSID=s8o5012rnoqcupb953ssjjr914',
  'content-type' => '',
  'content-length' => '',
)
[ info ] [ PARAM ] array (
)
[ info ] [ RUN ] app\user\controller\User->login[ /home/www/snb_wallet/application/user/controller/User.php ]
[ info ] [ VIEW ] /home/www/snb_wallet/public/../application/user/view/user/Login.html [ array (
  0 => 'dir',
  1 => 'title',
  2 => 'error_msg',
) ]
[ info ] [ LOG ] INIT File

---------------------------------------------------------------
[ 2018-01-03T17:34:40+08:00 ] 172.31.232.156 163.179.32.195 POST /login
[ log ] wallet.2100w.cn/login [运行时间：0.024705s][吞吐率：40.48req/s] [内存消耗：3,710.18kb] [文件加载：50]
[ info ] [ LANG ] /home/www/snb_wallet/thinkphp/lang/zh-cn.php
[ info ] [ LANG ] /home/www/snb_wallet/public/../application/lang/zh-cn.php
[ info ] [ ROUTE ] array (
  'type' => 'module',
  'module' => 
  array (
    0 => 'user',
    1 => 'user',
    2 => 'login',
  ),
  'convert' => false,
)
[ info ] [ HEADER ] array (
  'host' => 'wallet.2100w.cn',
  'connection' => 'keep-alive',
  'content-length' => '40',
  'cache-control' => 'max-age=0',
  'origin' => 'http://wallet.2100w.cn',
  'upgrade-insecure-requests' => '1',
  'content-type' => 'application/x-www-form-urlencoded',
  'user-agent' => 'Mozilla/5.0 (Windows NT 6.1; WOW64) AppleWebKit/537.36 (KHTML, like Gecko) Chrome/63.0.3239.84 Safari/537.36',
  'accept' => 'text/html,application/xhtml+xml,application/xml;q=0.9,image/webp,image/apng,*/*;q=0.8',
  'referer' => 'http://wallet.2100w.cn/login',
  'accept-encoding' => 'gzip, deflate',
  'accept-language' => 'zh-CN,zh;q=0.9',
  'cookie' => 'CCKF_visitor_id_129208=964848529; __lc.visitor_id.9108090=S1505802139.59b5844123; _ga=GA1.2.1386188921.1503048644; PHPSESSID=s8o5012rnoqcupb953ssjjr914; think_var=zh-cn',
)
[ info ] [ PARAM ] array (
  'email' => '495794424@qq.com',
  'password' => '123456',
)
[ info ] [ RUN ] app\user\controller\User->login[ /home/www/snb_wallet/application/user/controller/User.php ]
[ info ] [ DB ] INIT mysql
[ info ] [ SESSION ] INIT array (
  'id' => '',
  'var_session_id' => '',
  'prefix' => 'think',
  'type' => '',
  'auto_start' => true,
)
[ info ] [ LOG ] INIT File
[ sql ] [ DB ] CONNECT:[ UseTime:0.000306s ] mysql:dbname=wallet;host=localhost;charset=utf8
[ sql ] [ SQL ] SHOW COLUMNS FROM `yuan_user` [ RunTime:0.000699s ]
[ sql ] [ SQL ] SELECT `user_id`,`user_account`,`user_3des`,`user_name`,`user_setTrust` FROM `yuan_user` WHERE  `user_email` = '495794424@qq.com' LIMIT 1 [ RunTime:0.000322s ]
[ sql ] [ SQL ] SELECT `user_pass`,`user_confirm`,`user_3des`,`user_lock` FROM `yuan_user` WHERE  `user_email` = '495794424@qq.com' LIMIT 1 [ RunTime:0.000222s ]

---------------------------------------------------------------
[ 2018-01-03T17:34:40+08:00 ] 172.31.232.156 163.179.32.195 GET /
[ log ] wallet.2100w.cn/ [运行时间：0.015900s][吞吐率：62.89req/s] [内存消耗：2,151.41kb] [文件加载：42]
[ info ] [ LANG ] /home/www/snb_wallet/thinkphp/lang/zh-cn.php
[ info ] [ LANG ] /home/www/snb_wallet/public/../application/lang/zh-cn.php
[ info ] [ ROUTE ] array (
  'type' => 'module',
  'module' => 
  array (
    0 => '',
    1 => NULL,
    2 => NULL,
  ),
)
[ info ] [ HEADER ] array (
  'host' => 'wallet.2100w.cn',
  'connection' => 'keep-alive',
  'cache-control' => 'max-age=0',
  'upgrade-insecure-requests' => '1',
  'user-agent' => 'Mozilla/5.0 (Windows NT 6.1; WOW64) AppleWebKit/537.36 (KHTML, like Gecko) Chrome/63.0.3239.84 Safari/537.36',
  'accept' => 'text/html,application/xhtml+xml,application/xml;q=0.9,image/webp,image/apng,*/*;q=0.8',
  'referer' => 'http://wallet.2100w.cn/login',
  'accept-encoding' => 'gzip, deflate',
  'accept-language' => 'zh-CN,zh;q=0.9',
  'cookie' => 'CCKF_visitor_id_129208=964848529; __lc.visitor_id.9108090=S1505802139.59b5844123; _ga=GA1.2.1386188921.1503048644; PHPSESSID=s8o5012rnoqcupb953ssjjr914; think_var=zh-cn',
  'content-type' => '',
  'content-length' => '',
)
[ info ] [ PARAM ] array (
)
[ info ] [ LANG ] /home/www/snb_wallet/public/../application/index/lang/zh-cn.php
[ info ] [ RUN ] app\index\controller\Index->index[ /home/www/snb_wallet/application/index/controller/Index.php ]
[ info ] [ SESSION ] INIT array (
  'id' => '',
  'var_session_id' => '',
  'prefix' => 'think',
  'type' => '',
  'auto_start' => true,
)
[ info ] [ VIEW ] /home/www/snb_wallet/public/../application/index/view/index/Index.html [ array (
  0 => 'dir',
  1 => 'title',
) ]
[ info ] [ LOG ] INIT File

---------------------------------------------------------------
[ 2018-01-03T17:34:42+08:00 ] 172.31.232.156 163.179.32.195 POST /index/gateway/alldata
[ log ] wallet.2100w.cn/index/gateway/alldata [运行时间：0.029300s][吞吐率：34.13req/s] [内存消耗：3,799.60kb] [文件加载：53]
[ info ] [ LANG ] /home/www/snb_wallet/thinkphp/lang/zh-cn.php
[ info ] [ LANG ] /home/www/snb_wallet/public/../application/lang/zh-cn.php
[ info ] [ ROUTE ] array (
  'type' => 'module',
  'module' => 
  array (
    0 => 'index',
    1 => 'gateway',
    2 => 'alldata',
  ),
)
[ info ] [ HEADER ] array (
  'host' => 'wallet.2100w.cn',
  'connection' => 'keep-alive',
  'content-length' => '330',
  'accept' => '*/*',
  'origin' => 'http://wallet.2100w.cn',
  'x-requested-with' => 'XMLHttpRequest',
  'user-agent' => 'Mozilla/5.0 (Windows NT 6.1; WOW64) AppleWebKit/537.36 (KHTML, like Gecko) Chrome/63.0.3239.84 Safari/537.36',
  'content-type' => 'application/x-www-form-urlencoded; charset=UTF-8',
  'referer' => 'http://wallet.2100w.cn/',
  'accept-encoding' => 'gzip, deflate',
  'accept-language' => 'zh-CN,zh;q=0.9',
  'cookie' => 'CCKF_visitor_id_129208=964848529; __lc.visitor_id.9108090=S1505802139.59b5844123; _ga=GA1.2.1386188921.1503048644; PHPSESSID=s8o5012rnoqcupb953ssjjr914; think_var=zh-cn',
)
[ info ] [ PARAM ] array (
  'issuer' => 
  array (
    0 => 'GB5HHFSYU7ZQX5P3SHNVLFTB4JKX3A35YLFEMPOHEMWQIMJLVI3CCPN2',
    1 => 'GCXN2CDLEOQ5Z3JGSGZWZ3ZQ6MPDJWDBFN5MYRZXTYMAP6TZIZMCUYSY',
    2 => 'GBTTTIS53XG3UX2UEXJQDPCITTEDQYBVXJ5MLN4QQTRRFMX45ZJTBIN6',
  ),
  'asset' => 
  array (
    0 => 'SBC',
    1 => 'IOT',
    2 => 'CNY',
  ),
  'balance' => 
  array (
    0 => '10.0000000',
    1 => '0.0000000',
    2 => '0.0000000',
  ),
)
[ info ] [ LANG ] /home/www/snb_wallet/public/../application/index/lang/zh-cn.php
[ info ] [ RUN ] app\index\controller\Gateway->alldata[ /home/www/snb_wallet/application/index/controller/Gateway.php ]
[ info ] [ SESSION ] INIT array (
  'id' => '',
  'var_session_id' => '',
  'prefix' => 'think',
  'type' => '',
  'auto_start' => true,
)
[ info ] [ DB ] INIT mysql
[ info ] [ LOG ] INIT File
[ sql ] [ DB ] CONNECT:[ UseTime:0.000334s ] mysql:dbname=wallet;host=localhost;charset=utf8
[ sql ] [ SQL ] SHOW COLUMNS FROM `yuan_asset` [ RunTime:0.000729s ]
[ sql ] [ SQL ] SELECT * FROM `yuan_asset` WHERE  `asset_issuer` = 'GB5HHFSYU7ZQX5P3SHNVLFTB4JKX3A35YLFEMPOHEMWQIMJLVI3CCPN2'  AND `asset_code` = 'SBC' LIMIT 1 [ RunTime:0.000295s ]
[ sql ] [ SQL ] SHOW COLUMNS FROM `yuan_gateway` [ RunTime:0.000475s ]
[ sql ] [ SQL ] SELECT * FROM `yuan_gateway` WHERE  `gateway_id` = 5 LIMIT 1 [ RunTime:0.000248s ]
[ sql ] [ SQL ] SELECT * FROM `yuan_asset` WHERE  `asset_issuer` = 'GCXN2CDLEOQ5Z3JGSGZWZ3ZQ6MPDJWDBFN5MYRZXTYMAP6TZIZMCUYSY'  AND `asset_code` = 'IOT' LIMIT 1 [ RunTime:0.000220s ]
[ sql ] [ SQL ] SELECT * FROM `yuan_gateway` WHERE  `gateway_id` = 6 LIMIT 1 [ RunTime:0.000248s ]
[ sql ] [ SQL ] SELECT * FROM `yuan_asset` WHERE  `asset_issuer` = 'GBTTTIS53XG3UX2UEXJQDPCITTEDQYBVXJ5MLN4QQTRRFMX45ZJTBIN6'  AND `asset_code` = 'CNY' LIMIT 1 [ RunTime:0.000287s ]
[ sql ] [ SQL ] SELECT * FROM `yuan_gateway` WHERE  `gateway_id` = 6 LIMIT 1 [ RunTime:0.000163s ]

---------------------------------------------------------------
[ 2018-01-03T17:34:43+08:00 ] 172.31.232.156 163.179.32.195 GET /transaction
[ log ] wallet.2100w.cn/transaction [运行时间：0.029146s][吞吐率：34.31req/s] [内存消耗：3,817.67kb] [文件加载：53]
[ info ] [ LANG ] /home/www/snb_wallet/thinkphp/lang/zh-cn.php
[ info ] [ LANG ] /home/www/snb_wallet/public/../application/lang/zh-cn.php
[ info ] [ ROUTE ] array (
  'type' => 'module',
  'module' => 
  array (
    0 => 'index',
    1 => 'transaction',
    2 => 'index',
  ),
  'convert' => false,
)
[ info ] [ HEADER ] array (
  'host' => 'wallet.2100w.cn',
  'connection' => 'keep-alive',
  'upgrade-insecure-requests' => '1',
  'user-agent' => 'Mozilla/5.0 (Windows NT 6.1; WOW64) AppleWebKit/537.36 (KHTML, like Gecko) Chrome/63.0.3239.84 Safari/537.36',
  'accept' => 'text/html,application/xhtml+xml,application/xml;q=0.9,image/webp,image/apng,*/*;q=0.8',
  'referer' => 'http://wallet.2100w.cn/',
  'accept-encoding' => 'gzip, deflate',
  'accept-language' => 'zh-CN,zh;q=0.9',
  'cookie' => 'CCKF_visitor_id_129208=964848529; __lc.visitor_id.9108090=S1505802139.59b5844123; _ga=GA1.2.1386188921.1503048644; PHPSESSID=s8o5012rnoqcupb953ssjjr914; think_var=zh-cn',
  'content-type' => '',
  'content-length' => '',
)
[ info ] [ PARAM ] array (
)
[ info ] [ LANG ] /home/www/snb_wallet/public/../application/index/lang/zh-cn.php
[ info ] [ RUN ] app\index\controller\Transaction->index[ /home/www/snb_wallet/application/index/controller/Transaction.php ]
[ info ] [ SESSION ] INIT array (
  'id' => '',
  'var_session_id' => '',
  'prefix' => 'think',
  'type' => '',
  'auto_start' => true,
)
[ info ] [ DB ] INIT mysql
[ info ] [ VIEW ] /home/www/snb_wallet/public/../application/index/view/transaction/Index.html [ array (
  0 => 'dir',
  1 => 'gateway',
  2 => 'mygateway',
) ]
[ info ] [ LOG ] INIT File
[ sql ] [ DB ] CONNECT:[ UseTime:0.000316s ] mysql:dbname=wallet;host=localhost;charset=utf8
[ sql ] [ SQL ] SHOW COLUMNS FROM `yuan_gateway` [ RunTime:0.000601s ]
[ sql ] [ SQL ] SELECT * FROM `yuan_gateway` WHERE  `gateway_status` = 2 LIMIT 10 [ RunTime:0.000307s ]
[ sql ] [ SQL ] SHOW COLUMNS FROM `yuan_asset` [ RunTime:0.000440s ]
[ sql ] [ SQL ] SELECT * FROM `yuan_asset` WHERE  `gateway_id` = 6 [ RunTime:0.000242s ]
[ sql ] [ SQL ] SELECT * FROM `yuan_gateway` WHERE  `gateway_account` = 'GCV3PTG5D3RG2LFBZV3FC4LCVMYR5KJBHU567PSHUHBN56HIALZQZIJQ' LIMIT 1 [ RunTime:0.000260s ]

---------------------------------------------------------------
[ 2018-01-03T17:34:44+08:00 ] 172.31.232.156 163.179.32.195 POST /index/transaction/convert/
[ log ] wallet.2100w.cn/index/transaction/convert/ [运行时间：0.027577s][吞吐率：36.26req/s] [内存消耗：3,803.77kb] [文件加载：53]
[ info ] [ LANG ] /home/www/snb_wallet/thinkphp/lang/zh-cn.php
[ info ] [ LANG ] /home/www/snb_wallet/public/../application/lang/zh-cn.php
[ info ] [ ROUTE ] array (
  'type' => 'module',
  'module' => 
  array (
    0 => 'index',
    1 => 'transaction',
    2 => 'convert',
  ),
)
[ info ] [ HEADER ] array (
  'host' => 'wallet.2100w.cn',
  'connection' => 'keep-alive',
  'content-length' => '341',
  'accept' => '*/*',
  'origin' => 'http://wallet.2100w.cn',
  'x-requested-with' => 'XMLHttpRequest',
  'user-agent' => 'Mozilla/5.0 (Windows NT 6.1; WOW64) AppleWebKit/537.36 (KHTML, like Gecko) Chrome/63.0.3239.84 Safari/537.36',
  'content-type' => 'application/x-www-form-urlencoded; charset=UTF-8',
  'referer' => 'http://wallet.2100w.cn/transaction',
  'accept-encoding' => 'gzip, deflate',
  'accept-language' => 'zh-CN,zh;q=0.9',
  'cookie' => 'CCKF_visitor_id_129208=964848529; __lc.visitor_id.9108090=S1505802139.59b5844123; _ga=GA1.2.1386188921.1503048644; PHPSESSID=s8o5012rnoqcupb953ssjjr914; think_var=zh-cn',
)
[ info ] [ PARAM ] array (
  'asset' => 
  array (
    0 => 'SBC',
    1 => 'IOT',
    2 => 'CNY',
  ),
  'issuer' => 
  array (
    0 => 'GB5HHFSYU7ZQX5P3SHNVLFTB4JKX3A35YLFEMPOHEMWQIMJLVI3CCPN2',
    1 => 'GCXN2CDLEOQ5Z3JGSGZWZ3ZQ6MPDJWDBFN5MYRZXTYMAP6TZIZMCUYSY',
    2 => 'GBTTTIS53XG3UX2UEXJQDPCITTEDQYBVXJ5MLN4QQTRRFMX45ZJTBIN6',
  ),
  'type' => 
  array (
    0 => 'credit_alphanum4',
    1 => 'credit_alphanum4',
    2 => 'credit_alphanum4',
  ),
)
[ info ] [ LANG ] /home/www/snb_wallet/public/../application/index/lang/zh-cn.php
[ info ] [ RUN ] app\index\controller\Transaction->convert[ /home/www/snb_wallet/application/index/controller/Transaction.php ]
[ info ] [ SESSION ] INIT array (
  'id' => '',
  'var_session_id' => '',
  'prefix' => 'think',
  'type' => '',
  'auto_start' => true,
)
[ info ] [ DB ] INIT mysql
[ info ] [ LOG ] INIT File
[ sql ] [ DB ] CONNECT:[ UseTime:0.000383s ] mysql:dbname=wallet;host=localhost;charset=utf8
[ sql ] [ SQL ] SHOW COLUMNS FROM `yuan_asset` [ RunTime:0.000692s ]
[ sql ] [ SQL ] SELECT * FROM `yuan_asset` WHERE  `asset_issuer` = 'GB5HHFSYU7ZQX5P3SHNVLFTB4JKX3A35YLFEMPOHEMWQIMJLVI3CCPN2'  AND `asset_code` = 'SBC' LIMIT 1 [ RunTime:0.000245s ]
[ sql ] [ SQL ] SHOW COLUMNS FROM `yuan_gateway` [ RunTime:0.000482s ]
[ sql ] [ SQL ] SELECT * FROM `yuan_gateway` WHERE  `gateway_id` = 5 LIMIT 1 [ RunTime:0.000187s ]
[ sql ] [ SQL ] SELECT * FROM `yuan_asset` WHERE  `asset_issuer` = 'GCXN2CDLEOQ5Z3JGSGZWZ3ZQ6MPDJWDBFN5MYRZXTYMAP6TZIZMCUYSY'  AND `asset_code` = 'IOT' LIMIT 1 [ RunTime:0.000186s ]
[ sql ] [ SQL ] SELECT * FROM `yuan_gateway` WHERE  `gateway_id` = 6 LIMIT 1 [ RunTime:0.000176s ]
[ sql ] [ SQL ] SELECT * FROM `yuan_asset` WHERE  `asset_issuer` = 'GBTTTIS53XG3UX2UEXJQDPCITTEDQYBVXJ5MLN4QQTRRFMX45ZJTBIN6'  AND `asset_code` = 'CNY' LIMIT 1 [ RunTime:0.000176s ]
[ sql ] [ SQL ] SELECT * FROM `yuan_gateway` WHERE  `gateway_id` = 6 LIMIT 1 [ RunTime:0.000193s ]

---------------------------------------------------------------
[ 2018-01-03T17:34:44+08:00 ] 172.31.232.156 163.179.32.195 POST /index/transaction/getMyissueAsset/
[ log ] wallet.2100w.cn/index/transaction/getMyissueAsset/ [运行时间：0.039193s][吞吐率：25.51req/s] [内存消耗：3,800.91kb] [文件加载：53]
[ info ] [ LANG ] /home/www/snb_wallet/thinkphp/lang/zh-cn.php
[ info ] [ LANG ] /home/www/snb_wallet/public/../application/lang/zh-cn.php
[ info ] [ ROUTE ] array (
  'type' => 'module',
  'module' => 
  array (
    0 => 'index',
    1 => 'transaction',
    2 => 'getMyissueAsset',
  ),
)
[ info ] [ HEADER ] array (
  'host' => 'wallet.2100w.cn',
  'connection' => 'keep-alive',
  'content-length' => '63',
  'accept' => 'application/json, text/javascript, */*; q=0.01',
  'origin' => 'http://wallet.2100w.cn',
  'x-requested-with' => 'XMLHttpRequest',
  'user-agent' => 'Mozilla/5.0 (Windows NT 6.1; WOW64) AppleWebKit/537.36 (KHTML, like Gecko) Chrome/63.0.3239.84 Safari/537.36',
  'content-type' => 'application/x-www-form-urlencoded; charset=UTF-8',
  'referer' => 'http://wallet.2100w.cn/transaction',
  'accept-encoding' => 'gzip, deflate',
  'accept-language' => 'zh-CN,zh;q=0.9',
  'cookie' => 'CCKF_visitor_id_129208=964848529; __lc.visitor_id.9108090=S1505802139.59b5844123; _ga=GA1.2.1386188921.1503048644; PHPSESSID=s8o5012rnoqcupb953ssjjr914; think_var=zh-cn',
)
[ info ] [ PARAM ] array (
  'issuer' => 'GCV3PTG5D3RG2LFBZV3FC4LCVMYR5KJBHU567PSHUHBN56HIALZQZIJQ',
)
[ info ] [ LANG ] /home/www/snb_wallet/public/../application/index/lang/zh-cn.php
[ info ] [ RUN ] app\index\controller\Transaction->getMyissueAsset[ /home/www/snb_wallet/application/index/controller/Transaction.php ]
[ info ] [ SESSION ] INIT array (
  'id' => '',
  'var_session_id' => '',
  'prefix' => 'think',
  'type' => '',
  'auto_start' => true,
)
[ info ] [ DB ] INIT mysql
[ info ] [ LOG ] INIT File
[ sql ] [ DB ] CONNECT:[ UseTime:0.000301s ] mysql:dbname=wallet;host=localhost;charset=utf8
[ sql ] [ SQL ] SHOW COLUMNS FROM `yuan_asset` [ RunTime:0.000622s ]
[ sql ] [ SQL ] SELECT * FROM `yuan_asset` WHERE  `asset_issuer` = 'GCV3PTG5D3RG2LFBZV3FC4LCVMYR5KJBHU567PSHUHBN56HIALZQZIJQ' [ RunTime:0.000332s ]
[ sql ] [ SQL ] SHOW COLUMNS FROM `yuan_gateway` [ RunTime:0.000410s ]
[ sql ] [ SQL ] SELECT * FROM `yuan_gateway` WHERE  `gateway_account` = 'GCV3PTG5D3RG2LFBZV3FC4LCVMYR5KJBHU567PSHUHBN56HIALZQZIJQ' [ RunTime:0.000276s ]

---------------------------------------------------------------
[ 2018-01-03T17:34:54+08:00 ] 172.31.232.156 163.179.32.195 GET /
[ log ] wallet.2100w.cn/ [运行时间：0.025462s][吞吐率：39.27req/s] [内存消耗：2,151.11kb] [文件加载：42]
[ info ] [ LANG ] /home/www/snb_wallet/thinkphp/lang/zh-cn.php
[ info ] [ LANG ] /home/www/snb_wallet/public/../application/lang/zh-cn.php
[ info ] [ ROUTE ] array (
  'type' => 'module',
  'module' => 
  array (
    0 => '',
    1 => NULL,
    2 => NULL,
  ),
)
[ info ] [ HEADER ] array (
  'host' => 'wallet.2100w.cn',
  'connection' => 'keep-alive',
  'upgrade-insecure-requests' => '1',
  'user-agent' => 'Mozilla/5.0 (Windows NT 6.1; WOW64) AppleWebKit/537.36 (KHTML, like Gecko) Chrome/63.0.3239.84 Safari/537.36',
  'accept' => 'text/html,application/xhtml+xml,application/xml;q=0.9,image/webp,image/apng,*/*;q=0.8',
  'referer' => 'http://wallet.2100w.cn/transaction',
  'accept-encoding' => 'gzip, deflate',
  'accept-language' => 'zh-CN,zh;q=0.9',
  'cookie' => 'CCKF_visitor_id_129208=964848529; __lc.visitor_id.9108090=S1505802139.59b5844123; _ga=GA1.2.1386188921.1503048644; PHPSESSID=s8o5012rnoqcupb953ssjjr914; think_var=zh-cn',
  'content-type' => '',
  'content-length' => '',
)
[ info ] [ PARAM ] array (
)
[ info ] [ LANG ] /home/www/snb_wallet/public/../application/index/lang/zh-cn.php
[ info ] [ RUN ] app\index\controller\Index->index[ /home/www/snb_wallet/application/index/controller/Index.php ]
[ info ] [ SESSION ] INIT array (
  'id' => '',
  'var_session_id' => '',
  'prefix' => 'think',
  'type' => '',
  'auto_start' => true,
)
[ info ] [ VIEW ] /home/www/snb_wallet/public/../application/index/view/index/Index.html [ array (
  0 => 'dir',
  1 => 'title',
) ]
[ info ] [ LOG ] INIT File

---------------------------------------------------------------
[ 2018-01-03T17:34:55+08:00 ] 172.31.232.156 163.179.32.195 POST /index/gateway/alldata
[ log ] wallet.2100w.cn/index/gateway/alldata [运行时间：0.041043s][吞吐率：24.36req/s] [内存消耗：3,799.60kb] [文件加载：53]
[ info ] [ LANG ] /home/www/snb_wallet/thinkphp/lang/zh-cn.php
[ info ] [ LANG ] /home/www/snb_wallet/public/../application/lang/zh-cn.php
[ info ] [ ROUTE ] array (
  'type' => 'module',
  'module' => 
  array (
    0 => 'index',
    1 => 'gateway',
    2 => 'alldata',
  ),
)
[ info ] [ HEADER ] array (
  'host' => 'wallet.2100w.cn',
  'connection' => 'keep-alive',
  'content-length' => '330',
  'accept' => '*/*',
  'origin' => 'http://wallet.2100w.cn',
  'x-requested-with' => 'XMLHttpRequest',
  'user-agent' => 'Mozilla/5.0 (Windows NT 6.1; WOW64) AppleWebKit/537.36 (KHTML, like Gecko) Chrome/63.0.3239.84 Safari/537.36',
  'content-type' => 'application/x-www-form-urlencoded; charset=UTF-8',
  'referer' => 'http://wallet.2100w.cn/',
  'accept-encoding' => 'gzip, deflate',
  'accept-language' => 'zh-CN,zh;q=0.9',
  'cookie' => 'CCKF_visitor_id_129208=964848529; __lc.visitor_id.9108090=S1505802139.59b5844123; _ga=GA1.2.1386188921.1503048644; PHPSESSID=s8o5012rnoqcupb953ssjjr914; think_var=zh-cn',
)
[ info ] [ PARAM ] array (
  'issuer' => 
  array (
    0 => 'GB5HHFSYU7ZQX5P3SHNVLFTB4JKX3A35YLFEMPOHEMWQIMJLVI3CCPN2',
    1 => 'GCXN2CDLEOQ5Z3JGSGZWZ3ZQ6MPDJWDBFN5MYRZXTYMAP6TZIZMCUYSY',
    2 => 'GBTTTIS53XG3UX2UEXJQDPCITTEDQYBVXJ5MLN4QQTRRFMX45ZJTBIN6',
  ),
  'asset' => 
  array (
    0 => 'SBC',
    1 => 'IOT',
    2 => 'CNY',
  ),
  'balance' => 
  array (
    0 => '10.0000000',
    1 => '0.0000000',
    2 => '0.0000000',
  ),
)
[ info ] [ LANG ] /home/www/snb_wallet/public/../application/index/lang/zh-cn.php
[ info ] [ RUN ] app\index\controller\Gateway->alldata[ /home/www/snb_wallet/application/index/controller/Gateway.php ]
[ info ] [ SESSION ] INIT array (
  'id' => '',
  'var_session_id' => '',
  'prefix' => 'think',
  'type' => '',
  'auto_start' => true,
)
[ info ] [ DB ] INIT mysql
[ info ] [ LOG ] INIT File
[ sql ] [ DB ] CONNECT:[ UseTime:0.000338s ] mysql:dbname=wallet;host=localhost;charset=utf8
[ sql ] [ SQL ] SHOW COLUMNS FROM `yuan_asset` [ RunTime:0.000619s ]
[ sql ] [ SQL ] SELECT * FROM `yuan_asset` WHERE  `asset_issuer` = 'GB5HHFSYU7ZQX5P3SHNVLFTB4JKX3A35YLFEMPOHEMWQIMJLVI3CCPN2'  AND `asset_code` = 'SBC' LIMIT 1 [ RunTime:0.000247s ]
[ sql ] [ SQL ] SHOW COLUMNS FROM `yuan_gateway` [ RunTime:0.000431s ]
[ sql ] [ SQL ] SELECT * FROM `yuan_gateway` WHERE  `gateway_id` = 5 LIMIT 1 [ RunTime:0.000193s ]
[ sql ] [ SQL ] SELECT * FROM `yuan_asset` WHERE  `asset_issuer` = 'GCXN2CDLEOQ5Z3JGSGZWZ3ZQ6MPDJWDBFN5MYRZXTYMAP6TZIZMCUYSY'  AND `asset_code` = 'IOT' LIMIT 1 [ RunTime:0.000183s ]
[ sql ] [ SQL ] SELECT * FROM `yuan_gateway` WHERE  `gateway_id` = 6 LIMIT 1 [ RunTime:0.000182s ]
[ sql ] [ SQL ] SELECT * FROM `yuan_asset` WHERE  `asset_issuer` = 'GBTTTIS53XG3UX2UEXJQDPCITTEDQYBVXJ5MLN4QQTRRFMX45ZJTBIN6'  AND `asset_code` = 'CNY' LIMIT 1 [ RunTime:0.000175s ]
[ sql ] [ SQL ] SELECT * FROM `yuan_gateway` WHERE  `gateway_id` = 6 LIMIT 1 [ RunTime:0.000177s ]

---------------------------------------------------------------
[ 2018-01-03T17:35:04+08:00 ] 172.31.232.156 163.179.32.195 GET /transaction
[ log ] wallet.2100w.cn/transaction [运行时间：0.028316s][吞吐率：35.32req/s] [内存消耗：3,817.67kb] [文件加载：53]
[ info ] [ LANG ] /home/www/snb_wallet/thinkphp/lang/zh-cn.php
[ info ] [ LANG ] /home/www/snb_wallet/public/../application/lang/zh-cn.php
[ info ] [ ROUTE ] array (
  'type' => 'module',
  'module' => 
  array (
    0 => 'index',
    1 => 'transaction',
    2 => 'index',
  ),
  'convert' => false,
)
[ info ] [ HEADER ] array (
  'host' => 'wallet.2100w.cn',
  'connection' => 'keep-alive',
  'upgrade-insecure-requests' => '1',
  'user-agent' => 'Mozilla/5.0 (Windows NT 6.1; WOW64) AppleWebKit/537.36 (KHTML, like Gecko) Chrome/63.0.3239.84 Safari/537.36',
  'accept' => 'text/html,application/xhtml+xml,application/xml;q=0.9,image/webp,image/apng,*/*;q=0.8',
  'referer' => 'http://wallet.2100w.cn/',
  'accept-encoding' => 'gzip, deflate',
  'accept-language' => 'zh-CN,zh;q=0.9',
  'cookie' => 'CCKF_visitor_id_129208=964848529; __lc.visitor_id.9108090=S1505802139.59b5844123; _ga=GA1.2.1386188921.1503048644; PHPSESSID=s8o5012rnoqcupb953ssjjr914; think_var=zh-cn',
  'content-type' => '',
  'content-length' => '',
)
[ info ] [ PARAM ] array (
)
[ info ] [ LANG ] /home/www/snb_wallet/public/../application/index/lang/zh-cn.php
[ info ] [ RUN ] app\index\controller\Transaction->index[ /home/www/snb_wallet/application/index/controller/Transaction.php ]
[ info ] [ SESSION ] INIT array (
  'id' => '',
  'var_session_id' => '',
  'prefix' => 'think',
  'type' => '',
  'auto_start' => true,
)
[ info ] [ DB ] INIT mysql
[ info ] [ VIEW ] /home/www/snb_wallet/public/../application/index/view/transaction/Index.html [ array (
  0 => 'dir',
  1 => 'gateway',
  2 => 'mygateway',
) ]
[ info ] [ LOG ] INIT File
[ sql ] [ DB ] CONNECT:[ UseTime:0.000298s ] mysql:dbname=wallet;host=localhost;charset=utf8
[ sql ] [ SQL ] SHOW COLUMNS FROM `yuan_gateway` [ RunTime:0.000619s ]
[ sql ] [ SQL ] SELECT * FROM `yuan_gateway` WHERE  `gateway_status` = 2 LIMIT 10 [ RunTime:0.000252s ]
[ sql ] [ SQL ] SHOW COLUMNS FROM `yuan_asset` [ RunTime:0.000444s ]
[ sql ] [ SQL ] SELECT * FROM `yuan_asset` WHERE  `gateway_id` = 6 [ RunTime:0.000180s ]
[ sql ] [ SQL ] SELECT * FROM `yuan_gateway` WHERE  `gateway_account` = 'GCV3PTG5D3RG2LFBZV3FC4LCVMYR5KJBHU567PSHUHBN56HIALZQZIJQ' LIMIT 1 [ RunTime:0.000185s ]

---------------------------------------------------------------
[ 2018-01-03T17:35:04+08:00 ] 172.31.232.156 163.179.32.195 POST /index/transaction/getMyissueAsset/
[ log ] wallet.2100w.cn/index/transaction/getMyissueAsset/ [运行时间：0.026597s][吞吐率：37.60req/s] [内存消耗：3,800.91kb] [文件加载：53]
[ info ] [ LANG ] /home/www/snb_wallet/thinkphp/lang/zh-cn.php
[ info ] [ LANG ] /home/www/snb_wallet/public/../application/lang/zh-cn.php
[ info ] [ ROUTE ] array (
  'type' => 'module',
  'module' => 
  array (
    0 => 'index',
    1 => 'transaction',
    2 => 'getMyissueAsset',
  ),
)
[ info ] [ HEADER ] array (
  'host' => 'wallet.2100w.cn',
  'connection' => 'keep-alive',
  'content-length' => '63',
  'accept' => 'application/json, text/javascript, */*; q=0.01',
  'origin' => 'http://wallet.2100w.cn',
  'x-requested-with' => 'XMLHttpRequest',
  'user-agent' => 'Mozilla/5.0 (Windows NT 6.1; WOW64) AppleWebKit/537.36 (KHTML, like Gecko) Chrome/63.0.3239.84 Safari/537.36',
  'content-type' => 'application/x-www-form-urlencoded; charset=UTF-8',
  'referer' => 'http://wallet.2100w.cn/transaction',
  'accept-encoding' => 'gzip, deflate',
  'accept-language' => 'zh-CN,zh;q=0.9',
  'cookie' => 'CCKF_visitor_id_129208=964848529; __lc.visitor_id.9108090=S1505802139.59b5844123; _ga=GA1.2.1386188921.1503048644; PHPSESSID=s8o5012rnoqcupb953ssjjr914; think_var=zh-cn',
)
[ info ] [ PARAM ] array (
  'issuer' => 'GCV3PTG5D3RG2LFBZV3FC4LCVMYR5KJBHU567PSHUHBN56HIALZQZIJQ',
)
[ info ] [ LANG ] /home/www/snb_wallet/public/../application/index/lang/zh-cn.php
[ info ] [ RUN ] app\index\controller\Transaction->getMyissueAsset[ /home/www/snb_wallet/application/index/controller/Transaction.php ]
[ info ] [ SESSION ] INIT array (
  'id' => '',
  'var_session_id' => '',
  'prefix' => 'think',
  'type' => '',
  'auto_start' => true,
)
[ info ] [ DB ] INIT mysql
[ info ] [ LOG ] INIT File
[ sql ] [ DB ] CONNECT:[ UseTime:0.000286s ] mysql:dbname=wallet;host=localhost;charset=utf8
[ sql ] [ SQL ] SHOW COLUMNS FROM `yuan_asset` [ RunTime:0.000602s ]
[ sql ] [ SQL ] SELECT * FROM `yuan_asset` WHERE  `asset_issuer` = 'GCV3PTG5D3RG2LFBZV3FC4LCVMYR5KJBHU567PSHUHBN56HIALZQZIJQ' [ RunTime:0.000201s ]
[ sql ] [ SQL ] SHOW COLUMNS FROM `yuan_gateway` [ RunTime:0.000419s ]
[ sql ] [ SQL ] SELECT * FROM `yuan_gateway` WHERE  `gateway_account` = 'GCV3PTG5D3RG2LFBZV3FC4LCVMYR5KJBHU567PSHUHBN56HIALZQZIJQ' [ RunTime:0.000171s ]

---------------------------------------------------------------
[ 2018-01-03T17:35:04+08:00 ] 172.31.232.156 163.179.32.195 POST /index/transaction/convert/
[ log ] wallet.2100w.cn/index/transaction/convert/ [运行时间：0.039104s][吞吐率：25.57req/s] [内存消耗：3,803.77kb] [文件加载：53]
[ info ] [ LANG ] /home/www/snb_wallet/thinkphp/lang/zh-cn.php
[ info ] [ LANG ] /home/www/snb_wallet/public/../application/lang/zh-cn.php
[ info ] [ ROUTE ] array (
  'type' => 'module',
  'module' => 
  array (
    0 => 'index',
    1 => 'transaction',
    2 => 'convert',
  ),
)
[ info ] [ HEADER ] array (
  'host' => 'wallet.2100w.cn',
  'connection' => 'keep-alive',
  'content-length' => '341',
  'accept' => '*/*',
  'origin' => 'http://wallet.2100w.cn',
  'x-requested-with' => 'XMLHttpRequest',
  'user-agent' => 'Mozilla/5.0 (Windows NT 6.1; WOW64) AppleWebKit/537.36 (KHTML, like Gecko) Chrome/63.0.3239.84 Safari/537.36',
  'content-type' => 'application/x-www-form-urlencoded; charset=UTF-8',
  'referer' => 'http://wallet.2100w.cn/transaction',
  'accept-encoding' => 'gzip, deflate',
  'accept-language' => 'zh-CN,zh;q=0.9',
  'cookie' => 'CCKF_visitor_id_129208=964848529; __lc.visitor_id.9108090=S1505802139.59b5844123; _ga=GA1.2.1386188921.1503048644; PHPSESSID=s8o5012rnoqcupb953ssjjr914; think_var=zh-cn',
)
[ info ] [ PARAM ] array (
  'asset' => 
  array (
    0 => 'SBC',
    1 => 'IOT',
    2 => 'CNY',
  ),
  'issuer' => 
  array (
    0 => 'GB5HHFSYU7ZQX5P3SHNVLFTB4JKX3A35YLFEMPOHEMWQIMJLVI3CCPN2',
    1 => 'GCXN2CDLEOQ5Z3JGSGZWZ3ZQ6MPDJWDBFN5MYRZXTYMAP6TZIZMCUYSY',
    2 => 'GBTTTIS53XG3UX2UEXJQDPCITTEDQYBVXJ5MLN4QQTRRFMX45ZJTBIN6',
  ),
  'type' => 
  array (
    0 => 'credit_alphanum4',
    1 => 'credit_alphanum4',
    2 => 'credit_alphanum4',
  ),
)
[ info ] [ LANG ] /home/www/snb_wallet/public/../application/index/lang/zh-cn.php
[ info ] [ RUN ] app\index\controller\Transaction->convert[ /home/www/snb_wallet/application/index/controller/Transaction.php ]
[ info ] [ SESSION ] INIT array (
  'id' => '',
  'var_session_id' => '',
  'prefix' => 'think',
  'type' => '',
  'auto_start' => true,
)
[ info ] [ DB ] INIT mysql
[ info ] [ LOG ] INIT File
[ sql ] [ DB ] CONNECT:[ UseTime:0.000225s ] mysql:dbname=wallet;host=localhost;charset=utf8
[ sql ] [ SQL ] SHOW COLUMNS FROM `yuan_asset` [ RunTime:0.000530s ]
[ sql ] [ SQL ] SELECT * FROM `yuan_asset` WHERE  `asset_issuer` = 'GB5HHFSYU7ZQX5P3SHNVLFTB4JKX3A35YLFEMPOHEMWQIMJLVI3CCPN2'  AND `asset_code` = 'SBC' LIMIT 1 [ RunTime:0.000186s ]
[ sql ] [ SQL ] SHOW COLUMNS FROM `yuan_gateway` [ RunTime:0.000421s ]
[ sql ] [ SQL ] SELECT * FROM `yuan_gateway` WHERE  `gateway_id` = 5 LIMIT 1 [ RunTime:0.000168s ]
[ sql ] [ SQL ] SELECT * FROM `yuan_asset` WHERE  `asset_issuer` = 'GCXN2CDLEOQ5Z3JGSGZWZ3ZQ6MPDJWDBFN5MYRZXTYMAP6TZIZMCUYSY'  AND `asset_code` = 'IOT' LIMIT 1 [ RunTime:0.000151s ]
[ sql ] [ SQL ] SELECT * FROM `yuan_gateway` WHERE  `gateway_id` = 6 LIMIT 1 [ RunTime:0.000149s ]
[ sql ] [ SQL ] SELECT * FROM `yuan_asset` WHERE  `asset_issuer` = 'GBTTTIS53XG3UX2UEXJQDPCITTEDQYBVXJ5MLN4QQTRRFMX45ZJTBIN6'  AND `asset_code` = 'CNY' LIMIT 1 [ RunTime:0.000145s ]
[ sql ] [ SQL ] SELECT * FROM `yuan_gateway` WHERE  `gateway_id` = 6 LIMIT 1 [ RunTime:0.000151s ]

---------------------------------------------------------------
[ 2018-01-03T18:12:42+08:00 ] 172.31.232.156 77.88.5.5 GET /login?lang=zh-cn
[ log ] wallet.2100w.cn/login?lang=zh-cn [运行时间：0.016648s][吞吐率：60.07req/s] [内存消耗：2,342.19kb] [文件加载：40]
[ info ] [ LANG ] /home/www/snb_wallet/thinkphp/lang/zh-cn.php
[ info ] [ LANG ] /home/www/snb_wallet/public/../application/lang/zh-cn.php
[ info ] [ ROUTE ] array (
  'type' => 'module',
  'module' => 
  array (
    0 => 'user',
    1 => 'user',
    2 => 'login',
  ),
  'convert' => false,
)
[ info ] [ HEADER ] array (
  'host' => 'wallet.2100w.cn',
  'connection' => 'Keep-Alive',
  'user-agent' => 'Mozilla/5.0 (compatible; YandexBot/3.0; +http://yandex.com/bots)',
  'from' => 'support@search.yandex.ru',
  'accept-encoding' => 'gzip,deflate',
  'accept' => '*/*',
  'content-type' => '',
  'content-length' => '',
)
[ info ] [ PARAM ] array (
  'lang' => 'zh-cn',
)
[ info ] [ RUN ] app\user\controller\User->login[ /home/www/snb_wallet/application/user/controller/User.php ]
[ info ] [ VIEW ] /home/www/snb_wallet/public/../application/user/view/user/Login.html [ array (
  0 => 'dir',
  1 => 'title',
  2 => 'error_msg',
) ]
[ info ] [ LOG ] INIT File

---------------------------------------------------------------
[ 2018-01-03T19:26:06+08:00 ] 172.31.232.156 77.88.5.5 GET /
[ log ] wallet.2100w.cn/ [运行时间：0.016610s][吞吐率：60.21req/s] [内存消耗：2,162.65kb] [文件加载：41]
[ info ] [ LANG ] /home/www/snb_wallet/public/../application/lang/ru.php
[ info ] [ ROUTE ] array (
  'type' => 'module',
  'module' => 
  array (
    0 => '',
    1 => NULL,
    2 => NULL,
  ),
)
[ info ] [ HEADER ] array (
  'host' => 'wallet.2100w.cn',
  'connection' => 'Keep-Alive',
  'user-agent' => 'Mozilla/5.0 (compatible; YandexBot/3.0; +http://yandex.com/bots)',
  'from' => 'support@search.yandex.ru',
  'accept-encoding' => 'gzip,deflate',
  'accept-language' => 'ru, uk;q=0.8, be;q=0.8, en;q=0.7, *;q=0.01',
  'accept' => '*/*',
  'content-type' => '',
  'content-length' => '',
)
[ info ] [ PARAM ] array (
)
[ info ] [ RUN ] app\index\controller\Index->index[ /home/www/snb_wallet/application/index/controller/Index.php ]
[ info ] [ SESSION ] INIT array (
  'id' => '',
  'var_session_id' => '',
  'prefix' => 'think',
  'type' => '',
  'auto_start' => true,
)
[ info ] [ LOG ] INIT File

---------------------------------------------------------------
[ 2018-01-03T19:26:10+08:00 ] 172.31.232.156 77.88.5.5 GET /login
[ log ] wallet.2100w.cn/login [运行时间：0.019156s][吞吐率：52.20req/s] [内存消耗：2,332.88kb] [文件加载：39]
[ info ] [ LANG ] /home/www/snb_wallet/public/../application/lang/ru.php
[ info ] [ ROUTE ] array (
  'type' => 'module',
  'module' => 
  array (
    0 => 'user',
    1 => 'user',
    2 => 'login',
  ),
  'convert' => false,
)
[ info ] [ HEADER ] array (
  'host' => 'wallet.2100w.cn',
  'connection' => 'Keep-Alive',
  'user-agent' => 'Mozilla/5.0 (compatible; YandexBot/3.0; +http://yandex.com/bots)',
  'from' => 'support@search.yandex.ru',
  'accept-encoding' => 'gzip,deflate',
  'accept-language' => 'ru, uk;q=0.8, be;q=0.8, en;q=0.7, *;q=0.01',
  'accept' => '*/*',
  'content-type' => '',
  'content-length' => '',
)
[ info ] [ PARAM ] array (
)
[ info ] [ RUN ] app\user\controller\User->login[ /home/www/snb_wallet/application/user/controller/User.php ]
[ info ] [ VIEW ] /home/www/snb_wallet/public/../application/user/view/user/Login.html [ array (
  0 => 'dir',
  1 => 'title',
  2 => 'error_msg',
) ]
[ info ] [ LOG ] INIT File

---------------------------------------------------------------
[ 2018-01-03T19:26:10+08:00 ] 172.31.232.156 93.158.161.100 GET /
[ log ] wallet.2100w.cn/ [运行时间：0.016433s][吞吐率：60.85req/s] [内存消耗：2,162.67kb] [文件加载：41]
[ info ] [ LANG ] /home/www/snb_wallet/public/../application/lang/ru.php
[ info ] [ ROUTE ] array (
  'type' => 'module',
  'module' => 
  array (
    0 => '',
    1 => NULL,
    2 => NULL,
  ),
)
[ info ] [ HEADER ] array (
  'host' => 'wallet.2100w.cn',
  'connection' => 'Keep-Alive',
  'user-agent' => 'Mozilla/5.0 (compatible; YandexBot/3.0; +http://yandex.com/bots)',
  'from' => 'support@search.yandex.ru',
  'accept-encoding' => 'gzip,deflate',
  'accept-language' => 'ru, uk;q=0.8, be;q=0.8, en;q=0.7, *;q=0.01',
  'accept' => '*/*',
  'content-type' => '',
  'content-length' => '',
)
[ info ] [ PARAM ] array (
)
[ info ] [ RUN ] app\index\controller\Index->index[ /home/www/snb_wallet/application/index/controller/Index.php ]
[ info ] [ SESSION ] INIT array (
  'id' => '',
  'var_session_id' => '',
  'prefix' => 'think',
  'type' => '',
  'auto_start' => true,
)
[ info ] [ LOG ] INIT File

---------------------------------------------------------------
[ 2018-01-03T19:26:15+08:00 ] 172.31.232.156 77.88.5.5 GET /login
[ log ] wallet.2100w.cn/login [运行时间：0.016209s][吞吐率：61.69req/s] [内存消耗：2,333.19kb] [文件加载：39]
[ info ] [ LANG ] /home/www/snb_wallet/public/../application/lang/ru.php
[ info ] [ ROUTE ] array (
  'type' => 'module',
  'module' => 
  array (
    0 => 'user',
    1 => 'user',
    2 => 'login',
  ),
  'convert' => false,
)
[ info ] [ HEADER ] array (
  'host' => 'wallet.2100w.cn',
  'connection' => 'Keep-Alive',
  'user-agent' => 'Mozilla/5.0 (compatible; YandexBot/3.0; +http://yandex.com/bots)',
  'from' => 'support@search.yandex.ru',
  'accept-encoding' => 'gzip,deflate',
  'accept-language' => 'ru, uk;q=0.8, be;q=0.8, en;q=0.7, *;q=0.01',
  'accept' => '*/*',
  'content-type' => '',
  'content-length' => '',
)
[ info ] [ PARAM ] array (
)
[ info ] [ RUN ] app\user\controller\User->login[ /home/www/snb_wallet/application/user/controller/User.php ]
[ info ] [ VIEW ] /home/www/snb_wallet/public/../application/user/view/user/Login.html [ array (
  0 => 'dir',
  1 => 'title',
  2 => 'error_msg',
) ]
[ info ] [ LOG ] INIT File

---------------------------------------------------------------
[ 2018-01-03T19:32:44+08:00 ] 172.31.232.156 168.1.128.74 GET /
[ log ] wallet.2100w.cn/ [运行时间：0.014458s][吞吐率：69.17req/s] [内存消耗：2,173.43kb] [文件加载：43]
[ info ] [ LANG ] /home/www/snb_wallet/thinkphp/lang/zh-cn.php
[ info ] [ LANG ] /home/www/snb_wallet/public/../application/lang/zh-cn.php
[ info ] [ ROUTE ] array (
  'type' => 'module',
  'module' => 
  array (
    0 => '',
    1 => NULL,
    2 => NULL,
  ),
)
[ info ] [ HEADER ] array (
  'host' => 'wallet.2100w.cn',
  'content-type' => '',
  'content-length' => '',
)
[ info ] [ PARAM ] array (
)
[ info ] [ LANG ] /home/www/snb_wallet/public/../application/index/lang/zh-cn.php
[ info ] [ RUN ] app\index\controller\Index->index[ /home/www/snb_wallet/application/index/controller/Index.php ]
[ info ] [ SESSION ] INIT array (
  'id' => '',
  'var_session_id' => '',
  'prefix' => 'think',
  'type' => '',
  'auto_start' => true,
)
[ info ] [ LOG ] INIT File

---------------------------------------------------------------
