[ 2018-01-18T05:15:13+08:00 ] 172.31.232.156 196.52.43.103 GET /
[ log ] wallet.2100w.cn/ [运行时间：0.019770s][吞吐率：50.58req/s] [内存消耗：2,173.64kb] [文件加载：43]
[ info ] [ LANG ] /home/www/snb_wallet/thinkphp/lang/zh-cn.php
[ info ] [ LANG ] /home/www/snb_wallet/public/../application/lang/zh-cn.php
[ info ] [ ROUTE ] array (
  'type' => 'module',
  'module' => 
  array (
    0 => '',
    1 => NULL,
    2 => NULL,
  ),
)
[ info ] [ HEADER ] array (
  'host' => 'wallet.2100w.cn',
  'content-type' => '',
  'content-length' => '',
)
[ info ] [ PARAM ] array (
)
[ info ] [ LANG ] /home/www/snb_wallet/public/../application/index/lang/zh-cn.php
[ info ] [ RUN ] app\index\controller\Index->index[ /home/www/snb_wallet/application/index/controller/Index.php ]
[ info ] [ SESSION ] INIT array (
  'id' => '',
  'var_session_id' => '',
  'prefix' => 'think',
  'type' => '',
  'auto_start' => true,
)
[ info ] [ LOG ] INIT File

---------------------------------------------------------------
[ 2018-01-18T13:15:16+08:00 ] 172.31.232.156 106.11.152.248 GET /register
[ log ] wallet.2100w.cn/register [运行时间：0.047438s][吞吐率：21.08req/s] [内存消耗：3,598.70kb] [文件加载：48]
[ info ] [ LANG ] /home/www/snb_wallet/thinkphp/lang/zh-cn.php
[ info ] [ LANG ] /home/www/snb_wallet/public/../application/lang/zh-cn.php
[ info ] [ ROUTE ] array (
  'type' => 'module',
  'module' => 
  array (
    0 => 'user',
    1 => 'user',
    2 => 'register',
  ),
  'convert' => false,
)
[ info ] [ HEADER ] array (
  'accept-language' => 'zh-cn,en-us,zh-tw,en-gb,en;',
  'host' => 'wallet.2100w.cn',
  'accept-encoding' => 'gzip',
  'accept' => '*/*',
  'connection' => 'Keep-Alive',
  'user-agent' => 'YisouSpider',
  'content-type' => '',
  'content-length' => '',
)
[ info ] [ PARAM ] array (
)
[ info ] [ RUN ] app\user\controller\User->register[ /home/www/snb_wallet/application/user/controller/User.php ]
[ info ] [ DB ] INIT mysql
[ info ] [ VIEW ] /home/www/snb_wallet/public/../application/user/view/user/Register.html [ array (
  0 => 'dir',
  1 => 'title',
) ]
[ info ] [ LOG ] INIT File

---------------------------------------------------------------
[ 2018-01-18T16:13:23+08:00 ] 172.31.232.156 77.88.5.5 GET /forgetpassword
[ log ] wallet.2100w.cn/forgetpassword [运行时间：0.025639s][吞吐率：39.00req/s] [内存消耗：2,419.49kb] [文件加载：41]
[ info ] [ LANG ] /home/www/snb_wallet/thinkphp/lang/zh-cn.php
[ info ] [ LANG ] /home/www/snb_wallet/public/../application/lang/zh-cn.php
[ info ] [ ROUTE ] array (
  'type' => 'module',
  'module' => 
  array (
    0 => 'user',
    1 => 'user',
    2 => 'forgetpassword',
  ),
  'convert' => false,
)
[ info ] [ HEADER ] array (
  'host' => 'wallet.2100w.cn',
  'connection' => 'Keep-Alive',
  'user-agent' => 'Mozilla/5.0 (compatible; YandexBot/3.0; +http://yandex.com/bots)',
  'from' => 'support@search.yandex.ru',
  'accept-encoding' => 'gzip,deflate',
  'accept' => '*/*',
  'content-type' => '',
  'content-length' => '',
)
[ info ] [ PARAM ] array (
)
[ info ] [ RUN ] app\user\controller\User->forgetpassword[ /home/www/snb_wallet/application/user/controller/User.php ]
[ info ] [ VIEW ] /home/www/snb_wallet/public/../application/user/view/user/Forgetpassword.html [ array (
  0 => 'dir',
  1 => 'title',
) ]
[ info ] [ LOG ] INIT File

---------------------------------------------------------------
[ 2018-01-18T16:34:15+08:00 ] 172.31.232.156 106.11.157.110 GET /forgetpassword?lang=zh-cn
[ log ] wallet.2100w.cn/forgetpassword?lang=zh-cn [运行时间：0.023953s][吞吐率：41.75req/s] [内存消耗：2,420.53kb] [文件加载：41]
[ info ] [ LANG ] /home/www/snb_wallet/thinkphp/lang/zh-cn.php
[ info ] [ LANG ] /home/www/snb_wallet/public/../application/lang/zh-cn.php
[ info ] [ ROUTE ] array (
  'type' => 'module',
  'module' => 
  array (
    0 => 'user',
    1 => 'user',
    2 => 'forgetpassword',
  ),
  'convert' => false,
)
[ info ] [ HEADER ] array (
  'accept-language' => 'zh-cn,en-us,zh-tw,en-gb,en;',
  'host' => 'wallet.2100w.cn',
  'accept-encoding' => 'gzip',
  'accept' => '*/*',
  'connection' => 'Keep-Alive',
  'user-agent' => 'YisouSpider',
  'content-type' => '',
  'content-length' => '',
)
[ info ] [ PARAM ] array (
  'lang' => 'zh-cn',
)
[ info ] [ RUN ] app\user\controller\User->forgetpassword[ /home/www/snb_wallet/application/user/controller/User.php ]
[ info ] [ VIEW ] /home/www/snb_wallet/public/../application/user/view/user/Forgetpassword.html [ array (
  0 => 'dir',
  1 => 'title',
) ]
[ info ] [ LOG ] INIT File

---------------------------------------------------------------
[ 2018-01-18T17:03:22+08:00 ] 172.31.232.156 77.88.5.5 GET /login?lang=ko
[ log ] wallet.2100w.cn/login?lang=ko [运行时间：0.028593s][吞吐率：34.97req/s] [内存消耗：2,332.66kb] [文件加载：39]
[ info ] [ LANG ] /home/www/snb_wallet/public/../application/lang/ko.php
[ info ] [ ROUTE ] array (
  'type' => 'module',
  'module' => 
  array (
    0 => 'user',
    1 => 'user',
    2 => 'login',
  ),
  'convert' => false,
)
[ info ] [ HEADER ] array (
  'host' => 'wallet.2100w.cn',
  'connection' => 'Keep-Alive',
  'user-agent' => 'Mozilla/5.0 (compatible; YandexBot/3.0; +http://yandex.com/bots)',
  'from' => 'support@search.yandex.ru',
  'accept-encoding' => 'gzip,deflate',
  'accept' => '*/*',
  'content-type' => '',
  'content-length' => '',
)
[ info ] [ PARAM ] array (
  'lang' => 'ko',
)
[ info ] [ RUN ] app\user\controller\User->login[ /home/www/snb_wallet/application/user/controller/User.php ]
[ info ] [ VIEW ] /home/www/snb_wallet/public/../application/user/view/user/Login.html [ array (
  0 => 'dir',
  1 => 'title',
  2 => 'error_msg',
) ]
[ info ] [ LOG ] INIT File

---------------------------------------------------------------
