[ 2018-01-20T04:10:29+08:00 ] 172.31.232.156 77.88.5.5 GET /login?lang=vi
[ log ] wallet.2100w.cn/login?lang=vi [运行时间：0.024263s][吞吐率：41.22req/s] [内存消耗：2,332.53kb] [文件加载：39]
[ info ] [ LANG ] /home/www/snb_wallet/public/../application/lang/vi.php
[ info ] [ ROUTE ] array (
  'type' => 'module',
  'module' => 
  array (
    0 => 'user',
    1 => 'user',
    2 => 'login',
  ),
  'convert' => false,
)
[ info ] [ HEADER ] array (
  'host' => 'wallet.2100w.cn',
  'connection' => 'Keep-Alive',
  'user-agent' => 'Mozilla/5.0 (compatible; YandexBot/3.0; +http://yandex.com/bots)',
  'from' => 'support@search.yandex.ru',
  'accept-encoding' => 'gzip,deflate',
  'accept' => '*/*',
  'content-type' => '',
  'content-length' => '',
)
[ info ] [ PARAM ] array (
  'lang' => 'vi',
)
[ info ] [ RUN ] app\user\controller\User->login[ /home/www/snb_wallet/application/user/controller/User.php ]
[ info ] [ VIEW ] /home/www/snb_wallet/public/../application/user/view/user/Login.html [ array (
  0 => 'dir',
  1 => 'title',
  2 => 'error_msg',
) ]
[ info ] [ LOG ] INIT File

---------------------------------------------------------------
[ 2018-01-20T06:54:13+08:00 ] 172.31.232.156 77.88.5.5 GET /register?lang=ru
[ log ] wallet.2100w.cn/register?lang=ru [运行时间：0.034908s][吞吐率：28.65req/s] [内存消耗：3,589.30kb] [文件加载：47]
[ info ] [ LANG ] /home/www/snb_wallet/public/../application/lang/ru.php
[ info ] [ ROUTE ] array (
  'type' => 'module',
  'module' => 
  array (
    0 => 'user',
    1 => 'user',
    2 => 'register',
  ),
  'convert' => false,
)
[ info ] [ HEADER ] array (
  'host' => 'wallet.2100w.cn',
  'connection' => 'Keep-Alive',
  'user-agent' => 'Mozilla/5.0 (compatible; YandexBot/3.0; +http://yandex.com/bots)',
  'from' => 'support@search.yandex.ru',
  'accept-encoding' => 'gzip,deflate',
  'accept' => '*/*',
  'content-type' => '',
  'content-length' => '',
)
[ info ] [ PARAM ] array (
  'lang' => 'ru',
)
[ info ] [ RUN ] app\user\controller\User->register[ /home/www/snb_wallet/application/user/controller/User.php ]
[ info ] [ DB ] INIT mysql
[ info ] [ VIEW ] /home/www/snb_wallet/public/../application/user/view/user/Register.html [ array (
  0 => 'dir',
  1 => 'title',
) ]
[ info ] [ LOG ] INIT File

---------------------------------------------------------------
[ 2018-01-20T07:27:43+08:00 ] 172.31.232.156 77.88.5.5 GET /register?lang=en-us
[ log ] wallet.2100w.cn/register?lang=en-us [运行时间：0.032134s][吞吐率：31.12req/s] [内存消耗：3,589.17kb] [文件加载：47]
[ info ] [ LANG ] /home/www/snb_wallet/public/../application/lang/en-us.php
[ info ] [ ROUTE ] array (
  'type' => 'module',
  'module' => 
  array (
    0 => 'user',
    1 => 'user',
    2 => 'register',
  ),
  'convert' => false,
)
[ info ] [ HEADER ] array (
  'host' => 'wallet.2100w.cn',
  'connection' => 'Keep-Alive',
  'user-agent' => 'Mozilla/5.0 (compatible; YandexBot/3.0; +http://yandex.com/bots)',
  'from' => 'support@search.yandex.ru',
  'accept-encoding' => 'gzip,deflate',
  'accept' => '*/*',
  'content-type' => '',
  'content-length' => '',
)
[ info ] [ PARAM ] array (
  'lang' => 'en-us',
)
[ info ] [ RUN ] app\user\controller\User->register[ /home/www/snb_wallet/application/user/controller/User.php ]
[ info ] [ DB ] INIT mysql
[ info ] [ VIEW ] /home/www/snb_wallet/public/../application/user/view/user/Register.html [ array (
  0 => 'dir',
  1 => 'title',
) ]
[ info ] [ LOG ] INIT File

---------------------------------------------------------------
[ 2018-01-20T07:48:43+08:00 ] 172.31.232.156 77.88.5.5 GET /login?lang=fr
[ log ] wallet.2100w.cn/login?lang=fr [运行时间：0.020740s][吞吐率：48.22req/s] [内存消耗：2,332.51kb] [文件加载：39]
[ info ] [ LANG ] /home/www/snb_wallet/public/../application/lang/fr.php
[ info ] [ ROUTE ] array (
  'type' => 'module',
  'module' => 
  array (
    0 => 'user',
    1 => 'user',
    2 => 'login',
  ),
  'convert' => false,
)
[ info ] [ HEADER ] array (
  'host' => 'wallet.2100w.cn',
  'connection' => 'Keep-Alive',
  'user-agent' => 'Mozilla/5.0 (compatible; YandexBot/3.0; +http://yandex.com/bots)',
  'from' => 'support@search.yandex.ru',
  'accept-encoding' => 'gzip,deflate',
  'accept' => '*/*',
  'content-type' => '',
  'content-length' => '',
)
[ info ] [ PARAM ] array (
  'lang' => 'fr',
)
[ info ] [ RUN ] app\user\controller\User->login[ /home/www/snb_wallet/application/user/controller/User.php ]
[ info ] [ VIEW ] /home/www/snb_wallet/public/../application/user/view/user/Login.html [ array (
  0 => 'dir',
  1 => 'title',
  2 => 'error_msg',
) ]
[ info ] [ LOG ] INIT File

---------------------------------------------------------------
[ 2018-01-20T08:46:52+08:00 ] 172.31.232.156 163.179.32.72 GET /
[ log ] wallet.2100w.cn/ [运行时间：0.017647s][吞吐率：56.67req/s] [内存消耗：2,175.67kb] [文件加载：43]
[ info ] [ LANG ] /home/www/snb_wallet/thinkphp/lang/zh-cn.php
[ info ] [ LANG ] /home/www/snb_wallet/public/../application/lang/zh-cn.php
[ info ] [ ROUTE ] array (
  'type' => 'module',
  'module' => 
  array (
    0 => '',
    1 => NULL,
    2 => NULL,
  ),
)
[ info ] [ HEADER ] array (
  'host' => 'wallet.2100w.cn',
  'connection' => 'keep-alive',
  'user-agent' => 'Mozilla/5.0 (Windows NT 6.1; WOW64) AppleWebKit/537.36 (KHTML, like Gecko) Chrome/63.0.3239.132 Safari/537.36',
  'upgrade-insecure-requests' => '1',
  'accept' => 'text/html,application/xhtml+xml,application/xml;q=0.9,image/webp,image/apng,*/*;q=0.8',
  'accept-encoding' => 'gzip, deflate',
  'accept-language' => 'zh-CN,zh;q=0.9',
  'cookie' => 'CCKF_visitor_id_129208=965317510; _ga=GA1.2.1046958118.1502787237',
  'content-type' => '',
  'content-length' => '',
)
[ info ] [ PARAM ] array (
)
[ info ] [ LANG ] /home/www/snb_wallet/public/../application/index/lang/zh-cn.php
[ info ] [ RUN ] app\index\controller\Index->index[ /home/www/snb_wallet/application/index/controller/Index.php ]
[ info ] [ SESSION ] INIT array (
  'id' => '',
  'var_session_id' => '',
  'prefix' => 'think',
  'type' => '',
  'auto_start' => true,
)
[ info ] [ LOG ] INIT File

---------------------------------------------------------------
[ 2018-01-20T08:46:52+08:00 ] 172.31.232.156 163.179.32.72 GET /login
[ log ] wallet.2100w.cn/login [运行时间：0.019310s][吞吐率：51.79req/s] [内存消耗：2,342.26kb] [文件加载：40]
[ info ] [ LANG ] /home/www/snb_wallet/thinkphp/lang/zh-cn.php
[ info ] [ LANG ] /home/www/snb_wallet/public/../application/lang/zh-cn.php
[ info ] [ ROUTE ] array (
  'type' => 'module',
  'module' => 
  array (
    0 => 'user',
    1 => 'user',
    2 => 'login',
  ),
  'convert' => false,
)
[ info ] [ HEADER ] array (
  'host' => 'wallet.2100w.cn',
  'connection' => 'keep-alive',
  'user-agent' => 'Mozilla/5.0 (Windows NT 6.1; WOW64) AppleWebKit/537.36 (KHTML, like Gecko) Chrome/63.0.3239.132 Safari/537.36',
  'upgrade-insecure-requests' => '1',
  'accept' => 'text/html,application/xhtml+xml,application/xml;q=0.9,image/webp,image/apng,*/*;q=0.8',
  'accept-encoding' => 'gzip, deflate',
  'accept-language' => 'zh-CN,zh;q=0.9',
  'cookie' => 'CCKF_visitor_id_129208=965317510; _ga=GA1.2.1046958118.1502787237; think_var=zh-cn; PHPSESSID=dpqpf7ncta5qo9d3ff66fnme43',
  'content-type' => '',
  'content-length' => '',
)
[ info ] [ PARAM ] array (
)
[ info ] [ RUN ] app\user\controller\User->login[ /home/www/snb_wallet/application/user/controller/User.php ]
[ info ] [ VIEW ] /home/www/snb_wallet/public/../application/user/view/user/Login.html [ array (
  0 => 'dir',
  1 => 'title',
  2 => 'error_msg',
) ]
[ info ] [ LOG ] INIT File

---------------------------------------------------------------
[ 2018-01-20T08:47:39+08:00 ] 172.31.232.156 163.179.32.72 POST /login
[ log ] wallet.2100w.cn/login [运行时间：0.053488s][吞吐率：18.70req/s] [内存消耗：3,710.16kb] [文件加载：50]
[ info ] [ LANG ] /home/www/snb_wallet/thinkphp/lang/zh-cn.php
[ info ] [ LANG ] /home/www/snb_wallet/public/../application/lang/zh-cn.php
[ info ] [ ROUTE ] array (
  'type' => 'module',
  'module' => 
  array (
    0 => 'user',
    1 => 'user',
    2 => 'login',
  ),
  'convert' => false,
)
[ info ] [ HEADER ] array (
  'host' => 'wallet.2100w.cn',
  'connection' => 'keep-alive',
  'content-length' => '45',
  'cache-control' => 'max-age=0',
  'origin' => 'http://wallet.2100w.cn',
  'upgrade-insecure-requests' => '1',
  'content-type' => 'application/x-www-form-urlencoded',
  'user-agent' => 'Mozilla/5.0 (Windows NT 6.1; WOW64) AppleWebKit/537.36 (KHTML, like Gecko) Chrome/63.0.3239.132 Safari/537.36',
  'accept' => 'text/html,application/xhtml+xml,application/xml;q=0.9,image/webp,image/apng,*/*;q=0.8',
  'referer' => 'http://wallet.2100w.cn/login',
  'accept-encoding' => 'gzip, deflate',
  'accept-language' => 'zh-CN,zh;q=0.9',
  'cookie' => 'CCKF_visitor_id_129208=965317510; _ga=GA1.2.1046958118.1502787237; think_var=zh-cn; PHPSESSID=dpqpf7ncta5qo9d3ff66fnme43',
)
[ info ] [ PARAM ] array (
  'email' => '328468923@qq.com',
  'password' => '15900092204',
)
[ info ] [ RUN ] app\user\controller\User->login[ /home/www/snb_wallet/application/user/controller/User.php ]
[ info ] [ DB ] INIT mysql
[ info ] [ SESSION ] INIT array (
  'id' => '',
  'var_session_id' => '',
  'prefix' => 'think',
  'type' => '',
  'auto_start' => true,
)
[ info ] [ LOG ] INIT File
[ sql ] [ DB ] CONNECT:[ UseTime:0.000890s ] mysql:dbname=wallet;host=localhost;charset=utf8
[ sql ] [ SQL ] SHOW COLUMNS FROM `yuan_user` [ RunTime:0.013292s ]
[ sql ] [ SQL ] SELECT `user_id`,`user_account`,`user_3des`,`user_name`,`user_setTrust` FROM `yuan_user` WHERE  `user_email` = '328468923@qq.com' LIMIT 1 [ RunTime:0.006276s ]
[ sql ] [ SQL ] SELECT `user_pass`,`user_confirm`,`user_3des`,`user_lock` FROM `yuan_user` WHERE  `user_email` = '328468923@qq.com' LIMIT 1 [ RunTime:0.000389s ]

---------------------------------------------------------------
[ 2018-01-20T08:47:39+08:00 ] 172.31.232.156 163.179.32.72 GET /
[ log ] wallet.2100w.cn/ [运行时间：0.020129s][吞吐率：49.68req/s] [内存消耗：2,151.13kb] [文件加载：42]
[ info ] [ LANG ] /home/www/snb_wallet/thinkphp/lang/zh-cn.php
[ info ] [ LANG ] /home/www/snb_wallet/public/../application/lang/zh-cn.php
[ info ] [ ROUTE ] array (
  'type' => 'module',
  'module' => 
  array (
    0 => '',
    1 => NULL,
    2 => NULL,
  ),
)
[ info ] [ HEADER ] array (
  'host' => 'wallet.2100w.cn',
  'connection' => 'keep-alive',
  'cache-control' => 'max-age=0',
  'upgrade-insecure-requests' => '1',
  'user-agent' => 'Mozilla/5.0 (Windows NT 6.1; WOW64) AppleWebKit/537.36 (KHTML, like Gecko) Chrome/63.0.3239.132 Safari/537.36',
  'accept' => 'text/html,application/xhtml+xml,application/xml;q=0.9,image/webp,image/apng,*/*;q=0.8',
  'referer' => 'http://wallet.2100w.cn/login',
  'accept-encoding' => 'gzip, deflate',
  'accept-language' => 'zh-CN,zh;q=0.9',
  'cookie' => 'CCKF_visitor_id_129208=965317510; _ga=GA1.2.1046958118.1502787237; think_var=zh-cn; PHPSESSID=dpqpf7ncta5qo9d3ff66fnme43',
  'content-type' => '',
  'content-length' => '',
)
[ info ] [ PARAM ] array (
)
[ info ] [ LANG ] /home/www/snb_wallet/public/../application/index/lang/zh-cn.php
[ info ] [ RUN ] app\index\controller\Index->index[ /home/www/snb_wallet/application/index/controller/Index.php ]
[ info ] [ SESSION ] INIT array (
  'id' => '',
  'var_session_id' => '',
  'prefix' => 'think',
  'type' => '',
  'auto_start' => true,
)
[ info ] [ VIEW ] /home/www/snb_wallet/public/../application/index/view/index/Index.html [ array (
  0 => 'dir',
  1 => 'title',
) ]
[ info ] [ LOG ] INIT File

---------------------------------------------------------------
[ 2018-01-20T08:47:42+08:00 ] 172.31.232.156 163.179.32.72 POST /index/gateway/alldata
[ log ] wallet.2100w.cn/index/gateway/alldata [运行时间：0.036724s][吞吐率：27.23req/s] [内存消耗：3,716.65kb] [文件加载：52]
[ info ] [ LANG ] /home/www/snb_wallet/thinkphp/lang/zh-cn.php
[ info ] [ LANG ] /home/www/snb_wallet/public/../application/lang/zh-cn.php
[ info ] [ ROUTE ] array (
  'type' => 'module',
  'module' => 
  array (
    0 => 'index',
    1 => 'gateway',
    2 => 'alldata',
  ),
)
[ info ] [ HEADER ] array (
  'host' => 'wallet.2100w.cn',
  'connection' => 'keep-alive',
  'content-length' => '109',
  'accept' => '*/*',
  'origin' => 'http://wallet.2100w.cn',
  'x-requested-with' => 'XMLHttpRequest',
  'user-agent' => 'Mozilla/5.0 (Windows NT 6.1; WOW64) AppleWebKit/537.36 (KHTML, like Gecko) Chrome/63.0.3239.132 Safari/537.36',
  'content-type' => 'application/x-www-form-urlencoded; charset=UTF-8',
  'referer' => 'http://wallet.2100w.cn/',
  'accept-encoding' => 'gzip, deflate',
  'accept-language' => 'zh-CN,zh;q=0.9',
  'cookie' => 'CCKF_visitor_id_129208=965317510; _ga=GA1.2.1046958118.1502787237; think_var=zh-cn; PHPSESSID=dpqpf7ncta5qo9d3ff66fnme43',
)
[ info ] [ PARAM ] array (
  'issuer' => 
  array (
    0 => 'GCMSVCVBPUR4KAIPLLGN4YX3CCTDWOYOJ6H2M3TNYJJ77LH2IBFO75DU',
  ),
  'asset' => 
  array (
    0 => 'UKC',
  ),
  'balance' => 
  array (
    0 => '0.0000000',
  ),
)
[ info ] [ LANG ] /home/www/snb_wallet/public/../application/index/lang/zh-cn.php
[ info ] [ RUN ] app\index\controller\Gateway->alldata[ /home/www/snb_wallet/application/index/controller/Gateway.php ]
[ info ] [ SESSION ] INIT array (
  'id' => '',
  'var_session_id' => '',
  'prefix' => 'think',
  'type' => '',
  'auto_start' => true,
)
[ info ] [ DB ] INIT mysql
[ info ] [ LOG ] INIT File
[ sql ] [ DB ] CONNECT:[ UseTime:0.000509s ] mysql:dbname=wallet;host=localhost;charset=utf8
[ sql ] [ SQL ] SHOW COLUMNS FROM `yuan_asset` [ RunTime:0.001399s ]
[ sql ] [ SQL ] SELECT * FROM `yuan_asset` WHERE  `asset_issuer` = 'GCMSVCVBPUR4KAIPLLGN4YX3CCTDWOYOJ6H2M3TNYJJ77LH2IBFO75DU'  AND `asset_code` = 'UKC' LIMIT 1 [ RunTime:0.000656s ]

---------------------------------------------------------------
[ 2018-01-20T08:47:48+08:00 ] 172.31.232.156 163.179.32.72 GET /gateway
[ log ] wallet.2100w.cn/gateway [运行时间：0.038419s][吞吐率：26.03req/s] [内存消耗：3,812.82kb] [文件加载：53]
[ info ] [ LANG ] /home/www/snb_wallet/thinkphp/lang/zh-cn.php
[ info ] [ LANG ] /home/www/snb_wallet/public/../application/lang/zh-cn.php
[ info ] [ ROUTE ] array (
  'type' => 'module',
  'module' => 
  array (
    0 => 'index',
    1 => 'gateway',
    2 => 'index',
  ),
  'convert' => false,
)
[ info ] [ HEADER ] array (
  'host' => 'wallet.2100w.cn',
  'connection' => 'keep-alive',
  'upgrade-insecure-requests' => '1',
  'user-agent' => 'Mozilla/5.0 (Windows NT 6.1; WOW64) AppleWebKit/537.36 (KHTML, like Gecko) Chrome/63.0.3239.132 Safari/537.36',
  'accept' => 'text/html,application/xhtml+xml,application/xml;q=0.9,image/webp,image/apng,*/*;q=0.8',
  'referer' => 'http://wallet.2100w.cn/',
  'accept-encoding' => 'gzip, deflate',
  'accept-language' => 'zh-CN,zh;q=0.9',
  'cookie' => 'CCKF_visitor_id_129208=965317510; _ga=GA1.2.1046958118.1502787237; think_var=zh-cn; PHPSESSID=dpqpf7ncta5qo9d3ff66fnme43',
  'content-type' => '',
  'content-length' => '',
)
[ info ] [ PARAM ] array (
)
[ info ] [ LANG ] /home/www/snb_wallet/public/../application/index/lang/zh-cn.php
[ info ] [ RUN ] app\index\controller\Gateway->index[ /home/www/snb_wallet/application/index/controller/Gateway.php ]
[ info ] [ SESSION ] INIT array (
  'id' => '',
  'var_session_id' => '',
  'prefix' => 'think',
  'type' => '',
  'auto_start' => true,
)
[ info ] [ DB ] INIT mysql
[ info ] [ VIEW ] /home/www/snb_wallet/public/../application/index/view/gateway/Index.html [ array (
  0 => 'dir',
  1 => 'gateway',
  2 => 'mygateway',
) ]
[ info ] [ LOG ] INIT File
[ sql ] [ DB ] CONNECT:[ UseTime:0.000553s ] mysql:dbname=wallet;host=localhost;charset=utf8
[ sql ] [ SQL ] SHOW COLUMNS FROM `yuan_gateway` [ RunTime:0.001421s ]
[ sql ] [ SQL ] SELECT * FROM `yuan_gateway` WHERE  `gateway_status` = 2 LIMIT 10 [ RunTime:0.000595s ]
[ sql ] [ SQL ] SHOW COLUMNS FROM `yuan_asset` [ RunTime:0.000560s ]
[ sql ] [ SQL ] SELECT * FROM `yuan_asset` WHERE  `gateway_id` = 6 [ RunTime:0.000336s ]
[ sql ] [ SQL ] SELECT * FROM `yuan_gateway` WHERE  `gateway_account` = 'GBCP6E4BPBFZS3WXDBDPTB7XXWKQ7STHP6J3NUQSQEVCTQEP5LKRLBZS' LIMIT 1 [ RunTime:0.000351s ]

---------------------------------------------------------------
[ 2018-01-20T08:47:49+08:00 ] 172.31.232.156 163.179.32.72 GET /index/gateway/data/account/GCGHXLCUHGGUDEFGUDB7OD3KB74PQUS5ZYIJJLCFZCMXODP4RAXTLPPO
[ log ] wallet.2100w.cn/index/gateway/data/account/GCGHXLCUHGGUDEFGUDB7OD3KB74PQUS5ZYIJJLCFZCMXODP4RAXTLPPO [运行时间：0.033500s][吞吐率：29.85req/s] [内存消耗：3,802.34kb] [文件加载：53]
[ info ] [ LANG ] /home/www/snb_wallet/thinkphp/lang/zh-cn.php
[ info ] [ LANG ] /home/www/snb_wallet/public/../application/lang/zh-cn.php
[ info ] [ ROUTE ] array (
  'type' => 'module',
  'module' => 
  array (
    0 => 'index',
    1 => 'gateway',
    2 => 'data',
  ),
)
[ info ] [ HEADER ] array (
  'host' => 'wallet.2100w.cn',
  'connection' => 'keep-alive',
  'accept' => '*/*',
  'x-requested-with' => 'XMLHttpRequest',
  'user-agent' => 'Mozilla/5.0 (Windows NT 6.1; WOW64) AppleWebKit/537.36 (KHTML, like Gecko) Chrome/63.0.3239.132 Safari/537.36',
  'referer' => 'http://wallet.2100w.cn/gateway',
  'accept-encoding' => 'gzip, deflate',
  'accept-language' => 'zh-CN,zh;q=0.9',
  'cookie' => 'CCKF_visitor_id_129208=965317510; _ga=GA1.2.1046958118.1502787237; think_var=zh-cn; PHPSESSID=dpqpf7ncta5qo9d3ff66fnme43',
  'content-type' => '',
  'content-length' => '',
)
[ info ] [ PARAM ] array (
  'account' => 'GCGHXLCUHGGUDEFGUDB7OD3KB74PQUS5ZYIJJLCFZCMXODP4RAXTLPPO',
)
[ info ] [ LANG ] /home/www/snb_wallet/public/../application/index/lang/zh-cn.php
[ info ] [ RUN ] app\index\controller\Gateway->data[ /home/www/snb_wallet/application/index/controller/Gateway.php ]
[ info ] [ SESSION ] INIT array (
  'id' => '',
  'var_session_id' => '',
  'prefix' => 'think',
  'type' => '',
  'auto_start' => true,
)
[ info ] [ DB ] INIT mysql
[ info ] [ LOG ] INIT File
[ sql ] [ DB ] CONNECT:[ UseTime:0.000459s ] mysql:dbname=wallet;host=localhost;charset=utf8
[ sql ] [ SQL ] SHOW COLUMNS FROM `yuan_asset` [ RunTime:0.000681s ]
[ sql ] [ SQL ] SELECT * FROM `yuan_asset` WHERE  `asset_issuer` = 'GCGHXLCUHGGUDEFGUDB7OD3KB74PQUS5ZYIJJLCFZCMXODP4RAXTLPPO' LIMIT 1 [ RunTime:0.000383s ]
[ sql ] [ SQL ] SHOW COLUMNS FROM `yuan_gateway` [ RunTime:0.000750s ]
[ sql ] [ SQL ] SELECT * FROM `yuan_gateway` WHERE  `gateway_id` = 6 LIMIT 1 [ RunTime:0.000334s ]
[ sql ] [ SQL ] SELECT * FROM `yuan_asset` WHERE  `gateway_id` = 6 [ RunTime:0.000255s ]

---------------------------------------------------------------
[ 2018-01-20T08:47:49+08:00 ] 172.31.232.156 163.179.32.72 GET /index/asset/getIssuerAmount/code/SNL/issuer/GCGHXLCUHGGUDEFGUDB7OD3KB74PQUS5ZYIJJLCFZCMXODP4RAXTLPPO
[ log ] wallet.2100w.cn/index/asset/getIssuerAmount/code/SNL/issuer/GCGHXLCUHGGUDEFGUDB7OD3KB74PQUS5ZYIJJLCFZCMXODP4RAXTLPPO [运行时间：0.034402s][吞吐率：29.07req/s] [内存消耗：3,500.41kb] [文件加载：51]
[ info ] [ LANG ] /home/www/snb_wallet/thinkphp/lang/zh-cn.php
[ info ] [ LANG ] /home/www/snb_wallet/public/../application/lang/zh-cn.php
[ info ] [ ROUTE ] array (
  'type' => 'module',
  'module' => 
  array (
    0 => 'index',
    1 => 'asset',
    2 => 'getIssuerAmount',
  ),
)
[ info ] [ HEADER ] array (
  'host' => 'wallet.2100w.cn',
  'connection' => 'keep-alive',
  'accept' => '*/*',
  'x-requested-with' => 'XMLHttpRequest',
  'user-agent' => 'Mozilla/5.0 (Windows NT 6.1; WOW64) AppleWebKit/537.36 (KHTML, like Gecko) Chrome/63.0.3239.132 Safari/537.36',
  'referer' => 'http://wallet.2100w.cn/gateway',
  'accept-encoding' => 'gzip, deflate',
  'accept-language' => 'zh-CN,zh;q=0.9',
  'cookie' => 'CCKF_visitor_id_129208=965317510; _ga=GA1.2.1046958118.1502787237; think_var=zh-cn; PHPSESSID=dpqpf7ncta5qo9d3ff66fnme43',
  'content-type' => '',
  'content-length' => '',
)
[ info ] [ PARAM ] array (
  'code' => 'SNL',
  'issuer' => 'GCGHXLCUHGGUDEFGUDB7OD3KB74PQUS5ZYIJJLCFZCMXODP4RAXTLPPO',
)
[ info ] [ LANG ] /home/www/snb_wallet/public/../application/index/lang/zh-cn.php
[ info ] [ RUN ] app\index\controller\Asset->getIssuerAmount[ /home/www/snb_wallet/application/index/controller/Asset.php ]
[ info ] [ DB ] INIT mysql
[ info ] [ LOG ] INIT File
[ sql ] [ DB ] CONNECT:[ UseTime:0.000488s ] mysql:dbname=wallet;host=localhost;charset=utf8
[ sql ] [ SQL ] SHOW COLUMNS FROM `yuan_asset` [ RunTime:0.000762s ]
[ sql ] [ SQL ] SELECT * FROM `yuan_asset` WHERE  `asset_issuer` = 'GCGHXLCUHGGUDEFGUDB7OD3KB74PQUS5ZYIJJLCFZCMXODP4RAXTLPPO'  AND `asset_code` = 'SNL' LIMIT 1 [ RunTime:0.000392s ]

---------------------------------------------------------------
[ 2018-01-20T08:47:50+08:00 ] 172.31.232.156 163.179.32.72 GET /exchange
[ log ] wallet.2100w.cn/exchange [运行时间：0.043791s][吞吐率：22.84req/s] [内存消耗：4,144.27kb] [文件加载：60]
[ info ] [ LANG ] /home/www/snb_wallet/thinkphp/lang/zh-cn.php
[ info ] [ LANG ] /home/www/snb_wallet/public/../application/lang/zh-cn.php
[ info ] [ ROUTE ] array (
  'type' => 'module',
  'module' => 
  array (
    0 => 'index',
    1 => 'exchange',
    2 => 'index',
  ),
  'convert' => false,
)
[ info ] [ HEADER ] array (
  'host' => 'wallet.2100w.cn',
  'connection' => 'keep-alive',
  'upgrade-insecure-requests' => '1',
  'user-agent' => 'Mozilla/5.0 (Windows NT 6.1; WOW64) AppleWebKit/537.36 (KHTML, like Gecko) Chrome/63.0.3239.132 Safari/537.36',
  'accept' => 'text/html,application/xhtml+xml,application/xml;q=0.9,image/webp,image/apng,*/*;q=0.8',
  'referer' => 'http://wallet.2100w.cn/gateway',
  'accept-encoding' => 'gzip, deflate',
  'accept-language' => 'zh-CN,zh;q=0.9',
  'cookie' => 'CCKF_visitor_id_129208=965317510; _ga=GA1.2.1046958118.1502787237; think_var=zh-cn; PHPSESSID=dpqpf7ncta5qo9d3ff66fnme43',
  'content-type' => '',
  'content-length' => '',
)
[ info ] [ PARAM ] array (
)
[ info ] [ LANG ] /home/www/snb_wallet/public/../application/index/lang/zh-cn.php
[ info ] [ RUN ] app\index\controller\Exchange->index[ /home/www/snb_wallet/application/index/controller/Exchange.php ]
[ info ] [ SESSION ] INIT array (
  'id' => '',
  'var_session_id' => '',
  'prefix' => 'think',
  'type' => '',
  'auto_start' => true,
)
[ info ] [ DB ] INIT mysql
[ info ] [ VIEW ] /home/www/snb_wallet/public/../application/index/view/exchange/Index.html [ array (
  0 => 'dir',
  1 => 'gateway',
  2 => 'allExchange',
  3 => 'page',
) ]
[ info ] [ LOG ] INIT File
[ sql ] [ DB ] CONNECT:[ UseTime:0.000390s ] mysql:dbname=wallet;host=localhost;charset=utf8
[ sql ] [ SQL ] SHOW COLUMNS FROM `yuan_gateway` [ RunTime:0.000736s ]
[ sql ] [ SQL ] SELECT * FROM `yuan_gateway` WHERE  `gateway_status` = 2 [ RunTime:0.000371s ]
[ sql ] [ SQL ] SHOW COLUMNS FROM `yuan_asset` [ RunTime:0.000496s ]
[ sql ] [ SQL ] SELECT * FROM `yuan_asset` WHERE  `gateway_id` = 6  AND `asset_issuer` = 'GBTTTIS53XG3UX2UEXJQDPCITTEDQYBVXJ5MLN4QQTRRFMX45ZJTBIN6' [ RunTime:0.000326s ]
[ sql ] [ SQL ] SHOW COLUMNS FROM `yuan_exchange_record` [ RunTime:0.001163s ]
[ sql ] [ SQL ] SELECT COUNT(*) AS tp_count FROM `yuan_exchange_record` WHERE  ( `user_account_obj` = 'GBCP6E4BPBFZS3WXDBDPTB7XXWKQ7STHP6J3NUQSQEVCTQEP5LKRLBZS' OR `user_account_src` = 'GBCP6E4BPBFZS3WXDBDPTB7XXWKQ7STHP6J3NUQSQEVCTQEP5LKRLBZS' OR `user_account` = 'GBCP6E4BPBFZS3WXDBDPTB7XXWKQ7STHP6J3NUQSQEVCTQEP5LKRLBZS' ) LIMIT 1 [ RunTime:0.000564s ]
[ sql ] [ SQL ] SELECT * FROM `yuan_exchange_record` WHERE  ( `user_account_obj` = 'GBCP6E4BPBFZS3WXDBDPTB7XXWKQ7STHP6J3NUQSQEVCTQEP5LKRLBZS' OR `user_account_src` = 'GBCP6E4BPBFZS3WXDBDPTB7XXWKQ7STHP6J3NUQSQEVCTQEP5LKRLBZS' OR `user_account` = 'GBCP6E4BPBFZS3WXDBDPTB7XXWKQ7STHP6J3NUQSQEVCTQEP5LKRLBZS' ) ORDER BY record_datetime desc LIMIT 0,8 [ RunTime:0.000379s ]
[ sql ] [ SQL ] SELECT * FROM `yuan_asset` WHERE  `asset_id` = 16 LIMIT 1 [ RunTime:0.000273s ]

---------------------------------------------------------------
[ 2018-01-20T08:47:52+08:00 ] 172.31.232.156 163.179.32.72 POST /index/gateway/alldata
[ log ] wallet.2100w.cn/index/gateway/alldata [运行时间：0.035254s][吞吐率：28.37req/s] [内存消耗：3,716.94kb] [文件加载：52]
[ info ] [ LANG ] /home/www/snb_wallet/thinkphp/lang/zh-cn.php
[ info ] [ LANG ] /home/www/snb_wallet/public/../application/lang/zh-cn.php
[ info ] [ ROUTE ] array (
  'type' => 'module',
  'module' => 
  array (
    0 => 'index',
    1 => 'gateway',
    2 => 'alldata',
  ),
)
[ info ] [ HEADER ] array (
  'host' => 'wallet.2100w.cn',
  'connection' => 'keep-alive',
  'content-length' => '109',
  'accept' => '*/*',
  'origin' => 'http://wallet.2100w.cn',
  'x-requested-with' => 'XMLHttpRequest',
  'user-agent' => 'Mozilla/5.0 (Windows NT 6.1; WOW64) AppleWebKit/537.36 (KHTML, like Gecko) Chrome/63.0.3239.132 Safari/537.36',
  'content-type' => 'application/x-www-form-urlencoded; charset=UTF-8',
  'referer' => 'http://wallet.2100w.cn/exchange',
  'accept-encoding' => 'gzip, deflate',
  'accept-language' => 'zh-CN,zh;q=0.9',
  'cookie' => 'CCKF_visitor_id_129208=965317510; _ga=GA1.2.1046958118.1502787237; think_var=zh-cn; PHPSESSID=dpqpf7ncta5qo9d3ff66fnme43',
)
[ info ] [ PARAM ] array (
  'issuer' => 
  array (
    0 => 'GCMSVCVBPUR4KAIPLLGN4YX3CCTDWOYOJ6H2M3TNYJJ77LH2IBFO75DU',
  ),
  'asset' => 
  array (
    0 => 'UKC',
  ),
  'balance' => 
  array (
    0 => '0.0000000',
  ),
)
[ info ] [ LANG ] /home/www/snb_wallet/public/../application/index/lang/zh-cn.php
[ info ] [ RUN ] app\index\controller\Gateway->alldata[ /home/www/snb_wallet/application/index/controller/Gateway.php ]
[ info ] [ SESSION ] INIT array (
  'id' => '',
  'var_session_id' => '',
  'prefix' => 'think',
  'type' => '',
  'auto_start' => true,
)
[ info ] [ DB ] INIT mysql
[ info ] [ LOG ] INIT File
[ sql ] [ DB ] CONNECT:[ UseTime:0.000461s ] mysql:dbname=wallet;host=localhost;charset=utf8
[ sql ] [ SQL ] SHOW COLUMNS FROM `yuan_asset` [ RunTime:0.000717s ]
[ sql ] [ SQL ] SELECT * FROM `yuan_asset` WHERE  `asset_issuer` = 'GCMSVCVBPUR4KAIPLLGN4YX3CCTDWOYOJ6H2M3TNYJJ77LH2IBFO75DU'  AND `asset_code` = 'UKC' LIMIT 1 [ RunTime:0.000276s ]

---------------------------------------------------------------
[ 2018-01-20T08:47:54+08:00 ] 172.31.232.156 163.179.32.72 GET /transaction
[ log ] wallet.2100w.cn/transaction [运行时间：0.041291s][吞吐率：24.22req/s] [内存消耗：3,814.38kb] [文件加载：53]
[ info ] [ LANG ] /home/www/snb_wallet/thinkphp/lang/zh-cn.php
[ info ] [ LANG ] /home/www/snb_wallet/public/../application/lang/zh-cn.php
[ info ] [ ROUTE ] array (
  'type' => 'module',
  'module' => 
  array (
    0 => 'index',
    1 => 'transaction',
    2 => 'index',
  ),
  'convert' => false,
)
[ info ] [ HEADER ] array (
  'host' => 'wallet.2100w.cn',
  'connection' => 'keep-alive',
  'upgrade-insecure-requests' => '1',
  'user-agent' => 'Mozilla/5.0 (Windows NT 6.1; WOW64) AppleWebKit/537.36 (KHTML, like Gecko) Chrome/63.0.3239.132 Safari/537.36',
  'accept' => 'text/html,application/xhtml+xml,application/xml;q=0.9,image/webp,image/apng,*/*;q=0.8',
  'referer' => 'http://wallet.2100w.cn/exchange',
  'accept-encoding' => 'gzip, deflate',
  'accept-language' => 'zh-CN,zh;q=0.9',
  'cookie' => 'CCKF_visitor_id_129208=965317510; _ga=GA1.2.1046958118.1502787237; think_var=zh-cn; PHPSESSID=dpqpf7ncta5qo9d3ff66fnme43',
  'content-type' => '',
  'content-length' => '',
)
[ info ] [ PARAM ] array (
)
[ info ] [ LANG ] /home/www/snb_wallet/public/../application/index/lang/zh-cn.php
[ info ] [ RUN ] app\index\controller\Transaction->index[ /home/www/snb_wallet/application/index/controller/Transaction.php ]
[ info ] [ SESSION ] INIT array (
  'id' => '',
  'var_session_id' => '',
  'prefix' => 'think',
  'type' => '',
  'auto_start' => true,
)
[ info ] [ DB ] INIT mysql
[ info ] [ VIEW ] /home/www/snb_wallet/public/../application/index/view/transaction/Index.html [ array (
  0 => 'dir',
  1 => 'gateway',
  2 => 'mygateway',
) ]
[ info ] [ LOG ] INIT File
[ sql ] [ DB ] CONNECT:[ UseTime:0.000445s ] mysql:dbname=wallet;host=localhost;charset=utf8
[ sql ] [ SQL ] SHOW COLUMNS FROM `yuan_gateway` [ RunTime:0.003270s ]
[ sql ] [ SQL ] SELECT * FROM `yuan_gateway` WHERE  `gateway_status` = 2 LIMIT 10 [ RunTime:0.000368s ]
[ sql ] [ SQL ] SHOW COLUMNS FROM `yuan_asset` [ RunTime:0.000568s ]
[ sql ] [ SQL ] SELECT * FROM `yuan_asset` WHERE  `gateway_id` = 6 [ RunTime:0.000266s ]
[ sql ] [ SQL ] SELECT * FROM `yuan_gateway` WHERE  `gateway_account` = 'GBCP6E4BPBFZS3WXDBDPTB7XXWKQ7STHP6J3NUQSQEVCTQEP5LKRLBZS' LIMIT 1 [ RunTime:0.000279s ]

---------------------------------------------------------------
[ 2018-01-20T08:47:56+08:00 ] 172.31.232.156 163.179.32.72 POST /index/transaction/convert/
[ log ] wallet.2100w.cn/index/transaction/convert/ [运行时间：0.032162s][吞吐率：31.09req/s] [内存消耗：3,798.91kb] [文件加载：53]
[ info ] [ LANG ] /home/www/snb_wallet/thinkphp/lang/zh-cn.php
[ info ] [ LANG ] /home/www/snb_wallet/public/../application/lang/zh-cn.php
[ info ] [ ROUTE ] array (
  'type' => 'module',
  'module' => 
  array (
    0 => 'index',
    1 => 'transaction',
    2 => 'convert',
  ),
)
[ info ] [ HEADER ] array (
  'host' => 'wallet.2100w.cn',
  'connection' => 'keep-alive',
  'content-length' => '113',
  'accept' => '*/*',
  'origin' => 'http://wallet.2100w.cn',
  'x-requested-with' => 'XMLHttpRequest',
  'user-agent' => 'Mozilla/5.0 (Windows NT 6.1; WOW64) AppleWebKit/537.36 (KHTML, like Gecko) Chrome/63.0.3239.132 Safari/537.36',
  'content-type' => 'application/x-www-form-urlencoded; charset=UTF-8',
  'referer' => 'http://wallet.2100w.cn/transaction',
  'accept-encoding' => 'gzip, deflate',
  'accept-language' => 'zh-CN,zh;q=0.9',
  'cookie' => 'CCKF_visitor_id_129208=965317510; _ga=GA1.2.1046958118.1502787237; think_var=zh-cn; PHPSESSID=dpqpf7ncta5qo9d3ff66fnme43',
)
[ info ] [ PARAM ] array (
  'asset' => 
  array (
    0 => 'UKC',
  ),
  'issuer' => 
  array (
    0 => 'GCMSVCVBPUR4KAIPLLGN4YX3CCTDWOYOJ6H2M3TNYJJ77LH2IBFO75DU',
  ),
  'type' => 
  array (
    0 => 'credit_alphanum4',
  ),
)
[ info ] [ LANG ] /home/www/snb_wallet/public/../application/index/lang/zh-cn.php
[ info ] [ RUN ] app\index\controller\Transaction->convert[ /home/www/snb_wallet/application/index/controller/Transaction.php ]
[ info ] [ SESSION ] INIT array (
  'id' => '',
  'var_session_id' => '',
  'prefix' => 'think',
  'type' => '',
  'auto_start' => true,
)
[ info ] [ DB ] INIT mysql
[ info ] [ LOG ] INIT File
[ sql ] [ DB ] CONNECT:[ UseTime:0.000479s ] mysql:dbname=wallet;host=localhost;charset=utf8
[ sql ] [ SQL ] SHOW COLUMNS FROM `yuan_asset` [ RunTime:0.000669s ]
[ sql ] [ SQL ] SELECT * FROM `yuan_asset` WHERE  `asset_issuer` = 'GCMSVCVBPUR4KAIPLLGN4YX3CCTDWOYOJ6H2M3TNYJJ77LH2IBFO75DU'  AND `asset_code` = 'UKC' LIMIT 1 [ RunTime:0.000273s ]
[ sql ] [ SQL ] SHOW COLUMNS FROM `yuan_gateway` [ RunTime:0.000503s ]
[ sql ] [ SQL ] SELECT * FROM `yuan_gateway` WHERE  `gateway_id` = null LIMIT 1 [ RunTime:0.000266s ]

---------------------------------------------------------------
[ 2018-01-20T08:47:56+08:00 ] 172.31.232.156 163.179.32.72 POST /index/transaction/getMyissueAsset/
[ log ] wallet.2100w.cn/index/transaction/getMyissueAsset/ [运行时间：0.044533s][吞吐率：22.46req/s] [内存消耗：3,706.17kb] [文件加载：51]
[ info ] [ LANG ] /home/www/snb_wallet/thinkphp/lang/zh-cn.php
[ info ] [ LANG ] /home/www/snb_wallet/public/../application/lang/zh-cn.php
[ info ] [ ROUTE ] array (
  'type' => 'module',
  'module' => 
  array (
    0 => 'index',
    1 => 'transaction',
    2 => 'getMyissueAsset',
  ),
)
[ info ] [ HEADER ] array (
  'host' => 'wallet.2100w.cn',
  'connection' => 'keep-alive',
  'content-length' => '63',
  'accept' => 'application/json, text/javascript, */*; q=0.01',
  'origin' => 'http://wallet.2100w.cn',
  'x-requested-with' => 'XMLHttpRequest',
  'user-agent' => 'Mozilla/5.0 (Windows NT 6.1; WOW64) AppleWebKit/537.36 (KHTML, like Gecko) Chrome/63.0.3239.132 Safari/537.36',
  'content-type' => 'application/x-www-form-urlencoded; charset=UTF-8',
  'referer' => 'http://wallet.2100w.cn/transaction',
  'accept-encoding' => 'gzip, deflate',
  'accept-language' => 'zh-CN,zh;q=0.9',
  'cookie' => 'CCKF_visitor_id_129208=965317510; _ga=GA1.2.1046958118.1502787237; think_var=zh-cn; PHPSESSID=dpqpf7ncta5qo9d3ff66fnme43',
)
[ info ] [ PARAM ] array (
  'issuer' => 'GBCP6E4BPBFZS3WXDBDPTB7XXWKQ7STHP6J3NUQSQEVCTQEP5LKRLBZS',
)
[ info ] [ LANG ] /home/www/snb_wallet/public/../application/index/lang/zh-cn.php
[ info ] [ RUN ] app\index\controller\Transaction->getMyissueAsset[ /home/www/snb_wallet/application/index/controller/Transaction.php ]
[ info ] [ SESSION ] INIT array (
  'id' => '',
  'var_session_id' => '',
  'prefix' => 'think',
  'type' => '',
  'auto_start' => true,
)
[ info ] [ DB ] INIT mysql
[ info ] [ LOG ] INIT File
[ sql ] [ DB ] CONNECT:[ UseTime:0.000367s ] mysql:dbname=wallet;host=localhost;charset=utf8
[ sql ] [ SQL ] SHOW COLUMNS FROM `yuan_asset` [ RunTime:0.000715s ]
[ sql ] [ SQL ] SELECT * FROM `yuan_asset` WHERE  `asset_issuer` = 'GBCP6E4BPBFZS3WXDBDPTB7XXWKQ7STHP6J3NUQSQEVCTQEP5LKRLBZS' [ RunTime:0.000338s ]

---------------------------------------------------------------
[ 2018-01-20T08:47:57+08:00 ] 172.31.232.156 163.179.32.72 GET /address
[ log ] wallet.2100w.cn/address [运行时间：0.038436s][吞吐率：26.02req/s] [内存消耗：3,833.42kb] [文件加载：55]
[ info ] [ LANG ] /home/www/snb_wallet/thinkphp/lang/zh-cn.php
[ info ] [ LANG ] /home/www/snb_wallet/public/../application/lang/zh-cn.php
[ info ] [ ROUTE ] array (
  'type' => 'module',
  'module' => 
  array (
    0 => 'index',
    1 => 'address',
    2 => 'index',
  ),
  'convert' => false,
)
[ info ] [ HEADER ] array (
  'host' => 'wallet.2100w.cn',
  'connection' => 'keep-alive',
  'upgrade-insecure-requests' => '1',
  'user-agent' => 'Mozilla/5.0 (Windows NT 6.1; WOW64) AppleWebKit/537.36 (KHTML, like Gecko) Chrome/63.0.3239.132 Safari/537.36',
  'accept' => 'text/html,application/xhtml+xml,application/xml;q=0.9,image/webp,image/apng,*/*;q=0.8',
  'referer' => 'http://wallet.2100w.cn/transaction',
  'accept-encoding' => 'gzip, deflate',
  'accept-language' => 'zh-CN,zh;q=0.9',
  'cookie' => 'CCKF_visitor_id_129208=965317510; _ga=GA1.2.1046958118.1502787237; think_var=zh-cn; PHPSESSID=dpqpf7ncta5qo9d3ff66fnme43',
  'content-type' => '',
  'content-length' => '',
)
[ info ] [ PARAM ] array (
)
[ info ] [ LANG ] /home/www/snb_wallet/public/../application/index/lang/zh-cn.php
[ info ] [ RUN ] app\index\controller\Address->index[ /home/www/snb_wallet/application/index/controller/Address.php ]
[ info ] [ SESSION ] INIT array (
  'id' => '',
  'var_session_id' => '',
  'prefix' => 'think',
  'type' => '',
  'auto_start' => true,
)
[ info ] [ DB ] INIT mysql
[ info ] [ VIEW ] /home/www/snb_wallet/public/../application/index/view/address/Index.html [ array (
  0 => 'dir',
  1 => 'address',
  2 => 'page',
) ]
[ info ] [ LOG ] INIT File
[ sql ] [ DB ] CONNECT:[ UseTime:0.000426s ] mysql:dbname=wallet;host=localhost;charset=utf8
[ sql ] [ SQL ] SHOW COLUMNS FROM `yuan_address` [ RunTime:0.001431s ]
[ sql ] [ SQL ] SELECT COUNT(*) AS tp_count FROM `yuan_address` WHERE  `user_id` = 60 LIMIT 1 [ RunTime:0.000632s ]
[ sql ] [ SQL ] SELECT * FROM `yuan_address` WHERE  `user_id` = 60 LIMIT 0,7 [ RunTime:0.000283s ]

---------------------------------------------------------------
[ 2018-01-20T08:48:00+08:00 ] 172.31.232.156 163.179.32.72 GET /member
[ log ] wallet.2100w.cn/member [运行时间：0.021655s][吞吐率：46.18req/s] [内存消耗：2,358.52kb] [文件加载：43]
[ info ] [ LANG ] /home/www/snb_wallet/thinkphp/lang/zh-cn.php
[ info ] [ LANG ] /home/www/snb_wallet/public/../application/lang/zh-cn.php
[ info ] [ ROUTE ] array (
  'type' => 'module',
  'module' => 
  array (
    0 => 'index',
    1 => 'member',
    2 => 'index',
  ),
  'convert' => false,
)
[ info ] [ HEADER ] array (
  'host' => 'wallet.2100w.cn',
  'connection' => 'keep-alive',
  'upgrade-insecure-requests' => '1',
  'user-agent' => 'Mozilla/5.0 (Windows NT 6.1; WOW64) AppleWebKit/537.36 (KHTML, like Gecko) Chrome/63.0.3239.132 Safari/537.36',
  'accept' => 'text/html,application/xhtml+xml,application/xml;q=0.9,image/webp,image/apng,*/*;q=0.8',
  'referer' => 'http://wallet.2100w.cn/address',
  'accept-encoding' => 'gzip, deflate',
  'accept-language' => 'zh-CN,zh;q=0.9',
  'cookie' => 'CCKF_visitor_id_129208=965317510; _ga=GA1.2.1046958118.1502787237; think_var=zh-cn; PHPSESSID=dpqpf7ncta5qo9d3ff66fnme43',
  'content-type' => '',
  'content-length' => '',
)
[ info ] [ PARAM ] array (
)
[ info ] [ LANG ] /home/www/snb_wallet/public/../application/index/lang/zh-cn.php
[ info ] [ RUN ] app\index\controller\Member->index[ /home/www/snb_wallet/application/index/controller/Member.php ]
[ info ] [ SESSION ] INIT array (
  'id' => '',
  'var_session_id' => '',
  'prefix' => 'think',
  'type' => '',
  'auto_start' => true,
)
[ info ] [ VIEW ] /home/www/snb_wallet/public/../application/index/view/member/Index.html [ array (
  0 => 'dir',
) ]
[ info ] [ LOG ] INIT File

---------------------------------------------------------------
[ 2018-01-20T08:48:03+08:00 ] 172.31.232.156 163.179.32.72 GET /
[ log ] wallet.2100w.cn/ [运行时间：0.020357s][吞吐率：49.12req/s] [内存消耗：2,151.01kb] [文件加载：42]
[ info ] [ LANG ] /home/www/snb_wallet/thinkphp/lang/zh-cn.php
[ info ] [ LANG ] /home/www/snb_wallet/public/../application/lang/zh-cn.php
[ info ] [ ROUTE ] array (
  'type' => 'module',
  'module' => 
  array (
    0 => '',
    1 => NULL,
    2 => NULL,
  ),
)
[ info ] [ HEADER ] array (
  'host' => 'wallet.2100w.cn',
  'connection' => 'keep-alive',
  'upgrade-insecure-requests' => '1',
  'user-agent' => 'Mozilla/5.0 (Windows NT 6.1; WOW64) AppleWebKit/537.36 (KHTML, like Gecko) Chrome/63.0.3239.132 Safari/537.36',
  'accept' => 'text/html,application/xhtml+xml,application/xml;q=0.9,image/webp,image/apng,*/*;q=0.8',
  'referer' => 'http://wallet.2100w.cn/member',
  'accept-encoding' => 'gzip, deflate',
  'accept-language' => 'zh-CN,zh;q=0.9',
  'cookie' => 'CCKF_visitor_id_129208=965317510; _ga=GA1.2.1046958118.1502787237; think_var=zh-cn; PHPSESSID=dpqpf7ncta5qo9d3ff66fnme43',
  'content-type' => '',
  'content-length' => '',
)
[ info ] [ PARAM ] array (
)
[ info ] [ LANG ] /home/www/snb_wallet/public/../application/index/lang/zh-cn.php
[ info ] [ RUN ] app\index\controller\Index->index[ /home/www/snb_wallet/application/index/controller/Index.php ]
[ info ] [ SESSION ] INIT array (
  'id' => '',
  'var_session_id' => '',
  'prefix' => 'think',
  'type' => '',
  'auto_start' => true,
)
[ info ] [ VIEW ] /home/www/snb_wallet/public/../application/index/view/index/Index.html [ array (
  0 => 'dir',
  1 => 'title',
) ]
[ info ] [ LOG ] INIT File

---------------------------------------------------------------
[ 2018-01-20T08:48:04+08:00 ] 172.31.232.156 163.179.32.72 POST /index/gateway/alldata
[ log ] wallet.2100w.cn/index/gateway/alldata [运行时间：0.035545s][吞吐率：28.13req/s] [内存消耗：3,716.65kb] [文件加载：52]
[ info ] [ LANG ] /home/www/snb_wallet/thinkphp/lang/zh-cn.php
[ info ] [ LANG ] /home/www/snb_wallet/public/../application/lang/zh-cn.php
[ info ] [ ROUTE ] array (
  'type' => 'module',
  'module' => 
  array (
    0 => 'index',
    1 => 'gateway',
    2 => 'alldata',
  ),
)
[ info ] [ HEADER ] array (
  'host' => 'wallet.2100w.cn',
  'connection' => 'keep-alive',
  'content-length' => '109',
  'accept' => '*/*',
  'origin' => 'http://wallet.2100w.cn',
  'x-requested-with' => 'XMLHttpRequest',
  'user-agent' => 'Mozilla/5.0 (Windows NT 6.1; WOW64) AppleWebKit/537.36 (KHTML, like Gecko) Chrome/63.0.3239.132 Safari/537.36',
  'content-type' => 'application/x-www-form-urlencoded; charset=UTF-8',
  'referer' => 'http://wallet.2100w.cn/',
  'accept-encoding' => 'gzip, deflate',
  'accept-language' => 'zh-CN,zh;q=0.9',
  'cookie' => 'CCKF_visitor_id_129208=965317510; _ga=GA1.2.1046958118.1502787237; think_var=zh-cn; PHPSESSID=dpqpf7ncta5qo9d3ff66fnme43',
)
[ info ] [ PARAM ] array (
  'issuer' => 
  array (
    0 => 'GCMSVCVBPUR4KAIPLLGN4YX3CCTDWOYOJ6H2M3TNYJJ77LH2IBFO75DU',
  ),
  'asset' => 
  array (
    0 => 'UKC',
  ),
  'balance' => 
  array (
    0 => '0.0000000',
  ),
)
[ info ] [ LANG ] /home/www/snb_wallet/public/../application/index/lang/zh-cn.php
[ info ] [ RUN ] app\index\controller\Gateway->alldata[ /home/www/snb_wallet/application/index/controller/Gateway.php ]
[ info ] [ SESSION ] INIT array (
  'id' => '',
  'var_session_id' => '',
  'prefix' => 'think',
  'type' => '',
  'auto_start' => true,
)
[ info ] [ DB ] INIT mysql
[ info ] [ LOG ] INIT File
[ sql ] [ DB ] CONNECT:[ UseTime:0.000435s ] mysql:dbname=wallet;host=localhost;charset=utf8
[ sql ] [ SQL ] SHOW COLUMNS FROM `yuan_asset` [ RunTime:0.000784s ]
[ sql ] [ SQL ] SELECT * FROM `yuan_asset` WHERE  `asset_issuer` = 'GCMSVCVBPUR4KAIPLLGN4YX3CCTDWOYOJ6H2M3TNYJJ77LH2IBFO75DU'  AND `asset_code` = 'UKC' LIMIT 1 [ RunTime:0.000311s ]

---------------------------------------------------------------
[ 2018-01-20T08:48:06+08:00 ] 172.31.232.156 163.179.32.72 GET /gateway
[ log ] wallet.2100w.cn/gateway [运行时间：0.036863s][吞吐率：27.13req/s] [内存消耗：3,812.82kb] [文件加载：53]
[ info ] [ LANG ] /home/www/snb_wallet/thinkphp/lang/zh-cn.php
[ info ] [ LANG ] /home/www/snb_wallet/public/../application/lang/zh-cn.php
[ info ] [ ROUTE ] array (
  'type' => 'module',
  'module' => 
  array (
    0 => 'index',
    1 => 'gateway',
    2 => 'index',
  ),
  'convert' => false,
)
[ info ] [ HEADER ] array (
  'host' => 'wallet.2100w.cn',
  'connection' => 'keep-alive',
  'upgrade-insecure-requests' => '1',
  'user-agent' => 'Mozilla/5.0 (Windows NT 6.1; WOW64) AppleWebKit/537.36 (KHTML, like Gecko) Chrome/63.0.3239.132 Safari/537.36',
  'accept' => 'text/html,application/xhtml+xml,application/xml;q=0.9,image/webp,image/apng,*/*;q=0.8',
  'referer' => 'http://wallet.2100w.cn/',
  'accept-encoding' => 'gzip, deflate',
  'accept-language' => 'zh-CN,zh;q=0.9',
  'cookie' => 'CCKF_visitor_id_129208=965317510; _ga=GA1.2.1046958118.1502787237; think_var=zh-cn; PHPSESSID=dpqpf7ncta5qo9d3ff66fnme43',
  'content-type' => '',
  'content-length' => '',
)
[ info ] [ PARAM ] array (
)
[ info ] [ LANG ] /home/www/snb_wallet/public/../application/index/lang/zh-cn.php
[ info ] [ RUN ] app\index\controller\Gateway->index[ /home/www/snb_wallet/application/index/controller/Gateway.php ]
[ info ] [ SESSION ] INIT array (
  'id' => '',
  'var_session_id' => '',
  'prefix' => 'think',
  'type' => '',
  'auto_start' => true,
)
[ info ] [ DB ] INIT mysql
[ info ] [ VIEW ] /home/www/snb_wallet/public/../application/index/view/gateway/Index.html [ array (
  0 => 'dir',
  1 => 'gateway',
  2 => 'mygateway',
) ]
[ info ] [ LOG ] INIT File
[ sql ] [ DB ] CONNECT:[ UseTime:0.000433s ] mysql:dbname=wallet;host=localhost;charset=utf8
[ sql ] [ SQL ] SHOW COLUMNS FROM `yuan_gateway` [ RunTime:0.000761s ]
[ sql ] [ SQL ] SELECT * FROM `yuan_gateway` WHERE  `gateway_status` = 2 LIMIT 10 [ RunTime:0.000286s ]
[ sql ] [ SQL ] SHOW COLUMNS FROM `yuan_asset` [ RunTime:0.000456s ]
[ sql ] [ SQL ] SELECT * FROM `yuan_asset` WHERE  `gateway_id` = 6 [ RunTime:0.000231s ]
[ sql ] [ SQL ] SELECT * FROM `yuan_gateway` WHERE  `gateway_account` = 'GBCP6E4BPBFZS3WXDBDPTB7XXWKQ7STHP6J3NUQSQEVCTQEP5LKRLBZS' LIMIT 1 [ RunTime:0.000255s ]

---------------------------------------------------------------
[ 2018-01-20T08:48:07+08:00 ] 172.31.232.156 163.179.32.72 GET /index/gateway/data/account/GCGHXLCUHGGUDEFGUDB7OD3KB74PQUS5ZYIJJLCFZCMXODP4RAXTLPPO
[ log ] wallet.2100w.cn/index/gateway/data/account/GCGHXLCUHGGUDEFGUDB7OD3KB74PQUS5ZYIJJLCFZCMXODP4RAXTLPPO [运行时间：0.033685s][吞吐率：29.69req/s] [内存消耗：3,802.34kb] [文件加载：53]
[ info ] [ LANG ] /home/www/snb_wallet/thinkphp/lang/zh-cn.php
[ info ] [ LANG ] /home/www/snb_wallet/public/../application/lang/zh-cn.php
[ info ] [ ROUTE ] array (
  'type' => 'module',
  'module' => 
  array (
    0 => 'index',
    1 => 'gateway',
    2 => 'data',
  ),
)
[ info ] [ HEADER ] array (
  'host' => 'wallet.2100w.cn',
  'connection' => 'keep-alive',
  'accept' => '*/*',
  'x-requested-with' => 'XMLHttpRequest',
  'user-agent' => 'Mozilla/5.0 (Windows NT 6.1; WOW64) AppleWebKit/537.36 (KHTML, like Gecko) Chrome/63.0.3239.132 Safari/537.36',
  'referer' => 'http://wallet.2100w.cn/gateway',
  'accept-encoding' => 'gzip, deflate',
  'accept-language' => 'zh-CN,zh;q=0.9',
  'cookie' => 'CCKF_visitor_id_129208=965317510; _ga=GA1.2.1046958118.1502787237; think_var=zh-cn; PHPSESSID=dpqpf7ncta5qo9d3ff66fnme43',
  'content-type' => '',
  'content-length' => '',
)
[ info ] [ PARAM ] array (
  'account' => 'GCGHXLCUHGGUDEFGUDB7OD3KB74PQUS5ZYIJJLCFZCMXODP4RAXTLPPO',
)
[ info ] [ LANG ] /home/www/snb_wallet/public/../application/index/lang/zh-cn.php
[ info ] [ RUN ] app\index\controller\Gateway->data[ /home/www/snb_wallet/application/index/controller/Gateway.php ]
[ info ] [ SESSION ] INIT array (
  'id' => '',
  'var_session_id' => '',
  'prefix' => 'think',
  'type' => '',
  'auto_start' => true,
)
[ info ] [ DB ] INIT mysql
[ info ] [ LOG ] INIT File
[ sql ] [ DB ] CONNECT:[ UseTime:0.000416s ] mysql:dbname=wallet;host=localhost;charset=utf8
[ sql ] [ SQL ] SHOW COLUMNS FROM `yuan_asset` [ RunTime:0.000736s ]
[ sql ] [ SQL ] SELECT * FROM `yuan_asset` WHERE  `asset_issuer` = 'GCGHXLCUHGGUDEFGUDB7OD3KB74PQUS5ZYIJJLCFZCMXODP4RAXTLPPO' LIMIT 1 [ RunTime:0.000266s ]
[ sql ] [ SQL ] SHOW COLUMNS FROM `yuan_gateway` [ RunTime:0.000575s ]
[ sql ] [ SQL ] SELECT * FROM `yuan_gateway` WHERE  `gateway_id` = 6 LIMIT 1 [ RunTime:0.000217s ]
[ sql ] [ SQL ] SELECT * FROM `yuan_asset` WHERE  `gateway_id` = 6 [ RunTime:0.000198s ]

---------------------------------------------------------------
[ 2018-01-20T08:48:07+08:00 ] 172.31.232.156 163.179.32.72 GET /index/asset/getIssuerAmount/code/SNL/issuer/GCGHXLCUHGGUDEFGUDB7OD3KB74PQUS5ZYIJJLCFZCMXODP4RAXTLPPO
[ log ] wallet.2100w.cn/index/asset/getIssuerAmount/code/SNL/issuer/GCGHXLCUHGGUDEFGUDB7OD3KB74PQUS5ZYIJJLCFZCMXODP4RAXTLPPO [运行时间：0.032187s][吞吐率：31.07req/s] [内存消耗：3,500.41kb] [文件加载：51]
[ info ] [ LANG ] /home/www/snb_wallet/thinkphp/lang/zh-cn.php
[ info ] [ LANG ] /home/www/snb_wallet/public/../application/lang/zh-cn.php
[ info ] [ ROUTE ] array (
  'type' => 'module',
  'module' => 
  array (
    0 => 'index',
    1 => 'asset',
    2 => 'getIssuerAmount',
  ),
)
[ info ] [ HEADER ] array (
  'host' => 'wallet.2100w.cn',
  'connection' => 'keep-alive',
  'accept' => '*/*',
  'x-requested-with' => 'XMLHttpRequest',
  'user-agent' => 'Mozilla/5.0 (Windows NT 6.1; WOW64) AppleWebKit/537.36 (KHTML, like Gecko) Chrome/63.0.3239.132 Safari/537.36',
  'referer' => 'http://wallet.2100w.cn/gateway',
  'accept-encoding' => 'gzip, deflate',
  'accept-language' => 'zh-CN,zh;q=0.9',
  'cookie' => 'CCKF_visitor_id_129208=965317510; _ga=GA1.2.1046958118.1502787237; think_var=zh-cn; PHPSESSID=dpqpf7ncta5qo9d3ff66fnme43',
  'content-type' => '',
  'content-length' => '',
)
[ info ] [ PARAM ] array (
  'code' => 'SNL',
  'issuer' => 'GCGHXLCUHGGUDEFGUDB7OD3KB74PQUS5ZYIJJLCFZCMXODP4RAXTLPPO',
)
[ info ] [ LANG ] /home/www/snb_wallet/public/../application/index/lang/zh-cn.php
[ info ] [ RUN ] app\index\controller\Asset->getIssuerAmount[ /home/www/snb_wallet/application/index/controller/Asset.php ]
[ info ] [ DB ] INIT mysql
[ info ] [ LOG ] INIT File
[ sql ] [ DB ] CONNECT:[ UseTime:0.000498s ] mysql:dbname=wallet;host=localhost;charset=utf8
[ sql ] [ SQL ] SHOW COLUMNS FROM `yuan_asset` [ RunTime:0.000697s ]
[ sql ] [ SQL ] SELECT * FROM `yuan_asset` WHERE  `asset_issuer` = 'GCGHXLCUHGGUDEFGUDB7OD3KB74PQUS5ZYIJJLCFZCMXODP4RAXTLPPO'  AND `asset_code` = 'SNL' LIMIT 1 [ RunTime:0.000282s ]

---------------------------------------------------------------
[ 2018-01-20T08:48:59+08:00 ] 172.31.232.156 163.179.32.72 GET /
[ log ] wallet.2100w.cn/ [运行时间：0.020520s][吞吐率：48.73req/s] [内存消耗：2,151.02kb] [文件加载：42]
[ info ] [ LANG ] /home/www/snb_wallet/thinkphp/lang/zh-cn.php
[ info ] [ LANG ] /home/www/snb_wallet/public/../application/lang/zh-cn.php
[ info ] [ ROUTE ] array (
  'type' => 'module',
  'module' => 
  array (
    0 => '',
    1 => NULL,
    2 => NULL,
  ),
)
[ info ] [ HEADER ] array (
  'host' => 'wallet.2100w.cn',
  'connection' => 'keep-alive',
  'upgrade-insecure-requests' => '1',
  'user-agent' => 'Mozilla/5.0 (Windows NT 6.1; WOW64) AppleWebKit/537.36 (KHTML, like Gecko) Chrome/63.0.3239.132 Safari/537.36',
  'accept' => 'text/html,application/xhtml+xml,application/xml;q=0.9,image/webp,image/apng,*/*;q=0.8',
  'referer' => 'http://wallet.2100w.cn/gateway',
  'accept-encoding' => 'gzip, deflate',
  'accept-language' => 'zh-CN,zh;q=0.9',
  'cookie' => 'CCKF_visitor_id_129208=965317510; _ga=GA1.2.1046958118.1502787237; think_var=zh-cn; PHPSESSID=dpqpf7ncta5qo9d3ff66fnme43',
  'content-type' => '',
  'content-length' => '',
)
[ info ] [ PARAM ] array (
)
[ info ] [ LANG ] /home/www/snb_wallet/public/../application/index/lang/zh-cn.php
[ info ] [ RUN ] app\index\controller\Index->index[ /home/www/snb_wallet/application/index/controller/Index.php ]
[ info ] [ SESSION ] INIT array (
  'id' => '',
  'var_session_id' => '',
  'prefix' => 'think',
  'type' => '',
  'auto_start' => true,
)
[ info ] [ VIEW ] /home/www/snb_wallet/public/../application/index/view/index/Index.html [ array (
  0 => 'dir',
  1 => 'title',
) ]
[ info ] [ LOG ] INIT File

---------------------------------------------------------------
[ 2018-01-20T08:49:02+08:00 ] 172.31.232.156 163.179.32.72 POST /index/gateway/alldata
[ log ] wallet.2100w.cn/index/gateway/alldata [运行时间：0.040788s][吞吐率：24.52req/s] [内存消耗：3,716.65kb] [文件加载：52]
[ info ] [ LANG ] /home/www/snb_wallet/thinkphp/lang/zh-cn.php
[ info ] [ LANG ] /home/www/snb_wallet/public/../application/lang/zh-cn.php
[ info ] [ ROUTE ] array (
  'type' => 'module',
  'module' => 
  array (
    0 => 'index',
    1 => 'gateway',
    2 => 'alldata',
  ),
)
[ info ] [ HEADER ] array (
  'host' => 'wallet.2100w.cn',
  'connection' => 'keep-alive',
  'content-length' => '109',
  'accept' => '*/*',
  'origin' => 'http://wallet.2100w.cn',
  'x-requested-with' => 'XMLHttpRequest',
  'user-agent' => 'Mozilla/5.0 (Windows NT 6.1; WOW64) AppleWebKit/537.36 (KHTML, like Gecko) Chrome/63.0.3239.132 Safari/537.36',
  'content-type' => 'application/x-www-form-urlencoded; charset=UTF-8',
  'referer' => 'http://wallet.2100w.cn/',
  'accept-encoding' => 'gzip, deflate',
  'accept-language' => 'zh-CN,zh;q=0.9',
  'cookie' => 'CCKF_visitor_id_129208=965317510; _ga=GA1.2.1046958118.1502787237; think_var=zh-cn; PHPSESSID=dpqpf7ncta5qo9d3ff66fnme43',
)
[ info ] [ PARAM ] array (
  'issuer' => 
  array (
    0 => 'GCMSVCVBPUR4KAIPLLGN4YX3CCTDWOYOJ6H2M3TNYJJ77LH2IBFO75DU',
  ),
  'asset' => 
  array (
    0 => 'UKC',
  ),
  'balance' => 
  array (
    0 => '0.0000000',
  ),
)
[ info ] [ LANG ] /home/www/snb_wallet/public/../application/index/lang/zh-cn.php
[ info ] [ RUN ] app\index\controller\Gateway->alldata[ /home/www/snb_wallet/application/index/controller/Gateway.php ]
[ info ] [ SESSION ] INIT array (
  'id' => '',
  'var_session_id' => '',
  'prefix' => 'think',
  'type' => '',
  'auto_start' => true,
)
[ info ] [ DB ] INIT mysql
[ info ] [ LOG ] INIT File
[ sql ] [ DB ] CONNECT:[ UseTime:0.000428s ] mysql:dbname=wallet;host=localhost;charset=utf8
[ sql ] [ SQL ] SHOW COLUMNS FROM `yuan_asset` [ RunTime:0.000697s ]
[ sql ] [ SQL ] SELECT * FROM `yuan_asset` WHERE  `asset_issuer` = 'GCMSVCVBPUR4KAIPLLGN4YX3CCTDWOYOJ6H2M3TNYJJ77LH2IBFO75DU'  AND `asset_code` = 'UKC' LIMIT 1 [ RunTime:0.000310s ]

---------------------------------------------------------------
[ 2018-01-20T09:51:49+08:00 ] 172.31.232.156 77.88.5.5 GET /login
[ log ] wallet.2100w.cn/login [运行时间：0.019631s][吞吐率：50.94req/s] [内存消耗：2,341.18kb] [文件加载：40]
[ info ] [ LANG ] /home/www/snb_wallet/thinkphp/lang/zh-cn.php
[ info ] [ LANG ] /home/www/snb_wallet/public/../application/lang/zh-cn.php
[ info ] [ ROUTE ] array (
  'type' => 'module',
  'module' => 
  array (
    0 => 'user',
    1 => 'user',
    2 => 'login',
  ),
  'convert' => false,
)
[ info ] [ HEADER ] array (
  'host' => 'wallet.2100w.cn',
  'connection' => 'Keep-Alive',
  'user-agent' => 'Mozilla/5.0 (compatible; YandexBot/3.0; +http://yandex.com/bots)',
  'from' => 'support@search.yandex.ru',
  'accept-encoding' => 'gzip,deflate',
  'accept' => '*/*',
  'content-type' => '',
  'content-length' => '',
)
[ info ] [ PARAM ] array (
)
[ info ] [ RUN ] app\user\controller\User->login[ /home/www/snb_wallet/application/user/controller/User.php ]
[ info ] [ VIEW ] /home/www/snb_wallet/public/../application/user/view/user/Login.html [ array (
  0 => 'dir',
  1 => 'title',
  2 => 'error_msg',
) ]
[ info ] [ LOG ] INIT File

---------------------------------------------------------------
[ 2018-01-20T10:19:07+08:00 ] 172.31.232.156 163.179.32.72 GET /
[ log ] wallet.2100w.cn/ [运行时间：0.022999s][吞吐率：43.48req/s] [内存消耗：2,175.59kb] [文件加载：43]
[ info ] [ LANG ] /home/www/snb_wallet/thinkphp/lang/zh-cn.php
[ info ] [ LANG ] /home/www/snb_wallet/public/../application/lang/zh-cn.php
[ info ] [ ROUTE ] array (
  'type' => 'module',
  'module' => 
  array (
    0 => '',
    1 => NULL,
    2 => NULL,
  ),
)
[ info ] [ HEADER ] array (
  'host' => 'wallet.2100w.cn',
  'user-agent' => 'Mozilla/5.0 (Macintosh; Intel Mac OS X 10_13_2) AppleWebKit/537.36 (KHTML, like Gecko) Chrome/63.0.3239.132 Safari/537.36',
  'accept' => 'text/html,application/xhtml+xml,application/xml;q=0.9,image/webp,image/apng,*/*;q=0.8',
  'accept-encoding' => 'gzip, deflate',
  'accept-language' => 'zh-CN,zh;q=0.9,en;q=0.8',
  'cookie' => '_ga=GA1.2.365346836.1513654267',
  'proxy-connection' => 'keep-alive',
  'upgrade-insecure-requests' => '1',
  'x-lantern-version' => '4.4.2',
  'content-type' => '',
  'content-length' => '',
)
[ info ] [ PARAM ] array (
)
[ info ] [ LANG ] /home/www/snb_wallet/public/../application/index/lang/zh-cn.php
[ info ] [ RUN ] app\index\controller\Index->index[ /home/www/snb_wallet/application/index/controller/Index.php ]
[ info ] [ SESSION ] INIT array (
  'id' => '',
  'var_session_id' => '',
  'prefix' => 'think',
  'type' => '',
  'auto_start' => true,
)
[ info ] [ LOG ] INIT File

---------------------------------------------------------------
[ 2018-01-20T10:19:07+08:00 ] 172.31.232.156 163.179.32.72 GET /login
[ log ] wallet.2100w.cn/login [运行时间：0.020242s][吞吐率：49.40req/s] [内存消耗：2,342.46kb] [文件加载：40]
[ info ] [ LANG ] /home/www/snb_wallet/thinkphp/lang/zh-cn.php
[ info ] [ LANG ] /home/www/snb_wallet/public/../application/lang/zh-cn.php
[ info ] [ ROUTE ] array (
  'type' => 'module',
  'module' => 
  array (
    0 => 'user',
    1 => 'user',
    2 => 'login',
  ),
  'convert' => false,
)
[ info ] [ HEADER ] array (
  'host' => 'wallet.2100w.cn',
  'user-agent' => 'Mozilla/5.0 (Macintosh; Intel Mac OS X 10_13_2) AppleWebKit/537.36 (KHTML, like Gecko) Chrome/63.0.3239.132 Safari/537.36',
  'accept' => 'text/html,application/xhtml+xml,application/xml;q=0.9,image/webp,image/apng,*/*;q=0.8',
  'accept-encoding' => 'gzip, deflate',
  'accept-language' => 'zh-CN,zh;q=0.9,en;q=0.8',
  'cookie' => '_ga=GA1.2.365346836.1513654267; think_var=zh-cn; PHPSESSID=ia2lqb13chvojrl6urdcd14kl1',
  'proxy-connection' => 'keep-alive',
  'upgrade-insecure-requests' => '1',
  'x-lantern-version' => '4.4.2',
  'content-type' => '',
  'content-length' => '',
)
[ info ] [ PARAM ] array (
)
[ info ] [ RUN ] app\user\controller\User->login[ /home/www/snb_wallet/application/user/controller/User.php ]
[ info ] [ VIEW ] /home/www/snb_wallet/public/../application/user/view/user/Login.html [ array (
  0 => 'dir',
  1 => 'title',
  2 => 'error_msg',
) ]
[ info ] [ LOG ] INIT File

---------------------------------------------------------------
[ 2018-01-20T12:13:30+08:00 ] 172.31.232.156 36.250.94.154 GET /
[ log ] wallet.2100w.cn/ [运行时间：0.018140s][吞吐率：55.13req/s] [内存消耗：2,175.34kb] [文件加载：43]
[ info ] [ LANG ] /home/www/snb_wallet/thinkphp/lang/zh-cn.php
[ info ] [ LANG ] /home/www/snb_wallet/public/../application/lang/zh-cn.php
[ info ] [ ROUTE ] array (
  'type' => 'module',
  'module' => 
  array (
    0 => '',
    1 => NULL,
    2 => NULL,
  ),
)
[ info ] [ HEADER ] array (
  'host' => 'wallet.2100w.cn',
  'upgrade-insecure-requests' => '1',
  'accept' => 'text/html,application/xhtml+xml,application/xml;q=0.9,*/*;q=0.8',
  'user-agent' => 'Mozilla/5.0 (iPhone; CPU iPhone OS 11_2 like Mac OS X) AppleWebKit/604.4.7 (KHTML, like Gecko) Mobile/15C114 MicroMessenger/6.6.1 NetType/WIFI Language/zh_CN',
  'accept-language' => 'zh-cn',
  'accept-encoding' => 'gzip, deflate',
  'connection' => 'keep-alive',
  'content-type' => '',
  'content-length' => '',
)
[ info ] [ PARAM ] array (
)
[ info ] [ LANG ] /home/www/snb_wallet/public/../application/index/lang/zh-cn.php
[ info ] [ RUN ] app\index\controller\Index->index[ /home/www/snb_wallet/application/index/controller/Index.php ]
[ info ] [ SESSION ] INIT array (
  'id' => '',
  'var_session_id' => '',
  'prefix' => 'think',
  'type' => '',
  'auto_start' => true,
)
[ info ] [ LOG ] INIT File

---------------------------------------------------------------
[ 2018-01-20T12:13:30+08:00 ] 172.31.232.156 36.250.94.154 GET /login
[ log ] wallet.2100w.cn/login [运行时间：0.021584s][吞吐率：46.33req/s] [内存消耗：2,342.00kb] [文件加载：40]
[ info ] [ LANG ] /home/www/snb_wallet/thinkphp/lang/zh-cn.php
[ info ] [ LANG ] /home/www/snb_wallet/public/../application/lang/zh-cn.php
[ info ] [ ROUTE ] array (
  'type' => 'module',
  'module' => 
  array (
    0 => 'user',
    1 => 'user',
    2 => 'login',
  ),
  'convert' => false,
)
[ info ] [ HEADER ] array (
  'host' => 'wallet.2100w.cn',
  'accept' => 'text/html,application/xhtml+xml,application/xml;q=0.9,*/*;q=0.8',
  'upgrade-insecure-requests' => '1',
  'cookie' => 'PHPSESSID=it7qr2tm7j9bg761k2hkjtcp74; think_var=zh-cn',
  'user-agent' => 'Mozilla/5.0 (iPhone; CPU iPhone OS 11_2 like Mac OS X) AppleWebKit/604.4.7 (KHTML, like Gecko) Mobile/15C114 MicroMessenger/6.6.1 NetType/WIFI Language/zh_CN',
  'accept-language' => 'zh-cn',
  'accept-encoding' => 'gzip, deflate',
  'connection' => 'keep-alive',
  'content-type' => '',
  'content-length' => '',
)
[ info ] [ PARAM ] array (
)
[ info ] [ RUN ] app\user\controller\User->login[ /home/www/snb_wallet/application/user/controller/User.php ]
[ info ] [ VIEW ] /home/www/snb_wallet/public/../application/user/view/user/Login.html [ array (
  0 => 'dir',
  1 => 'title',
  2 => 'error_msg',
) ]
[ info ] [ LOG ] INIT File

---------------------------------------------------------------
[ 2018-01-20T12:13:40+08:00 ] 172.31.232.156 36.250.94.154 GET /
[ log ] wallet.2100w.cn/ [运行时间：0.029129s][吞吐率：34.33req/s] [内存消耗：2,174.80kb] [文件加载：43]
[ info ] [ LANG ] /home/www/snb_wallet/thinkphp/lang/zh-cn.php
[ info ] [ LANG ] /home/www/snb_wallet/public/../application/lang/zh-cn.php
[ info ] [ ROUTE ] array (
  'type' => 'module',
  'module' => 
  array (
    0 => '',
    1 => NULL,
    2 => NULL,
  ),
)
[ info ] [ HEADER ] array (
  'host' => 'wallet.2100w.cn',
  'accept' => 'text/html,application/xhtml+xml,application/xml;q=0.9,*/*;q=0.8',
  'upgrade-insecure-requests' => '1',
  'cookie' => 'PHPSESSID=it7qr2tm7j9bg761k2hkjtcp74; think_var=zh-cn',
  'user-agent' => 'Mozilla/5.0 (iPhone; CPU iPhone OS 11_2 like Mac OS X) AppleWebKit/604.4.7 (KHTML, like Gecko) Mobile/15C114 MicroMessenger/6.6.1 NetType/WIFI Language/zh_CN',
  'accept-language' => 'zh-cn',
  'accept-encoding' => 'gzip, deflate',
  'connection' => 'keep-alive',
  'content-type' => '',
  'content-length' => '',
)
[ info ] [ PARAM ] array (
)
[ info ] [ LANG ] /home/www/snb_wallet/public/../application/index/lang/zh-cn.php
[ info ] [ RUN ] app\index\controller\Index->index[ /home/www/snb_wallet/application/index/controller/Index.php ]
[ info ] [ SESSION ] INIT array (
  'id' => '',
  'var_session_id' => '',
  'prefix' => 'think',
  'type' => '',
  'auto_start' => true,
)
[ info ] [ LOG ] INIT File

---------------------------------------------------------------
[ 2018-01-20T12:13:40+08:00 ] 172.31.232.156 36.250.94.154 GET /login
[ log ] wallet.2100w.cn/login [运行时间：0.031546s][吞吐率：31.70req/s] [内存消耗：2,342.00kb] [文件加载：40]
[ info ] [ LANG ] /home/www/snb_wallet/thinkphp/lang/zh-cn.php
[ info ] [ LANG ] /home/www/snb_wallet/public/../application/lang/zh-cn.php
[ info ] [ ROUTE ] array (
  'type' => 'module',
  'module' => 
  array (
    0 => 'user',
    1 => 'user',
    2 => 'login',
  ),
  'convert' => false,
)
[ info ] [ HEADER ] array (
  'host' => 'wallet.2100w.cn',
  'accept' => 'text/html,application/xhtml+xml,application/xml;q=0.9,*/*;q=0.8',
  'upgrade-insecure-requests' => '1',
  'cookie' => 'PHPSESSID=it7qr2tm7j9bg761k2hkjtcp74; think_var=zh-cn',
  'user-agent' => 'Mozilla/5.0 (iPhone; CPU iPhone OS 11_2 like Mac OS X) AppleWebKit/604.4.7 (KHTML, like Gecko) Mobile/15C114 MicroMessenger/6.6.1 NetType/WIFI Language/zh_CN',
  'accept-language' => 'zh-cn',
  'accept-encoding' => 'gzip, deflate',
  'connection' => 'keep-alive',
  'content-type' => '',
  'content-length' => '',
)
[ info ] [ PARAM ] array (
)
[ info ] [ RUN ] app\user\controller\User->login[ /home/www/snb_wallet/application/user/controller/User.php ]
[ info ] [ VIEW ] /home/www/snb_wallet/public/../application/user/view/user/Login.html [ array (
  0 => 'dir',
  1 => 'title',
  2 => 'error_msg',
) ]
[ info ] [ LOG ] INIT File

---------------------------------------------------------------
[ 2018-01-20T12:29:09+08:00 ] 172.31.232.156 36.250.94.154 GET /
[ log ] wallet.2100w.cn/ [运行时间：0.020051s][吞吐率：49.87req/s] [内存消耗：2,174.80kb] [文件加载：43]
[ info ] [ LANG ] /home/www/snb_wallet/thinkphp/lang/zh-cn.php
[ info ] [ LANG ] /home/www/snb_wallet/public/../application/lang/zh-cn.php
[ info ] [ ROUTE ] array (
  'type' => 'module',
  'module' => 
  array (
    0 => '',
    1 => NULL,
    2 => NULL,
  ),
)
[ info ] [ HEADER ] array (
  'host' => 'wallet.2100w.cn',
  'accept' => 'text/html,application/xhtml+xml,application/xml;q=0.9,*/*;q=0.8',
  'upgrade-insecure-requests' => '1',
  'cookie' => 'PHPSESSID=it7qr2tm7j9bg761k2hkjtcp74; think_var=zh-cn',
  'user-agent' => 'Mozilla/5.0 (iPhone; CPU iPhone OS 11_2 like Mac OS X) AppleWebKit/604.4.7 (KHTML, like Gecko) Mobile/15C114 MicroMessenger/6.6.1 NetType/WIFI Language/zh_CN',
  'accept-language' => 'zh-cn',
  'accept-encoding' => 'gzip, deflate',
  'connection' => 'keep-alive',
  'content-type' => '',
  'content-length' => '',
)
[ info ] [ PARAM ] array (
)
[ info ] [ LANG ] /home/www/snb_wallet/public/../application/index/lang/zh-cn.php
[ info ] [ RUN ] app\index\controller\Index->index[ /home/www/snb_wallet/application/index/controller/Index.php ]
[ info ] [ SESSION ] INIT array (
  'id' => '',
  'var_session_id' => '',
  'prefix' => 'think',
  'type' => '',
  'auto_start' => true,
)
[ info ] [ LOG ] INIT File

---------------------------------------------------------------
[ 2018-01-20T12:29:10+08:00 ] 172.31.232.156 36.250.94.154 GET /login
[ log ] wallet.2100w.cn/login [运行时间：0.019846s][吞吐率：50.39req/s] [内存消耗：2,342.00kb] [文件加载：40]
[ info ] [ LANG ] /home/www/snb_wallet/thinkphp/lang/zh-cn.php
[ info ] [ LANG ] /home/www/snb_wallet/public/../application/lang/zh-cn.php
[ info ] [ ROUTE ] array (
  'type' => 'module',
  'module' => 
  array (
    0 => 'user',
    1 => 'user',
    2 => 'login',
  ),
  'convert' => false,
)
[ info ] [ HEADER ] array (
  'host' => 'wallet.2100w.cn',
  'accept' => 'text/html,application/xhtml+xml,application/xml;q=0.9,*/*;q=0.8',
  'upgrade-insecure-requests' => '1',
  'cookie' => 'PHPSESSID=it7qr2tm7j9bg761k2hkjtcp74; think_var=zh-cn',
  'user-agent' => 'Mozilla/5.0 (iPhone; CPU iPhone OS 11_2 like Mac OS X) AppleWebKit/604.4.7 (KHTML, like Gecko) Mobile/15C114 MicroMessenger/6.6.1 NetType/WIFI Language/zh_CN',
  'accept-language' => 'zh-cn',
  'accept-encoding' => 'gzip, deflate',
  'connection' => 'keep-alive',
  'content-type' => '',
  'content-length' => '',
)
[ info ] [ PARAM ] array (
)
[ info ] [ RUN ] app\user\controller\User->login[ /home/www/snb_wallet/application/user/controller/User.php ]
[ info ] [ VIEW ] /home/www/snb_wallet/public/../application/user/view/user/Login.html [ array (
  0 => 'dir',
  1 => 'title',
  2 => 'error_msg',
) ]
[ info ] [ LOG ] INIT File

---------------------------------------------------------------
[ 2018-01-20T18:08:28+08:00 ] 172.31.232.156 106.11.157.110 GET /forgetpassword
[ log ] wallet.2100w.cn/forgetpassword [运行时间：0.020291s][吞吐率：49.28req/s] [内存消耗：2,420.47kb] [文件加载：41]
[ info ] [ LANG ] /home/www/snb_wallet/thinkphp/lang/zh-cn.php
[ info ] [ LANG ] /home/www/snb_wallet/public/../application/lang/zh-cn.php
[ info ] [ ROUTE ] array (
  'type' => 'module',
  'module' => 
  array (
    0 => 'user',
    1 => 'user',
    2 => 'forgetpassword',
  ),
  'convert' => false,
)
[ info ] [ HEADER ] array (
  'accept-language' => 'zh-cn,en-us,zh-tw,en-gb,en;',
  'host' => 'wallet.2100w.cn',
  'accept-encoding' => 'gzip',
  'accept' => '*/*',
  'connection' => 'Keep-Alive',
  'user-agent' => 'YisouSpider',
  'content-type' => '',
  'content-length' => '',
)
[ info ] [ PARAM ] array (
)
[ info ] [ RUN ] app\user\controller\User->forgetpassword[ /home/www/snb_wallet/application/user/controller/User.php ]
[ info ] [ VIEW ] /home/www/snb_wallet/public/../application/user/view/user/Forgetpassword.html [ array (
  0 => 'dir',
  1 => 'title',
) ]
[ info ] [ LOG ] INIT File

---------------------------------------------------------------
[ 2018-01-20T21:26:32+08:00 ] 172.31.232.156 111.172.31.52 GET /login?lang=zh-cn
[ log ] wallet.2100w.cn/login?lang=zh-cn [运行时间：0.021560s][吞吐率：46.38req/s] [内存消耗：2,343.70kb] [文件加载：40]
[ info ] [ LANG ] /home/www/snb_wallet/thinkphp/lang/zh-cn.php
[ info ] [ LANG ] /home/www/snb_wallet/public/../application/lang/zh-cn.php
[ info ] [ ROUTE ] array (
  'type' => 'module',
  'module' => 
  array (
    0 => 'user',
    1 => 'user',
    2 => 'login',
  ),
  'convert' => false,
)
[ info ] [ HEADER ] array (
  'host' => 'wallet.2100w.cn',
  'connection' => 'keep-alive',
  'accept' => 'text/html,application/xhtml+xml,application/xml;q=0.9,image/webp,*/*;q=0.8',
  'upgrade-insecure-requests' => '1',
  'user-agent' => 'Mozilla/5.0 (Linux; Android 5.1.1; SCL-CL00 Build/HonorSCL-CL00; wv) AppleWebKit/537.36 (KHTML, like Gecko) Version/4.0 Chrome/46.0.2490.76 Mobile Safari/537.36; 360browser(securitypay,securityinstalled); 360(android,uppayplugin); 360 Aphone Browser (2.0.6)',
  'accept-encoding' => 'gzip, deflate',
  'accept-language' => 'zh-CN,en-US;q=0.8',
  'cookie' => 'PHPSESSID=g4uplosd4ak0ludbfiir69ctq2',
  'x-requested-with' => 'com.qihoo.expressbrowser',
  'content-type' => '',
  'content-length' => '',
)
[ info ] [ PARAM ] array (
  'lang' => 'zh-cn',
)
[ info ] [ RUN ] app\user\controller\User->login[ /home/www/snb_wallet/application/user/controller/User.php ]
[ info ] [ VIEW ] /home/www/snb_wallet/public/../application/user/view/user/Login.html [ array (
  0 => 'dir',
  1 => 'title',
  2 => 'error_msg',
) ]
[ info ] [ LOG ] INIT File

---------------------------------------------------------------
[ 2018-01-20T21:27:17+08:00 ] 172.31.232.156 111.172.31.52 GET /login
[ log ] wallet.2100w.cn/login [运行时间：0.020493s][吞吐率：48.80req/s] [内存消耗：2,342.59kb] [文件加载：40]
[ info ] [ LANG ] /home/www/snb_wallet/thinkphp/lang/zh-cn.php
[ info ] [ LANG ] /home/www/snb_wallet/public/../application/lang/zh-cn.php
[ info ] [ ROUTE ] array (
  'type' => 'module',
  'module' => 
  array (
    0 => 'user',
    1 => 'user',
    2 => 'login',
  ),
  'convert' => false,
)
[ info ] [ HEADER ] array (
  'host' => 'wallet.2100w.cn',
  'connection' => 'keep-alive',
  'accept' => 'text/html,application/xhtml+xml,application/xml;q=0.9,image/webp,*/*;q=0.8',
  'upgrade-insecure-requests' => '1',
  'user-agent' => 'Mozilla/5.0 (Linux; Android 5.1.1; SCL-CL00 Build/HonorSCL-CL00; wv) AppleWebKit/537.36 (KHTML, like Gecko) Version/4.0 Chrome/46.0.2490.76 Mobile Safari/537.36; 360browser(securitypay,securityinstalled); 360(android,uppayplugin); 360 Aphone Browser (2.0.6)',
  'accept-encoding' => 'gzip, deflate',
  'accept-language' => 'zh-CN,en-US;q=0.8',
  'cookie' => 'PHPSESSID=g4uplosd4ak0ludbfiir69ctq2; think_var=zh-cn',
  'x-requested-with' => 'com.qihoo.expressbrowser',
  'content-type' => '',
  'content-length' => '',
)
[ info ] [ PARAM ] array (
)
[ info ] [ RUN ] app\user\controller\User->login[ /home/www/snb_wallet/application/user/controller/User.php ]
[ info ] [ VIEW ] /home/www/snb_wallet/public/../application/user/view/user/Login.html [ array (
  0 => 'dir',
  1 => 'title',
  2 => 'error_msg',
) ]
[ info ] [ LOG ] INIT File

---------------------------------------------------------------
[ 2018-01-20T21:29:15+08:00 ] 172.31.232.156 111.172.31.52 POST /login
[ log ] wallet.2100w.cn/login [运行时间：0.040130s][吞吐率：24.92req/s] [内存消耗：3,710.80kb] [文件加载：50]
[ info ] [ LANG ] /home/www/snb_wallet/thinkphp/lang/zh-cn.php
[ info ] [ LANG ] /home/www/snb_wallet/public/../application/lang/zh-cn.php
[ info ] [ ROUTE ] array (
  'type' => 'module',
  'module' => 
  array (
    0 => 'user',
    1 => 'user',
    2 => 'login',
  ),
  'convert' => false,
)
[ info ] [ HEADER ] array (
  'host' => 'wallet.2100w.cn',
  'connection' => 'keep-alive',
  'content-length' => '44',
  'cache-control' => 'max-age=0',
  'accept' => 'text/html,application/xhtml+xml,application/xml;q=0.9,image/webp,*/*;q=0.8',
  'origin' => 'https://wallet.2100w.cn',
  'upgrade-insecure-requests' => '1',
  'user-agent' => 'Mozilla/5.0 (Linux; Android 5.1.1; SCL-CL00 Build/HonorSCL-CL00; wv) AppleWebKit/537.36 (KHTML, like Gecko) Version/4.0 Chrome/46.0.2490.76 Mobile Safari/537.36; 360browser(securitypay,securityinstalled); 360(android,uppayplugin); 360 Aphone Browser (2.0.6)',
  'content-type' => 'application/x-www-form-urlencoded',
  'referer' => 'https://wallet.2100w.cn/login',
  'accept-encoding' => 'gzip, deflate',
  'accept-language' => 'zh-CN,en-US;q=0.8',
  'cookie' => 'PHPSESSID=g4uplosd4ak0ludbfiir69ctq2; think_var=zh-cn',
  'x-requested-with' => 'com.qihoo.expressbrowser',
)
[ info ] [ PARAM ] array (
  'email' => 'vvv372@163.com',
  'password' => 'szp2017NOW04',
)
[ info ] [ RUN ] app\user\controller\User->login[ /home/www/snb_wallet/application/user/controller/User.php ]
[ info ] [ DB ] INIT mysql
[ info ] [ SESSION ] INIT array (
  'id' => '',
  'var_session_id' => '',
  'prefix' => 'think',
  'type' => '',
  'auto_start' => true,
)
[ info ] [ LOG ] INIT File
[ sql ] [ DB ] CONNECT:[ UseTime:0.000732s ] mysql:dbname=wallet;host=localhost;charset=utf8
[ sql ] [ SQL ] SHOW COLUMNS FROM `yuan_user` [ RunTime:0.001422s ]
[ sql ] [ SQL ] SELECT `user_id`,`user_account`,`user_3des`,`user_name`,`user_setTrust` FROM `yuan_user` WHERE  `user_email` = 'vvv372@163.com' LIMIT 1 [ RunTime:0.006975s ]
[ sql ] [ SQL ] SELECT `user_pass`,`user_confirm`,`user_3des`,`user_lock` FROM `yuan_user` WHERE  `user_email` = 'vvv372@163.com' LIMIT 1 [ RunTime:0.000312s ]

---------------------------------------------------------------
[ 2018-01-20T21:29:15+08:00 ] 172.31.232.156 111.172.31.52 GET /
[ log ] wallet.2100w.cn/ [运行时间：0.022362s][吞吐率：44.72req/s] [内存消耗：2,151.62kb] [文件加载：42]
[ info ] [ LANG ] /home/www/snb_wallet/thinkphp/lang/zh-cn.php
[ info ] [ LANG ] /home/www/snb_wallet/public/../application/lang/zh-cn.php
[ info ] [ ROUTE ] array (
  'type' => 'module',
  'module' => 
  array (
    0 => '',
    1 => NULL,
    2 => NULL,
  ),
)
[ info ] [ HEADER ] array (
  'host' => 'wallet.2100w.cn',
  'connection' => 'keep-alive',
  'cache-control' => 'max-age=0',
  'accept' => 'text/html,application/xhtml+xml,application/xml;q=0.9,image/webp,*/*;q=0.8',
  'upgrade-insecure-requests' => '1',
  'user-agent' => 'Mozilla/5.0 (Linux; Android 5.1.1; SCL-CL00 Build/HonorSCL-CL00; wv) AppleWebKit/537.36 (KHTML, like Gecko) Version/4.0 Chrome/46.0.2490.76 Mobile Safari/537.36; 360browser(securitypay,securityinstalled); 360(android,uppayplugin); 360 Aphone Browser (2.0.6)',
  'referer' => 'https://wallet.2100w.cn/login',
  'accept-encoding' => 'gzip, deflate',
  'accept-language' => 'zh-CN,en-US;q=0.8',
  'cookie' => 'PHPSESSID=g4uplosd4ak0ludbfiir69ctq2; think_var=zh-cn',
  'x-requested-with' => 'com.qihoo.expressbrowser',
  'content-type' => '',
  'content-length' => '',
)
[ info ] [ PARAM ] array (
)
[ info ] [ LANG ] /home/www/snb_wallet/public/../application/index/lang/zh-cn.php
[ info ] [ RUN ] app\index\controller\Index->index[ /home/www/snb_wallet/application/index/controller/Index.php ]
[ info ] [ SESSION ] INIT array (
  'id' => '',
  'var_session_id' => '',
  'prefix' => 'think',
  'type' => '',
  'auto_start' => true,
)
[ info ] [ VIEW ] /home/www/snb_wallet/public/../application/index/view/index/Index.html [ array (
  0 => 'dir',
  1 => 'title',
) ]
[ info ] [ LOG ] INIT File

---------------------------------------------------------------
[ 2018-01-20T21:29:20+08:00 ] 172.31.232.156 111.172.31.52 POST /index/gateway/alldata
[ log ] wallet.2100w.cn/index/gateway/alldata [运行时间：0.028258s][吞吐率：35.39req/s] [内存消耗：3,637.99kb] [文件加载：51]
[ info ] [ LANG ] /home/www/snb_wallet/thinkphp/lang/zh-cn.php
[ info ] [ LANG ] /home/www/snb_wallet/public/../application/lang/zh-cn.php
[ info ] [ ROUTE ] array (
  'type' => 'module',
  'module' => 
  array (
    0 => 'index',
    1 => 'gateway',
    2 => 'alldata',
  ),
)
[ info ] [ HEADER ] array (
  'host' => 'wallet.2100w.cn',
  'connection' => 'keep-alive',
  'content-length' => '0',
  'accept' => '*/*',
  'origin' => 'https://wallet.2100w.cn',
  'x-requested-with' => 'XMLHttpRequest',
  'user-agent' => 'Mozilla/5.0 (Linux; Android 5.1.1; SCL-CL00 Build/HonorSCL-CL00; wv) AppleWebKit/537.36 (KHTML, like Gecko) Version/4.0 Chrome/46.0.2490.76 Mobile Safari/537.36; 360browser(securitypay,securityinstalled); 360(android,uppayplugin); 360 Aphone Browser (2.0.6)',
  'referer' => 'https://wallet.2100w.cn/',
  'accept-encoding' => 'gzip, deflate',
  'accept-language' => 'zh-CN,en-US;q=0.8',
  'cookie' => 'PHPSESSID=g4uplosd4ak0ludbfiir69ctq2; think_var=zh-cn',
  'content-type' => '',
)
[ info ] [ PARAM ] array (
)
[ info ] [ LANG ] /home/www/snb_wallet/public/../application/index/lang/zh-cn.php
[ info ] [ RUN ] app\index\controller\Gateway->alldata[ /home/www/snb_wallet/application/index/controller/Gateway.php ]
[ info ] [ SESSION ] INIT array (
  'id' => '',
  'var_session_id' => '',
  'prefix' => 'think',
  'type' => '',
  'auto_start' => true,
)
[ info ] [ DB ] INIT mysql
[ info ] [ LOG ] INIT File

---------------------------------------------------------------
[ 2018-01-20T21:29:31+08:00 ] 172.31.232.156 111.172.31.52 GET /gateway
[ log ] wallet.2100w.cn/gateway [运行时间：0.039182s][吞吐率：25.52req/s] [内存消耗：3,818.95kb] [文件加载：53]
[ info ] [ LANG ] /home/www/snb_wallet/thinkphp/lang/zh-cn.php
[ info ] [ LANG ] /home/www/snb_wallet/public/../application/lang/zh-cn.php
[ info ] [ ROUTE ] array (
  'type' => 'module',
  'module' => 
  array (
    0 => 'index',
    1 => 'gateway',
    2 => 'index',
  ),
  'convert' => false,
)
[ info ] [ HEADER ] array (
  'host' => 'wallet.2100w.cn',
  'connection' => 'keep-alive',
  'accept' => 'text/html,application/xhtml+xml,application/xml;q=0.9,image/webp,*/*;q=0.8',
  'upgrade-insecure-requests' => '1',
  'user-agent' => 'Mozilla/5.0 (Linux; Android 5.1.1; SCL-CL00 Build/HonorSCL-CL00; wv) AppleWebKit/537.36 (KHTML, like Gecko) Version/4.0 Chrome/46.0.2490.76 Mobile Safari/537.36; 360browser(securitypay,securityinstalled); 360(android,uppayplugin); 360 Aphone Browser (2.0.6)',
  'referer' => 'https://wallet.2100w.cn/',
  'accept-encoding' => 'gzip, deflate',
  'accept-language' => 'zh-CN,en-US;q=0.8',
  'cookie' => 'PHPSESSID=g4uplosd4ak0ludbfiir69ctq2; think_var=zh-cn',
  'x-requested-with' => 'com.qihoo.expressbrowser',
  'content-type' => '',
  'content-length' => '',
)
[ info ] [ PARAM ] array (
)
[ info ] [ LANG ] /home/www/snb_wallet/public/../application/index/lang/zh-cn.php
[ info ] [ RUN ] app\index\controller\Gateway->index[ /home/www/snb_wallet/application/index/controller/Gateway.php ]
[ info ] [ SESSION ] INIT array (
  'id' => '',
  'var_session_id' => '',
  'prefix' => 'think',
  'type' => '',
  'auto_start' => true,
)
[ info ] [ DB ] INIT mysql
[ info ] [ VIEW ] /home/www/snb_wallet/public/../application/index/view/gateway/Index.html [ array (
  0 => 'dir',
  1 => 'gateway',
  2 => 'mygateway',
) ]
[ info ] [ LOG ] INIT File
[ sql ] [ DB ] CONNECT:[ UseTime:0.000430s ] mysql:dbname=wallet;host=localhost;charset=utf8
[ sql ] [ SQL ] SHOW COLUMNS FROM `yuan_gateway` [ RunTime:0.001562s ]
[ sql ] [ SQL ] SELECT * FROM `yuan_gateway` WHERE  `gateway_status` = 2 LIMIT 10 [ RunTime:0.001394s ]
[ sql ] [ SQL ] SHOW COLUMNS FROM `yuan_asset` [ RunTime:0.001120s ]
[ sql ] [ SQL ] SELECT * FROM `yuan_asset` WHERE  `gateway_id` = 6 [ RunTime:0.000494s ]
[ sql ] [ SQL ] SELECT * FROM `yuan_gateway` WHERE  `gateway_account` = 'GAAYLWOUOQSP7Q5JMQ3MP547RRWPHNZ7C7EE27UJ3HPSAXMKYLTDNC56' LIMIT 1 [ RunTime:0.000346s ]

---------------------------------------------------------------
[ 2018-01-20T21:29:35+08:00 ] 172.31.232.156 111.172.31.52 GET /index/gateway/data/account/GCGHXLCUHGGUDEFGUDB7OD3KB74PQUS5ZYIJJLCFZCMXODP4RAXTLPPO
[ log ] wallet.2100w.cn/index/gateway/data/account/GCGHXLCUHGGUDEFGUDB7OD3KB74PQUS5ZYIJJLCFZCMXODP4RAXTLPPO [运行时间：0.035010s][吞吐率：28.56req/s] [内存消耗：3,802.48kb] [文件加载：53]
[ info ] [ LANG ] /home/www/snb_wallet/thinkphp/lang/zh-cn.php
[ info ] [ LANG ] /home/www/snb_wallet/public/../application/lang/zh-cn.php
[ info ] [ ROUTE ] array (
  'type' => 'module',
  'module' => 
  array (
    0 => 'index',
    1 => 'gateway',
    2 => 'data',
  ),
)
[ info ] [ HEADER ] array (
  'host' => 'wallet.2100w.cn',
  'connection' => 'keep-alive',
  'accept' => '*/*',
  'x-requested-with' => 'XMLHttpRequest',
  'user-agent' => 'Mozilla/5.0 (Linux; Android 5.1.1; SCL-CL00 Build/HonorSCL-CL00; wv) AppleWebKit/537.36 (KHTML, like Gecko) Version/4.0 Chrome/46.0.2490.76 Mobile Safari/537.36; 360browser(securitypay,securityinstalled); 360(android,uppayplugin); 360 Aphone Browser (2.0.6)',
  'referer' => 'https://wallet.2100w.cn/gateway',
  'accept-encoding' => 'gzip, deflate',
  'accept-language' => 'zh-CN,en-US;q=0.8',
  'cookie' => 'PHPSESSID=g4uplosd4ak0ludbfiir69ctq2; think_var=zh-cn',
  'content-type' => '',
  'content-length' => '',
)
[ info ] [ PARAM ] array (
  'account' => 'GCGHXLCUHGGUDEFGUDB7OD3KB74PQUS5ZYIJJLCFZCMXODP4RAXTLPPO',
)
[ info ] [ LANG ] /home/www/snb_wallet/public/../application/index/lang/zh-cn.php
[ info ] [ RUN ] app\index\controller\Gateway->data[ /home/www/snb_wallet/application/index/controller/Gateway.php ]
[ info ] [ SESSION ] INIT array (
  'id' => '',
  'var_session_id' => '',
  'prefix' => 'think',
  'type' => '',
  'auto_start' => true,
)
[ info ] [ DB ] INIT mysql
[ info ] [ LOG ] INIT File
[ sql ] [ DB ] CONNECT:[ UseTime:0.000448s ] mysql:dbname=wallet;host=localhost;charset=utf8
[ sql ] [ SQL ] SHOW COLUMNS FROM `yuan_asset` [ RunTime:0.000788s ]
[ sql ] [ SQL ] SELECT * FROM `yuan_asset` WHERE  `asset_issuer` = 'GCGHXLCUHGGUDEFGUDB7OD3KB74PQUS5ZYIJJLCFZCMXODP4RAXTLPPO' LIMIT 1 [ RunTime:0.000374s ]
[ sql ] [ SQL ] SHOW COLUMNS FROM `yuan_gateway` [ RunTime:0.000549s ]
[ sql ] [ SQL ] SELECT * FROM `yuan_gateway` WHERE  `gateway_id` = 6 LIMIT 1 [ RunTime:0.000311s ]
[ sql ] [ SQL ] SELECT * FROM `yuan_asset` WHERE  `gateway_id` = 6 [ RunTime:0.000306s ]

---------------------------------------------------------------
[ 2018-01-20T21:29:36+08:00 ] 172.31.232.156 111.172.31.52 GET /index/asset/getIssuerAmount/code/SNL/issuer/GCGHXLCUHGGUDEFGUDB7OD3KB74PQUS5ZYIJJLCFZCMXODP4RAXTLPPO
[ log ] wallet.2100w.cn/index/asset/getIssuerAmount/code/SNL/issuer/GCGHXLCUHGGUDEFGUDB7OD3KB74PQUS5ZYIJJLCFZCMXODP4RAXTLPPO [运行时间：0.029558s][吞吐率：33.83req/s] [内存消耗：3,500.54kb] [文件加载：51]
[ info ] [ LANG ] /home/www/snb_wallet/thinkphp/lang/zh-cn.php
[ info ] [ LANG ] /home/www/snb_wallet/public/../application/lang/zh-cn.php
[ info ] [ ROUTE ] array (
  'type' => 'module',
  'module' => 
  array (
    0 => 'index',
    1 => 'asset',
    2 => 'getIssuerAmount',
  ),
)
[ info ] [ HEADER ] array (
  'host' => 'wallet.2100w.cn',
  'connection' => 'keep-alive',
  'accept' => '*/*',
  'x-requested-with' => 'XMLHttpRequest',
  'user-agent' => 'Mozilla/5.0 (Linux; Android 5.1.1; SCL-CL00 Build/HonorSCL-CL00; wv) AppleWebKit/537.36 (KHTML, like Gecko) Version/4.0 Chrome/46.0.2490.76 Mobile Safari/537.36; 360browser(securitypay,securityinstalled); 360(android,uppayplugin); 360 Aphone Browser (2.0.6)',
  'referer' => 'https://wallet.2100w.cn/gateway',
  'accept-encoding' => 'gzip, deflate',
  'accept-language' => 'zh-CN,en-US;q=0.8',
  'cookie' => 'PHPSESSID=g4uplosd4ak0ludbfiir69ctq2; think_var=zh-cn',
  'content-type' => '',
  'content-length' => '',
)
[ info ] [ PARAM ] array (
  'code' => 'SNL',
  'issuer' => 'GCGHXLCUHGGUDEFGUDB7OD3KB74PQUS5ZYIJJLCFZCMXODP4RAXTLPPO',
)
[ info ] [ LANG ] /home/www/snb_wallet/public/../application/index/lang/zh-cn.php
[ info ] [ RUN ] app\index\controller\Asset->getIssuerAmount[ /home/www/snb_wallet/application/index/controller/Asset.php ]
[ info ] [ DB ] INIT mysql
[ info ] [ LOG ] INIT File
[ sql ] [ DB ] CONNECT:[ UseTime:0.000402s ] mysql:dbname=wallet;host=localhost;charset=utf8
[ sql ] [ SQL ] SHOW COLUMNS FROM `yuan_asset` [ RunTime:0.000901s ]
[ sql ] [ SQL ] SELECT * FROM `yuan_asset` WHERE  `asset_issuer` = 'GCGHXLCUHGGUDEFGUDB7OD3KB74PQUS5ZYIJJLCFZCMXODP4RAXTLPPO'  AND `asset_code` = 'SNL' LIMIT 1 [ RunTime:0.000479s ]

---------------------------------------------------------------
[ 2018-01-20T21:31:24+08:00 ] 172.31.232.156 111.172.31.52 GET /transaction
[ log ] wallet.2100w.cn/transaction [运行时间：0.037543s][吞吐率：26.64req/s] [内存消耗：3,820.11kb] [文件加载：53]
[ info ] [ LANG ] /home/www/snb_wallet/thinkphp/lang/zh-cn.php
[ info ] [ LANG ] /home/www/snb_wallet/public/../application/lang/zh-cn.php
[ info ] [ ROUTE ] array (
  'type' => 'module',
  'module' => 
  array (
    0 => 'index',
    1 => 'transaction',
    2 => 'index',
  ),
  'convert' => false,
)
[ info ] [ HEADER ] array (
  'host' => 'wallet.2100w.cn',
  'connection' => 'keep-alive',
  'accept' => 'text/html,application/xhtml+xml,application/xml;q=0.9,image/webp,*/*;q=0.8',
  'upgrade-insecure-requests' => '1',
  'user-agent' => 'Mozilla/5.0 (Linux; Android 5.1.1; SCL-CL00 Build/HonorSCL-CL00; wv) AppleWebKit/537.36 (KHTML, like Gecko) Version/4.0 Chrome/46.0.2490.76 Mobile Safari/537.36; 360browser(securitypay,securityinstalled); 360(android,uppayplugin); 360 Aphone Browser (2.0.6)',
  'referer' => 'https://wallet.2100w.cn/gateway',
  'accept-encoding' => 'gzip, deflate',
  'accept-language' => 'zh-CN,en-US;q=0.8',
  'cookie' => 'PHPSESSID=g4uplosd4ak0ludbfiir69ctq2; think_var=zh-cn',
  'x-requested-with' => 'com.qihoo.expressbrowser',
  'content-type' => '',
  'content-length' => '',
)
[ info ] [ PARAM ] array (
)
[ info ] [ LANG ] /home/www/snb_wallet/public/../application/index/lang/zh-cn.php
[ info ] [ RUN ] app\index\controller\Transaction->index[ /home/www/snb_wallet/application/index/controller/Transaction.php ]
[ info ] [ SESSION ] INIT array (
  'id' => '',
  'var_session_id' => '',
  'prefix' => 'think',
  'type' => '',
  'auto_start' => true,
)
[ info ] [ DB ] INIT mysql
[ info ] [ VIEW ] /home/www/snb_wallet/public/../application/index/view/transaction/Index.html [ array (
  0 => 'dir',
  1 => 'gateway',
  2 => 'mygateway',
) ]
[ info ] [ LOG ] INIT File
[ sql ] [ DB ] CONNECT:[ UseTime:0.000453s ] mysql:dbname=wallet;host=localhost;charset=utf8
[ sql ] [ SQL ] SHOW COLUMNS FROM `yuan_gateway` [ RunTime:0.000782s ]
[ sql ] [ SQL ] SELECT * FROM `yuan_gateway` WHERE  `gateway_status` = 2 LIMIT 10 [ RunTime:0.000330s ]
[ sql ] [ SQL ] SHOW COLUMNS FROM `yuan_asset` [ RunTime:0.000562s ]
[ sql ] [ SQL ] SELECT * FROM `yuan_asset` WHERE  `gateway_id` = 6 [ RunTime:0.000221s ]
[ sql ] [ SQL ] SELECT * FROM `yuan_gateway` WHERE  `gateway_account` = 'GAAYLWOUOQSP7Q5JMQ3MP547RRWPHNZ7C7EE27UJ3HPSAXMKYLTDNC56' LIMIT 1 [ RunTime:0.000238s ]

---------------------------------------------------------------
[ 2018-01-20T21:31:28+08:00 ] 172.31.232.156 111.172.31.52 POST /index/transaction/convert/
[ log ] wallet.2100w.cn/index/transaction/convert/ [运行时间：0.028172s][吞吐率：35.50req/s] [内存消耗：3,640.85kb] [文件加载：51]
[ info ] [ LANG ] /home/www/snb_wallet/thinkphp/lang/zh-cn.php
[ info ] [ LANG ] /home/www/snb_wallet/public/../application/lang/zh-cn.php
[ info ] [ ROUTE ] array (
  'type' => 'module',
  'module' => 
  array (
    0 => 'index',
    1 => 'transaction',
    2 => 'convert',
  ),
)
[ info ] [ HEADER ] array (
  'host' => 'wallet.2100w.cn',
  'connection' => 'keep-alive',
  'content-length' => '0',
  'accept' => '*/*',
  'origin' => 'https://wallet.2100w.cn',
  'x-requested-with' => 'XMLHttpRequest',
  'user-agent' => 'Mozilla/5.0 (Linux; Android 5.1.1; SCL-CL00 Build/HonorSCL-CL00; wv) AppleWebKit/537.36 (KHTML, like Gecko) Version/4.0 Chrome/46.0.2490.76 Mobile Safari/537.36; 360browser(securitypay,securityinstalled); 360(android,uppayplugin); 360 Aphone Browser (2.0.6)',
  'referer' => 'https://wallet.2100w.cn/transaction',
  'accept-encoding' => 'gzip, deflate',
  'accept-language' => 'zh-CN,en-US;q=0.8',
  'cookie' => 'PHPSESSID=g4uplosd4ak0ludbfiir69ctq2; think_var=zh-cn',
  'content-type' => '',
)
[ info ] [ PARAM ] array (
)
[ info ] [ LANG ] /home/www/snb_wallet/public/../application/index/lang/zh-cn.php
[ info ] [ RUN ] app\index\controller\Transaction->convert[ /home/www/snb_wallet/application/index/controller/Transaction.php ]
[ info ] [ SESSION ] INIT array (
  'id' => '',
  'var_session_id' => '',
  'prefix' => 'think',
  'type' => '',
  'auto_start' => true,
)
[ info ] [ DB ] INIT mysql
[ info ] [ LOG ] INIT File

---------------------------------------------------------------
[ 2018-01-20T21:31:28+08:00 ] 172.31.232.156 111.172.31.52 POST /index/transaction/getMyissueAsset/
[ log ] wallet.2100w.cn/index/transaction/getMyissueAsset/ [运行时间：0.031733s][吞吐率：31.51req/s] [内存消耗：3,706.15kb] [文件加载：51]
[ info ] [ LANG ] /home/www/snb_wallet/thinkphp/lang/zh-cn.php
[ info ] [ LANG ] /home/www/snb_wallet/public/../application/lang/zh-cn.php
[ info ] [ ROUTE ] array (
  'type' => 'module',
  'module' => 
  array (
    0 => 'index',
    1 => 'transaction',
    2 => 'getMyissueAsset',
  ),
)
[ info ] [ HEADER ] array (
  'host' => 'wallet.2100w.cn',
  'connection' => 'keep-alive',
  'content-length' => '63',
  'accept' => 'application/json, text/javascript, */*; q=0.01',
  'origin' => 'https://wallet.2100w.cn',
  'x-requested-with' => 'XMLHttpRequest',
  'user-agent' => 'Mozilla/5.0 (Linux; Android 5.1.1; SCL-CL00 Build/HonorSCL-CL00; wv) AppleWebKit/537.36 (KHTML, like Gecko) Version/4.0 Chrome/46.0.2490.76 Mobile Safari/537.36; 360browser(securitypay,securityinstalled); 360(android,uppayplugin); 360 Aphone Browser (2.0.6)',
  'content-type' => 'application/x-www-form-urlencoded; charset=UTF-8',
  'referer' => 'https://wallet.2100w.cn/transaction',
  'accept-encoding' => 'gzip, deflate',
  'accept-language' => 'zh-CN,en-US;q=0.8',
  'cookie' => 'PHPSESSID=g4uplosd4ak0ludbfiir69ctq2; think_var=zh-cn',
)
[ info ] [ PARAM ] array (
  'issuer' => 'GAAYLWOUOQSP7Q5JMQ3MP547RRWPHNZ7C7EE27UJ3HPSAXMKYLTDNC56',
)
[ info ] [ LANG ] /home/www/snb_wallet/public/../application/index/lang/zh-cn.php
[ info ] [ RUN ] app\index\controller\Transaction->getMyissueAsset[ /home/www/snb_wallet/application/index/controller/Transaction.php ]
[ info ] [ SESSION ] INIT array (
  'id' => '',
  'var_session_id' => '',
  'prefix' => 'think',
  'type' => '',
  'auto_start' => true,
)
[ info ] [ DB ] INIT mysql
[ info ] [ LOG ] INIT File
[ sql ] [ DB ] CONNECT:[ UseTime:0.000415s ] mysql:dbname=wallet;host=localhost;charset=utf8
[ sql ] [ SQL ] SHOW COLUMNS FROM `yuan_asset` [ RunTime:0.000750s ]
[ sql ] [ SQL ] SELECT * FROM `yuan_asset` WHERE  `asset_issuer` = 'GAAYLWOUOQSP7Q5JMQ3MP547RRWPHNZ7C7EE27UJ3HPSAXMKYLTDNC56' [ RunTime:0.000353s ]

---------------------------------------------------------------
[ 2018-01-20T21:31:44+08:00 ] 172.31.232.156 111.172.31.52 GET /member
[ log ] wallet.2100w.cn/member [运行时间：0.021269s][吞吐率：47.02req/s] [内存消耗：2,359.21kb] [文件加载：43]
[ info ] [ LANG ] /home/www/snb_wallet/thinkphp/lang/zh-cn.php
[ info ] [ LANG ] /home/www/snb_wallet/public/../application/lang/zh-cn.php
[ info ] [ ROUTE ] array (
  'type' => 'module',
  'module' => 
  array (
    0 => 'index',
    1 => 'member',
    2 => 'index',
  ),
  'convert' => false,
)
[ info ] [ HEADER ] array (
  'host' => 'wallet.2100w.cn',
  'connection' => 'keep-alive',
  'accept' => 'text/html,application/xhtml+xml,application/xml;q=0.9,image/webp,*/*;q=0.8',
  'upgrade-insecure-requests' => '1',
  'user-agent' => 'Mozilla/5.0 (Linux; Android 5.1.1; SCL-CL00 Build/HonorSCL-CL00; wv) AppleWebKit/537.36 (KHTML, like Gecko) Version/4.0 Chrome/46.0.2490.76 Mobile Safari/537.36; 360browser(securitypay,securityinstalled); 360(android,uppayplugin); 360 Aphone Browser (2.0.6)',
  'referer' => 'https://wallet.2100w.cn/transaction',
  'accept-encoding' => 'gzip, deflate',
  'accept-language' => 'zh-CN,en-US;q=0.8',
  'cookie' => 'PHPSESSID=g4uplosd4ak0ludbfiir69ctq2; think_var=zh-cn',
  'x-requested-with' => 'com.qihoo.expressbrowser',
  'content-type' => '',
  'content-length' => '',
)
[ info ] [ PARAM ] array (
)
[ info ] [ LANG ] /home/www/snb_wallet/public/../application/index/lang/zh-cn.php
[ info ] [ RUN ] app\index\controller\Member->index[ /home/www/snb_wallet/application/index/controller/Member.php ]
[ info ] [ SESSION ] INIT array (
  'id' => '',
  'var_session_id' => '',
  'prefix' => 'think',
  'type' => '',
  'auto_start' => true,
)
[ info ] [ VIEW ] /home/www/snb_wallet/public/../application/index/view/member/Index.html [ array (
  0 => 'dir',
) ]
[ info ] [ LOG ] INIT File

---------------------------------------------------------------
