[ 2018-01-30T00:39:31+08:00 ] 172.31.232.156 42.236.48.113 GET /login?lang=ko
[ log ] wallet.2100w.cn/login?lang=ko [运行时间：0.020339s][吞吐率：49.17req/s] [内存消耗：2,333.29kb] [文件加载：39]
[ info ] [ LANG ] /home/www/snb_wallet/public/../application/lang/ko.php
[ info ] [ ROUTE ] array (
  'type' => 'module',
  'module' => 
  array (
    0 => 'user',
    1 => 'user',
    2 => 'login',
  ),
  'convert' => false,
)
[ info ] [ HEADER ] array (
  'host' => 'wallet.2100w.cn',
  'accept-encoding' => 'deflate, gzip',
  'referer' => 'http://wallet.2100w.cn/login?lang=ko',
  'cookie' => '',
  'accept' => '*/*',
  'accept-language' => 'zh-CN',
  'connection' => 'Keep-Alive',
  'user-agent' => 'Mozilla/5.0 (Windows NT 6.1; WOW64) AppleWebKit/537.36 (KHTML, like Gecko) Chrome/50.0.2661.102 Safari/537.36; 360Spider',
  'content-type' => '',
  'content-length' => '',
)
[ info ] [ PARAM ] array (
  'lang' => 'ko',
)
[ info ] [ RUN ] app\user\controller\User->login[ /home/www/snb_wallet/application/user/controller/User.php ]
[ info ] [ VIEW ] /home/www/snb_wallet/public/../application/user/view/user/Login.html [ array (
  0 => 'dir',
  1 => 'title',
  2 => 'error_msg',
) ]
[ info ] [ LOG ] INIT File

---------------------------------------------------------------
[ 2018-01-30T00:39:32+08:00 ] 172.31.232.156 42.236.10.77 GET /login?lang=zh-hk
[ log ] wallet.2100w.cn/login?lang=zh-hk [运行时间：0.020263s][吞吐率：49.35req/s] [内存消耗：2,333.57kb] [文件加载：39]
[ info ] [ LANG ] /home/www/snb_wallet/public/../application/lang/zh-hk.php
[ info ] [ ROUTE ] array (
  'type' => 'module',
  'module' => 
  array (
    0 => 'user',
    1 => 'user',
    2 => 'login',
  ),
  'convert' => false,
)
[ info ] [ HEADER ] array (
  'host' => 'wallet.2100w.cn',
  'accept-encoding' => 'deflate, gzip',
  'referer' => 'http://wallet.2100w.cn/login?lang=zh-hk',
  'cookie' => '',
  'accept' => '*/*',
  'accept-language' => 'zh-CN',
  'connection' => 'Keep-Alive',
  'user-agent' => 'Mozilla/5.0 (Windows NT 6.1; WOW64) AppleWebKit/537.36 (KHTML, like Gecko) Chrome/50.4.2661.102 Safari/537.36; 360Spider',
  'content-type' => '',
  'content-length' => '',
)
[ info ] [ PARAM ] array (
  'lang' => 'zh-hk',
)
[ info ] [ RUN ] app\user\controller\User->login[ /home/www/snb_wallet/application/user/controller/User.php ]
[ info ] [ VIEW ] /home/www/snb_wallet/public/../application/user/view/user/Login.html [ array (
  0 => 'dir',
  1 => 'title',
  2 => 'error_msg',
) ]
[ info ] [ LOG ] INIT File

---------------------------------------------------------------
[ 2018-01-30T00:39:32+08:00 ] 172.31.232.156 42.236.49.219 GET /?lang=ru
[ log ] wallet.2100w.cn/?lang=ru [运行时间：0.018521s][吞吐率：53.99req/s] [内存消耗：2,163.00kb] [文件加载：41]
[ info ] [ LANG ] /home/www/snb_wallet/public/../application/lang/ru.php
[ info ] [ ROUTE ] array (
  'type' => 'module',
  'module' => 
  array (
    0 => '',
    1 => NULL,
    2 => NULL,
  ),
)
[ info ] [ HEADER ] array (
  'host' => 'wallet.2100w.cn',
  'accept-encoding' => 'deflate, gzip',
  'referer' => 'http://wallet.2100w.cn/?lang=ru',
  'cookie' => '',
  'accept' => '*/*',
  'accept-language' => 'zh-CN',
  'connection' => 'Keep-Alive',
  'user-agent' => 'Mozilla/5.0 (Windows NT 6.1; WOW64) AppleWebKit/537.36 (KHTML, like Gecko) Chrome/50.0.2661.102 Safari/537.36; 360Spider',
  'content-type' => '',
  'content-length' => '',
)
[ info ] [ PARAM ] array (
  'lang' => 'ru',
)
[ info ] [ RUN ] app\index\controller\Index->index[ /home/www/snb_wallet/application/index/controller/Index.php ]
[ info ] [ SESSION ] INIT array (
  'id' => '',
  'var_session_id' => '',
  'prefix' => 'think',
  'type' => '',
  'auto_start' => true,
)
[ info ] [ LOG ] INIT File

---------------------------------------------------------------
[ 2018-01-30T00:39:32+08:00 ] 172.31.232.156 42.236.49.118 GET /?lang=de
[ log ] wallet.2100w.cn/?lang=de [运行时间：0.017665s][吞吐率：56.61req/s] [内存消耗：2,163.01kb] [文件加载：41]
[ info ] [ LANG ] /home/www/snb_wallet/public/../application/lang/de.php
[ info ] [ ROUTE ] array (
  'type' => 'module',
  'module' => 
  array (
    0 => '',
    1 => NULL,
    2 => NULL,
  ),
)
[ info ] [ HEADER ] array (
  'host' => 'wallet.2100w.cn',
  'accept-encoding' => 'deflate, gzip',
  'referer' => 'http://wallet.2100w.cn/?lang=de',
  'cookie' => '',
  'accept' => '*/*',
  'accept-language' => 'zh-CN',
  'connection' => 'Keep-Alive',
  'user-agent' => 'Mozilla/5.0 (Windows NT 6.1; WOW64) AppleWebKit/537.36 (KHTML, like Gecko) Chrome/50.0.2661.102 Safari/537.36; 360Spider',
  'content-type' => '',
  'content-length' => '',
)
[ info ] [ PARAM ] array (
  'lang' => 'de',
)
[ info ] [ RUN ] app\index\controller\Index->index[ /home/www/snb_wallet/application/index/controller/Index.php ]
[ info ] [ SESSION ] INIT array (
  'id' => '',
  'var_session_id' => '',
  'prefix' => 'think',
  'type' => '',
  'auto_start' => true,
)
[ info ] [ LOG ] INIT File

---------------------------------------------------------------
[ 2018-01-30T00:39:32+08:00 ] 172.31.232.156 42.236.49.219 GET /login
[ log ] wallet.2100w.cn/login [运行时间：0.020960s][吞吐率：47.71req/s] [内存消耗：2,332.41kb] [文件加载：39]
[ info ] [ LANG ] /home/www/snb_wallet/public/../application/lang/ru.php
[ info ] [ ROUTE ] array (
  'type' => 'module',
  'module' => 
  array (
    0 => 'user',
    1 => 'user',
    2 => 'login',
  ),
  'convert' => false,
)
[ info ] [ HEADER ] array (
  'host' => 'wallet.2100w.cn',
  'accept-encoding' => 'deflate, gzip',
  'referer' => 'http://wallet.2100w.cn/login',
  'cookie' => 'PHPSESSID=iiifog34rjqq1r87la009ig847; think_var=ru;',
  'accept' => '*/*',
  'accept-language' => 'zh-CN',
  'connection' => 'Keep-Alive',
  'user-agent' => 'Mozilla/5.0 (Windows NT 6.1; WOW64) AppleWebKit/537.36 (KHTML, like Gecko) Chrome/50.0.2661.102 Safari/537.36; 360Spider',
  'content-type' => '',
  'content-length' => '',
)
[ info ] [ PARAM ] array (
)
[ info ] [ RUN ] app\user\controller\User->login[ /home/www/snb_wallet/application/user/controller/User.php ]
[ info ] [ VIEW ] /home/www/snb_wallet/public/../application/user/view/user/Login.html [ array (
  0 => 'dir',
  1 => 'title',
  2 => 'error_msg',
) ]
[ info ] [ LOG ] INIT File

---------------------------------------------------------------
[ 2018-01-30T00:39:32+08:00 ] 172.31.232.156 42.236.39.171 GET /login?lang=ru
[ log ] wallet.2100w.cn/login?lang=ru [运行时间：0.018891s][吞吐率：52.93req/s] [内存消耗：2,333.37kb] [文件加载：39]
[ info ] [ LANG ] /home/www/snb_wallet/public/../application/lang/ru.php
[ info ] [ ROUTE ] array (
  'type' => 'module',
  'module' => 
  array (
    0 => 'user',
    1 => 'user',
    2 => 'login',
  ),
  'convert' => false,
)
[ info ] [ HEADER ] array (
  'host' => 'wallet.2100w.cn',
  'accept-encoding' => 'deflate, gzip',
  'referer' => 'http://wallet.2100w.cn/login?lang=ru',
  'cookie' => '',
  'accept' => '*/*',
  'accept-language' => 'zh-CN',
  'connection' => 'Keep-Alive',
  'user-agent' => 'Mozilla/5.0 (Windows NT 6.1; WOW64) AppleWebKit/537.36 (KHTML, like Gecko) Chrome/50.0.2661.102 Safari/537.36; 360Spider',
  'content-type' => '',
  'content-length' => '',
)
[ info ] [ PARAM ] array (
  'lang' => 'ru',
)
[ info ] [ RUN ] app\user\controller\User->login[ /home/www/snb_wallet/application/user/controller/User.php ]
[ info ] [ VIEW ] /home/www/snb_wallet/public/../application/user/view/user/Login.html [ array (
  0 => 'dir',
  1 => 'title',
  2 => 'error_msg',
) ]
[ info ] [ LOG ] INIT File

---------------------------------------------------------------
[ 2018-01-30T00:39:32+08:00 ] 172.31.232.156 42.236.50.72 GET /?lang=zh-hk
[ log ] wallet.2100w.cn/?lang=zh-hk [运行时间：0.018386s][吞吐率：54.39req/s] [内存消耗：2,163.04kb] [文件加载：41]
[ info ] [ LANG ] /home/www/snb_wallet/public/../application/lang/zh-hk.php
[ info ] [ ROUTE ] array (
  'type' => 'module',
  'module' => 
  array (
    0 => '',
    1 => NULL,
    2 => NULL,
  ),
)
[ info ] [ HEADER ] array (
  'host' => 'wallet.2100w.cn',
  'accept-encoding' => 'deflate, gzip',
  'referer' => 'http://wallet.2100w.cn/?lang=zh-hk',
  'cookie' => '',
  'accept' => '*/*',
  'accept-language' => 'zh-CN',
  'connection' => 'Keep-Alive',
  'user-agent' => 'Mozilla/5.0 (Windows NT 6.1; WOW64) AppleWebKit/537.36 (KHTML, like Gecko) Chrome/50.0.2661.102 Safari/537.36; 360Spider',
  'content-type' => '',
  'content-length' => '',
)
[ info ] [ PARAM ] array (
  'lang' => 'zh-hk',
)
[ info ] [ RUN ] app\index\controller\Index->index[ /home/www/snb_wallet/application/index/controller/Index.php ]
[ info ] [ SESSION ] INIT array (
  'id' => '',
  'var_session_id' => '',
  'prefix' => 'think',
  'type' => '',
  'auto_start' => true,
)
[ info ] [ LOG ] INIT File

---------------------------------------------------------------
[ 2018-01-30T00:39:32+08:00 ] 172.31.232.156 42.236.49.118 GET /login
[ log ] wallet.2100w.cn/login [运行时间：0.019175s][吞吐率：52.15req/s] [内存消耗：2,332.46kb] [文件加载：39]
[ info ] [ LANG ] /home/www/snb_wallet/public/../application/lang/de.php
[ info ] [ ROUTE ] array (
  'type' => 'module',
  'module' => 
  array (
    0 => 'user',
    1 => 'user',
    2 => 'login',
  ),
  'convert' => false,
)
[ info ] [ HEADER ] array (
  'host' => 'wallet.2100w.cn',
  'accept-encoding' => 'deflate, gzip',
  'referer' => 'http://wallet.2100w.cn/login',
  'cookie' => 'PHPSESSID=gttjci9201eq53kr9v0urk5272; think_var=de;',
  'accept' => '*/*',
  'accept-language' => 'zh-CN',
  'connection' => 'Keep-Alive',
  'user-agent' => 'Mozilla/5.0 (Windows NT 6.1; WOW64) AppleWebKit/537.36 (KHTML, like Gecko) Chrome/50.0.2661.102 Safari/537.36; 360Spider',
  'content-type' => '',
  'content-length' => '',
)
[ info ] [ PARAM ] array (
)
[ info ] [ RUN ] app\user\controller\User->login[ /home/www/snb_wallet/application/user/controller/User.php ]
[ info ] [ VIEW ] /home/www/snb_wallet/public/../application/user/view/user/Login.html [ array (
  0 => 'dir',
  1 => 'title',
  2 => 'error_msg',
) ]
[ info ] [ LOG ] INIT File

---------------------------------------------------------------
[ 2018-01-30T00:39:32+08:00 ] 172.31.232.156 42.236.10.107 GET /login?lang=de
[ log ] wallet.2100w.cn/login?lang=de [运行时间：0.018820s][吞吐率：53.13req/s] [内存消耗：2,333.23kb] [文件加载：39]
[ info ] [ LANG ] /home/www/snb_wallet/public/../application/lang/de.php
[ info ] [ ROUTE ] array (
  'type' => 'module',
  'module' => 
  array (
    0 => 'user',
    1 => 'user',
    2 => 'login',
  ),
  'convert' => false,
)
[ info ] [ HEADER ] array (
  'host' => 'wallet.2100w.cn',
  'accept-encoding' => 'deflate, gzip',
  'referer' => 'http://wallet.2100w.cn/login?lang=de',
  'cookie' => '',
  'accept' => '*/*',
  'accept-language' => 'zh-CN',
  'connection' => 'Keep-Alive',
  'user-agent' => 'Mozilla/5.0 (Windows NT 6.1; WOW64) AppleWebKit/537.36 (KHTML, like Gecko) Chrome/50.4.2661.102 Safari/537.36; 360Spider',
  'content-type' => '',
  'content-length' => '',
)
[ info ] [ PARAM ] array (
  'lang' => 'de',
)
[ info ] [ RUN ] app\user\controller\User->login[ /home/www/snb_wallet/application/user/controller/User.php ]
[ info ] [ VIEW ] /home/www/snb_wallet/public/../application/user/view/user/Login.html [ array (
  0 => 'dir',
  1 => 'title',
  2 => 'error_msg',
) ]
[ info ] [ LOG ] INIT File

---------------------------------------------------------------
[ 2018-01-30T00:39:32+08:00 ] 172.31.232.156 42.236.50.72 GET /login
[ log ] wallet.2100w.cn/login [运行时间：0.018896s][吞吐率：52.92req/s] [内存消耗：2,332.33kb] [文件加载：39]
[ info ] [ LANG ] /home/www/snb_wallet/public/../application/lang/zh-hk.php
[ info ] [ ROUTE ] array (
  'type' => 'module',
  'module' => 
  array (
    0 => 'user',
    1 => 'user',
    2 => 'login',
  ),
  'convert' => false,
)
[ info ] [ HEADER ] array (
  'host' => 'wallet.2100w.cn',
  'accept-encoding' => 'deflate, gzip',
  'referer' => 'http://wallet.2100w.cn/login',
  'cookie' => 'PHPSESSID=89jmv5fuidclrf6a1nkparlhd0; think_var=zh-hk;',
  'accept' => '*/*',
  'accept-language' => 'zh-CN',
  'connection' => 'Keep-Alive',
  'user-agent' => 'Mozilla/5.0 (Windows NT 6.1; WOW64) AppleWebKit/537.36 (KHTML, like Gecko) Chrome/50.0.2661.102 Safari/537.36; 360Spider',
  'content-type' => '',
  'content-length' => '',
)
[ info ] [ PARAM ] array (
)
[ info ] [ RUN ] app\user\controller\User->login[ /home/www/snb_wallet/application/user/controller/User.php ]
[ info ] [ VIEW ] /home/www/snb_wallet/public/../application/user/view/user/Login.html [ array (
  0 => 'dir',
  1 => 'title',
  2 => 'error_msg',
) ]
[ info ] [ LOG ] INIT File

---------------------------------------------------------------
[ 2018-01-30T00:39:32+08:00 ] 172.31.232.156 42.236.10.102 GET /forgetpassword
[ log ] wallet.2100w.cn/forgetpassword [运行时间：0.019471s][吞吐率：51.36req/s] [内存消耗：2,421.07kb] [文件加载：41]
[ info ] [ LANG ] /home/www/snb_wallet/thinkphp/lang/zh-cn.php
[ info ] [ LANG ] /home/www/snb_wallet/public/../application/lang/zh-cn.php
[ info ] [ ROUTE ] array (
  'type' => 'module',
  'module' => 
  array (
    0 => 'user',
    1 => 'user',
    2 => 'forgetpassword',
  ),
  'convert' => false,
)
[ info ] [ HEADER ] array (
  'host' => 'wallet.2100w.cn',
  'accept-encoding' => 'deflate, gzip',
  'referer' => 'http://wallet.2100w.cn/forgetpassword',
  'cookie' => '',
  'accept' => '*/*',
  'accept-language' => 'zh-CN',
  'connection' => 'Keep-Alive',
  'user-agent' => 'Mozilla/5.0 (Windows NT 6.1; WOW64) AppleWebKit/537.36 (KHTML, like Gecko) Chrome/50.4.2661.102 Safari/537.36; 360Spider',
  'content-type' => '',
  'content-length' => '',
)
[ info ] [ PARAM ] array (
)
[ info ] [ RUN ] app\user\controller\User->forgetpassword[ /home/www/snb_wallet/application/user/controller/User.php ]
[ info ] [ VIEW ] /home/www/snb_wallet/public/../application/user/view/user/Forgetpassword.html [ array (
  0 => 'dir',
  1 => 'title',
) ]
[ info ] [ LOG ] INIT File

---------------------------------------------------------------
[ 2018-01-30T00:39:32+08:00 ] 172.31.232.156 42.236.50.79 GET /login?lang=zh-cn
[ log ] wallet.2100w.cn/login?lang=zh-cn [运行时间：0.020921s][吞吐率：47.80req/s] [内存消耗：2,342.98kb] [文件加载：40]
[ info ] [ LANG ] /home/www/snb_wallet/thinkphp/lang/zh-cn.php
[ info ] [ LANG ] /home/www/snb_wallet/public/../application/lang/zh-cn.php
[ info ] [ ROUTE ] array (
  'type' => 'module',
  'module' => 
  array (
    0 => 'user',
    1 => 'user',
    2 => 'login',
  ),
  'convert' => false,
)
[ info ] [ HEADER ] array (
  'host' => 'wallet.2100w.cn',
  'accept-encoding' => 'deflate, gzip',
  'referer' => 'http://wallet.2100w.cn/login?lang=zh-cn',
  'cookie' => '',
  'accept' => '*/*',
  'accept-language' => 'zh-CN',
  'connection' => 'Keep-Alive',
  'user-agent' => 'Mozilla/5.0 (Windows NT 6.1; WOW64) AppleWebKit/537.36 (KHTML, like Gecko) Chrome/50.0.2661.102 Safari/537.36; 360Spider',
  'content-type' => '',
  'content-length' => '',
)
[ info ] [ PARAM ] array (
  'lang' => 'zh-cn',
)
[ info ] [ RUN ] app\user\controller\User->login[ /home/www/snb_wallet/application/user/controller/User.php ]
[ info ] [ VIEW ] /home/www/snb_wallet/public/../application/user/view/user/Login.html [ array (
  0 => 'dir',
  1 => 'title',
  2 => 'error_msg',
) ]
[ info ] [ LOG ] INIT File

---------------------------------------------------------------
[ 2018-01-30T00:39:32+08:00 ] 172.31.232.156 42.236.39.149 GET /?lang=th
[ log ] wallet.2100w.cn/?lang=th [运行时间：0.017756s][吞吐率：56.32req/s] [内存消耗：2,163.04kb] [文件加载：41]
[ info ] [ LANG ] /home/www/snb_wallet/public/../application/lang/th.php
[ info ] [ ROUTE ] array (
  'type' => 'module',
  'module' => 
  array (
    0 => '',
    1 => NULL,
    2 => NULL,
  ),
)
[ info ] [ HEADER ] array (
  'host' => 'wallet.2100w.cn',
  'accept-encoding' => 'deflate, gzip',
  'referer' => 'http://wallet.2100w.cn/?lang=th',
  'cookie' => '',
  'accept' => '*/*',
  'accept-language' => 'zh-CN',
  'connection' => 'Keep-Alive',
  'user-agent' => 'Mozilla/5.0 (Windows NT 6.1; WOW64) AppleWebKit/537.36 (KHTML, like Gecko) Chrome/50.0.2661.102 Safari/537.36; 360Spider',
  'content-type' => '',
  'content-length' => '',
)
[ info ] [ PARAM ] array (
  'lang' => 'th',
)
[ info ] [ RUN ] app\index\controller\Index->index[ /home/www/snb_wallet/application/index/controller/Index.php ]
[ info ] [ SESSION ] INIT array (
  'id' => '',
  'var_session_id' => '',
  'prefix' => 'think',
  'type' => '',
  'auto_start' => true,
)
[ info ] [ LOG ] INIT File

---------------------------------------------------------------
[ 2018-01-30T00:39:32+08:00 ] 172.31.232.156 42.236.48.247 GET /?lang=fr
[ log ] wallet.2100w.cn/?lang=fr [运行时间：0.018626s][吞吐率：53.69req/s] [内存消耗：2,163.16kb] [文件加载：41]
[ info ] [ LANG ] /home/www/snb_wallet/public/../application/lang/fr.php
[ info ] [ ROUTE ] array (
  'type' => 'module',
  'module' => 
  array (
    0 => '',
    1 => NULL,
    2 => NULL,
  ),
)
[ info ] [ HEADER ] array (
  'host' => 'wallet.2100w.cn',
  'accept-encoding' => 'deflate, gzip',
  'referer' => 'http://wallet.2100w.cn/?lang=fr',
  'cookie' => '',
  'accept' => '*/*',
  'accept-language' => 'zh-CN',
  'connection' => 'Keep-Alive',
  'user-agent' => 'Mozilla/5.0 (Windows NT 6.1; WOW64) AppleWebKit/537.36 (KHTML, like Gecko) Chrome/50.0.2661.102 Safari/537.36; 360Spider',
  'content-type' => '',
  'content-length' => '',
)
[ info ] [ PARAM ] array (
  'lang' => 'fr',
)
[ info ] [ RUN ] app\index\controller\Index->index[ /home/www/snb_wallet/application/index/controller/Index.php ]
[ info ] [ SESSION ] INIT array (
  'id' => '',
  'var_session_id' => '',
  'prefix' => 'think',
  'type' => '',
  'auto_start' => true,
)
[ info ] [ LOG ] INIT File

---------------------------------------------------------------
[ 2018-01-30T00:39:32+08:00 ] 172.31.232.156 42.236.39.149 GET /login
[ log ] wallet.2100w.cn/login [运行时间：0.021968s][吞吐率：45.52req/s] [内存消耗：2,332.53kb] [文件加载：39]
[ info ] [ LANG ] /home/www/snb_wallet/public/../application/lang/th.php
[ info ] [ ROUTE ] array (
  'type' => 'module',
  'module' => 
  array (
    0 => 'user',
    1 => 'user',
    2 => 'login',
  ),
  'convert' => false,
)
[ info ] [ HEADER ] array (
  'host' => 'wallet.2100w.cn',
  'accept-encoding' => 'deflate, gzip',
  'referer' => 'http://wallet.2100w.cn/login',
  'cookie' => 'PHPSESSID=eviviec695ia1n111tri6itq82; think_var=th;',
  'accept' => '*/*',
  'accept-language' => 'zh-CN',
  'connection' => 'Keep-Alive',
  'user-agent' => 'Mozilla/5.0 (Windows NT 6.1; WOW64) AppleWebKit/537.36 (KHTML, like Gecko) Chrome/50.0.2661.102 Safari/537.36; 360Spider',
  'content-type' => '',
  'content-length' => '',
)
[ info ] [ PARAM ] array (
)
[ info ] [ RUN ] app\user\controller\User->login[ /home/www/snb_wallet/application/user/controller/User.php ]
[ info ] [ VIEW ] /home/www/snb_wallet/public/../application/user/view/user/Login.html [ array (
  0 => 'dir',
  1 => 'title',
  2 => 'error_msg',
) ]
[ info ] [ LOG ] INIT File

---------------------------------------------------------------
[ 2018-01-30T00:39:32+08:00 ] 172.31.232.156 42.236.48.247 GET /login
[ log ] wallet.2100w.cn/login [运行时间：0.018710s][吞吐率：53.45req/s] [内存消耗：2,332.46kb] [文件加载：39]
[ info ] [ LANG ] /home/www/snb_wallet/public/../application/lang/fr.php
[ info ] [ ROUTE ] array (
  'type' => 'module',
  'module' => 
  array (
    0 => 'user',
    1 => 'user',
    2 => 'login',
  ),
  'convert' => false,
)
[ info ] [ HEADER ] array (
  'host' => 'wallet.2100w.cn',
  'accept-encoding' => 'deflate, gzip',
  'referer' => 'http://wallet.2100w.cn/login',
  'cookie' => 'PHPSESSID=9kb1ksinsuievi1b2asellsh25; think_var=fr;',
  'accept' => '*/*',
  'accept-language' => 'zh-CN',
  'connection' => 'Keep-Alive',
  'user-agent' => 'Mozilla/5.0 (Windows NT 6.1; WOW64) AppleWebKit/537.36 (KHTML, like Gecko) Chrome/50.0.2661.102 Safari/537.36; 360Spider',
  'content-type' => '',
  'content-length' => '',
)
[ info ] [ PARAM ] array (
)
[ info ] [ RUN ] app\user\controller\User->login[ /home/www/snb_wallet/application/user/controller/User.php ]
[ info ] [ VIEW ] /home/www/snb_wallet/public/../application/user/view/user/Login.html [ array (
  0 => 'dir',
  1 => 'title',
  2 => 'error_msg',
) ]
[ info ] [ LOG ] INIT File

---------------------------------------------------------------
[ 2018-01-30T00:39:32+08:00 ] 172.31.232.156 42.236.10.102 GET /login?lang=fr
[ log ] wallet.2100w.cn/login?lang=fr [运行时间：0.019064s][吞吐率：52.46req/s] [内存消耗：2,333.42kb] [文件加载：39]
[ info ] [ LANG ] /home/www/snb_wallet/public/../application/lang/fr.php
[ info ] [ ROUTE ] array (
  'type' => 'module',
  'module' => 
  array (
    0 => 'user',
    1 => 'user',
    2 => 'login',
  ),
  'convert' => false,
)
[ info ] [ HEADER ] array (
  'host' => 'wallet.2100w.cn',
  'accept-encoding' => 'deflate, gzip',
  'referer' => 'http://wallet.2100w.cn/login?lang=fr',
  'cookie' => '',
  'accept' => '*/*',
  'accept-language' => 'zh-CN',
  'connection' => 'Keep-Alive',
  'user-agent' => 'Mozilla/5.0 (Windows NT 6.1; WOW64) AppleWebKit/537.36 (KHTML, like Gecko) Chrome/50.4.2661.102 Safari/537.36; 360Spider',
  'content-type' => '',
  'content-length' => '',
)
[ info ] [ PARAM ] array (
  'lang' => 'fr',
)
[ info ] [ RUN ] app\user\controller\User->login[ /home/www/snb_wallet/application/user/controller/User.php ]
[ info ] [ VIEW ] /home/www/snb_wallet/public/../application/user/view/user/Login.html [ array (
  0 => 'dir',
  1 => 'title',
  2 => 'error_msg',
) ]
[ info ] [ LOG ] INIT File

---------------------------------------------------------------
[ 2018-01-30T00:39:32+08:00 ] 172.31.232.156 42.236.49.29 GET /?lang=ja
[ log ] wallet.2100w.cn/?lang=ja [运行时间：0.020008s][吞吐率：49.98req/s] [内存消耗：2,162.98kb] [文件加载：41]
[ info ] [ LANG ] /home/www/snb_wallet/public/../application/lang/ja.php
[ info ] [ ROUTE ] array (
  'type' => 'module',
  'module' => 
  array (
    0 => '',
    1 => NULL,
    2 => NULL,
  ),
)
[ info ] [ HEADER ] array (
  'host' => 'wallet.2100w.cn',
  'accept-encoding' => 'deflate, gzip',
  'referer' => 'http://wallet.2100w.cn/?lang=ja',
  'cookie' => '',
  'accept' => '*/*',
  'accept-language' => 'zh-CN',
  'connection' => 'Keep-Alive',
  'user-agent' => 'Mozilla/5.0 (Windows NT 6.1; WOW64) AppleWebKit/537.36 (KHTML, like Gecko) Chrome/50.0.2661.102 Safari/537.36; 360Spider',
  'content-type' => '',
  'content-length' => '',
)
[ info ] [ PARAM ] array (
  'lang' => 'ja',
)
[ info ] [ RUN ] app\index\controller\Index->index[ /home/www/snb_wallet/application/index/controller/Index.php ]
[ info ] [ SESSION ] INIT array (
  'id' => '',
  'var_session_id' => '',
  'prefix' => 'think',
  'type' => '',
  'auto_start' => true,
)
[ info ] [ LOG ] INIT File

---------------------------------------------------------------
[ 2018-01-30T00:39:32+08:00 ] 172.31.232.156 42.236.48.225 GET /?lang=vi
[ log ] wallet.2100w.cn/?lang=vi [运行时间：0.018082s][吞吐率：55.30req/s] [内存消耗：2,163.00kb] [文件加载：41]
[ info ] [ LANG ] /home/www/snb_wallet/public/../application/lang/vi.php
[ info ] [ ROUTE ] array (
  'type' => 'module',
  'module' => 
  array (
    0 => '',
    1 => NULL,
    2 => NULL,
  ),
)
[ info ] [ HEADER ] array (
  'host' => 'wallet.2100w.cn',
  'accept-encoding' => 'deflate, gzip',
  'referer' => 'http://wallet.2100w.cn/?lang=vi',
  'cookie' => '',
  'accept' => '*/*',
  'accept-language' => 'zh-CN',
  'connection' => 'Keep-Alive',
  'user-agent' => 'Mozilla/5.0 (Windows NT 6.1; WOW64) AppleWebKit/537.36 (KHTML, like Gecko) Chrome/50.0.2661.102 Safari/537.36; 360Spider',
  'content-type' => '',
  'content-length' => '',
)
[ info ] [ PARAM ] array (
  'lang' => 'vi',
)
[ info ] [ RUN ] app\index\controller\Index->index[ /home/www/snb_wallet/application/index/controller/Index.php ]
[ info ] [ SESSION ] INIT array (
  'id' => '',
  'var_session_id' => '',
  'prefix' => 'think',
  'type' => '',
  'auto_start' => true,
)
[ info ] [ LOG ] INIT File

---------------------------------------------------------------
[ 2018-01-30T00:39:32+08:00 ] 172.31.232.156 42.236.48.73 GET /?lang=ar
[ log ] wallet.2100w.cn/?lang=ar [运行时间：0.018073s][吞吐率：55.33req/s] [内存消耗：2,163.05kb] [文件加载：41]
[ info ] [ LANG ] /home/www/snb_wallet/public/../application/lang/ar.php
[ info ] [ ROUTE ] array (
  'type' => 'module',
  'module' => 
  array (
    0 => '',
    1 => NULL,
    2 => NULL,
  ),
)
[ info ] [ HEADER ] array (
  'host' => 'wallet.2100w.cn',
  'accept-encoding' => 'deflate, gzip',
  'referer' => 'http://wallet.2100w.cn/?lang=ar',
  'cookie' => '',
  'accept' => '*/*',
  'accept-language' => 'zh-CN',
  'connection' => 'Keep-Alive',
  'user-agent' => 'Mozilla/5.0 (Windows NT 6.1; WOW64) AppleWebKit/537.36 (KHTML, like Gecko) Chrome/50.0.2661.102 Safari/537.36; 360Spider',
  'content-type' => '',
  'content-length' => '',
)
[ info ] [ PARAM ] array (
  'lang' => 'ar',
)
[ info ] [ RUN ] app\index\controller\Index->index[ /home/www/snb_wallet/application/index/controller/Index.php ]
[ info ] [ SESSION ] INIT array (
  'id' => '',
  'var_session_id' => '',
  'prefix' => 'think',
  'type' => '',
  'auto_start' => true,
)
[ info ] [ LOG ] INIT File

---------------------------------------------------------------
[ 2018-01-30T00:39:32+08:00 ] 172.31.232.156 42.236.48.225 GET /login
[ log ] wallet.2100w.cn/login [运行时间：0.019319s][吞吐率：51.76req/s] [内存消耗：2,332.38kb] [文件加载：39]
[ info ] [ LANG ] /home/www/snb_wallet/public/../application/lang/vi.php
[ info ] [ ROUTE ] array (
  'type' => 'module',
  'module' => 
  array (
    0 => 'user',
    1 => 'user',
    2 => 'login',
  ),
  'convert' => false,
)
[ info ] [ HEADER ] array (
  'host' => 'wallet.2100w.cn',
  'accept-encoding' => 'deflate, gzip',
  'referer' => 'http://wallet.2100w.cn/login',
  'cookie' => 'PHPSESSID=id13picuior5v4vbgppuh5h7d7; think_var=vi;',
  'accept' => '*/*',
  'accept-language' => 'zh-CN',
  'connection' => 'Keep-Alive',
  'user-agent' => 'Mozilla/5.0 (Windows NT 6.1; WOW64) AppleWebKit/537.36 (KHTML, like Gecko) Chrome/50.0.2661.102 Safari/537.36; 360Spider',
  'content-type' => '',
  'content-length' => '',
)
[ info ] [ PARAM ] array (
)
[ info ] [ RUN ] app\user\controller\User->login[ /home/www/snb_wallet/application/user/controller/User.php ]
[ info ] [ VIEW ] /home/www/snb_wallet/public/../application/user/view/user/Login.html [ array (
  0 => 'dir',
  1 => 'title',
  2 => 'error_msg',
) ]
[ info ] [ LOG ] INIT File

---------------------------------------------------------------
[ 2018-01-30T00:39:32+08:00 ] 172.31.232.156 42.236.49.148 GET /?lang=en-us
[ log ] wallet.2100w.cn/?lang=en-us [运行时间：0.018712s][吞吐率：53.44req/s] [内存消耗：2,163.05kb] [文件加载：41]
[ info ] [ LANG ] /home/www/snb_wallet/public/../application/lang/en-us.php
[ info ] [ ROUTE ] array (
  'type' => 'module',
  'module' => 
  array (
    0 => '',
    1 => NULL,
    2 => NULL,
  ),
)
[ info ] [ HEADER ] array (
  'host' => 'wallet.2100w.cn',
  'accept-encoding' => 'deflate, gzip',
  'referer' => 'http://wallet.2100w.cn/?lang=en-us',
  'cookie' => '',
  'accept' => '*/*',
  'accept-language' => 'zh-CN',
  'connection' => 'Keep-Alive',
  'user-agent' => 'Mozilla/5.0 (Windows NT 6.1; WOW64) AppleWebKit/537.36 (KHTML, like Gecko) Chrome/50.0.2661.102 Safari/537.36; 360Spider',
  'content-type' => '',
  'content-length' => '',
)
[ info ] [ PARAM ] array (
  'lang' => 'en-us',
)
[ info ] [ RUN ] app\index\controller\Index->index[ /home/www/snb_wallet/application/index/controller/Index.php ]
[ info ] [ SESSION ] INIT array (
  'id' => '',
  'var_session_id' => '',
  'prefix' => 'think',
  'type' => '',
  'auto_start' => true,
)
[ info ] [ LOG ] INIT File

---------------------------------------------------------------
[ 2018-01-30T00:39:32+08:00 ] 172.31.232.156 42.236.49.29 GET /login
[ log ] wallet.2100w.cn/login [运行时间：0.019467s][吞吐率：51.37req/s] [内存消耗：2,332.51kb] [文件加载：39]
[ info ] [ LANG ] /home/www/snb_wallet/public/../application/lang/ja.php
[ info ] [ ROUTE ] array (
  'type' => 'module',
  'module' => 
  array (
    0 => 'user',
    1 => 'user',
    2 => 'login',
  ),
  'convert' => false,
)
[ info ] [ HEADER ] array (
  'host' => 'wallet.2100w.cn',
  'accept-encoding' => 'deflate, gzip',
  'referer' => 'http://wallet.2100w.cn/login',
  'cookie' => 'PHPSESSID=5qp81kbplvuh6m0095qno6ruj0; think_var=ja;',
  'accept' => '*/*',
  'accept-language' => 'zh-CN',
  'connection' => 'Keep-Alive',
  'user-agent' => 'Mozilla/5.0 (Windows NT 6.1; WOW64) AppleWebKit/537.36 (KHTML, like Gecko) Chrome/50.0.2661.102 Safari/537.36; 360Spider',
  'content-type' => '',
  'content-length' => '',
)
[ info ] [ PARAM ] array (
)
[ info ] [ RUN ] app\user\controller\User->login[ /home/www/snb_wallet/application/user/controller/User.php ]
[ info ] [ VIEW ] /home/www/snb_wallet/public/../application/user/view/user/Login.html [ array (
  0 => 'dir',
  1 => 'title',
  2 => 'error_msg',
) ]
[ info ] [ LOG ] INIT File

---------------------------------------------------------------
[ 2018-01-30T00:39:32+08:00 ] 172.31.232.156 42.236.48.73 GET /login
[ log ] wallet.2100w.cn/login [运行时间：0.019139s][吞吐率：52.25req/s] [内存消耗：2,332.54kb] [文件加载：39]
[ info ] [ LANG ] /home/www/snb_wallet/public/../application/lang/ar.php
[ info ] [ ROUTE ] array (
  'type' => 'module',
  'module' => 
  array (
    0 => 'user',
    1 => 'user',
    2 => 'login',
  ),
  'convert' => false,
)
[ info ] [ HEADER ] array (
  'host' => 'wallet.2100w.cn',
  'accept-encoding' => 'deflate, gzip',
  'referer' => 'http://wallet.2100w.cn/login',
  'cookie' => 'PHPSESSID=ujkc7es35ro9rc3j8lq7js3eb6; think_var=ar;',
  'accept' => '*/*',
  'accept-language' => 'zh-CN',
  'connection' => 'Keep-Alive',
  'user-agent' => 'Mozilla/5.0 (Windows NT 6.1; WOW64) AppleWebKit/537.36 (KHTML, like Gecko) Chrome/50.0.2661.102 Safari/537.36; 360Spider',
  'content-type' => '',
  'content-length' => '',
)
[ info ] [ PARAM ] array (
)
[ info ] [ RUN ] app\user\controller\User->login[ /home/www/snb_wallet/application/user/controller/User.php ]
[ info ] [ VIEW ] /home/www/snb_wallet/public/../application/user/view/user/Login.html [ array (
  0 => 'dir',
  1 => 'title',
  2 => 'error_msg',
) ]
[ info ] [ LOG ] INIT File

---------------------------------------------------------------
[ 2018-01-30T00:39:32+08:00 ] 172.31.232.156 42.236.10.74 GET /login?lang=th
[ log ] wallet.2100w.cn/login?lang=th [运行时间：0.021355s][吞吐率：46.83req/s] [内存消耗：2,333.28kb] [文件加载：39]
[ info ] [ LANG ] /home/www/snb_wallet/public/../application/lang/th.php
[ info ] [ ROUTE ] array (
  'type' => 'module',
  'module' => 
  array (
    0 => 'user',
    1 => 'user',
    2 => 'login',
  ),
  'convert' => false,
)
[ info ] [ HEADER ] array (
  'host' => 'wallet.2100w.cn',
  'accept-encoding' => 'deflate, gzip',
  'referer' => 'http://wallet.2100w.cn/login?lang=th',
  'cookie' => '',
  'accept' => '*/*',
  'accept-language' => 'zh-CN',
  'connection' => 'Keep-Alive',
  'user-agent' => 'Mozilla/5.0 (Windows NT 6.1; WOW64) AppleWebKit/537.36 (KHTML, like Gecko) Chrome/50.4.2661.102 Safari/537.36; 360Spider',
  'content-type' => '',
  'content-length' => '',
)
[ info ] [ PARAM ] array (
  'lang' => 'th',
)
[ info ] [ RUN ] app\user\controller\User->login[ /home/www/snb_wallet/application/user/controller/User.php ]
[ info ] [ VIEW ] /home/www/snb_wallet/public/../application/user/view/user/Login.html [ array (
  0 => 'dir',
  1 => 'title',
  2 => 'error_msg',
) ]
[ info ] [ LOG ] INIT File

---------------------------------------------------------------
[ 2018-01-30T00:39:32+08:00 ] 172.31.232.156 42.236.49.148 GET /login
[ log ] wallet.2100w.cn/login [运行时间：0.020053s][吞吐率：49.87req/s] [内存消耗：2,332.51kb] [文件加载：39]
[ info ] [ LANG ] /home/www/snb_wallet/public/../application/lang/en-us.php
[ info ] [ ROUTE ] array (
  'type' => 'module',
  'module' => 
  array (
    0 => 'user',
    1 => 'user',
    2 => 'login',
  ),
  'convert' => false,
)
[ info ] [ HEADER ] array (
  'host' => 'wallet.2100w.cn',
  'accept-encoding' => 'deflate, gzip',
  'referer' => 'http://wallet.2100w.cn/login',
  'cookie' => 'PHPSESSID=7c8f36nbggfagmcpsaqe3ke0l2; think_var=en-us;',
  'accept' => '*/*',
  'accept-language' => 'zh-CN',
  'connection' => 'Keep-Alive',
  'user-agent' => 'Mozilla/5.0 (Windows NT 6.1; WOW64) AppleWebKit/537.36 (KHTML, like Gecko) Chrome/50.0.2661.102 Safari/537.36; 360Spider',
  'content-type' => '',
  'content-length' => '',
)
[ info ] [ PARAM ] array (
)
[ info ] [ RUN ] app\user\controller\User->login[ /home/www/snb_wallet/application/user/controller/User.php ]
[ info ] [ VIEW ] /home/www/snb_wallet/public/../application/user/view/user/Login.html [ array (
  0 => 'dir',
  1 => 'title',
  2 => 'error_msg',
) ]
[ info ] [ LOG ] INIT File

---------------------------------------------------------------
[ 2018-01-30T00:39:32+08:00 ] 172.31.232.156 180.153.236.35 GET /login?lang=ja
[ log ] wallet.2100w.cn/login?lang=ja [运行时间：0.019002s][吞吐率：52.63req/s] [内存消耗：2,333.29kb] [文件加载：39]
[ info ] [ LANG ] /home/www/snb_wallet/public/../application/lang/ja.php
[ info ] [ ROUTE ] array (
  'type' => 'module',
  'module' => 
  array (
    0 => 'user',
    1 => 'user',
    2 => 'login',
  ),
  'convert' => false,
)
[ info ] [ HEADER ] array (
  'host' => 'wallet.2100w.cn',
  'accept-encoding' => 'deflate, gzip',
  'referer' => 'http://wallet.2100w.cn/login?lang=ja',
  'cookie' => '',
  'accept' => '*/*',
  'accept-language' => 'zh-CN',
  'connection' => 'Keep-Alive',
  'user-agent' => 'Mozilla/5.0 (Windows NT 6.1; WOW64) AppleWebKit/537.36 (KHTML, like Gecko) Chrome/50.2.2661.102 Safari/537.36; 360Spider',
  'content-type' => '',
  'content-length' => '',
)
[ info ] [ PARAM ] array (
  'lang' => 'ja',
)
[ info ] [ RUN ] app\user\controller\User->login[ /home/www/snb_wallet/application/user/controller/User.php ]
[ info ] [ VIEW ] /home/www/snb_wallet/public/../application/user/view/user/Login.html [ array (
  0 => 'dir',
  1 => 'title',
  2 => 'error_msg',
) ]
[ info ] [ LOG ] INIT File

---------------------------------------------------------------
[ 2018-01-30T00:39:32+08:00 ] 172.31.232.156 42.236.10.105 GET /?lang=zh-cn
[ log ] wallet.2100w.cn/?lang=zh-cn [运行时间：0.019412s][吞吐率：51.51req/s] [内存消耗：2,175.70kb] [文件加载：43]
[ info ] [ LANG ] /home/www/snb_wallet/thinkphp/lang/zh-cn.php
[ info ] [ LANG ] /home/www/snb_wallet/public/../application/lang/zh-cn.php
[ info ] [ ROUTE ] array (
  'type' => 'module',
  'module' => 
  array (
    0 => '',
    1 => NULL,
    2 => NULL,
  ),
)
[ info ] [ HEADER ] array (
  'host' => 'wallet.2100w.cn',
  'accept-encoding' => 'deflate, gzip',
  'referer' => 'http://wallet.2100w.cn/?lang=zh-cn',
  'cookie' => '',
  'accept' => '*/*',
  'accept-language' => 'zh-CN',
  'connection' => 'Keep-Alive',
  'user-agent' => 'Mozilla/5.0 (Windows NT 6.1; WOW64) AppleWebKit/537.36 (KHTML, like Gecko) Chrome/50.4.2661.102 Safari/537.36; 360Spider',
  'content-type' => '',
  'content-length' => '',
)
[ info ] [ PARAM ] array (
  'lang' => 'zh-cn',
)
[ info ] [ LANG ] /home/www/snb_wallet/public/../application/index/lang/zh-cn.php
[ info ] [ RUN ] app\index\controller\Index->index[ /home/www/snb_wallet/application/index/controller/Index.php ]
[ info ] [ SESSION ] INIT array (
  'id' => '',
  'var_session_id' => '',
  'prefix' => 'think',
  'type' => '',
  'auto_start' => true,
)
[ info ] [ LOG ] INIT File

---------------------------------------------------------------
[ 2018-01-30T00:39:32+08:00 ] 172.31.232.156 42.236.10.105 GET /login
[ log ] wallet.2100w.cn/login [运行时间：0.020512s][吞吐率：48.75req/s] [内存消耗：2,341.86kb] [文件加载：40]
[ info ] [ LANG ] /home/www/snb_wallet/thinkphp/lang/zh-cn.php
[ info ] [ LANG ] /home/www/snb_wallet/public/../application/lang/zh-cn.php
[ info ] [ ROUTE ] array (
  'type' => 'module',
  'module' => 
  array (
    0 => 'user',
    1 => 'user',
    2 => 'login',
  ),
  'convert' => false,
)
[ info ] [ HEADER ] array (
  'host' => 'wallet.2100w.cn',
  'accept-encoding' => 'deflate, gzip',
  'referer' => 'http://wallet.2100w.cn/login',
  'cookie' => 'PHPSESSID=iqkm6svnd0ddnsst8kjn5s3av7; think_var=zh-cn;',
  'accept' => '*/*',
  'accept-language' => 'zh-CN',
  'connection' => 'Keep-Alive',
  'user-agent' => 'Mozilla/5.0 (Windows NT 6.1; WOW64) AppleWebKit/537.36 (KHTML, like Gecko) Chrome/50.4.2661.102 Safari/537.36; 360Spider',
  'content-type' => '',
  'content-length' => '',
)
[ info ] [ PARAM ] array (
)
[ info ] [ RUN ] app\user\controller\User->login[ /home/www/snb_wallet/application/user/controller/User.php ]
[ info ] [ VIEW ] /home/www/snb_wallet/public/../application/user/view/user/Login.html [ array (
  0 => 'dir',
  1 => 'title',
  2 => 'error_msg',
) ]
[ info ] [ LOG ] INIT File

---------------------------------------------------------------
[ 2018-01-30T00:39:33+08:00 ] 172.31.232.156 42.236.48.111 GET /login?lang=vi
[ log ] wallet.2100w.cn/login?lang=vi [运行时间：0.019510s][吞吐率：51.26req/s] [内存消耗：2,333.22kb] [文件加载：39]
[ info ] [ LANG ] /home/www/snb_wallet/public/../application/lang/vi.php
[ info ] [ ROUTE ] array (
  'type' => 'module',
  'module' => 
  array (
    0 => 'user',
    1 => 'user',
    2 => 'login',
  ),
  'convert' => false,
)
[ info ] [ HEADER ] array (
  'host' => 'wallet.2100w.cn',
  'accept-encoding' => 'deflate, gzip',
  'referer' => 'http://wallet.2100w.cn/login?lang=vi',
  'cookie' => '',
  'accept' => '*/*',
  'accept-language' => 'zh-CN',
  'connection' => 'Keep-Alive',
  'user-agent' => 'Mozilla/5.0 (Windows NT 6.1; WOW64) AppleWebKit/537.36 (KHTML, like Gecko) Chrome/50.0.2661.102 Safari/537.36; 360Spider',
  'content-type' => '',
  'content-length' => '',
)
[ info ] [ PARAM ] array (
  'lang' => 'vi',
)
[ info ] [ RUN ] app\user\controller\User->login[ /home/www/snb_wallet/application/user/controller/User.php ]
[ info ] [ VIEW ] /home/www/snb_wallet/public/../application/user/view/user/Login.html [ array (
  0 => 'dir',
  1 => 'title',
  2 => 'error_msg',
) ]
[ info ] [ LOG ] INIT File

---------------------------------------------------------------
[ 2018-01-30T04:38:20+08:00 ] 172.31.232.156 77.88.5.5 GET /login?lang=fr
[ log ] wallet.2100w.cn/login?lang=fr [运行时间：0.020344s][吞吐率：49.15req/s] [内存消耗：2,332.48kb] [文件加载：39]
[ info ] [ LANG ] /home/www/snb_wallet/public/../application/lang/fr.php
[ info ] [ ROUTE ] array (
  'type' => 'module',
  'module' => 
  array (
    0 => 'user',
    1 => 'user',
    2 => 'login',
  ),
  'convert' => false,
)
[ info ] [ HEADER ] array (
  'host' => 'wallet.2100w.cn',
  'connection' => 'Keep-Alive',
  'user-agent' => 'Mozilla/5.0 (compatible; YandexBot/3.0; +http://yandex.com/bots)',
  'from' => 'support@search.yandex.ru',
  'accept-encoding' => 'gzip,deflate',
  'accept' => '*/*',
  'content-type' => '',
  'content-length' => '',
)
[ info ] [ PARAM ] array (
  'lang' => 'fr',
)
[ info ] [ RUN ] app\user\controller\User->login[ /home/www/snb_wallet/application/user/controller/User.php ]
[ info ] [ VIEW ] /home/www/snb_wallet/public/../application/user/view/user/Login.html [ array (
  0 => 'dir',
  1 => 'title',
  2 => 'error_msg',
) ]
[ info ] [ LOG ] INIT File

---------------------------------------------------------------
[ 2018-01-30T04:38:28+08:00 ] 172.31.232.156 77.88.5.5 GET /login?lang=en-us
[ log ] wallet.2100w.cn/login?lang=en-us [运行时间：0.019267s][吞吐率：51.90req/s] [内存消耗：2,332.60kb] [文件加载：39]
[ info ] [ LANG ] /home/www/snb_wallet/public/../application/lang/en-us.php
[ info ] [ ROUTE ] array (
  'type' => 'module',
  'module' => 
  array (
    0 => 'user',
    1 => 'user',
    2 => 'login',
  ),
  'convert' => false,
)
[ info ] [ HEADER ] array (
  'host' => 'wallet.2100w.cn',
  'connection' => 'Keep-Alive',
  'user-agent' => 'Mozilla/5.0 (compatible; YandexBot/3.0; +http://yandex.com/bots)',
  'from' => 'support@search.yandex.ru',
  'accept-encoding' => 'gzip,deflate',
  'accept' => '*/*',
  'content-type' => '',
  'content-length' => '',
)
[ info ] [ PARAM ] array (
  'lang' => 'en-us',
)
[ info ] [ RUN ] app\user\controller\User->login[ /home/www/snb_wallet/application/user/controller/User.php ]
[ info ] [ VIEW ] /home/www/snb_wallet/public/../application/user/view/user/Login.html [ array (
  0 => 'dir',
  1 => 'title',
  2 => 'error_msg',
) ]
[ info ] [ LOG ] INIT File

---------------------------------------------------------------
[ 2018-01-30T11:44:26+08:00 ] 172.31.232.156 5.255.250.75 GET /register?lang=zh-cn
[ log ] wallet.2100w.cn/register?lang=zh-cn [运行时间：0.029105s][吞吐率：34.36req/s] [内存消耗：3,598.63kb] [文件加载：48]
[ info ] [ LANG ] /home/www/snb_wallet/thinkphp/lang/zh-cn.php
[ info ] [ LANG ] /home/www/snb_wallet/public/../application/lang/zh-cn.php
[ info ] [ ROUTE ] array (
  'type' => 'module',
  'module' => 
  array (
    0 => 'user',
    1 => 'user',
    2 => 'register',
  ),
  'convert' => false,
)
[ info ] [ HEADER ] array (
  'host' => 'wallet.2100w.cn',
  'connection' => 'Keep-Alive',
  'user-agent' => 'Mozilla/5.0 (compatible; YandexBot/3.0; +http://yandex.com/bots)',
  'from' => 'support@search.yandex.ru',
  'accept-encoding' => 'gzip,deflate',
  'accept' => '*/*',
  'content-type' => '',
  'content-length' => '',
)
[ info ] [ PARAM ] array (
  'lang' => 'zh-cn',
)
[ info ] [ RUN ] app\user\controller\User->register[ /home/www/snb_wallet/application/user/controller/User.php ]
[ info ] [ DB ] INIT mysql
[ info ] [ VIEW ] /home/www/snb_wallet/public/../application/user/view/user/Register.html [ array (
  0 => 'dir',
  1 => 'title',
) ]
[ info ] [ LOG ] INIT File

---------------------------------------------------------------
[ 2018-01-30T11:56:25+08:00 ] 172.31.232.156 38.142.184.2 GET /
[ log ] wallet.2100w.cn/ [运行时间：0.018523s][吞吐率：53.99req/s] [内存消耗：2,173.43kb] [文件加载：43]
[ info ] [ LANG ] /home/www/snb_wallet/thinkphp/lang/zh-cn.php
[ info ] [ LANG ] /home/www/snb_wallet/public/../application/lang/zh-cn.php
[ info ] [ ROUTE ] array (
  'type' => 'module',
  'module' => 
  array (
    0 => '',
    1 => NULL,
    2 => NULL,
  ),
)
[ info ] [ HEADER ] array (
  'host' => 'wallet.2100w.cn',
  'content-type' => '',
  'content-length' => '',
)
[ info ] [ PARAM ] array (
)
[ info ] [ LANG ] /home/www/snb_wallet/public/../application/index/lang/zh-cn.php
[ info ] [ RUN ] app\index\controller\Index->index[ /home/www/snb_wallet/application/index/controller/Index.php ]
[ info ] [ SESSION ] INIT array (
  'id' => '',
  'var_session_id' => '',
  'prefix' => 'think',
  'type' => '',
  'auto_start' => true,
)
[ info ] [ LOG ] INIT File

---------------------------------------------------------------
[ 2018-01-30T13:22:10+08:00 ] 172.31.232.156 38.140.143.242 GET /
[ log ] wallet.2100w.cn/ [运行时间：0.019390s][吞吐率：51.57req/s] [内存消耗：2,173.65kb] [文件加载：43]
[ info ] [ LANG ] /home/www/snb_wallet/thinkphp/lang/zh-cn.php
[ info ] [ LANG ] /home/www/snb_wallet/public/../application/lang/zh-cn.php
[ info ] [ ROUTE ] array (
  'type' => 'module',
  'module' => 
  array (
    0 => '',
    1 => NULL,
    2 => NULL,
  ),
)
[ info ] [ HEADER ] array (
  'host' => 'wallet.2100w.cn',
  'content-type' => '',
  'content-length' => '',
)
[ info ] [ PARAM ] array (
)
[ info ] [ LANG ] /home/www/snb_wallet/public/../application/index/lang/zh-cn.php
[ info ] [ RUN ] app\index\controller\Index->index[ /home/www/snb_wallet/application/index/controller/Index.php ]
[ info ] [ SESSION ] INIT array (
  'id' => '',
  'var_session_id' => '',
  'prefix' => 'think',
  'type' => '',
  'auto_start' => true,
)
[ info ] [ LOG ] INIT File

---------------------------------------------------------------
[ 2018-01-30T15:45:12+08:00 ] 172.31.232.156 77.88.5.5 GET /
[ log ] wallet.2100w.cn/ [运行时间：0.019622s][吞吐率：50.96req/s] [内存消耗：2,162.65kb] [文件加载：41]
[ info ] [ LANG ] /home/www/snb_wallet/public/../application/lang/ru.php
[ info ] [ ROUTE ] array (
  'type' => 'module',
  'module' => 
  array (
    0 => '',
    1 => NULL,
    2 => NULL,
  ),
)
[ info ] [ HEADER ] array (
  'host' => 'wallet.2100w.cn',
  'connection' => 'Keep-Alive',
  'user-agent' => 'Mozilla/5.0 (compatible; YandexBot/3.0; +http://yandex.com/bots)',
  'from' => 'support@search.yandex.ru',
  'accept-encoding' => 'gzip,deflate',
  'accept-language' => 'ru, uk;q=0.8, be;q=0.8, en;q=0.7, *;q=0.01',
  'accept' => '*/*',
  'content-type' => '',
  'content-length' => '',
)
[ info ] [ PARAM ] array (
)
[ info ] [ RUN ] app\index\controller\Index->index[ /home/www/snb_wallet/application/index/controller/Index.php ]
[ info ] [ SESSION ] INIT array (
  'id' => '',
  'var_session_id' => '',
  'prefix' => 'think',
  'type' => '',
  'auto_start' => true,
)
[ info ] [ LOG ] INIT File

---------------------------------------------------------------
[ 2018-01-30T15:45:12+08:00 ] 172.31.232.156 93.158.161.100 GET /
[ log ] wallet.2100w.cn/ [运行时间：0.025312s][吞吐率：39.51req/s] [内存消耗：2,162.67kb] [文件加载：41]
[ info ] [ LANG ] /home/www/snb_wallet/public/../application/lang/ru.php
[ info ] [ ROUTE ] array (
  'type' => 'module',
  'module' => 
  array (
    0 => '',
    1 => NULL,
    2 => NULL,
  ),
)
[ info ] [ HEADER ] array (
  'host' => 'wallet.2100w.cn',
  'connection' => 'Keep-Alive',
  'user-agent' => 'Mozilla/5.0 (compatible; YandexBot/3.0; +http://yandex.com/bots)',
  'from' => 'support@search.yandex.ru',
  'accept-encoding' => 'gzip,deflate',
  'accept-language' => 'ru, uk;q=0.8, be;q=0.8, en;q=0.7, *;q=0.01',
  'accept' => '*/*',
  'content-type' => '',
  'content-length' => '',
)
[ info ] [ PARAM ] array (
)
[ info ] [ RUN ] app\index\controller\Index->index[ /home/www/snb_wallet/application/index/controller/Index.php ]
[ info ] [ SESSION ] INIT array (
  'id' => '',
  'var_session_id' => '',
  'prefix' => 'think',
  'type' => '',
  'auto_start' => true,
)
[ info ] [ LOG ] INIT File

---------------------------------------------------------------
[ 2018-01-30T15:45:16+08:00 ] 172.31.232.156 93.158.161.100 GET /login
[ log ] wallet.2100w.cn/login [运行时间：0.022224s][吞吐率：45.00req/s] [内存消耗：2,332.88kb] [文件加载：39]
[ info ] [ LANG ] /home/www/snb_wallet/public/../application/lang/ru.php
[ info ] [ ROUTE ] array (
  'type' => 'module',
  'module' => 
  array (
    0 => 'user',
    1 => 'user',
    2 => 'login',
  ),
  'convert' => false,
)
[ info ] [ HEADER ] array (
  'host' => 'wallet.2100w.cn',
  'connection' => 'Keep-Alive',
  'user-agent' => 'Mozilla/5.0 (compatible; YandexBot/3.0; +http://yandex.com/bots)',
  'from' => 'support@search.yandex.ru',
  'accept-encoding' => 'gzip,deflate',
  'accept-language' => 'ru, uk;q=0.8, be;q=0.8, en;q=0.7, *;q=0.01',
  'accept' => '*/*',
  'content-type' => '',
  'content-length' => '',
)
[ info ] [ PARAM ] array (
)
[ info ] [ RUN ] app\user\controller\User->login[ /home/www/snb_wallet/application/user/controller/User.php ]
[ info ] [ VIEW ] /home/www/snb_wallet/public/../application/user/view/user/Login.html [ array (
  0 => 'dir',
  1 => 'title',
  2 => 'error_msg',
) ]
[ info ] [ LOG ] INIT File

---------------------------------------------------------------
[ 2018-01-30T15:45:17+08:00 ] 172.31.232.156 5.255.250.75 GET /login
[ log ] wallet.2100w.cn/login [运行时间：0.027880s][吞吐率：35.87req/s] [内存消耗：2,333.19kb] [文件加载：39]
[ info ] [ LANG ] /home/www/snb_wallet/public/../application/lang/ru.php
[ info ] [ ROUTE ] array (
  'type' => 'module',
  'module' => 
  array (
    0 => 'user',
    1 => 'user',
    2 => 'login',
  ),
  'convert' => false,
)
[ info ] [ HEADER ] array (
  'host' => 'wallet.2100w.cn',
  'connection' => 'Keep-Alive',
  'user-agent' => 'Mozilla/5.0 (compatible; YandexBot/3.0; +http://yandex.com/bots)',
  'from' => 'support@search.yandex.ru',
  'accept-encoding' => 'gzip,deflate',
  'accept-language' => 'ru, uk;q=0.8, be;q=0.8, en;q=0.7, *;q=0.01',
  'accept' => '*/*',
  'content-type' => '',
  'content-length' => '',
)
[ info ] [ PARAM ] array (
)
[ info ] [ RUN ] app\user\controller\User->login[ /home/www/snb_wallet/application/user/controller/User.php ]
[ info ] [ VIEW ] /home/www/snb_wallet/public/../application/user/view/user/Login.html [ array (
  0 => 'dir',
  1 => 'title',
  2 => 'error_msg',
) ]
[ info ] [ LOG ] INIT File

---------------------------------------------------------------
[ 2018-01-30T16:07:48+08:00 ] 172.31.232.156 163.179.32.23 GET /
[ log ] wallet.2100w.cn/ [运行时间：0.020082s][吞吐率：49.80req/s] [内存消耗：2,175.67kb] [文件加载：43]
[ info ] [ LANG ] /home/www/snb_wallet/thinkphp/lang/zh-cn.php
[ info ] [ LANG ] /home/www/snb_wallet/public/../application/lang/zh-cn.php
[ info ] [ ROUTE ] array (
  'type' => 'module',
  'module' => 
  array (
    0 => '',
    1 => NULL,
    2 => NULL,
  ),
)
[ info ] [ HEADER ] array (
  'host' => 'wallet.2100w.cn',
  'connection' => 'keep-alive',
  'user-agent' => 'Mozilla/5.0 (Windows NT 6.1; WOW64) AppleWebKit/537.36 (KHTML, like Gecko) Chrome/63.0.3239.132 Safari/537.36',
  'upgrade-insecure-requests' => '1',
  'accept' => 'text/html,application/xhtml+xml,application/xml;q=0.9,image/webp,image/apng,*/*;q=0.8',
  'accept-encoding' => 'gzip, deflate',
  'accept-language' => 'zh-CN,zh;q=0.9',
  'cookie' => 'CCKF_visitor_id_129208=965317510; _ga=GA1.2.1046958118.1502787237',
  'content-type' => '',
  'content-length' => '',
)
[ info ] [ PARAM ] array (
)
[ info ] [ LANG ] /home/www/snb_wallet/public/../application/index/lang/zh-cn.php
[ info ] [ RUN ] app\index\controller\Index->index[ /home/www/snb_wallet/application/index/controller/Index.php ]
[ info ] [ SESSION ] INIT array (
  'id' => '',
  'var_session_id' => '',
  'prefix' => 'think',
  'type' => '',
  'auto_start' => true,
)
[ info ] [ LOG ] INIT File

---------------------------------------------------------------
[ 2018-01-30T16:07:48+08:00 ] 172.31.232.156 163.179.32.23 GET /login
[ log ] wallet.2100w.cn/login [运行时间：0.021509s][吞吐率：46.49req/s] [内存消耗：2,342.26kb] [文件加载：40]
[ info ] [ LANG ] /home/www/snb_wallet/thinkphp/lang/zh-cn.php
[ info ] [ LANG ] /home/www/snb_wallet/public/../application/lang/zh-cn.php
[ info ] [ ROUTE ] array (
  'type' => 'module',
  'module' => 
  array (
    0 => 'user',
    1 => 'user',
    2 => 'login',
  ),
  'convert' => false,
)
[ info ] [ HEADER ] array (
  'host' => 'wallet.2100w.cn',
  'connection' => 'keep-alive',
  'user-agent' => 'Mozilla/5.0 (Windows NT 6.1; WOW64) AppleWebKit/537.36 (KHTML, like Gecko) Chrome/63.0.3239.132 Safari/537.36',
  'upgrade-insecure-requests' => '1',
  'accept' => 'text/html,application/xhtml+xml,application/xml;q=0.9,image/webp,image/apng,*/*;q=0.8',
  'accept-encoding' => 'gzip, deflate',
  'accept-language' => 'zh-CN,zh;q=0.9',
  'cookie' => 'CCKF_visitor_id_129208=965317510; _ga=GA1.2.1046958118.1502787237; think_var=zh-cn; PHPSESSID=ud6bpqsck107m22lham8sji5c2',
  'content-type' => '',
  'content-length' => '',
)
[ info ] [ PARAM ] array (
)
[ info ] [ RUN ] app\user\controller\User->login[ /home/www/snb_wallet/application/user/controller/User.php ]
[ info ] [ VIEW ] /home/www/snb_wallet/public/../application/user/view/user/Login.html [ array (
  0 => 'dir',
  1 => 'title',
  2 => 'error_msg',
) ]
[ info ] [ LOG ] INIT File

---------------------------------------------------------------
[ 2018-01-30T19:00:31+08:00 ] 172.31.232.156 120.33.38.38 GET /
[ log ] wallet.2100w.cn/ [运行时间：0.018059s][吞吐率：55.37req/s] [内存消耗：2,175.34kb] [文件加载：43]
[ info ] [ LANG ] /home/www/snb_wallet/thinkphp/lang/zh-cn.php
[ info ] [ LANG ] /home/www/snb_wallet/public/../application/lang/zh-cn.php
[ info ] [ ROUTE ] array (
  'type' => 'module',
  'module' => 
  array (
    0 => '',
    1 => NULL,
    2 => NULL,
  ),
)
[ info ] [ HEADER ] array (
  'host' => 'wallet.2100w.cn',
  'connection' => 'keep-alive',
  'accept' => 'text/html,application/xhtml+xml,application/xml;q=0.9,image/webp,*/*;q=0.8',
  'upgrade-insecure-requests' => '1',
  'user-agent' => 'Mozilla/5.0 (Windows NT 5.1) AppleWebKit/537.36 (KHTML, like Gecko) Chrome/49.0.2623.221 Safari/537.36 SE 2.X MetaSr 1.0',
  'accept-encoding' => 'gzip, deflate, sdch',
  'accept-language' => 'zh-CN,zh;q=0.8',
  'content-type' => '',
  'content-length' => '',
)
[ info ] [ PARAM ] array (
)
[ info ] [ LANG ] /home/www/snb_wallet/public/../application/index/lang/zh-cn.php
[ info ] [ RUN ] app\index\controller\Index->index[ /home/www/snb_wallet/application/index/controller/Index.php ]
[ info ] [ SESSION ] INIT array (
  'id' => '',
  'var_session_id' => '',
  'prefix' => 'think',
  'type' => '',
  'auto_start' => true,
)
[ info ] [ LOG ] INIT File

---------------------------------------------------------------
[ 2018-01-30T19:00:31+08:00 ] 172.31.232.156 120.33.38.38 GET /login
[ log ] wallet.2100w.cn/login [运行时间：0.020776s][吞吐率：48.13req/s] [内存消耗：2,342.08kb] [文件加载：40]
[ info ] [ LANG ] /home/www/snb_wallet/thinkphp/lang/zh-cn.php
[ info ] [ LANG ] /home/www/snb_wallet/public/../application/lang/zh-cn.php
[ info ] [ ROUTE ] array (
  'type' => 'module',
  'module' => 
  array (
    0 => 'user',
    1 => 'user',
    2 => 'login',
  ),
  'convert' => false,
)
[ info ] [ HEADER ] array (
  'host' => 'wallet.2100w.cn',
  'connection' => 'keep-alive',
  'accept' => 'text/html,application/xhtml+xml,application/xml;q=0.9,image/webp,*/*;q=0.8',
  'upgrade-insecure-requests' => '1',
  'user-agent' => 'Mozilla/5.0 (Windows NT 5.1) AppleWebKit/537.36 (KHTML, like Gecko) Chrome/49.0.2623.221 Safari/537.36 SE 2.X MetaSr 1.0',
  'accept-encoding' => 'gzip, deflate, sdch',
  'accept-language' => 'zh-CN,zh;q=0.8',
  'cookie' => 'think_var=zh-cn; PHPSESSID=qi3jfu30pu89li5oicoaar1al6',
  'content-type' => '',
  'content-length' => '',
)
[ info ] [ PARAM ] array (
)
[ info ] [ RUN ] app\user\controller\User->login[ /home/www/snb_wallet/application/user/controller/User.php ]
[ info ] [ VIEW ] /home/www/snb_wallet/public/../application/user/view/user/Login.html [ array (
  0 => 'dir',
  1 => 'title',
  2 => 'error_msg',
) ]
[ info ] [ LOG ] INIT File

---------------------------------------------------------------
[ 2018-01-30T19:00:49+08:00 ] 172.31.232.156 120.33.38.38 POST /login
[ log ] wallet.2100w.cn/login [运行时间：0.034179s][吞吐率：29.26req/s] [内存消耗：3,680.27kb] [文件加载：49]
[ info ] [ LANG ] /home/www/snb_wallet/thinkphp/lang/zh-cn.php
[ info ] [ LANG ] /home/www/snb_wallet/public/../application/lang/zh-cn.php
[ info ] [ ROUTE ] array (
  'type' => 'module',
  'module' => 
  array (
    0 => 'user',
    1 => 'user',
    2 => 'login',
  ),
  'convert' => false,
)
[ info ] [ HEADER ] array (
  'host' => 'wallet.2100w.cn',
  'connection' => 'keep-alive',
  'content-length' => '39',
  'cache-control' => 'max-age=0',
  'accept' => 'text/html,application/xhtml+xml,application/xml;q=0.9,image/webp,*/*;q=0.8',
  'origin' => 'http://wallet.2100w.cn',
  'upgrade-insecure-requests' => '1',
  'user-agent' => 'Mozilla/5.0 (Windows NT 5.1) AppleWebKit/537.36 (KHTML, like Gecko) Chrome/49.0.2623.221 Safari/537.36 SE 2.X MetaSr 1.0',
  'content-type' => 'application/x-www-form-urlencoded',
  'referer' => 'http://wallet.2100w.cn/login',
  'accept-encoding' => 'gzip, deflate',
  'accept-language' => 'zh-CN,zh;q=0.8',
  'cookie' => 'think_var=zh-cn; PHPSESSID=qi3jfu30pu89li5oicoaar1al6',
)
[ info ] [ PARAM ] array (
  'email' => 'japleaj@163.com',
  'password' => 'jpy123',
)
[ info ] [ RUN ] app\user\controller\User->login[ /home/www/snb_wallet/application/user/controller/User.php ]
[ info ] [ DB ] INIT mysql
[ info ] [ VIEW ] /home/www/snb_wallet/public/../application/user/view/user/Login.html [ array (
  0 => 'dir',
  1 => 'title',
  2 => 'error_msg',
) ]
[ info ] [ LOG ] INIT File
[ sql ] [ DB ] CONNECT:[ UseTime:0.000430s ] mysql:dbname=wallet;host=localhost;charset=utf8
[ sql ] [ SQL ] SHOW COLUMNS FROM `yuan_user` [ RunTime:0.001200s ]
[ sql ] [ SQL ] SELECT `user_id`,`user_account`,`user_3des`,`user_name`,`user_setTrust` FROM `yuan_user` WHERE  `user_email` = 'japleaj@163.com' LIMIT 1 [ RunTime:0.000399s ]
[ sql ] [ SQL ] SELECT `user_pass`,`user_confirm`,`user_3des`,`user_lock` FROM `yuan_user` WHERE  `user_email` = 'japleaj@163.com' LIMIT 1 [ RunTime:0.000389s ]

---------------------------------------------------------------
[ 2018-01-30T19:00:56+08:00 ] 172.31.232.156 120.33.38.38 GET /register
[ log ] wallet.2100w.cn/register [运行时间：0.036681s][吞吐率：27.26req/s] [内存消耗：3,598.64kb] [文件加载：48]
[ info ] [ LANG ] /home/www/snb_wallet/thinkphp/lang/zh-cn.php
[ info ] [ LANG ] /home/www/snb_wallet/public/../application/lang/zh-cn.php
[ info ] [ ROUTE ] array (
  'type' => 'module',
  'module' => 
  array (
    0 => 'user',
    1 => 'user',
    2 => 'register',
  ),
  'convert' => false,
)
[ info ] [ HEADER ] array (
  'host' => 'wallet.2100w.cn',
  'connection' => 'keep-alive',
  'accept' => 'text/html,application/xhtml+xml,application/xml;q=0.9,image/webp,*/*;q=0.8',
  'upgrade-insecure-requests' => '1',
  'user-agent' => 'Mozilla/5.0 (Windows NT 5.1) AppleWebKit/537.36 (KHTML, like Gecko) Chrome/49.0.2623.221 Safari/537.36 SE 2.X MetaSr 1.0',
  'referer' => 'http://wallet.2100w.cn/login',
  'accept-encoding' => 'gzip, deflate, sdch',
  'accept-language' => 'zh-CN,zh;q=0.8',
  'cookie' => 'think_var=zh-cn; PHPSESSID=qi3jfu30pu89li5oicoaar1al6',
  'content-type' => '',
  'content-length' => '',
)
[ info ] [ PARAM ] array (
)
[ info ] [ RUN ] app\user\controller\User->register[ /home/www/snb_wallet/application/user/controller/User.php ]
[ info ] [ DB ] INIT mysql
[ info ] [ VIEW ] /home/www/snb_wallet/public/../application/user/view/user/Register.html [ array (
  0 => 'dir',
  1 => 'title',
) ]
[ info ] [ LOG ] INIT File

---------------------------------------------------------------
[ 2018-01-30T19:46:30+08:00 ] 172.31.232.156 42.236.49.75 GET /
[ log ] wallet.2100w.cn/ [运行时间：0.019810s][吞吐率：50.48req/s] [内存消耗：2,175.32kb] [文件加载：43]
[ info ] [ LANG ] /home/www/snb_wallet/thinkphp/lang/zh-cn.php
[ info ] [ LANG ] /home/www/snb_wallet/public/../application/lang/zh-cn.php
[ info ] [ ROUTE ] array (
  'type' => 'module',
  'module' => 
  array (
    0 => '',
    1 => NULL,
    2 => NULL,
  ),
)
[ info ] [ HEADER ] array (
  'host' => 'wallet.2100w.cn',
  'accept-encoding' => 'deflate, gzip',
  'referer' => 'http://wallet.2100w.cn/',
  'cookie' => '',
  'accept' => '*/*',
  'accept-language' => 'zh-CN',
  'connection' => 'Keep-Alive',
  'user-agent' => 'Mozilla/5.0 (Windows NT 6.1; WOW64) AppleWebKit/537.36 (KHTML, like Gecko) Chrome/50.0.2661.102 Safari/537.36; 360Spider',
  'content-type' => '',
  'content-length' => '',
)
[ info ] [ PARAM ] array (
)
[ info ] [ LANG ] /home/www/snb_wallet/public/../application/index/lang/zh-cn.php
[ info ] [ RUN ] app\index\controller\Index->index[ /home/www/snb_wallet/application/index/controller/Index.php ]
[ info ] [ SESSION ] INIT array (
  'id' => '',
  'var_session_id' => '',
  'prefix' => 'think',
  'type' => '',
  'auto_start' => true,
)
[ info ] [ LOG ] INIT File

---------------------------------------------------------------
[ 2018-01-30T19:46:30+08:00 ] 172.31.232.156 42.236.49.75 GET /login
[ log ] wallet.2100w.cn/login [运行时间：0.023721s][吞吐率：42.16req/s] [内存消耗：2,341.84kb] [文件加载：40]
[ info ] [ LANG ] /home/www/snb_wallet/thinkphp/lang/zh-cn.php
[ info ] [ LANG ] /home/www/snb_wallet/public/../application/lang/zh-cn.php
[ info ] [ ROUTE ] array (
  'type' => 'module',
  'module' => 
  array (
    0 => 'user',
    1 => 'user',
    2 => 'login',
  ),
  'convert' => false,
)
[ info ] [ HEADER ] array (
  'host' => 'wallet.2100w.cn',
  'accept-encoding' => 'deflate, gzip',
  'referer' => 'http://wallet.2100w.cn/login',
  'cookie' => 'PHPSESSID=cavkg8vprqdifde1sspkks9m62; think_var=zh-cn;',
  'accept' => '*/*',
  'accept-language' => 'zh-CN',
  'connection' => 'Keep-Alive',
  'user-agent' => 'Mozilla/5.0 (Windows NT 6.1; WOW64) AppleWebKit/537.36 (KHTML, like Gecko) Chrome/50.0.2661.102 Safari/537.36; 360Spider',
  'content-type' => '',
  'content-length' => '',
)
[ info ] [ PARAM ] array (
)
[ info ] [ RUN ] app\user\controller\User->login[ /home/www/snb_wallet/application/user/controller/User.php ]
[ info ] [ VIEW ] /home/www/snb_wallet/public/../application/user/view/user/Login.html [ array (
  0 => 'dir',
  1 => 'title',
  2 => 'error_msg',
) ]
[ info ] [ LOG ] INIT File

---------------------------------------------------------------
[ 2018-01-30T20:22:08+08:00 ] 172.31.232.156 77.88.5.5 GET /login?lang=vi
[ log ] wallet.2100w.cn/login?lang=vi [运行时间：0.019376s][吞吐率：51.61req/s] [内存消耗：2,332.54kb] [文件加载：39]
[ info ] [ LANG ] /home/www/snb_wallet/public/../application/lang/vi.php
[ info ] [ ROUTE ] array (
  'type' => 'module',
  'module' => 
  array (
    0 => 'user',
    1 => 'user',
    2 => 'login',
  ),
  'convert' => false,
)
[ info ] [ HEADER ] array (
  'host' => 'wallet.2100w.cn',
  'connection' => 'Keep-Alive',
  'user-agent' => 'Mozilla/5.0 (compatible; YandexBot/3.0; +http://yandex.com/bots)',
  'from' => 'support@search.yandex.ru',
  'accept-encoding' => 'gzip,deflate',
  'accept' => '*/*',
  'content-type' => '',
  'content-length' => '',
)
[ info ] [ PARAM ] array (
  'lang' => 'vi',
)
[ info ] [ RUN ] app\user\controller\User->login[ /home/www/snb_wallet/application/user/controller/User.php ]
[ info ] [ VIEW ] /home/www/snb_wallet/public/../application/user/view/user/Login.html [ array (
  0 => 'dir',
  1 => 'title',
  2 => 'error_msg',
) ]
[ info ] [ LOG ] INIT File

---------------------------------------------------------------
[ 2018-01-30T20:46:32+08:00 ] 172.31.232.156 77.88.5.5 GET /login?lang=ko
[ log ] wallet.2100w.cn/login?lang=ko [运行时间：0.026046s][吞吐率：38.39req/s] [内存消耗：2,332.66kb] [文件加载：39]
[ info ] [ LANG ] /home/www/snb_wallet/public/../application/lang/ko.php
[ info ] [ ROUTE ] array (
  'type' => 'module',
  'module' => 
  array (
    0 => 'user',
    1 => 'user',
    2 => 'login',
  ),
  'convert' => false,
)
[ info ] [ HEADER ] array (
  'host' => 'wallet.2100w.cn',
  'connection' => 'Keep-Alive',
  'user-agent' => 'Mozilla/5.0 (compatible; YandexBot/3.0; +http://yandex.com/bots)',
  'from' => 'support@search.yandex.ru',
  'accept-encoding' => 'gzip,deflate',
  'accept' => '*/*',
  'content-type' => '',
  'content-length' => '',
)
[ info ] [ PARAM ] array (
  'lang' => 'ko',
)
[ info ] [ RUN ] app\user\controller\User->login[ /home/www/snb_wallet/application/user/controller/User.php ]
[ info ] [ VIEW ] /home/www/snb_wallet/public/../application/user/view/user/Login.html [ array (
  0 => 'dir',
  1 => 'title',
  2 => 'error_msg',
) ]
[ info ] [ LOG ] INIT File

---------------------------------------------------------------
[ 2018-01-30T22:22:29+08:00 ] 172.31.232.156 77.88.5.5 GET /login?lang=de
[ log ] wallet.2100w.cn/login?lang=de [运行时间：0.020516s][吞吐率：48.74req/s] [内存消耗：2,332.70kb] [文件加载：39]
[ info ] [ LANG ] /home/www/snb_wallet/public/../application/lang/de.php
[ info ] [ ROUTE ] array (
  'type' => 'module',
  'module' => 
  array (
    0 => 'user',
    1 => 'user',
    2 => 'login',
  ),
  'convert' => false,
)
[ info ] [ HEADER ] array (
  'host' => 'wallet.2100w.cn',
  'connection' => 'Keep-Alive',
  'user-agent' => 'Mozilla/5.0 (compatible; YandexBot/3.0; +http://yandex.com/bots)',
  'from' => 'support@search.yandex.ru',
  'accept-encoding' => 'gzip,deflate',
  'accept' => '*/*',
  'content-type' => '',
  'content-length' => '',
)
[ info ] [ PARAM ] array (
  'lang' => 'de',
)
[ info ] [ RUN ] app\user\controller\User->login[ /home/www/snb_wallet/application/user/controller/User.php ]
[ info ] [ VIEW ] /home/www/snb_wallet/public/../application/user/view/user/Login.html [ array (
  0 => 'dir',
  1 => 'title',
  2 => 'error_msg',
) ]
[ info ] [ LOG ] INIT File

---------------------------------------------------------------
[ 2018-01-30T23:06:35+08:00 ] 172.31.232.156 77.88.5.5 GET /login
[ log ] wallet.2100w.cn/login [运行时间：0.020207s][吞吐率：49.49req/s] [内存消耗：2,341.18kb] [文件加载：40]
[ info ] [ LANG ] /home/www/snb_wallet/thinkphp/lang/zh-cn.php
[ info ] [ LANG ] /home/www/snb_wallet/public/../application/lang/zh-cn.php
[ info ] [ ROUTE ] array (
  'type' => 'module',
  'module' => 
  array (
    0 => 'user',
    1 => 'user',
    2 => 'login',
  ),
  'convert' => false,
)
[ info ] [ HEADER ] array (
  'host' => 'wallet.2100w.cn',
  'connection' => 'Keep-Alive',
  'user-agent' => 'Mozilla/5.0 (compatible; YandexBot/3.0; +http://yandex.com/bots)',
  'from' => 'support@search.yandex.ru',
  'accept-encoding' => 'gzip,deflate',
  'accept' => '*/*',
  'content-type' => '',
  'content-length' => '',
)
[ info ] [ PARAM ] array (
)
[ info ] [ RUN ] app\user\controller\User->login[ /home/www/snb_wallet/application/user/controller/User.php ]
[ info ] [ VIEW ] /home/www/snb_wallet/public/../application/user/view/user/Login.html [ array (
  0 => 'dir',
  1 => 'title',
  2 => 'error_msg',
) ]
[ info ] [ LOG ] INIT File

---------------------------------------------------------------
