[ 2017-11-26T00:02:17+08:00 ] 172.31.232.156 14.20.153.236 GET /transaction
[ log ] wallet.2100w.cn/transaction [运行时间：0.026799s][吞吐率：37.31req/s] [内存消耗：3,597.13kb] [文件加载：47]
[ info ] [ LANG ] /home/www/snb_wallet/thinkphp/lang/zh-cn.php
[ info ] [ LANG ] /home/www/snb_wallet/public/../application/lang/zh-cn.php
[ info ] [ ROUTE ] array (
  'type' => 'module',
  'module' => 
  array (
    0 => 'index',
    1 => 'transaction',
    2 => 'index',
  ),
  'convert' => false,
)
[ info ] [ HEADER ] array (
  'host' => 'wallet.2100w.cn',
  'connection' => 'keep-alive',
  'cache-control' => 'max-age=0',
  'upgrade-insecure-requests' => '1',
  'user-agent' => 'Mozilla/5.0 (Windows NT 10.0; Win64; x64) AppleWebKit/537.36 (KHTML, like Gecko) Chrome/60.0.3112.78 Safari/537.36',
  'accept' => 'text/html,application/xhtml+xml,application/xml;q=0.9,image/webp,image/apng,*/*;q=0.8',
  'referer' => 'http://wallet.2100w.cn/',
  'accept-encoding' => 'gzip, deflate',
  'accept-language' => 'zh-CN,zh;q=0.8',
  'cookie' => 'think_var=zh-cn; PHPSESSID=p9teeck55ih6iq73uoe9u0o462',
  'content-type' => '',
  'content-length' => '',
)
[ info ] [ PARAM ] array (
)
[ info ] [ LANG ] /home/www/snb_wallet/public/../application/index/lang/zh-cn.php
[ info ] [ RUN ] app\index\controller\Transaction->index[ /home/www/snb_wallet/application/index/controller/Transaction.php ]
[ info ] [ SESSION ] INIT array (
  'id' => '',
  'var_session_id' => '',
  'prefix' => 'think',
  'type' => '',
  'auto_start' => true,
)
[ info ] [ DB ] INIT mysql
[ info ] [ VIEW ] /home/www/snb_wallet/public/../application/index/view/transaction/Index.html [ array (
  0 => 'dir',
  1 => 'gateway',
  2 => 'mygateway',
) ]
[ info ] [ LOG ] INIT File
[ sql ] [ DB ] CONNECT:[ UseTime:0.000328s ] mysql:dbname=wallet;host=localhost;charset=utf8
[ sql ] [ SQL ] SHOW COLUMNS FROM `yuan_gateway` [ RunTime:0.000627s ]
[ sql ] [ SQL ] SELECT * FROM `yuan_gateway` WHERE  `gateway_status` = 2 LIMIT 10 [ RunTime:0.000213s ]
[ sql ] [ SQL ] SHOW COLUMNS FROM `yuan_asset` [ RunTime:0.000401s ]
[ sql ] [ SQL ] SELECT * FROM `yuan_asset` WHERE  `gateway_id` = 6 [ RunTime:0.000141s ]
[ sql ] [ SQL ] SELECT * FROM `yuan_gateway` WHERE  `gateway_account` = 'GB5HHFSYU7ZQX5P3SHNVLFTB4JKX3A35YLFEMPOHEMWQIMJLVI3CCPN2' LIMIT 1 [ RunTime:0.000158s ]

---------------------------------------------------------------
[ 2017-11-26T00:02:18+08:00 ] 172.31.232.156 14.20.153.236 POST /index/transaction/convert/
[ log ] wallet.2100w.cn/index/transaction/convert/ [运行时间：0.022569s][吞吐率：44.31req/s] [内存消耗：3,422.17kb] [文件加载：45]
[ info ] [ LANG ] /home/www/snb_wallet/thinkphp/lang/zh-cn.php
[ info ] [ LANG ] /home/www/snb_wallet/public/../application/lang/zh-cn.php
[ info ] [ ROUTE ] array (
  'type' => 'module',
  'module' => 
  array (
    0 => 'index',
    1 => 'transaction',
    2 => 'convert',
  ),
)
[ info ] [ HEADER ] array (
  'host' => 'wallet.2100w.cn',
  'connection' => 'keep-alive',
  'content-length' => '0',
  'accept' => '*/*',
  'origin' => 'http://wallet.2100w.cn',
  'x-requested-with' => 'XMLHttpRequest',
  'user-agent' => 'Mozilla/5.0 (Windows NT 10.0; Win64; x64) AppleWebKit/537.36 (KHTML, like Gecko) Chrome/60.0.3112.78 Safari/537.36',
  'referer' => 'http://wallet.2100w.cn/transaction',
  'accept-encoding' => 'gzip, deflate',
  'accept-language' => 'zh-CN,zh;q=0.8',
  'cookie' => 'think_var=zh-cn; PHPSESSID=p9teeck55ih6iq73uoe9u0o462',
  'content-type' => '',
)
[ info ] [ PARAM ] array (
)
[ info ] [ LANG ] /home/www/snb_wallet/public/../application/index/lang/zh-cn.php
[ info ] [ RUN ] app\index\controller\Transaction->convert[ /home/www/snb_wallet/application/index/controller/Transaction.php ]
[ info ] [ SESSION ] INIT array (
  'id' => '',
  'var_session_id' => '',
  'prefix' => 'think',
  'type' => '',
  'auto_start' => true,
)
[ info ] [ DB ] INIT mysql
[ info ] [ LOG ] INIT File

---------------------------------------------------------------
[ 2017-11-26T00:02:18+08:00 ] 172.31.232.156 14.20.153.236 POST /index/transaction/getMyissueAsset/
[ log ] wallet.2100w.cn/index/transaction/getMyissueAsset/ [运行时间：0.038573s][吞吐率：25.92req/s] [内存消耗：3,582.40kb] [文件加载：47]
[ info ] [ LANG ] /home/www/snb_wallet/thinkphp/lang/zh-cn.php
[ info ] [ LANG ] /home/www/snb_wallet/public/../application/lang/zh-cn.php
[ info ] [ ROUTE ] array (
  'type' => 'module',
  'module' => 
  array (
    0 => 'index',
    1 => 'transaction',
    2 => 'getMyissueAsset',
  ),
)
[ info ] [ HEADER ] array (
  'host' => 'wallet.2100w.cn',
  'connection' => 'keep-alive',
  'content-length' => '63',
  'accept' => 'application/json, text/javascript, */*; q=0.01',
  'origin' => 'http://wallet.2100w.cn',
  'x-requested-with' => 'XMLHttpRequest',
  'user-agent' => 'Mozilla/5.0 (Windows NT 10.0; Win64; x64) AppleWebKit/537.36 (KHTML, like Gecko) Chrome/60.0.3112.78 Safari/537.36',
  'content-type' => 'application/x-www-form-urlencoded; charset=UTF-8',
  'referer' => 'http://wallet.2100w.cn/transaction',
  'accept-encoding' => 'gzip, deflate',
  'accept-language' => 'zh-CN,zh;q=0.8',
  'cookie' => 'think_var=zh-cn; PHPSESSID=p9teeck55ih6iq73uoe9u0o462',
)
[ info ] [ PARAM ] array (
  'issuer' => 'GB5HHFSYU7ZQX5P3SHNVLFTB4JKX3A35YLFEMPOHEMWQIMJLVI3CCPN2',
)
[ info ] [ LANG ] /home/www/snb_wallet/public/../application/index/lang/zh-cn.php
[ info ] [ RUN ] app\index\controller\Transaction->getMyissueAsset[ /home/www/snb_wallet/application/index/controller/Transaction.php ]
[ info ] [ SESSION ] INIT array (
  'id' => '',
  'var_session_id' => '',
  'prefix' => 'think',
  'type' => '',
  'auto_start' => true,
)
[ info ] [ DB ] INIT mysql
[ info ] [ LOG ] INIT File
[ sql ] [ DB ] CONNECT:[ UseTime:0.000336s ] mysql:dbname=wallet;host=localhost;charset=utf8
[ sql ] [ SQL ] SHOW COLUMNS FROM `yuan_asset` [ RunTime:0.000809s ]
[ sql ] [ SQL ] SELECT * FROM `yuan_asset` WHERE  `asset_issuer` = 'GB5HHFSYU7ZQX5P3SHNVLFTB4JKX3A35YLFEMPOHEMWQIMJLVI3CCPN2' [ RunTime:0.000259s ]
[ sql ] [ SQL ] SHOW COLUMNS FROM `yuan_gateway` [ RunTime:0.000555s ]
[ sql ] [ SQL ] SELECT * FROM `yuan_gateway` WHERE  `gateway_account` = 'GB5HHFSYU7ZQX5P3SHNVLFTB4JKX3A35YLFEMPOHEMWQIMJLVI3CCPN2' [ RunTime:0.000201s ]

---------------------------------------------------------------
[ 2017-11-26T00:10:52+08:00 ] 172.31.232.156 14.20.153.236 GET /
[ log ] wallet.2100w.cn/ [运行时间：0.013648s][吞吐率：73.27req/s] [内存消耗：1,932.16kb] [文件加载：36]
[ info ] [ LANG ] /home/www/snb_wallet/thinkphp/lang/zh-cn.php
[ info ] [ LANG ] /home/www/snb_wallet/public/../application/lang/zh-cn.php
[ info ] [ ROUTE ] array (
  'type' => 'module',
  'module' => 
  array (
    0 => '',
    1 => NULL,
    2 => NULL,
  ),
)
[ info ] [ HEADER ] array (
  'host' => 'wallet.2100w.cn',
  'connection' => 'keep-alive',
  'upgrade-insecure-requests' => '1',
  'user-agent' => 'Mozilla/5.0 (Windows NT 10.0; Win64; x64) AppleWebKit/537.36 (KHTML, like Gecko) Chrome/60.0.3112.78 Safari/537.36',
  'accept' => 'text/html,application/xhtml+xml,application/xml;q=0.9,image/webp,image/apng,*/*;q=0.8',
  'accept-encoding' => 'gzip, deflate',
  'accept-language' => 'zh-CN,zh;q=0.8',
  'cookie' => 'think_var=zh-cn; PHPSESSID=p9teeck55ih6iq73uoe9u0o462',
  'content-type' => '',
  'content-length' => '',
)
[ info ] [ PARAM ] array (
)
[ info ] [ LANG ] /home/www/snb_wallet/public/../application/index/lang/zh-cn.php
[ info ] [ RUN ] app\index\controller\Index->index[ /home/www/snb_wallet/application/index/controller/Index.php ]
[ info ] [ SESSION ] INIT array (
  'id' => '',
  'var_session_id' => '',
  'prefix' => 'think',
  'type' => '',
  'auto_start' => true,
)
[ info ] [ VIEW ] /home/www/snb_wallet/public/../application/index/view/index/Index.html [ array (
  0 => 'dir',
  1 => 'title',
) ]
[ info ] [ LOG ] INIT File

---------------------------------------------------------------
[ 2017-11-26T00:10:53+08:00 ] 172.31.232.156 14.20.153.236 POST /index/gateway/alldata
[ log ] wallet.2100w.cn/index/gateway/alldata [运行时间：0.052433s][吞吐率：19.07req/s] [内存消耗：3,419.27kb] [文件加载：45]
[ info ] [ LANG ] /home/www/snb_wallet/thinkphp/lang/zh-cn.php
[ info ] [ LANG ] /home/www/snb_wallet/public/../application/lang/zh-cn.php
[ info ] [ ROUTE ] array (
  'type' => 'module',
  'module' => 
  array (
    0 => 'index',
    1 => 'gateway',
    2 => 'alldata',
  ),
)
[ info ] [ HEADER ] array (
  'host' => 'wallet.2100w.cn',
  'connection' => 'keep-alive',
  'content-length' => '0',
  'accept' => '*/*',
  'origin' => 'http://wallet.2100w.cn',
  'x-requested-with' => 'XMLHttpRequest',
  'user-agent' => 'Mozilla/5.0 (Windows NT 10.0; Win64; x64) AppleWebKit/537.36 (KHTML, like Gecko) Chrome/60.0.3112.78 Safari/537.36',
  'referer' => 'http://wallet.2100w.cn/',
  'accept-encoding' => 'gzip, deflate',
  'accept-language' => 'zh-CN,zh;q=0.8',
  'cookie' => 'think_var=zh-cn; PHPSESSID=p9teeck55ih6iq73uoe9u0o462',
  'content-type' => '',
)
[ info ] [ PARAM ] array (
)
[ info ] [ LANG ] /home/www/snb_wallet/public/../application/index/lang/zh-cn.php
[ info ] [ RUN ] app\index\controller\Gateway->alldata[ /home/www/snb_wallet/application/index/controller/Gateway.php ]
[ info ] [ SESSION ] INIT array (
  'id' => '',
  'var_session_id' => '',
  'prefix' => 'think',
  'type' => '',
  'auto_start' => true,
)
[ info ] [ DB ] INIT mysql
[ info ] [ LOG ] INIT File

---------------------------------------------------------------
[ 2017-11-26T00:10:56+08:00 ] 172.31.232.156 14.20.153.236 GET /transaction
[ log ] wallet.2100w.cn/transaction [运行时间：0.026337s][吞吐率：37.97req/s] [内存消耗：3,596.95kb] [文件加载：47]
[ info ] [ LANG ] /home/www/snb_wallet/thinkphp/lang/zh-cn.php
[ info ] [ LANG ] /home/www/snb_wallet/public/../application/lang/zh-cn.php
[ info ] [ ROUTE ] array (
  'type' => 'module',
  'module' => 
  array (
    0 => 'index',
    1 => 'transaction',
    2 => 'index',
  ),
  'convert' => false,
)
[ info ] [ HEADER ] array (
  'host' => 'wallet.2100w.cn',
  'connection' => 'keep-alive',
  'upgrade-insecure-requests' => '1',
  'user-agent' => 'Mozilla/5.0 (Windows NT 10.0; Win64; x64) AppleWebKit/537.36 (KHTML, like Gecko) Chrome/60.0.3112.78 Safari/537.36',
  'accept' => 'text/html,application/xhtml+xml,application/xml;q=0.9,image/webp,image/apng,*/*;q=0.8',
  'referer' => 'http://wallet.2100w.cn/',
  'accept-encoding' => 'gzip, deflate',
  'accept-language' => 'zh-CN,zh;q=0.8',
  'cookie' => 'think_var=zh-cn; PHPSESSID=p9teeck55ih6iq73uoe9u0o462',
  'content-type' => '',
  'content-length' => '',
)
[ info ] [ PARAM ] array (
)
[ info ] [ LANG ] /home/www/snb_wallet/public/../application/index/lang/zh-cn.php
[ info ] [ RUN ] app\index\controller\Transaction->index[ /home/www/snb_wallet/application/index/controller/Transaction.php ]
[ info ] [ SESSION ] INIT array (
  'id' => '',
  'var_session_id' => '',
  'prefix' => 'think',
  'type' => '',
  'auto_start' => true,
)
[ info ] [ DB ] INIT mysql
[ info ] [ VIEW ] /home/www/snb_wallet/public/../application/index/view/transaction/Index.html [ array (
  0 => 'dir',
  1 => 'gateway',
  2 => 'mygateway',
) ]
[ info ] [ LOG ] INIT File
[ sql ] [ DB ] CONNECT:[ UseTime:0.000310s ] mysql:dbname=wallet;host=localhost;charset=utf8
[ sql ] [ SQL ] SHOW COLUMNS FROM `yuan_gateway` [ RunTime:0.000645s ]
[ sql ] [ SQL ] SELECT * FROM `yuan_gateway` WHERE  `gateway_status` = 2 LIMIT 10 [ RunTime:0.000202s ]
[ sql ] [ SQL ] SHOW COLUMNS FROM `yuan_asset` [ RunTime:0.000407s ]
[ sql ] [ SQL ] SELECT * FROM `yuan_asset` WHERE  `gateway_id` = 6 [ RunTime:0.000158s ]
[ sql ] [ SQL ] SELECT * FROM `yuan_gateway` WHERE  `gateway_account` = 'GB5HHFSYU7ZQX5P3SHNVLFTB4JKX3A35YLFEMPOHEMWQIMJLVI3CCPN2' LIMIT 1 [ RunTime:0.000165s ]

---------------------------------------------------------------
[ 2017-11-26T00:10:56+08:00 ] 172.31.232.156 14.20.153.236 POST /index/transaction/convert/
[ log ] wallet.2100w.cn/index/transaction/convert/ [运行时间：0.020813s][吞吐率：48.05req/s] [内存消耗：3,422.17kb] [文件加载：45]
[ info ] [ LANG ] /home/www/snb_wallet/thinkphp/lang/zh-cn.php
[ info ] [ LANG ] /home/www/snb_wallet/public/../application/lang/zh-cn.php
[ info ] [ ROUTE ] array (
  'type' => 'module',
  'module' => 
  array (
    0 => 'index',
    1 => 'transaction',
    2 => 'convert',
  ),
)
[ info ] [ HEADER ] array (
  'host' => 'wallet.2100w.cn',
  'connection' => 'keep-alive',
  'content-length' => '0',
  'accept' => '*/*',
  'origin' => 'http://wallet.2100w.cn',
  'x-requested-with' => 'XMLHttpRequest',
  'user-agent' => 'Mozilla/5.0 (Windows NT 10.0; Win64; x64) AppleWebKit/537.36 (KHTML, like Gecko) Chrome/60.0.3112.78 Safari/537.36',
  'referer' => 'http://wallet.2100w.cn/transaction',
  'accept-encoding' => 'gzip, deflate',
  'accept-language' => 'zh-CN,zh;q=0.8',
  'cookie' => 'think_var=zh-cn; PHPSESSID=p9teeck55ih6iq73uoe9u0o462',
  'content-type' => '',
)
[ info ] [ PARAM ] array (
)
[ info ] [ LANG ] /home/www/snb_wallet/public/../application/index/lang/zh-cn.php
[ info ] [ RUN ] app\index\controller\Transaction->convert[ /home/www/snb_wallet/application/index/controller/Transaction.php ]
[ info ] [ SESSION ] INIT array (
  'id' => '',
  'var_session_id' => '',
  'prefix' => 'think',
  'type' => '',
  'auto_start' => true,
)
[ info ] [ DB ] INIT mysql
[ info ] [ LOG ] INIT File

---------------------------------------------------------------
[ 2017-11-26T00:10:56+08:00 ] 172.31.232.156 14.20.153.236 POST /index/transaction/getMyissueAsset/
[ log ] wallet.2100w.cn/index/transaction/getMyissueAsset/ [运行时间：0.029422s][吞吐率：33.99req/s] [内存消耗：3,582.40kb] [文件加载：47]
[ info ] [ LANG ] /home/www/snb_wallet/thinkphp/lang/zh-cn.php
[ info ] [ LANG ] /home/www/snb_wallet/public/../application/lang/zh-cn.php
[ info ] [ ROUTE ] array (
  'type' => 'module',
  'module' => 
  array (
    0 => 'index',
    1 => 'transaction',
    2 => 'getMyissueAsset',
  ),
)
[ info ] [ HEADER ] array (
  'host' => 'wallet.2100w.cn',
  'connection' => 'keep-alive',
  'content-length' => '63',
  'accept' => 'application/json, text/javascript, */*; q=0.01',
  'origin' => 'http://wallet.2100w.cn',
  'x-requested-with' => 'XMLHttpRequest',
  'user-agent' => 'Mozilla/5.0 (Windows NT 10.0; Win64; x64) AppleWebKit/537.36 (KHTML, like Gecko) Chrome/60.0.3112.78 Safari/537.36',
  'content-type' => 'application/x-www-form-urlencoded; charset=UTF-8',
  'referer' => 'http://wallet.2100w.cn/transaction',
  'accept-encoding' => 'gzip, deflate',
  'accept-language' => 'zh-CN,zh;q=0.8',
  'cookie' => 'think_var=zh-cn; PHPSESSID=p9teeck55ih6iq73uoe9u0o462',
)
[ info ] [ PARAM ] array (
  'issuer' => 'GB5HHFSYU7ZQX5P3SHNVLFTB4JKX3A35YLFEMPOHEMWQIMJLVI3CCPN2',
)
[ info ] [ LANG ] /home/www/snb_wallet/public/../application/index/lang/zh-cn.php
[ info ] [ RUN ] app\index\controller\Transaction->getMyissueAsset[ /home/www/snb_wallet/application/index/controller/Transaction.php ]
[ info ] [ SESSION ] INIT array (
  'id' => '',
  'var_session_id' => '',
  'prefix' => 'think',
  'type' => '',
  'auto_start' => true,
)
[ info ] [ DB ] INIT mysql
[ info ] [ LOG ] INIT File
[ sql ] [ DB ] CONNECT:[ UseTime:0.000277s ] mysql:dbname=wallet;host=localhost;charset=utf8
[ sql ] [ SQL ] SHOW COLUMNS FROM `yuan_asset` [ RunTime:0.000625s ]
[ sql ] [ SQL ] SELECT * FROM `yuan_asset` WHERE  `asset_issuer` = 'GB5HHFSYU7ZQX5P3SHNVLFTB4JKX3A35YLFEMPOHEMWQIMJLVI3CCPN2' [ RunTime:0.000203s ]
[ sql ] [ SQL ] SHOW COLUMNS FROM `yuan_gateway` [ RunTime:0.000423s ]
[ sql ] [ SQL ] SELECT * FROM `yuan_gateway` WHERE  `gateway_account` = 'GB5HHFSYU7ZQX5P3SHNVLFTB4JKX3A35YLFEMPOHEMWQIMJLVI3CCPN2' [ RunTime:0.000165s ]

---------------------------------------------------------------
[ 2017-11-26T14:53:25+08:00 ] 172.31.232.156 163.179.32.29 GET /
[ log ] wallet.2100w.cn/ [运行时间：0.013515s][吞吐率：73.99req/s] [内存消耗：1,957.00kb] [文件加载：37]
[ info ] [ LANG ] /home/www/snb_wallet/thinkphp/lang/zh-cn.php
[ info ] [ LANG ] /home/www/snb_wallet/public/../application/lang/zh-cn.php
[ info ] [ ROUTE ] array (
  'type' => 'module',
  'module' => 
  array (
    0 => '',
    1 => NULL,
    2 => NULL,
  ),
)
[ info ] [ HEADER ] array (
  'host' => 'wallet.2100w.cn',
  'accept' => 'text/html,application/xhtml+xml,application/xml;q=0.9,*/*;q=0.8',
  'upgrade-insecure-requests' => '1',
  'cookie' => '_ga=GA1.2.304387276.1511587880; _gid=GA1.2.1036633365.1511587880',
  'user-agent' => 'Mozilla/5.0 (Macintosh; Intel Mac OS X 10_13_1) AppleWebKit/604.3.5 (KHTML, like Gecko) Version/11.0.1 Safari/604.3.5',
  'accept-language' => 'zh-cn',
  'accept-encoding' => 'gzip, deflate',
  'connection' => 'keep-alive',
  'content-type' => '',
  'content-length' => '',
)
[ info ] [ PARAM ] array (
)
[ info ] [ LANG ] /home/www/snb_wallet/public/../application/index/lang/zh-cn.php
[ info ] [ RUN ] app\index\controller\Index->index[ /home/www/snb_wallet/application/index/controller/Index.php ]
[ info ] [ SESSION ] INIT array (
  'id' => '',
  'var_session_id' => '',
  'prefix' => 'think',
  'type' => '',
  'auto_start' => true,
)
[ info ] [ LOG ] INIT File

---------------------------------------------------------------
[ 2017-11-26T14:53:25+08:00 ] 172.31.232.156 163.179.32.29 GET /login
[ log ] wallet.2100w.cn/login [运行时间：0.013901s][吞吐率：71.94req/s] [内存消耗：2,123.65kb] [文件加载：34]
[ info ] [ LANG ] /home/www/snb_wallet/thinkphp/lang/zh-cn.php
[ info ] [ LANG ] /home/www/snb_wallet/public/../application/lang/zh-cn.php
[ info ] [ ROUTE ] array (
  'type' => 'module',
  'module' => 
  array (
    0 => 'user',
    1 => 'user',
    2 => 'login',
  ),
  'convert' => false,
)
[ info ] [ HEADER ] array (
  'host' => 'wallet.2100w.cn',
  'accept' => 'text/html,application/xhtml+xml,application/xml;q=0.9,*/*;q=0.8',
  'upgrade-insecure-requests' => '1',
  'cookie' => 'PHPSESSID=5eb5j1fpmidau21p5lebnot9g2; think_var=zh-cn; _ga=GA1.2.304387276.1511587880; _gid=GA1.2.1036633365.1511587880',
  'user-agent' => 'Mozilla/5.0 (Macintosh; Intel Mac OS X 10_13_1) AppleWebKit/604.3.5 (KHTML, like Gecko) Version/11.0.1 Safari/604.3.5',
  'accept-language' => 'zh-cn',
  'accept-encoding' => 'gzip, deflate',
  'connection' => 'keep-alive',
  'content-type' => '',
  'content-length' => '',
)
[ info ] [ PARAM ] array (
)
[ info ] [ RUN ] app\user\controller\User->login[ /home/www/snb_wallet/application/user/controller/User.php ]
[ info ] [ VIEW ] /home/www/snb_wallet/public/../application/user/view/user/Login.html [ array (
  0 => 'dir',
  1 => 'title',
  2 => 'error_msg',
) ]
[ info ] [ LOG ] INIT File

---------------------------------------------------------------
[ 2017-11-26T14:53:37+08:00 ] 172.31.232.156 163.179.32.29 POST /login
[ log ] wallet.2100w.cn/login [运行时间：0.025435s][吞吐率：39.32req/s] [内存消耗：3,491.27kb] [文件加载：44]
[ info ] [ LANG ] /home/www/snb_wallet/thinkphp/lang/zh-cn.php
[ info ] [ LANG ] /home/www/snb_wallet/public/../application/lang/zh-cn.php
[ info ] [ ROUTE ] array (
  'type' => 'module',
  'module' => 
  array (
    0 => 'user',
    1 => 'user',
    2 => 'login',
  ),
  'convert' => false,
)
[ info ] [ HEADER ] array (
  'host' => 'wallet.2100w.cn',
  'accept' => 'text/html,application/xhtml+xml,application/xml;q=0.9,*/*;q=0.8',
  'accept-encoding' => 'gzip, deflate',
  'accept-language' => 'zh-cn',
  'content-type' => 'application/x-www-form-urlencoded',
  'origin' => 'http://wallet.2100w.cn',
  'user-agent' => 'Mozilla/5.0 (Macintosh; Intel Mac OS X 10_13_1) AppleWebKit/604.3.5 (KHTML, like Gecko) Version/11.0.1 Safari/604.3.5',
  'connection' => 'keep-alive',
  'upgrade-insecure-requests' => '1',
  'referer' => 'http://wallet.2100w.cn/login',
  'content-length' => '41',
  'cookie' => 'PHPSESSID=5eb5j1fpmidau21p5lebnot9g2; think_var=zh-cn; _ga=GA1.2.304387276.1511587880; _gid=GA1.2.1036633365.1511587880',
)
[ info ] [ PARAM ] array (
  'email' => '9048914@qq.com',
  'password' => 'jpy123jpy',
)
[ info ] [ RUN ] app\user\controller\User->login[ /home/www/snb_wallet/application/user/controller/User.php ]
[ info ] [ DB ] INIT mysql
[ info ] [ SESSION ] INIT array (
  'id' => '',
  'var_session_id' => '',
  'prefix' => 'think',
  'type' => '',
  'auto_start' => true,
)
[ info ] [ LOG ] INIT File
[ sql ] [ DB ] CONNECT:[ UseTime:0.000595s ] mysql:dbname=wallet;host=localhost;charset=utf8
[ sql ] [ SQL ] SHOW COLUMNS FROM `yuan_user` [ RunTime:0.001107s ]
[ sql ] [ SQL ] SELECT `user_id`,`user_account`,`user_3des`,`user_name`,`user_setTrust` FROM `yuan_user` WHERE  `user_email` = '9048914@qq.com' LIMIT 1 [ RunTime:0.000448s ]
[ sql ] [ SQL ] SELECT `user_pass`,`user_confirm`,`user_3des`,`user_lock` FROM `yuan_user` WHERE  `user_email` = '9048914@qq.com' LIMIT 1 [ RunTime:0.000192s ]

---------------------------------------------------------------
[ 2017-11-26T14:53:37+08:00 ] 172.31.232.156 163.179.32.29 GET /
[ log ] wallet.2100w.cn/ [运行时间：0.016041s][吞吐率：62.34req/s] [内存消耗：1,932.26kb] [文件加载：36]
[ info ] [ LANG ] /home/www/snb_wallet/thinkphp/lang/zh-cn.php
[ info ] [ LANG ] /home/www/snb_wallet/public/../application/lang/zh-cn.php
[ info ] [ ROUTE ] array (
  'type' => 'module',
  'module' => 
  array (
    0 => '',
    1 => NULL,
    2 => NULL,
  ),
)
[ info ] [ HEADER ] array (
  'host' => 'wallet.2100w.cn',
  'origin' => 'http://wallet.2100w.cn',
  'cookie' => 'PHPSESSID=5eb5j1fpmidau21p5lebnot9g2; think_var=zh-cn; _ga=GA1.2.304387276.1511587880; _gid=GA1.2.1036633365.1511587880',
  'connection' => 'keep-alive',
  'upgrade-insecure-requests' => '1',
  'accept' => 'text/html,application/xhtml+xml,application/xml;q=0.9,*/*;q=0.8',
  'user-agent' => 'Mozilla/5.0 (Macintosh; Intel Mac OS X 10_13_1) AppleWebKit/604.3.5 (KHTML, like Gecko) Version/11.0.1 Safari/604.3.5',
  'accept-language' => 'zh-cn',
  'referer' => 'http://wallet.2100w.cn/login',
  'accept-encoding' => 'gzip, deflate',
  'content-type' => '',
  'content-length' => '',
)
[ info ] [ PARAM ] array (
)
[ info ] [ LANG ] /home/www/snb_wallet/public/../application/index/lang/zh-cn.php
[ info ] [ RUN ] app\index\controller\Index->index[ /home/www/snb_wallet/application/index/controller/Index.php ]
[ info ] [ SESSION ] INIT array (
  'id' => '',
  'var_session_id' => '',
  'prefix' => 'think',
  'type' => '',
  'auto_start' => true,
)
[ info ] [ VIEW ] /home/www/snb_wallet/public/../application/index/view/index/Index.html [ array (
  0 => 'dir',
  1 => 'title',
) ]
[ info ] [ LOG ] INIT File

---------------------------------------------------------------
[ 2017-11-26T14:53:38+08:00 ] 172.31.232.156 163.179.32.29 POST /index/gateway/alldata
[ log ] wallet.2100w.cn/index/gateway/alldata [运行时间：0.034971s][吞吐率：28.60req/s] [内存消耗：3,583.61kb] [文件加载：47]
[ info ] [ LANG ] /home/www/snb_wallet/thinkphp/lang/zh-cn.php
[ info ] [ LANG ] /home/www/snb_wallet/public/../application/lang/zh-cn.php
[ info ] [ ROUTE ] array (
  'type' => 'module',
  'module' => 
  array (
    0 => 'index',
    1 => 'gateway',
    2 => 'alldata',
  ),
)
[ info ] [ HEADER ] array (
  'host' => 'wallet.2100w.cn',
  'accept' => '*/*',
  'x-requested-with' => 'XMLHttpRequest',
  'accept-language' => 'zh-cn',
  'accept-encoding' => 'gzip, deflate',
  'content-type' => 'application/x-www-form-urlencoded; charset=UTF-8',
  'origin' => 'http://wallet.2100w.cn',
  'user-agent' => 'Mozilla/5.0 (Macintosh; Intel Mac OS X 10_13_1) AppleWebKit/604.3.5 (KHTML, like Gecko) Version/11.0.1 Safari/604.3.5',
  'connection' => 'keep-alive',
  'referer' => 'http://wallet.2100w.cn/',
  'content-length' => '667',
  'cookie' => 'PHPSESSID=5eb5j1fpmidau21p5lebnot9g2; think_var=zh-cn; _ga=GA1.2.304387276.1511587880; _gid=GA1.2.1036633365.1511587880',
)
[ info ] [ PARAM ] array (
  'issuer' => 
  array (
    0 => 'GCXN2CDLEOQ5Z3JGSGZWZ3ZQ6MPDJWDBFN5MYRZXTYMAP6TZIZMCUYSY',
    1 => 'GCV3PTG5D3RG2LFBZV3FC4LCVMYR5KJBHU567PSHUHBN56HIALZQZIJQ',
    2 => 'GBFM33WO6ROOUD4ZZ4NYRAEKQKGHXDAFGJVZUR2LBU76OAVP4XGFMSN2',
    3 => 'GB4U3D4DH44L3MDHX4RUGLQK7OXTN4POQGGGFHIDQU57NH4D3SMRHVCA',
    4 => 'GDQZ2HAFUJXBXJJF4RHJD5GOZF7PCCNKKRW6JSXHPBHHTFUUR2RMYV2S',
    5 => 'GAQSMLEAXM6LZWGFTINF3ZW56NFWG7MNVNODVCT4F66Z3P7FQLVIJ7NK',
  ),
  'asset' => 
  array (
    0 => 'IOT',
    1 => 'CNY',
    2 => 'LQSDT',
    3 => 'LQSMJ',
    4 => 'LQSTJ',
    5 => 'LQSSJ',
  ),
  'balance' => 
  array (
    0 => '0.0000000',
    1 => '0.0000000',
    2 => '0.0000000',
    3 => '0.0000000',
    4 => '0.0000000',
    5 => '0.0000000',
  ),
)
[ info ] [ LANG ] /home/www/snb_wallet/public/../application/index/lang/zh-cn.php
[ info ] [ RUN ] app\index\controller\Gateway->alldata[ /home/www/snb_wallet/application/index/controller/Gateway.php ]
[ info ] [ SESSION ] INIT array (
  'id' => '',
  'var_session_id' => '',
  'prefix' => 'think',
  'type' => '',
  'auto_start' => true,
)
[ info ] [ DB ] INIT mysql
[ info ] [ LOG ] INIT File
[ sql ] [ DB ] CONNECT:[ UseTime:0.000296s ] mysql:dbname=wallet;host=localhost;charset=utf8
[ sql ] [ SQL ] SHOW COLUMNS FROM `yuan_asset` [ RunTime:0.001225s ]
[ sql ] [ SQL ] SELECT * FROM `yuan_asset` WHERE  `asset_issuer` = 'GCXN2CDLEOQ5Z3JGSGZWZ3ZQ6MPDJWDBFN5MYRZXTYMAP6TZIZMCUYSY'  AND `asset_code` = 'IOT' LIMIT 1 [ RunTime:0.000457s ]
[ sql ] [ SQL ] SHOW COLUMNS FROM `yuan_gateway` [ RunTime:0.000913s ]
[ sql ] [ SQL ] SELECT * FROM `yuan_gateway` WHERE  `gateway_id` = 6 LIMIT 1 [ RunTime:0.000365s ]
[ sql ] [ SQL ] SELECT * FROM `yuan_asset` WHERE  `asset_issuer` = 'GCV3PTG5D3RG2LFBZV3FC4LCVMYR5KJBHU567PSHUHBN56HIALZQZIJQ'  AND `asset_code` = 'CNY' LIMIT 1 [ RunTime:0.000204s ]
[ sql ] [ SQL ] SELECT * FROM `yuan_gateway` WHERE  `gateway_id` = 2 LIMIT 1 [ RunTime:0.000253s ]
[ sql ] [ SQL ] SELECT * FROM `yuan_asset` WHERE  `asset_issuer` = 'GBFM33WO6ROOUD4ZZ4NYRAEKQKGHXDAFGJVZUR2LBU76OAVP4XGFMSN2'  AND `asset_code` = 'LQSDT' LIMIT 1 [ RunTime:0.000197s ]
[ sql ] [ SQL ] SELECT * FROM `yuan_gateway` WHERE  `gateway_id` = 6 LIMIT 1 [ RunTime:0.000145s ]
[ sql ] [ SQL ] SELECT * FROM `yuan_asset` WHERE  `asset_issuer` = 'GB4U3D4DH44L3MDHX4RUGLQK7OXTN4POQGGGFHIDQU57NH4D3SMRHVCA'  AND `asset_code` = 'LQSMJ' LIMIT 1 [ RunTime:0.000201s ]
[ sql ] [ SQL ] SELECT * FROM `yuan_gateway` WHERE  `gateway_id` = 6 LIMIT 1 [ RunTime:0.000143s ]
[ sql ] [ SQL ] SELECT * FROM `yuan_asset` WHERE  `asset_issuer` = 'GDQZ2HAFUJXBXJJF4RHJD5GOZF7PCCNKKRW6JSXHPBHHTFUUR2RMYV2S'  AND `asset_code` = 'LQSTJ' LIMIT 1 [ RunTime:0.000213s ]
[ sql ] [ SQL ] SELECT * FROM `yuan_gateway` WHERE  `gateway_id` = 6 LIMIT 1 [ RunTime:0.000130s ]
[ sql ] [ SQL ] SELECT * FROM `yuan_asset` WHERE  `asset_issuer` = 'GAQSMLEAXM6LZWGFTINF3ZW56NFWG7MNVNODVCT4F66Z3P7FQLVIJ7NK'  AND `asset_code` = 'LQSSJ' LIMIT 1 [ RunTime:0.000188s ]
[ sql ] [ SQL ] SELECT * FROM `yuan_gateway` WHERE  `gateway_id` = 6 LIMIT 1 [ RunTime:0.000135s ]

---------------------------------------------------------------
[ 2017-11-26T14:53:41+08:00 ] 172.31.232.156 163.179.32.29 GET /transaction
[ log ] wallet.2100w.cn/transaction [运行时间：0.043536s][吞吐率：22.97req/s] [内存消耗：3,925.94kb] [文件加载：49]
[ info ] [ LANG ] /home/www/snb_wallet/thinkphp/lang/zh-cn.php
[ info ] [ LANG ] /home/www/snb_wallet/public/../application/lang/zh-cn.php
[ info ] [ ROUTE ] array (
  'type' => 'module',
  'module' => 
  array (
    0 => 'index',
    1 => 'transaction',
    2 => 'index',
  ),
  'convert' => false,
)
[ info ] [ HEADER ] array (
  'host' => 'wallet.2100w.cn',
  'cookie' => 'PHPSESSID=5eb5j1fpmidau21p5lebnot9g2; think_var=zh-cn; _ga=GA1.2.304387276.1511587880; _gid=GA1.2.1036633365.1511587880',
  'connection' => 'keep-alive',
  'upgrade-insecure-requests' => '1',
  'accept' => 'text/html,application/xhtml+xml,application/xml;q=0.9,*/*;q=0.8',
  'user-agent' => 'Mozilla/5.0 (Macintosh; Intel Mac OS X 10_13_1) AppleWebKit/604.3.5 (KHTML, like Gecko) Version/11.0.1 Safari/604.3.5',
  'referer' => 'http://wallet.2100w.cn/',
  'accept-language' => 'zh-cn',
  'accept-encoding' => 'gzip, deflate',
  'content-type' => '',
  'content-length' => '',
)
[ info ] [ PARAM ] array (
)
[ info ] [ LANG ] /home/www/snb_wallet/public/../application/index/lang/zh-cn.php
[ info ] [ RUN ] app\index\controller\Transaction->index[ /home/www/snb_wallet/application/index/controller/Transaction.php ]
[ info ] [ SESSION ] INIT array (
  'id' => '',
  'var_session_id' => '',
  'prefix' => 'think',
  'type' => '',
  'auto_start' => true,
)
[ info ] [ DB ] INIT mysql
[ info ] [ VIEW ] /home/www/snb_wallet/public/../application/index/view/transaction/Index.html [ array (
  0 => 'dir',
  1 => 'gateway',
  2 => 'mygateway',
) ]
[ info ] [ LOG ] INIT File
[ sql ] [ DB ] CONNECT:[ UseTime:0.000333s ] mysql:dbname=wallet;host=localhost;charset=utf8
[ sql ] [ SQL ] SHOW COLUMNS FROM `yuan_gateway` [ RunTime:0.000883s ]
[ sql ] [ SQL ] SELECT * FROM `yuan_gateway` WHERE  `gateway_status` = 2 LIMIT 10 [ RunTime:0.000352s ]
[ sql ] [ SQL ] SHOW COLUMNS FROM `yuan_asset` [ RunTime:0.000608s ]
[ sql ] [ SQL ] SELECT * FROM `yuan_asset` WHERE  `gateway_id` = 6 [ RunTime:0.000259s ]
[ sql ] [ SQL ] SELECT * FROM `yuan_gateway` WHERE  `gateway_account` = 'GBTTTIS53XG3UX2UEXJQDPCITTEDQYBVXJ5MLN4QQTRRFMX45ZJTBIN6' LIMIT 1 [ RunTime:0.000261s ]

---------------------------------------------------------------
[ 2017-11-26T14:53:41+08:00 ] 172.31.232.156 163.179.32.29 POST /index/transaction/convert/
[ log ] wallet.2100w.cn/index/transaction/convert/ [运行时间：0.035933s][吞吐率：27.83req/s] [内存消耗：3,587.35kb] [文件加载：47]
[ info ] [ LANG ] /home/www/snb_wallet/thinkphp/lang/zh-cn.php
[ info ] [ LANG ] /home/www/snb_wallet/public/../application/lang/zh-cn.php
[ info ] [ ROUTE ] array (
  'type' => 'module',
  'module' => 
  array (
    0 => 'index',
    1 => 'transaction',
    2 => 'convert',
  ),
)
[ info ] [ HEADER ] array (
  'host' => 'wallet.2100w.cn',
  'accept' => '*/*',
  'x-requested-with' => 'XMLHttpRequest',
  'accept-language' => 'zh-cn',
  'accept-encoding' => 'gzip, deflate',
  'content-type' => 'application/x-www-form-urlencoded; charset=UTF-8',
  'origin' => 'http://wallet.2100w.cn',
  'user-agent' => 'Mozilla/5.0 (Macintosh; Intel Mac OS X 10_13_1) AppleWebKit/604.3.5 (KHTML, like Gecko) Version/11.0.1 Safari/604.3.5',
  'connection' => 'keep-alive',
  'referer' => 'http://wallet.2100w.cn/transaction',
  'content-length' => '695',
  'cookie' => 'PHPSESSID=5eb5j1fpmidau21p5lebnot9g2; think_var=zh-cn; _ga=GA1.2.304387276.1511587880; _gid=GA1.2.1036633365.1511587880',
)
[ info ] [ PARAM ] array (
  'asset' => 
  array (
    0 => 'IOT',
    1 => 'CNY',
    2 => 'LQSDT',
    3 => 'LQSMJ',
    4 => 'LQSTJ',
    5 => 'LQSSJ',
  ),
  'issuer' => 
  array (
    0 => 'GCXN2CDLEOQ5Z3JGSGZWZ3ZQ6MPDJWDBFN5MYRZXTYMAP6TZIZMCUYSY',
    1 => 'GCV3PTG5D3RG2LFBZV3FC4LCVMYR5KJBHU567PSHUHBN56HIALZQZIJQ',
    2 => 'GBFM33WO6ROOUD4ZZ4NYRAEKQKGHXDAFGJVZUR2LBU76OAVP4XGFMSN2',
    3 => 'GB4U3D4DH44L3MDHX4RUGLQK7OXTN4POQGGGFHIDQU57NH4D3SMRHVCA',
    4 => 'GDQZ2HAFUJXBXJJF4RHJD5GOZF7PCCNKKRW6JSXHPBHHTFUUR2RMYV2S',
    5 => 'GAQSMLEAXM6LZWGFTINF3ZW56NFWG7MNVNODVCT4F66Z3P7FQLVIJ7NK',
  ),
  'type' => 
  array (
    0 => 'credit_alphanum4',
    1 => 'credit_alphanum4',
    2 => 'credit_alphanum12',
    3 => 'credit_alphanum12',
    4 => 'credit_alphanum12',
    5 => 'credit_alphanum12',
  ),
)
[ info ] [ LANG ] /home/www/snb_wallet/public/../application/index/lang/zh-cn.php
[ info ] [ RUN ] app\index\controller\Transaction->convert[ /home/www/snb_wallet/application/index/controller/Transaction.php ]
[ info ] [ SESSION ] INIT array (
  'id' => '',
  'var_session_id' => '',
  'prefix' => 'think',
  'type' => '',
  'auto_start' => true,
)
[ info ] [ DB ] INIT mysql
[ info ] [ LOG ] INIT File
[ sql ] [ DB ] CONNECT:[ UseTime:0.000214s ] mysql:dbname=wallet;host=localhost;charset=utf8
[ sql ] [ SQL ] SHOW COLUMNS FROM `yuan_asset` [ RunTime:0.000560s ]
[ sql ] [ SQL ] SELECT * FROM `yuan_asset` WHERE  `asset_issuer` = 'GCXN2CDLEOQ5Z3JGSGZWZ3ZQ6MPDJWDBFN5MYRZXTYMAP6TZIZMCUYSY'  AND `asset_code` = 'IOT' LIMIT 1 [ RunTime:0.000201s ]
[ sql ] [ SQL ] SHOW COLUMNS FROM `yuan_gateway` [ RunTime:0.000425s ]
[ sql ] [ SQL ] SELECT * FROM `yuan_gateway` WHERE  `gateway_id` = 6 LIMIT 1 [ RunTime:0.000147s ]
[ sql ] [ SQL ] SELECT * FROM `yuan_asset` WHERE  `asset_issuer` = 'GCV3PTG5D3RG2LFBZV3FC4LCVMYR5KJBHU567PSHUHBN56HIALZQZIJQ'  AND `asset_code` = 'CNY' LIMIT 1 [ RunTime:0.000184s ]
[ sql ] [ SQL ] SELECT * FROM `yuan_gateway` WHERE  `gateway_id` = 2 LIMIT 1 [ RunTime:0.000145s ]
[ sql ] [ SQL ] SELECT * FROM `yuan_asset` WHERE  `asset_issuer` = 'GBFM33WO6ROOUD4ZZ4NYRAEKQKGHXDAFGJVZUR2LBU76OAVP4XGFMSN2'  AND `asset_code` = 'LQSDT' LIMIT 1 [ RunTime:0.000140s ]
[ sql ] [ SQL ] SELECT * FROM `yuan_gateway` WHERE  `gateway_id` = 6 LIMIT 1 [ RunTime:0.000143s ]
[ sql ] [ SQL ] SELECT * FROM `yuan_asset` WHERE  `asset_issuer` = 'GB4U3D4DH44L3MDHX4RUGLQK7OXTN4POQGGGFHIDQU57NH4D3SMRHVCA'  AND `asset_code` = 'LQSMJ' LIMIT 1 [ RunTime:0.000138s ]
[ sql ] [ SQL ] SELECT * FROM `yuan_gateway` WHERE  `gateway_id` = 6 LIMIT 1 [ RunTime:0.000138s ]
[ sql ] [ SQL ] SELECT * FROM `yuan_asset` WHERE  `asset_issuer` = 'GDQZ2HAFUJXBXJJF4RHJD5GOZF7PCCNKKRW6JSXHPBHHTFUUR2RMYV2S'  AND `asset_code` = 'LQSTJ' LIMIT 1 [ RunTime:0.000137s ]
[ sql ] [ SQL ] SELECT * FROM `yuan_gateway` WHERE  `gateway_id` = 6 LIMIT 1 [ RunTime:0.000140s ]
[ sql ] [ SQL ] SELECT * FROM `yuan_asset` WHERE  `asset_issuer` = 'GAQSMLEAXM6LZWGFTINF3ZW56NFWG7MNVNODVCT4F66Z3P7FQLVIJ7NK'  AND `asset_code` = 'LQSSJ' LIMIT 1 [ RunTime:0.000137s ]
[ sql ] [ SQL ] SELECT * FROM `yuan_gateway` WHERE  `gateway_id` = 6 LIMIT 1 [ RunTime:0.000139s ]

---------------------------------------------------------------
[ 2017-11-26T14:53:41+08:00 ] 172.31.232.156 163.179.32.29 POST /index/transaction/getMyissueAsset/
[ log ] wallet.2100w.cn/index/transaction/getMyissueAsset/ [运行时间：0.045209s][吞吐率：22.12req/s] [内存消耗：3,582.65kb] [文件加载：47]
[ info ] [ LANG ] /home/www/snb_wallet/thinkphp/lang/zh-cn.php
[ info ] [ LANG ] /home/www/snb_wallet/public/../application/lang/zh-cn.php
[ info ] [ ROUTE ] array (
  'type' => 'module',
  'module' => 
  array (
    0 => 'index',
    1 => 'transaction',
    2 => 'getMyissueAsset',
  ),
)
[ info ] [ HEADER ] array (
  'host' => 'wallet.2100w.cn',
  'accept' => 'application/json, text/javascript, */*; q=0.01',
  'x-requested-with' => 'XMLHttpRequest',
  'accept-language' => 'zh-cn',
  'accept-encoding' => 'gzip, deflate',
  'content-type' => 'application/x-www-form-urlencoded; charset=UTF-8',
  'origin' => 'http://wallet.2100w.cn',
  'user-agent' => 'Mozilla/5.0 (Macintosh; Intel Mac OS X 10_13_1) AppleWebKit/604.3.5 (KHTML, like Gecko) Version/11.0.1 Safari/604.3.5',
  'connection' => 'keep-alive',
  'referer' => 'http://wallet.2100w.cn/transaction',
  'content-length' => '63',
  'cookie' => 'PHPSESSID=5eb5j1fpmidau21p5lebnot9g2; think_var=zh-cn; _ga=GA1.2.304387276.1511587880; _gid=GA1.2.1036633365.1511587880',
)
[ info ] [ PARAM ] array (
  'issuer' => 'GBTTTIS53XG3UX2UEXJQDPCITTEDQYBVXJ5MLN4QQTRRFMX45ZJTBIN6',
)
[ info ] [ LANG ] /home/www/snb_wallet/public/../application/index/lang/zh-cn.php
[ info ] [ RUN ] app\index\controller\Transaction->getMyissueAsset[ /home/www/snb_wallet/application/index/controller/Transaction.php ]
[ info ] [ SESSION ] INIT array (
  'id' => '',
  'var_session_id' => '',
  'prefix' => 'think',
  'type' => '',
  'auto_start' => true,
)
[ info ] [ DB ] INIT mysql
[ info ] [ LOG ] INIT File
[ sql ] [ DB ] CONNECT:[ UseTime:0.000245s ] mysql:dbname=wallet;host=localhost;charset=utf8
[ sql ] [ SQL ] SHOW COLUMNS FROM `yuan_asset` [ RunTime:0.000522s ]
[ sql ] [ SQL ] SELECT * FROM `yuan_asset` WHERE  `asset_issuer` = 'GBTTTIS53XG3UX2UEXJQDPCITTEDQYBVXJ5MLN4QQTRRFMX45ZJTBIN6' [ RunTime:0.000279s ]
[ sql ] [ SQL ] SHOW COLUMNS FROM `yuan_gateway` [ RunTime:0.000405s ]
[ sql ] [ SQL ] SELECT * FROM `yuan_gateway` WHERE  `gateway_account` = 'GBTTTIS53XG3UX2UEXJQDPCITTEDQYBVXJ5MLN4QQTRRFMX45ZJTBIN6' [ RunTime:0.000217s ]

---------------------------------------------------------------
[ 2017-11-26T14:54:38+08:00 ] 172.31.232.156 163.179.32.29 GET /
[ log ] wallet.2100w.cn/ [运行时间：0.014987s][吞吐率：66.72req/s] [内存消耗：1,932.27kb] [文件加载：36]
[ info ] [ LANG ] /home/www/snb_wallet/thinkphp/lang/zh-cn.php
[ info ] [ LANG ] /home/www/snb_wallet/public/../application/lang/zh-cn.php
[ info ] [ ROUTE ] array (
  'type' => 'module',
  'module' => 
  array (
    0 => '',
    1 => NULL,
    2 => NULL,
  ),
)
[ info ] [ HEADER ] array (
  'host' => 'wallet.2100w.cn',
  'cookie' => 'PHPSESSID=5eb5j1fpmidau21p5lebnot9g2; think_var=zh-cn; _ga=GA1.2.304387276.1511587880; _gid=GA1.2.1036633365.1511587880',
  'connection' => 'keep-alive',
  'upgrade-insecure-requests' => '1',
  'accept' => 'text/html,application/xhtml+xml,application/xml;q=0.9,*/*;q=0.8',
  'user-agent' => 'Mozilla/5.0 (Macintosh; Intel Mac OS X 10_13_1) AppleWebKit/604.3.5 (KHTML, like Gecko) Version/11.0.1 Safari/604.3.5',
  'referer' => 'http://wallet.2100w.cn/transaction',
  'accept-language' => 'zh-cn',
  'accept-encoding' => 'gzip, deflate',
  'content-type' => '',
  'content-length' => '',
)
[ info ] [ PARAM ] array (
)
[ info ] [ LANG ] /home/www/snb_wallet/public/../application/index/lang/zh-cn.php
[ info ] [ RUN ] app\index\controller\Index->index[ /home/www/snb_wallet/application/index/controller/Index.php ]
[ info ] [ SESSION ] INIT array (
  'id' => '',
  'var_session_id' => '',
  'prefix' => 'think',
  'type' => '',
  'auto_start' => true,
)
[ info ] [ VIEW ] /home/www/snb_wallet/public/../application/index/view/index/Index.html [ array (
  0 => 'dir',
  1 => 'title',
) ]
[ info ] [ LOG ] INIT File

---------------------------------------------------------------
[ 2017-11-26T14:54:39+08:00 ] 172.31.232.156 163.179.32.29 POST /index/gateway/alldata
[ log ] wallet.2100w.cn/index/gateway/alldata [运行时间：0.052719s][吞吐率：18.97req/s] [内存消耗：3,583.61kb] [文件加载：47]
[ info ] [ LANG ] /home/www/snb_wallet/thinkphp/lang/zh-cn.php
[ info ] [ LANG ] /home/www/snb_wallet/public/../application/lang/zh-cn.php
[ info ] [ ROUTE ] array (
  'type' => 'module',
  'module' => 
  array (
    0 => 'index',
    1 => 'gateway',
    2 => 'alldata',
  ),
)
[ info ] [ HEADER ] array (
  'host' => 'wallet.2100w.cn',
  'accept' => '*/*',
  'x-requested-with' => 'XMLHttpRequest',
  'accept-language' => 'zh-cn',
  'accept-encoding' => 'gzip, deflate',
  'content-type' => 'application/x-www-form-urlencoded; charset=UTF-8',
  'origin' => 'http://wallet.2100w.cn',
  'user-agent' => 'Mozilla/5.0 (Macintosh; Intel Mac OS X 10_13_1) AppleWebKit/604.3.5 (KHTML, like Gecko) Version/11.0.1 Safari/604.3.5',
  'connection' => 'keep-alive',
  'referer' => 'http://wallet.2100w.cn/',
  'content-length' => '667',
  'cookie' => 'PHPSESSID=5eb5j1fpmidau21p5lebnot9g2; think_var=zh-cn; _ga=GA1.2.304387276.1511587880; _gid=GA1.2.1036633365.1511587880',
)
[ info ] [ PARAM ] array (
  'issuer' => 
  array (
    0 => 'GCXN2CDLEOQ5Z3JGSGZWZ3ZQ6MPDJWDBFN5MYRZXTYMAP6TZIZMCUYSY',
    1 => 'GCV3PTG5D3RG2LFBZV3FC4LCVMYR5KJBHU567PSHUHBN56HIALZQZIJQ',
    2 => 'GBFM33WO6ROOUD4ZZ4NYRAEKQKGHXDAFGJVZUR2LBU76OAVP4XGFMSN2',
    3 => 'GB4U3D4DH44L3MDHX4RUGLQK7OXTN4POQGGGFHIDQU57NH4D3SMRHVCA',
    4 => 'GDQZ2HAFUJXBXJJF4RHJD5GOZF7PCCNKKRW6JSXHPBHHTFUUR2RMYV2S',
    5 => 'GAQSMLEAXM6LZWGFTINF3ZW56NFWG7MNVNODVCT4F66Z3P7FQLVIJ7NK',
  ),
  'asset' => 
  array (
    0 => 'IOT',
    1 => 'CNY',
    2 => 'LQSDT',
    3 => 'LQSMJ',
    4 => 'LQSTJ',
    5 => 'LQSSJ',
  ),
  'balance' => 
  array (
    0 => '0.0000000',
    1 => '0.0000000',
    2 => '0.0000000',
    3 => '0.0000000',
    4 => '0.0000000',
    5 => '0.0000000',
  ),
)
[ info ] [ LANG ] /home/www/snb_wallet/public/../application/index/lang/zh-cn.php
[ info ] [ RUN ] app\index\controller\Gateway->alldata[ /home/www/snb_wallet/application/index/controller/Gateway.php ]
[ info ] [ SESSION ] INIT array (
  'id' => '',
  'var_session_id' => '',
  'prefix' => 'think',
  'type' => '',
  'auto_start' => true,
)
[ info ] [ DB ] INIT mysql
[ info ] [ LOG ] INIT File
[ sql ] [ DB ] CONNECT:[ UseTime:0.000322s ] mysql:dbname=wallet;host=localhost;charset=utf8
[ sql ] [ SQL ] SHOW COLUMNS FROM `yuan_asset` [ RunTime:0.000862s ]
[ sql ] [ SQL ] SELECT * FROM `yuan_asset` WHERE  `asset_issuer` = 'GCXN2CDLEOQ5Z3JGSGZWZ3ZQ6MPDJWDBFN5MYRZXTYMAP6TZIZMCUYSY'  AND `asset_code` = 'IOT' LIMIT 1 [ RunTime:0.000246s ]
[ sql ] [ SQL ] SHOW COLUMNS FROM `yuan_gateway` [ RunTime:0.000675s ]
[ sql ] [ SQL ] SELECT * FROM `yuan_gateway` WHERE  `gateway_id` = 6 LIMIT 1 [ RunTime:0.000185s ]
[ sql ] [ SQL ] SELECT * FROM `yuan_asset` WHERE  `asset_issuer` = 'GCV3PTG5D3RG2LFBZV3FC4LCVMYR5KJBHU567PSHUHBN56HIALZQZIJQ'  AND `asset_code` = 'CNY' LIMIT 1 [ RunTime:0.000176s ]
[ sql ] [ SQL ] SELECT * FROM `yuan_gateway` WHERE  `gateway_id` = 2 LIMIT 1 [ RunTime:0.000167s ]
[ sql ] [ SQL ] SELECT * FROM `yuan_asset` WHERE  `asset_issuer` = 'GBFM33WO6ROOUD4ZZ4NYRAEKQKGHXDAFGJVZUR2LBU76OAVP4XGFMSN2'  AND `asset_code` = 'LQSDT' LIMIT 1 [ RunTime:0.000175s ]
[ sql ] [ SQL ] SELECT * FROM `yuan_gateway` WHERE  `gateway_id` = 6 LIMIT 1 [ RunTime:0.000202s ]
[ sql ] [ SQL ] SELECT * FROM `yuan_asset` WHERE  `asset_issuer` = 'GB4U3D4DH44L3MDHX4RUGLQK7OXTN4POQGGGFHIDQU57NH4D3SMRHVCA'  AND `asset_code` = 'LQSMJ' LIMIT 1 [ RunTime:0.000187s ]
[ sql ] [ SQL ] SELECT * FROM `yuan_gateway` WHERE  `gateway_id` = 6 LIMIT 1 [ RunTime:0.000249s ]
[ sql ] [ SQL ] SELECT * FROM `yuan_asset` WHERE  `asset_issuer` = 'GDQZ2HAFUJXBXJJF4RHJD5GOZF7PCCNKKRW6JSXHPBHHTFUUR2RMYV2S'  AND `asset_code` = 'LQSTJ' LIMIT 1 [ RunTime:0.000183s ]
[ sql ] [ SQL ] SELECT * FROM `yuan_gateway` WHERE  `gateway_id` = 6 LIMIT 1 [ RunTime:0.000181s ]
[ sql ] [ SQL ] SELECT * FROM `yuan_asset` WHERE  `asset_issuer` = 'GAQSMLEAXM6LZWGFTINF3ZW56NFWG7MNVNODVCT4F66Z3P7FQLVIJ7NK'  AND `asset_code` = 'LQSSJ' LIMIT 1 [ RunTime:0.000185s ]
[ sql ] [ SQL ] SELECT * FROM `yuan_gateway` WHERE  `gateway_id` = 6 LIMIT 1 [ RunTime:0.000172s ]

---------------------------------------------------------------
[ 2017-11-26T14:56:49+08:00 ] 172.31.232.156 163.179.32.29 GET /
[ log ] wallet.2100w.cn/ [运行时间：0.023311s][吞吐率：42.90req/s] [内存消耗：2,199.28kb] [文件加载：38]
[ info ] [ LANG ] /home/www/snb_wallet/thinkphp/lang/zh-cn.php
[ info ] [ LANG ] /home/www/snb_wallet/public/../application/lang/zh-cn.php
[ info ] [ ROUTE ] array (
  'type' => 'module',
  'module' => 
  array (
    0 => '',
    1 => NULL,
    2 => NULL,
  ),
)
[ info ] [ HEADER ] array (
  'host' => 'wallet.2100w.cn',
  'cookie' => 'PHPSESSID=5eb5j1fpmidau21p5lebnot9g2; think_var=zh-cn; _ga=GA1.2.304387276.1511587880; _gid=GA1.2.1036633365.1511587880',
  'connection' => 'keep-alive',
  'upgrade-insecure-requests' => '1',
  'accept' => 'text/html,application/xhtml+xml,application/xml;q=0.9,*/*;q=0.8',
  'user-agent' => 'Mozilla/5.0 (Macintosh; Intel Mac OS X 10_13_1) AppleWebKit/604.3.5 (KHTML, like Gecko) Version/11.0.1 Safari/604.3.5',
  'referer' => 'http://wallet.2100w.cn/transaction',
  'accept-language' => 'zh-cn',
  'accept-encoding' => 'gzip, deflate',
  'content-type' => '',
  'content-length' => '',
)
[ info ] [ PARAM ] array (
)
[ info ] [ LANG ] /home/www/snb_wallet/public/../application/index/lang/zh-cn.php
[ info ] [ RUN ] app\index\controller\Index->index[ /home/www/snb_wallet/application/index/controller/Index.php ]
[ info ] [ SESSION ] INIT array (
  'id' => '',
  'var_session_id' => '',
  'prefix' => 'think',
  'type' => '',
  'auto_start' => true,
)
[ info ] [ VIEW ] /home/www/snb_wallet/public/../application/index/view/index/Index.html [ array (
  0 => 'dir',
  1 => 'title',
) ]
[ info ] [ LOG ] INIT File

---------------------------------------------------------------
[ 2017-11-26T14:56:50+08:00 ] 172.31.232.156 163.179.32.29 POST /index/gateway/alldata
[ log ] wallet.2100w.cn/index/gateway/alldata [运行时间：0.044274s][吞吐率：22.59req/s] [内存消耗：3,583.61kb] [文件加载：47]
[ info ] [ LANG ] /home/www/snb_wallet/thinkphp/lang/zh-cn.php
[ info ] [ LANG ] /home/www/snb_wallet/public/../application/lang/zh-cn.php
[ info ] [ ROUTE ] array (
  'type' => 'module',
  'module' => 
  array (
    0 => 'index',
    1 => 'gateway',
    2 => 'alldata',
  ),
)
[ info ] [ HEADER ] array (
  'host' => 'wallet.2100w.cn',
  'accept' => '*/*',
  'x-requested-with' => 'XMLHttpRequest',
  'accept-language' => 'zh-cn',
  'accept-encoding' => 'gzip, deflate',
  'content-type' => 'application/x-www-form-urlencoded; charset=UTF-8',
  'origin' => 'http://wallet.2100w.cn',
  'user-agent' => 'Mozilla/5.0 (Macintosh; Intel Mac OS X 10_13_1) AppleWebKit/604.3.5 (KHTML, like Gecko) Version/11.0.1 Safari/604.3.5',
  'connection' => 'keep-alive',
  'referer' => 'http://wallet.2100w.cn/',
  'content-length' => '667',
  'cookie' => 'PHPSESSID=5eb5j1fpmidau21p5lebnot9g2; think_var=zh-cn; _ga=GA1.2.304387276.1511587880; _gid=GA1.2.1036633365.1511587880',
)
[ info ] [ PARAM ] array (
  'issuer' => 
  array (
    0 => 'GCXN2CDLEOQ5Z3JGSGZWZ3ZQ6MPDJWDBFN5MYRZXTYMAP6TZIZMCUYSY',
    1 => 'GCV3PTG5D3RG2LFBZV3FC4LCVMYR5KJBHU567PSHUHBN56HIALZQZIJQ',
    2 => 'GBFM33WO6ROOUD4ZZ4NYRAEKQKGHXDAFGJVZUR2LBU76OAVP4XGFMSN2',
    3 => 'GB4U3D4DH44L3MDHX4RUGLQK7OXTN4POQGGGFHIDQU57NH4D3SMRHVCA',
    4 => 'GDQZ2HAFUJXBXJJF4RHJD5GOZF7PCCNKKRW6JSXHPBHHTFUUR2RMYV2S',
    5 => 'GAQSMLEAXM6LZWGFTINF3ZW56NFWG7MNVNODVCT4F66Z3P7FQLVIJ7NK',
  ),
  'asset' => 
  array (
    0 => 'IOT',
    1 => 'CNY',
    2 => 'LQSDT',
    3 => 'LQSMJ',
    4 => 'LQSTJ',
    5 => 'LQSSJ',
  ),
  'balance' => 
  array (
    0 => '0.0000000',
    1 => '0.0000000',
    2 => '0.0000000',
    3 => '0.0000000',
    4 => '0.0000000',
    5 => '0.0000000',
  ),
)
[ info ] [ LANG ] /home/www/snb_wallet/public/../application/index/lang/zh-cn.php
[ info ] [ RUN ] app\index\controller\Gateway->alldata[ /home/www/snb_wallet/application/index/controller/Gateway.php ]
[ info ] [ SESSION ] INIT array (
  'id' => '',
  'var_session_id' => '',
  'prefix' => 'think',
  'type' => '',
  'auto_start' => true,
)
[ info ] [ DB ] INIT mysql
[ info ] [ LOG ] INIT File
[ sql ] [ DB ] CONNECT:[ UseTime:0.000399s ] mysql:dbname=wallet;host=localhost;charset=utf8
[ sql ] [ SQL ] SHOW COLUMNS FROM `yuan_asset` [ RunTime:0.000838s ]
[ sql ] [ SQL ] SELECT * FROM `yuan_asset` WHERE  `asset_issuer` = 'GCXN2CDLEOQ5Z3JGSGZWZ3ZQ6MPDJWDBFN5MYRZXTYMAP6TZIZMCUYSY'  AND `asset_code` = 'IOT' LIMIT 1 [ RunTime:0.000254s ]
[ sql ] [ SQL ] SHOW COLUMNS FROM `yuan_gateway` [ RunTime:0.000542s ]
[ sql ] [ SQL ] SELECT * FROM `yuan_gateway` WHERE  `gateway_id` = 6 LIMIT 1 [ RunTime:0.000244s ]
[ sql ] [ SQL ] SELECT * FROM `yuan_asset` WHERE  `asset_issuer` = 'GCV3PTG5D3RG2LFBZV3FC4LCVMYR5KJBHU567PSHUHBN56HIALZQZIJQ'  AND `asset_code` = 'CNY' LIMIT 1 [ RunTime:0.000182s ]
[ sql ] [ SQL ] SELECT * FROM `yuan_gateway` WHERE  `gateway_id` = 2 LIMIT 1 [ RunTime:0.000160s ]
[ sql ] [ SQL ] SELECT * FROM `yuan_asset` WHERE  `asset_issuer` = 'GBFM33WO6ROOUD4ZZ4NYRAEKQKGHXDAFGJVZUR2LBU76OAVP4XGFMSN2'  AND `asset_code` = 'LQSDT' LIMIT 1 [ RunTime:0.000135s ]
[ sql ] [ SQL ] SELECT * FROM `yuan_gateway` WHERE  `gateway_id` = 6 LIMIT 1 [ RunTime:0.000297s ]
[ sql ] [ SQL ] SELECT * FROM `yuan_asset` WHERE  `asset_issuer` = 'GB4U3D4DH44L3MDHX4RUGLQK7OXTN4POQGGGFHIDQU57NH4D3SMRHVCA'  AND `asset_code` = 'LQSMJ' LIMIT 1 [ RunTime:0.000131s ]
[ sql ] [ SQL ] SELECT * FROM `yuan_gateway` WHERE  `gateway_id` = 6 LIMIT 1 [ RunTime:0.000119s ]
[ sql ] [ SQL ] SELECT * FROM `yuan_asset` WHERE  `asset_issuer` = 'GDQZ2HAFUJXBXJJF4RHJD5GOZF7PCCNKKRW6JSXHPBHHTFUUR2RMYV2S'  AND `asset_code` = 'LQSTJ' LIMIT 1 [ RunTime:0.000153s ]
[ sql ] [ SQL ] SELECT * FROM `yuan_gateway` WHERE  `gateway_id` = 6 LIMIT 1 [ RunTime:0.000120s ]
[ sql ] [ SQL ] SELECT * FROM `yuan_asset` WHERE  `asset_issuer` = 'GAQSMLEAXM6LZWGFTINF3ZW56NFWG7MNVNODVCT4F66Z3P7FQLVIJ7NK'  AND `asset_code` = 'LQSSJ' LIMIT 1 [ RunTime:0.000137s ]
[ sql ] [ SQL ] SELECT * FROM `yuan_gateway` WHERE  `gateway_id` = 6 LIMIT 1 [ RunTime:0.000194s ]

---------------------------------------------------------------
[ 2017-11-26T14:56:51+08:00 ] 172.31.232.156 163.179.32.29 GET /exchange
[ log ] wallet.2100w.cn/exchange [运行时间：0.048238s][吞吐率：20.73req/s] [内存消耗：4,238.69kb] [文件加载：56]
[ info ] [ LANG ] /home/www/snb_wallet/thinkphp/lang/zh-cn.php
[ info ] [ LANG ] /home/www/snb_wallet/public/../application/lang/zh-cn.php
[ info ] [ ROUTE ] array (
  'type' => 'module',
  'module' => 
  array (
    0 => 'index',
    1 => 'exchange',
    2 => 'index',
  ),
  'convert' => false,
)
[ info ] [ HEADER ] array (
  'host' => 'wallet.2100w.cn',
  'cookie' => 'PHPSESSID=5eb5j1fpmidau21p5lebnot9g2; think_var=zh-cn; _ga=GA1.2.304387276.1511587880; _gid=GA1.2.1036633365.1511587880',
  'connection' => 'keep-alive',
  'upgrade-insecure-requests' => '1',
  'accept' => 'text/html,application/xhtml+xml,application/xml;q=0.9,*/*;q=0.8',
  'user-agent' => 'Mozilla/5.0 (Macintosh; Intel Mac OS X 10_13_1) AppleWebKit/604.3.5 (KHTML, like Gecko) Version/11.0.1 Safari/604.3.5',
  'referer' => 'http://wallet.2100w.cn/',
  'accept-language' => 'zh-cn',
  'accept-encoding' => 'gzip, deflate',
  'content-type' => '',
  'content-length' => '',
)
[ info ] [ PARAM ] array (
)
[ info ] [ LANG ] /home/www/snb_wallet/public/../application/index/lang/zh-cn.php
[ info ] [ RUN ] app\index\controller\Exchange->index[ /home/www/snb_wallet/application/index/controller/Exchange.php ]
[ info ] [ SESSION ] INIT array (
  'id' => '',
  'var_session_id' => '',
  'prefix' => 'think',
  'type' => '',
  'auto_start' => true,
)
[ info ] [ DB ] INIT mysql
[ info ] [ VIEW ] /home/www/snb_wallet/public/../application/index/view/exchange/Index.html [ array (
  0 => 'dir',
  1 => 'gateway',
  2 => 'allExchange',
  3 => 'page',
) ]
[ info ] [ LOG ] INIT File
[ sql ] [ DB ] CONNECT:[ UseTime:0.000289s ] mysql:dbname=wallet;host=localhost;charset=utf8
[ sql ] [ SQL ] SHOW COLUMNS FROM `yuan_gateway` [ RunTime:0.000639s ]
[ sql ] [ SQL ] SELECT * FROM `yuan_gateway` WHERE  `gateway_status` = 2 [ RunTime:0.000267s ]
[ sql ] [ SQL ] SHOW COLUMNS FROM `yuan_asset` [ RunTime:0.000401s ]
[ sql ] [ SQL ] SELECT * FROM `yuan_asset` WHERE  `gateway_id` = 6  AND `asset_issuer` = 'GBTTTIS53XG3UX2UEXJQDPCITTEDQYBVXJ5MLN4QQTRRFMX45ZJTBIN6' [ RunTime:0.000237s ]
[ sql ] [ SQL ] SHOW COLUMNS FROM `yuan_exchange_record` [ RunTime:0.000966s ]
[ sql ] [ SQL ] SELECT COUNT(*) AS tp_count FROM `yuan_exchange_record` WHERE  ( `user_account_obj` = 'GBTTTIS53XG3UX2UEXJQDPCITTEDQYBVXJ5MLN4QQTRRFMX45ZJTBIN6' OR `user_account_src` = 'GBTTTIS53XG3UX2UEXJQDPCITTEDQYBVXJ5MLN4QQTRRFMX45ZJTBIN6' OR `user_account` = 'GBTTTIS53XG3UX2UEXJQDPCITTEDQYBVXJ5MLN4QQTRRFMX45ZJTBIN6' ) LIMIT 1 [ RunTime:0.000450s ]
[ sql ] [ SQL ] SELECT * FROM `yuan_exchange_record` WHERE  ( `user_account_obj` = 'GBTTTIS53XG3UX2UEXJQDPCITTEDQYBVXJ5MLN4QQTRRFMX45ZJTBIN6' OR `user_account_src` = 'GBTTTIS53XG3UX2UEXJQDPCITTEDQYBVXJ5MLN4QQTRRFMX45ZJTBIN6' OR `user_account` = 'GBTTTIS53XG3UX2UEXJQDPCITTEDQYBVXJ5MLN4QQTRRFMX45ZJTBIN6' ) ORDER BY record_datetime desc LIMIT 0,8 [ RunTime:0.000312s ]
[ sql ] [ SQL ] SELECT * FROM `yuan_asset` WHERE  `asset_id` = 16 LIMIT 1 [ RunTime:0.000222s ]
[ sql ] [ SQL ] SELECT * FROM `yuan_asset` WHERE  `asset_id` = 16 LIMIT 1 [ RunTime:0.000130s ]

---------------------------------------------------------------
[ 2017-11-26T14:56:53+08:00 ] 172.31.232.156 163.179.32.29 POST /index/gateway/alldata
[ log ] wallet.2100w.cn/index/gateway/alldata [运行时间：0.027773s][吞吐率：36.01req/s] [内存消耗：3,583.76kb] [文件加载：47]
[ info ] [ LANG ] /home/www/snb_wallet/thinkphp/lang/zh-cn.php
[ info ] [ LANG ] /home/www/snb_wallet/public/../application/lang/zh-cn.php
[ info ] [ ROUTE ] array (
  'type' => 'module',
  'module' => 
  array (
    0 => 'index',
    1 => 'gateway',
    2 => 'alldata',
  ),
)
[ info ] [ HEADER ] array (
  'host' => 'wallet.2100w.cn',
  'accept' => '*/*',
  'x-requested-with' => 'XMLHttpRequest',
  'accept-language' => 'zh-cn',
  'accept-encoding' => 'gzip, deflate',
  'content-type' => 'application/x-www-form-urlencoded; charset=UTF-8',
  'origin' => 'http://wallet.2100w.cn',
  'user-agent' => 'Mozilla/5.0 (Macintosh; Intel Mac OS X 10_13_1) AppleWebKit/604.3.5 (KHTML, like Gecko) Version/11.0.1 Safari/604.3.5',
  'connection' => 'keep-alive',
  'referer' => 'http://wallet.2100w.cn/exchange',
  'content-length' => '667',
  'cookie' => 'PHPSESSID=5eb5j1fpmidau21p5lebnot9g2; think_var=zh-cn; _ga=GA1.2.304387276.1511587880; _gid=GA1.2.1036633365.1511587880',
)
[ info ] [ PARAM ] array (
  'issuer' => 
  array (
    0 => 'GCXN2CDLEOQ5Z3JGSGZWZ3ZQ6MPDJWDBFN5MYRZXTYMAP6TZIZMCUYSY',
    1 => 'GCV3PTG5D3RG2LFBZV3FC4LCVMYR5KJBHU567PSHUHBN56HIALZQZIJQ',
    2 => 'GBFM33WO6ROOUD4ZZ4NYRAEKQKGHXDAFGJVZUR2LBU76OAVP4XGFMSN2',
    3 => 'GB4U3D4DH44L3MDHX4RUGLQK7OXTN4POQGGGFHIDQU57NH4D3SMRHVCA',
    4 => 'GDQZ2HAFUJXBXJJF4RHJD5GOZF7PCCNKKRW6JSXHPBHHTFUUR2RMYV2S',
    5 => 'GAQSMLEAXM6LZWGFTINF3ZW56NFWG7MNVNODVCT4F66Z3P7FQLVIJ7NK',
  ),
  'asset' => 
  array (
    0 => 'IOT',
    1 => 'CNY',
    2 => 'LQSDT',
    3 => 'LQSMJ',
    4 => 'LQSTJ',
    5 => 'LQSSJ',
  ),
  'balance' => 
  array (
    0 => '0.0000000',
    1 => '0.0000000',
    2 => '0.0000000',
    3 => '0.0000000',
    4 => '0.0000000',
    5 => '0.0000000',
  ),
)
[ info ] [ LANG ] /home/www/snb_wallet/public/../application/index/lang/zh-cn.php
[ info ] [ RUN ] app\index\controller\Gateway->alldata[ /home/www/snb_wallet/application/index/controller/Gateway.php ]
[ info ] [ SESSION ] INIT array (
  'id' => '',
  'var_session_id' => '',
  'prefix' => 'think',
  'type' => '',
  'auto_start' => true,
)
[ info ] [ DB ] INIT mysql
[ info ] [ LOG ] INIT File
[ sql ] [ DB ] CONNECT:[ UseTime:0.000287s ] mysql:dbname=wallet;host=localhost;charset=utf8
[ sql ] [ SQL ] SHOW COLUMNS FROM `yuan_asset` [ RunTime:0.000613s ]
[ sql ] [ SQL ] SELECT * FROM `yuan_asset` WHERE  `asset_issuer` = 'GCXN2CDLEOQ5Z3JGSGZWZ3ZQ6MPDJWDBFN5MYRZXTYMAP6TZIZMCUYSY'  AND `asset_code` = 'IOT' LIMIT 1 [ RunTime:0.000208s ]
[ sql ] [ SQL ] SHOW COLUMNS FROM `yuan_gateway` [ RunTime:0.000427s ]
[ sql ] [ SQL ] SELECT * FROM `yuan_gateway` WHERE  `gateway_id` = 6 LIMIT 1 [ RunTime:0.000160s ]
[ sql ] [ SQL ] SELECT * FROM `yuan_asset` WHERE  `asset_issuer` = 'GCV3PTG5D3RG2LFBZV3FC4LCVMYR5KJBHU567PSHUHBN56HIALZQZIJQ'  AND `asset_code` = 'CNY' LIMIT 1 [ RunTime:0.000144s ]
[ sql ] [ SQL ] SELECT * FROM `yuan_gateway` WHERE  `gateway_id` = 2 LIMIT 1 [ RunTime:0.000143s ]
[ sql ] [ SQL ] SELECT * FROM `yuan_asset` WHERE  `asset_issuer` = 'GBFM33WO6ROOUD4ZZ4NYRAEKQKGHXDAFGJVZUR2LBU76OAVP4XGFMSN2'  AND `asset_code` = 'LQSDT' LIMIT 1 [ RunTime:0.000141s ]
[ sql ] [ SQL ] SELECT * FROM `yuan_gateway` WHERE  `gateway_id` = 6 LIMIT 1 [ RunTime:0.000138s ]
[ sql ] [ SQL ] SELECT * FROM `yuan_asset` WHERE  `asset_issuer` = 'GB4U3D4DH44L3MDHX4RUGLQK7OXTN4POQGGGFHIDQU57NH4D3SMRHVCA'  AND `asset_code` = 'LQSMJ' LIMIT 1 [ RunTime:0.000139s ]
[ sql ] [ SQL ] SELECT * FROM `yuan_gateway` WHERE  `gateway_id` = 6 LIMIT 1 [ RunTime:0.000138s ]
[ sql ] [ SQL ] SELECT * FROM `yuan_asset` WHERE  `asset_issuer` = 'GDQZ2HAFUJXBXJJF4RHJD5GOZF7PCCNKKRW6JSXHPBHHTFUUR2RMYV2S'  AND `asset_code` = 'LQSTJ' LIMIT 1 [ RunTime:0.000145s ]
[ sql ] [ SQL ] SELECT * FROM `yuan_gateway` WHERE  `gateway_id` = 6 LIMIT 1 [ RunTime:0.000135s ]
[ sql ] [ SQL ] SELECT * FROM `yuan_asset` WHERE  `asset_issuer` = 'GAQSMLEAXM6LZWGFTINF3ZW56NFWG7MNVNODVCT4F66Z3P7FQLVIJ7NK'  AND `asset_code` = 'LQSSJ' LIMIT 1 [ RunTime:0.000138s ]
[ sql ] [ SQL ] SELECT * FROM `yuan_gateway` WHERE  `gateway_id` = 6 LIMIT 1 [ RunTime:0.000144s ]

---------------------------------------------------------------
[ 2017-11-26T14:56:54+08:00 ] 172.31.232.156 163.179.32.29 GET /gateway
[ log ] wallet.2100w.cn/gateway [运行时间：0.036510s][吞吐率：27.39req/s] [内存消耗：3,891.46kb] [文件加载：49]
[ info ] [ LANG ] /home/www/snb_wallet/thinkphp/lang/zh-cn.php
[ info ] [ LANG ] /home/www/snb_wallet/public/../application/lang/zh-cn.php
[ info ] [ ROUTE ] array (
  'type' => 'module',
  'module' => 
  array (
    0 => 'index',
    1 => 'gateway',
    2 => 'index',
  ),
  'convert' => false,
)
[ info ] [ HEADER ] array (
  'host' => 'wallet.2100w.cn',
  'cookie' => 'PHPSESSID=5eb5j1fpmidau21p5lebnot9g2; think_var=zh-cn; _ga=GA1.2.304387276.1511587880; _gid=GA1.2.1036633365.1511587880',
  'connection' => 'keep-alive',
  'upgrade-insecure-requests' => '1',
  'accept' => 'text/html,application/xhtml+xml,application/xml;q=0.9,*/*;q=0.8',
  'user-agent' => 'Mozilla/5.0 (Macintosh; Intel Mac OS X 10_13_1) AppleWebKit/604.3.5 (KHTML, like Gecko) Version/11.0.1 Safari/604.3.5',
  'referer' => 'http://wallet.2100w.cn/exchange',
  'accept-language' => 'zh-cn',
  'accept-encoding' => 'gzip, deflate',
  'content-type' => '',
  'content-length' => '',
)
[ info ] [ PARAM ] array (
)
[ info ] [ LANG ] /home/www/snb_wallet/public/../application/index/lang/zh-cn.php
[ info ] [ RUN ] app\index\controller\Gateway->index[ /home/www/snb_wallet/application/index/controller/Gateway.php ]
[ info ] [ SESSION ] INIT array (
  'id' => '',
  'var_session_id' => '',
  'prefix' => 'think',
  'type' => '',
  'auto_start' => true,
)
[ info ] [ DB ] INIT mysql
[ info ] [ VIEW ] /home/www/snb_wallet/public/../application/index/view/gateway/Index.html [ array (
  0 => 'dir',
  1 => 'gateway',
  2 => 'mygateway',
) ]
[ info ] [ LOG ] INIT File
[ sql ] [ DB ] CONNECT:[ UseTime:0.000292s ] mysql:dbname=wallet;host=localhost;charset=utf8
[ sql ] [ SQL ] SHOW COLUMNS FROM `yuan_gateway` [ RunTime:0.000646s ]
[ sql ] [ SQL ] SELECT * FROM `yuan_gateway` WHERE  `gateway_status` = 2 LIMIT 10 [ RunTime:0.000199s ]
[ sql ] [ SQL ] SHOW COLUMNS FROM `yuan_asset` [ RunTime:0.000397s ]
[ sql ] [ SQL ] SELECT * FROM `yuan_asset` WHERE  `gateway_id` = 6 [ RunTime:0.000159s ]
[ sql ] [ SQL ] SELECT * FROM `yuan_gateway` WHERE  `gateway_account` = 'GBTTTIS53XG3UX2UEXJQDPCITTEDQYBVXJ5MLN4QQTRRFMX45ZJTBIN6' LIMIT 1 [ RunTime:0.000147s ]

---------------------------------------------------------------
[ 2017-11-26T14:56:54+08:00 ] 172.31.232.156 163.179.32.29 GET /index/gateway/data/account/GBTTTIS53XG3UX2UEXJQDPCITTEDQYBVXJ5MLN4QQTRRFMX45ZJTBIN6
[ log ] wallet.2100w.cn/index/gateway/data/account/GBTTTIS53XG3UX2UEXJQDPCITTEDQYBVXJ5MLN4QQTRRFMX45ZJTBIN6 [运行时间：0.023809s][吞吐率：42.00req/s] [内存消耗：3,582.49kb] [文件加载：47]
[ info ] [ LANG ] /home/www/snb_wallet/thinkphp/lang/zh-cn.php
[ info ] [ LANG ] /home/www/snb_wallet/public/../application/lang/zh-cn.php
[ info ] [ ROUTE ] array (
  'type' => 'module',
  'module' => 
  array (
    0 => 'index',
    1 => 'gateway',
    2 => 'data',
  ),
)
[ info ] [ HEADER ] array (
  'host' => 'wallet.2100w.cn',
  'accept-encoding' => 'gzip, deflate',
  'cookie' => 'PHPSESSID=5eb5j1fpmidau21p5lebnot9g2; think_var=zh-cn; _ga=GA1.2.304387276.1511587880; _gid=GA1.2.1036633365.1511587880',
  'connection' => 'keep-alive',
  'accept' => '*/*',
  'user-agent' => 'Mozilla/5.0 (Macintosh; Intel Mac OS X 10_13_1) AppleWebKit/604.3.5 (KHTML, like Gecko) Version/11.0.1 Safari/604.3.5',
  'referer' => 'http://wallet.2100w.cn/gateway',
  'accept-language' => 'zh-cn',
  'x-requested-with' => 'XMLHttpRequest',
  'content-type' => '',
  'content-length' => '',
)
[ info ] [ PARAM ] array (
  'account' => 'GBTTTIS53XG3UX2UEXJQDPCITTEDQYBVXJ5MLN4QQTRRFMX45ZJTBIN6',
)
[ info ] [ LANG ] /home/www/snb_wallet/public/../application/index/lang/zh-cn.php
[ info ] [ RUN ] app\index\controller\Gateway->data[ /home/www/snb_wallet/application/index/controller/Gateway.php ]
[ info ] [ SESSION ] INIT array (
  'id' => '',
  'var_session_id' => '',
  'prefix' => 'think',
  'type' => '',
  'auto_start' => true,
)
[ info ] [ DB ] INIT mysql
[ info ] [ LOG ] INIT File
[ sql ] [ DB ] CONNECT:[ UseTime:0.000293s ] mysql:dbname=wallet;host=localhost;charset=utf8
[ sql ] [ SQL ] SHOW COLUMNS FROM `yuan_asset` [ RunTime:0.000611s ]
[ sql ] [ SQL ] SELECT * FROM `yuan_asset` WHERE  `asset_issuer` = 'GBTTTIS53XG3UX2UEXJQDPCITTEDQYBVXJ5MLN4QQTRRFMX45ZJTBIN6' LIMIT 1 [ RunTime:0.000258s ]
[ sql ] [ SQL ] SHOW COLUMNS FROM `yuan_gateway` [ RunTime:0.000411s ]
[ sql ] [ SQL ] SELECT * FROM `yuan_gateway` WHERE  `gateway_id` = 6 LIMIT 1 [ RunTime:0.000161s ]
[ sql ] [ SQL ] SELECT * FROM `yuan_asset` WHERE  `gateway_id` = 6 [ RunTime:0.000156s ]

---------------------------------------------------------------
[ 2017-11-26T14:56:54+08:00 ] 172.31.232.156 163.179.32.29 GET /index/asset/getIssuerAmount/code/YLQSSJ/issuer/GBTTTIS53XG3UX2UEXJQDPCITTEDQYBVXJ5MLN4QQTRRFMX45ZJTBIN6
[ log ] wallet.2100w.cn/index/asset/getIssuerAmount/code/YLQSSJ/issuer/GBTTTIS53XG3UX2UEXJQDPCITTEDQYBVXJ5MLN4QQTRRFMX45ZJTBIN6 [运行时间：0.022101s][吞吐率：45.25req/s] [内存消耗：3,281.76kb] [文件加载：45]
[ info ] [ LANG ] /home/www/snb_wallet/thinkphp/lang/zh-cn.php
[ info ] [ LANG ] /home/www/snb_wallet/public/../application/lang/zh-cn.php
[ info ] [ ROUTE ] array (
  'type' => 'module',
  'module' => 
  array (
    0 => 'index',
    1 => 'asset',
    2 => 'getIssuerAmount',
  ),
)
[ info ] [ HEADER ] array (
  'host' => 'wallet.2100w.cn',
  'accept-encoding' => 'gzip, deflate',
  'cookie' => 'PHPSESSID=5eb5j1fpmidau21p5lebnot9g2; think_var=zh-cn; _ga=GA1.2.304387276.1511587880; _gid=GA1.2.1036633365.1511587880',
  'connection' => 'keep-alive',
  'accept' => '*/*',
  'user-agent' => 'Mozilla/5.0 (Macintosh; Intel Mac OS X 10_13_1) AppleWebKit/604.3.5 (KHTML, like Gecko) Version/11.0.1 Safari/604.3.5',
  'referer' => 'http://wallet.2100w.cn/gateway',
  'accept-language' => 'zh-cn',
  'x-requested-with' => 'XMLHttpRequest',
  'content-type' => '',
  'content-length' => '',
)
[ info ] [ PARAM ] array (
  'code' => 'YLQSSJ',
  'issuer' => 'GBTTTIS53XG3UX2UEXJQDPCITTEDQYBVXJ5MLN4QQTRRFMX45ZJTBIN6',
)
[ info ] [ LANG ] /home/www/snb_wallet/public/../application/index/lang/zh-cn.php
[ info ] [ RUN ] app\index\controller\Asset->getIssuerAmount[ /home/www/snb_wallet/application/index/controller/Asset.php ]
[ info ] [ DB ] INIT mysql
[ info ] [ LOG ] INIT File
[ sql ] [ DB ] CONNECT:[ UseTime:0.000309s ] mysql:dbname=wallet;host=localhost;charset=utf8
[ sql ] [ SQL ] SHOW COLUMNS FROM `yuan_asset` [ RunTime:0.000608s ]
[ sql ] [ SQL ] SELECT * FROM `yuan_asset` WHERE  `asset_issuer` = 'GBTTTIS53XG3UX2UEXJQDPCITTEDQYBVXJ5MLN4QQTRRFMX45ZJTBIN6'  AND `asset_code` = 'YLQSSJ' LIMIT 1 [ RunTime:0.000278s ]

---------------------------------------------------------------
[ 2017-11-26T18:36:32+08:00 ] 172.31.232.156 77.88.5.5 GET /
[ log ] wallet.2100w.cn/ [运行时间：0.013817s][吞吐率：72.37req/s] [内存消耗：1,944.13kb] [文件加载：35]
[ info ] [ LANG ] /home/www/snb_wallet/public/../application/lang/ru.php
[ info ] [ ROUTE ] array (
  'type' => 'module',
  'module' => 
  array (
    0 => '',
    1 => NULL,
    2 => NULL,
  ),
)
[ info ] [ HEADER ] array (
  'host' => 'wallet.2100w.cn',
  'connection' => 'Keep-Alive',
  'user-agent' => 'Mozilla/5.0 (compatible; YandexBot/3.0; +http://yandex.com/bots)',
  'from' => 'support@search.yandex.ru',
  'accept-encoding' => 'gzip,deflate',
  'accept-language' => 'ru, uk;q=0.8, be;q=0.8, en;q=0.7, *;q=0.01',
  'accept' => '*/*',
  'content-type' => '',
  'content-length' => '',
)
[ info ] [ PARAM ] array (
)
[ info ] [ RUN ] app\index\controller\Index->index[ /home/www/snb_wallet/application/index/controller/Index.php ]
[ info ] [ SESSION ] INIT array (
  'id' => '',
  'var_session_id' => '',
  'prefix' => 'think',
  'type' => '',
  'auto_start' => true,
)
[ info ] [ LOG ] INIT File

---------------------------------------------------------------
[ 2017-11-26T18:36:32+08:00 ] 172.31.232.156 93.158.161.100 GET /
[ log ] wallet.2100w.cn/ [运行时间：0.012893s][吞吐率：77.56req/s] [内存消耗：1,943.84kb] [文件加载：35]
[ info ] [ LANG ] /home/www/snb_wallet/public/../application/lang/ru.php
[ info ] [ ROUTE ] array (
  'type' => 'module',
  'module' => 
  array (
    0 => '',
    1 => NULL,
    2 => NULL,
  ),
)
[ info ] [ HEADER ] array (
  'host' => 'wallet.2100w.cn',
  'connection' => 'Keep-Alive',
  'user-agent' => 'Mozilla/5.0 (compatible; YandexBot/3.0; +http://yandex.com/bots)',
  'from' => 'support@search.yandex.ru',
  'accept-encoding' => 'gzip,deflate',
  'accept-language' => 'ru, uk;q=0.8, be;q=0.8, en;q=0.7, *;q=0.01',
  'accept' => '*/*',
  'content-type' => '',
  'content-length' => '',
)
[ info ] [ PARAM ] array (
)
[ info ] [ RUN ] app\index\controller\Index->index[ /home/www/snb_wallet/application/index/controller/Index.php ]
[ info ] [ SESSION ] INIT array (
  'id' => '',
  'var_session_id' => '',
  'prefix' => 'think',
  'type' => '',
  'auto_start' => true,
)
[ info ] [ LOG ] INIT File

---------------------------------------------------------------
[ 2017-11-26T18:36:36+08:00 ] 172.31.232.156 141.8.144.2 GET /login
[ log ] wallet.2100w.cn/login [运行时间：0.014356s][吞吐率：69.66req/s] [内存消耗：2,114.34kb] [文件加载：33]
[ info ] [ LANG ] /home/www/snb_wallet/public/../application/lang/ru.php
[ info ] [ ROUTE ] array (
  'type' => 'module',
  'module' => 
  array (
    0 => 'user',
    1 => 'user',
    2 => 'login',
  ),
  'convert' => false,
)
[ info ] [ HEADER ] array (
  'host' => 'wallet.2100w.cn',
  'connection' => 'Keep-Alive',
  'user-agent' => 'Mozilla/5.0 (compatible; YandexBot/3.0; +http://yandex.com/bots)',
  'from' => 'support@search.yandex.ru',
  'accept-encoding' => 'gzip,deflate',
  'accept-language' => 'ru, uk;q=0.8, be;q=0.8, en;q=0.7, *;q=0.01',
  'accept' => '*/*',
  'content-type' => '',
  'content-length' => '',
)
[ info ] [ PARAM ] array (
)
[ info ] [ RUN ] app\user\controller\User->login[ /home/www/snb_wallet/application/user/controller/User.php ]
[ info ] [ VIEW ] /home/www/snb_wallet/public/../application/user/view/user/Login.html [ array (
  0 => 'dir',
  1 => 'title',
  2 => 'error_msg',
) ]
[ info ] [ LOG ] INIT File

---------------------------------------------------------------
[ 2017-11-26T18:36:37+08:00 ] 172.31.232.156 5.255.250.75 GET /login
[ log ] wallet.2100w.cn/login [运行时间：0.013738s][吞吐率：72.79req/s] [内存消耗：2,114.33kb] [文件加载：33]
[ info ] [ LANG ] /home/www/snb_wallet/public/../application/lang/ru.php
[ info ] [ ROUTE ] array (
  'type' => 'module',
  'module' => 
  array (
    0 => 'user',
    1 => 'user',
    2 => 'login',
  ),
  'convert' => false,
)
[ info ] [ HEADER ] array (
  'host' => 'wallet.2100w.cn',
  'connection' => 'Keep-Alive',
  'user-agent' => 'Mozilla/5.0 (compatible; YandexBot/3.0; +http://yandex.com/bots)',
  'from' => 'support@search.yandex.ru',
  'accept-encoding' => 'gzip,deflate',
  'accept-language' => 'ru, uk;q=0.8, be;q=0.8, en;q=0.7, *;q=0.01',
  'accept' => '*/*',
  'content-type' => '',
  'content-length' => '',
)
[ info ] [ PARAM ] array (
)
[ info ] [ RUN ] app\user\controller\User->login[ /home/www/snb_wallet/application/user/controller/User.php ]
[ info ] [ VIEW ] /home/www/snb_wallet/public/../application/user/view/user/Login.html [ array (
  0 => 'dir',
  1 => 'title',
  2 => 'error_msg',
) ]
[ info ] [ LOG ] INIT File

---------------------------------------------------------------
