[ 2018-02-04T01:03:46+08:00 ] 172.31.232.156 159.89.190.168 GET /
[ log ] wallet.2100w.cn/ [运行时间：0.016927s][吞吐率：59.08req/s] [内存消耗：2,062.43kb] [文件加载：40]
[ info ] [ ROUTE ] array (
  'type' => 'module',
  'module' => 
  array (
    0 => '',
    1 => NULL,
    2 => NULL,
  ),
)
[ info ] [ HEADER ] array (
  'host' => 'wallet.2100w.cn',
  'accept-charset' => 'ISO-8859-1,utf-8;q=0.7,*;q=0.7',
  'user-agent' => 'Mozilla/5.0 (compatible; NetcraftSurveyAgent/1.0; +info@netcraft.com)',
  'accept-encoding' => 'identity',
  'accept' => 'text/xml,application/xml,application/xhtml+xml,text/html;q=0.9,text/plain;q=0.8,image/png,*/*;q=0.5',
  'accept-language' => 'en-gb,en;q=0.5',
  'connection' => 'close',
  'content-type' => '',
  'content-length' => '',
)
[ info ] [ PARAM ] array (
)
[ info ] [ RUN ] app\index\controller\Index->index[ /home/www/snb_wallet/application/index/controller/Index.php ]
[ info ] [ SESSION ] INIT array (
  'id' => '',
  'var_session_id' => '',
  'prefix' => 'think',
  'type' => '',
  'auto_start' => true,
)
[ info ] [ LOG ] INIT File

---------------------------------------------------------------
[ 2018-02-04T01:03:48+08:00 ] 172.31.232.156 159.89.190.168 GET /login
[ log ] wallet.2100w.cn/login [运行时间：0.020143s][吞吐率：49.64req/s] [内存消耗：2,232.71kb] [文件加载：38]
[ info ] [ ROUTE ] array (
  'type' => 'module',
  'module' => 
  array (
    0 => 'user',
    1 => 'user',
    2 => 'login',
  ),
  'convert' => false,
)
[ info ] [ HEADER ] array (
  'host' => 'wallet.2100w.cn',
  'accept-charset' => 'ISO-8859-1,utf-8;q=0.7,*;q=0.7',
  'user-agent' => 'Mozilla/5.0 (compatible; NetcraftSurveyAgent/1.0; +info@netcraft.com)',
  'accept-encoding' => 'identity',
  'accept' => 'text/xml,application/xml,application/xhtml+xml,text/html;q=0.9,text/plain;q=0.8,image/png,*/*;q=0.5',
  'accept-language' => 'en-gb,en;q=0.5',
  'connection' => 'close',
  'content-type' => '',
  'content-length' => '',
)
[ info ] [ PARAM ] array (
)
[ info ] [ RUN ] app\user\controller\User->login[ /home/www/snb_wallet/application/user/controller/User.php ]
[ info ] [ VIEW ] /home/www/snb_wallet/public/../application/user/view/user/Login.html [ array (
  0 => 'dir',
  1 => 'title',
  2 => 'error_msg',
) ]
[ info ] [ LOG ] INIT File

---------------------------------------------------------------
[ 2018-02-04T01:38:17+08:00 ] 172.31.232.156 116.62.209.27 GET /index.php
[ log ] test.2100w.org/index.php [运行时间：0.017714s][吞吐率：56.45req/s] [内存消耗：2,175.16kb] [文件加载：43]
[ info ] [ LANG ] /home/www/snb_wallet/thinkphp/lang/zh-cn.php
[ info ] [ LANG ] /home/www/snb_wallet/public/../application/lang/zh-cn.php
[ info ] [ ROUTE ] array (
  'type' => 'module',
  'module' => 
  array (
    0 => '',
    1 => NULL,
    2 => NULL,
  ),
)
[ info ] [ HEADER ] array (
  'host' => 'test.2100w.org',
  'user-agent' => 'Mozilla/5.0 (Windows NT 10.0; Win64; x64) AppleWebKit/537.36 (KHTML, like Gecko) Chrome/59.0.3071.115 Safari/537.36',
  'accept-encoding' => 'gzip, deflate',
  'accept' => 'text/html,application/xhtml+xml,application/xml;q=0.9,image/webp,image/apng,*/*;q=0.8',
  'connection' => 'keep-alive',
  'accept-language' => 'zh-CN,zh;q=0.8',
  'referer' => 'http://test.2100w.org/index.php',
  'content-type' => '',
  'content-length' => '',
)
[ info ] [ PARAM ] array (
)
[ info ] [ LANG ] /home/www/snb_wallet/public/../application/index/lang/zh-cn.php
[ info ] [ RUN ] app\index\controller\Index->index[ /home/www/snb_wallet/application/index/controller/Index.php ]
[ info ] [ SESSION ] INIT array (
  'id' => '',
  'var_session_id' => '',
  'prefix' => 'think',
  'type' => '',
  'auto_start' => true,
)
[ info ] [ LOG ] INIT File

---------------------------------------------------------------
[ 2018-02-04T01:47:50+08:00 ] 172.31.232.156 42.236.49.99 GET /forgetpassword?lang=fr
[ log ] wallet.2100w.cn/forgetpassword?lang=fr [运行时间：0.019985s][吞吐率：50.04req/s] [内存消耗：2,411.83kb] [文件加载：40]
[ info ] [ LANG ] /home/www/snb_wallet/public/../application/lang/fr.php
[ info ] [ ROUTE ] array (
  'type' => 'module',
  'module' => 
  array (
    0 => 'user',
    1 => 'user',
    2 => 'forgetpassword',
  ),
  'convert' => false,
)
[ info ] [ HEADER ] array (
  'host' => 'wallet.2100w.cn',
  'accept-encoding' => 'deflate, gzip',
  'referer' => 'http://wallet.2100w.cn/forgetpassword?lang=fr',
  'cookie' => '',
  'accept' => '*/*',
  'accept-language' => 'zh-CN',
  'connection' => 'Keep-Alive',
  'user-agent' => 'Mozilla/5.0 (Windows NT 6.1; WOW64) AppleWebKit/537.36 (KHTML, like Gecko) Chrome/50.0.2661.102 Safari/537.36; 360Spider',
  'content-type' => '',
  'content-length' => '',
)
[ info ] [ PARAM ] array (
  'lang' => 'fr',
)
[ info ] [ RUN ] app\user\controller\User->forgetpassword[ /home/www/snb_wallet/application/user/controller/User.php ]
[ info ] [ VIEW ] /home/www/snb_wallet/public/../application/user/view/user/Forgetpassword.html [ array (
  0 => 'dir',
  1 => 'title',
) ]
[ info ] [ LOG ] INIT File

---------------------------------------------------------------
[ 2018-02-04T05:40:48+08:00 ] 172.31.232.156 106.11.152.97 GET /register?lang=ja
[ log ] wallet.2100w.cn/register?lang=ja [运行时间：0.027866s][吞吐率：35.89req/s] [内存消耗：3,589.28kb] [文件加载：47]
[ info ] [ LANG ] /home/www/snb_wallet/public/../application/lang/ja.php
[ info ] [ ROUTE ] array (
  'type' => 'module',
  'module' => 
  array (
    0 => 'user',
    1 => 'user',
    2 => 'register',
  ),
  'convert' => false,
)
[ info ] [ HEADER ] array (
  'accept-language' => 'zh-cn,en-us,zh-tw,en-gb,en;',
  'host' => 'wallet.2100w.cn',
  'accept-encoding' => 'gzip',
  'accept' => '*/*',
  'connection' => 'Keep-Alive',
  'user-agent' => 'YisouSpider',
  'content-type' => '',
  'content-length' => '',
)
[ info ] [ PARAM ] array (
  'lang' => 'ja',
)
[ info ] [ RUN ] app\user\controller\User->register[ /home/www/snb_wallet/application/user/controller/User.php ]
[ info ] [ DB ] INIT mysql
[ info ] [ VIEW ] /home/www/snb_wallet/public/../application/user/view/user/Register.html [ array (
  0 => 'dir',
  1 => 'title',
) ]
[ info ] [ LOG ] INIT File

---------------------------------------------------------------
[ 2018-02-04T12:26:28+08:00 ] 172.31.232.156 106.11.152.97 GET /forgetpassword?lang=zh-cn
[ log ] wallet.2100w.cn/forgetpassword?lang=zh-cn [运行时间：0.020959s][吞吐率：47.71req/s] [内存消耗：2,420.58kb] [文件加载：41]
[ info ] [ LANG ] /home/www/snb_wallet/thinkphp/lang/zh-cn.php
[ info ] [ LANG ] /home/www/snb_wallet/public/../application/lang/zh-cn.php
[ info ] [ ROUTE ] array (
  'type' => 'module',
  'module' => 
  array (
    0 => 'user',
    1 => 'user',
    2 => 'forgetpassword',
  ),
  'convert' => false,
)
[ info ] [ HEADER ] array (
  'accept-language' => 'zh-cn,en-us,zh-tw,en-gb,en;',
  'host' => 'wallet.2100w.cn',
  'accept-encoding' => 'gzip',
  'accept' => '*/*',
  'connection' => 'Keep-Alive',
  'user-agent' => 'YisouSpider',
  'content-type' => '',
  'content-length' => '',
)
[ info ] [ PARAM ] array (
  'lang' => 'zh-cn',
)
[ info ] [ RUN ] app\user\controller\User->forgetpassword[ /home/www/snb_wallet/application/user/controller/User.php ]
[ info ] [ VIEW ] /home/www/snb_wallet/public/../application/user/view/user/Forgetpassword.html [ array (
  0 => 'dir',
  1 => 'title',
) ]
[ info ] [ LOG ] INIT File

---------------------------------------------------------------
[ 2018-02-04T20:41:40+08:00 ] 172.31.232.156 42.236.49.10 GET /
[ log ] wallet.2100w.cn/ [运行时间：0.017865s][吞吐率：55.97req/s] [内存消耗：2,175.32kb] [文件加载：43]
[ info ] [ LANG ] /home/www/snb_wallet/thinkphp/lang/zh-cn.php
[ info ] [ LANG ] /home/www/snb_wallet/public/../application/lang/zh-cn.php
[ info ] [ ROUTE ] array (
  'type' => 'module',
  'module' => 
  array (
    0 => '',
    1 => NULL,
    2 => NULL,
  ),
)
[ info ] [ HEADER ] array (
  'host' => 'wallet.2100w.cn',
  'accept-encoding' => 'deflate, gzip',
  'referer' => 'http://wallet.2100w.cn/',
  'cookie' => '',
  'accept' => '*/*',
  'accept-language' => 'zh-CN',
  'connection' => 'Keep-Alive',
  'user-agent' => 'Mozilla/5.0 (Windows NT 6.1; WOW64) AppleWebKit/537.36 (KHTML, like Gecko) Chrome/50.0.2661.102 Safari/537.36; 360Spider',
  'content-type' => '',
  'content-length' => '',
)
[ info ] [ PARAM ] array (
)
[ info ] [ LANG ] /home/www/snb_wallet/public/../application/index/lang/zh-cn.php
[ info ] [ RUN ] app\index\controller\Index->index[ /home/www/snb_wallet/application/index/controller/Index.php ]
[ info ] [ SESSION ] INIT array (
  'id' => '',
  'var_session_id' => '',
  'prefix' => 'think',
  'type' => '',
  'auto_start' => true,
)
[ info ] [ LOG ] INIT File

---------------------------------------------------------------
[ 2018-02-04T20:41:40+08:00 ] 172.31.232.156 42.236.49.10 GET /login
[ log ] wallet.2100w.cn/login [运行时间：0.020159s][吞吐率：49.61req/s] [内存消耗：2,341.86kb] [文件加载：40]
[ info ] [ LANG ] /home/www/snb_wallet/thinkphp/lang/zh-cn.php
[ info ] [ LANG ] /home/www/snb_wallet/public/../application/lang/zh-cn.php
[ info ] [ ROUTE ] array (
  'type' => 'module',
  'module' => 
  array (
    0 => 'user',
    1 => 'user',
    2 => 'login',
  ),
  'convert' => false,
)
[ info ] [ HEADER ] array (
  'host' => 'wallet.2100w.cn',
  'accept-encoding' => 'deflate, gzip',
  'referer' => 'http://wallet.2100w.cn/login',
  'cookie' => 'PHPSESSID=r7574dnvs6drovluujrt1hugt7; think_var=zh-cn;',
  'accept' => '*/*',
  'accept-language' => 'zh-CN',
  'connection' => 'Keep-Alive',
  'user-agent' => 'Mozilla/5.0 (Windows NT 6.1; WOW64) AppleWebKit/537.36 (KHTML, like Gecko) Chrome/50.0.2661.102 Safari/537.36; 360Spider',
  'content-type' => '',
  'content-length' => '',
)
[ info ] [ PARAM ] array (
)
[ info ] [ RUN ] app\user\controller\User->login[ /home/www/snb_wallet/application/user/controller/User.php ]
[ info ] [ VIEW ] /home/www/snb_wallet/public/../application/user/view/user/Login.html [ array (
  0 => 'dir',
  1 => 'title',
  2 => 'error_msg',
) ]
[ info ] [ LOG ] INIT File

---------------------------------------------------------------
[ 2018-02-04T23:25:58+08:00 ] 172.31.232.156 180.153.236.43 GET /forgetpassword?lang=ko
[ log ] wallet.2100w.cn/forgetpassword?lang=ko [运行时间：0.021778s][吞吐率：45.92req/s] [内存消耗：2,411.76kb] [文件加载：40]
[ info ] [ LANG ] /home/www/snb_wallet/public/../application/lang/ko.php
[ info ] [ ROUTE ] array (
  'type' => 'module',
  'module' => 
  array (
    0 => 'user',
    1 => 'user',
    2 => 'forgetpassword',
  ),
  'convert' => false,
)
[ info ] [ HEADER ] array (
  'host' => 'wallet.2100w.cn',
  'accept-encoding' => 'deflate, gzip',
  'referer' => 'http://wallet.2100w.cn/forgetpassword?lang=ko',
  'cookie' => '',
  'accept' => '*/*',
  'accept-language' => 'zh-CN',
  'connection' => 'Keep-Alive',
  'user-agent' => 'Mozilla/5.0 (Windows NT 6.1; WOW64) AppleWebKit/537.36 (KHTML, like Gecko) Chrome/50.2.2661.102 Safari/537.36; 360Spider',
  'content-type' => '',
  'content-length' => '',
)
[ info ] [ PARAM ] array (
  'lang' => 'ko',
)
[ info ] [ RUN ] app\user\controller\User->forgetpassword[ /home/www/snb_wallet/application/user/controller/User.php ]
[ info ] [ VIEW ] /home/www/snb_wallet/public/../application/user/view/user/Forgetpassword.html [ array (
  0 => 'dir',
  1 => 'title',
) ]
[ info ] [ LOG ] INIT File

---------------------------------------------------------------
[ 2018-02-04T23:25:58+08:00 ] 172.31.232.156 42.236.49.72 GET /forgetpassword
[ log ] wallet.2100w.cn/forgetpassword [运行时间：0.020450s][吞吐率：48.90req/s] [内存消耗：2,421.11kb] [文件加载：41]
[ info ] [ LANG ] /home/www/snb_wallet/thinkphp/lang/zh-cn.php
[ info ] [ LANG ] /home/www/snb_wallet/public/../application/lang/zh-cn.php
[ info ] [ ROUTE ] array (
  'type' => 'module',
  'module' => 
  array (
    0 => 'user',
    1 => 'user',
    2 => 'forgetpassword',
  ),
  'convert' => false,
)
[ info ] [ HEADER ] array (
  'host' => 'wallet.2100w.cn',
  'accept-encoding' => 'deflate, gzip',
  'referer' => 'http://wallet.2100w.cn/forgetpassword',
  'cookie' => '',
  'accept' => '*/*',
  'accept-language' => 'zh-CN',
  'connection' => 'Keep-Alive',
  'user-agent' => 'Mozilla/5.0 (Windows NT 6.1; WOW64) AppleWebKit/537.36 (KHTML, like Gecko) Chrome/50.0.2661.102 Safari/537.36; 360Spider',
  'content-type' => '',
  'content-length' => '',
)
[ info ] [ PARAM ] array (
)
[ info ] [ RUN ] app\user\controller\User->forgetpassword[ /home/www/snb_wallet/application/user/controller/User.php ]
[ info ] [ VIEW ] /home/www/snb_wallet/public/../application/user/view/user/Forgetpassword.html [ array (
  0 => 'dir',
  1 => 'title',
) ]
[ info ] [ LOG ] INIT File

---------------------------------------------------------------
[ 2018-02-04T23:25:58+08:00 ] 172.31.232.156 42.236.48.103 GET /forgetpassword?lang=th
[ log ] wallet.2100w.cn/forgetpassword?lang=th [运行时间：0.020596s][吞吐率：48.55req/s] [内存消耗：2,411.66kb] [文件加载：40]
[ info ] [ LANG ] /home/www/snb_wallet/public/../application/lang/th.php
[ info ] [ ROUTE ] array (
  'type' => 'module',
  'module' => 
  array (
    0 => 'user',
    1 => 'user',
    2 => 'forgetpassword',
  ),
  'convert' => false,
)
[ info ] [ HEADER ] array (
  'host' => 'wallet.2100w.cn',
  'accept-encoding' => 'deflate, gzip',
  'referer' => 'http://wallet.2100w.cn/forgetpassword?lang=th',
  'cookie' => '',
  'accept' => '*/*',
  'accept-language' => 'zh-CN',
  'connection' => 'Keep-Alive',
  'user-agent' => 'Mozilla/5.0 (Windows NT 6.1; WOW64) AppleWebKit/537.36 (KHTML, like Gecko) Chrome/50.0.2661.102 Safari/537.36; 360Spider',
  'content-type' => '',
  'content-length' => '',
)
[ info ] [ PARAM ] array (
  'lang' => 'th',
)
[ info ] [ RUN ] app\user\controller\User->forgetpassword[ /home/www/snb_wallet/application/user/controller/User.php ]
[ info ] [ VIEW ] /home/www/snb_wallet/public/../application/user/view/user/Forgetpassword.html [ array (
  0 => 'dir',
  1 => 'title',
) ]
[ info ] [ LOG ] INIT File

---------------------------------------------------------------
[ 2018-02-04T23:25:58+08:00 ] 172.31.232.156 42.236.49.72 GET /forgetpassword?lang=de
[ log ] wallet.2100w.cn/forgetpassword?lang=de [运行时间：0.020153s][吞吐率：49.62req/s] [内存消耗：2,411.72kb] [文件加载：40]
[ info ] [ LANG ] /home/www/snb_wallet/public/../application/lang/de.php
[ info ] [ ROUTE ] array (
  'type' => 'module',
  'module' => 
  array (
    0 => 'user',
    1 => 'user',
    2 => 'forgetpassword',
  ),
  'convert' => false,
)
[ info ] [ HEADER ] array (
  'host' => 'wallet.2100w.cn',
  'accept-encoding' => 'deflate, gzip',
  'referer' => 'http://wallet.2100w.cn/forgetpassword?lang=de',
  'cookie' => '',
  'accept' => '*/*',
  'accept-language' => 'zh-CN',
  'connection' => 'Keep-Alive',
  'user-agent' => 'Mozilla/5.0 (Windows NT 6.1; WOW64) AppleWebKit/537.36 (KHTML, like Gecko) Chrome/50.0.2661.102 Safari/537.36; 360Spider',
  'content-type' => '',
  'content-length' => '',
)
[ info ] [ PARAM ] array (
  'lang' => 'de',
)
[ info ] [ RUN ] app\user\controller\User->forgetpassword[ /home/www/snb_wallet/application/user/controller/User.php ]
[ info ] [ VIEW ] /home/www/snb_wallet/public/../application/user/view/user/Forgetpassword.html [ array (
  0 => 'dir',
  1 => 'title',
) ]
[ info ] [ LOG ] INIT File

---------------------------------------------------------------
[ 2018-02-04T23:25:58+08:00 ] 172.31.232.156 42.236.49.72 GET /login?lang=ar
[ log ] wallet.2100w.cn/login?lang=ar [运行时间：0.019384s][吞吐率：51.59req/s] [内存消耗：2,333.27kb] [文件加载：39]
[ info ] [ LANG ] /home/www/snb_wallet/public/../application/lang/ar.php
[ info ] [ ROUTE ] array (
  'type' => 'module',
  'module' => 
  array (
    0 => 'user',
    1 => 'user',
    2 => 'login',
  ),
  'convert' => false,
)
[ info ] [ HEADER ] array (
  'host' => 'wallet.2100w.cn',
  'accept-encoding' => 'deflate, gzip',
  'referer' => 'http://wallet.2100w.cn/login?lang=ar',
  'cookie' => '',
  'accept' => '*/*',
  'accept-language' => 'zh-CN',
  'connection' => 'Keep-Alive',
  'user-agent' => 'Mozilla/5.0 (Windows NT 6.1; WOW64) AppleWebKit/537.36 (KHTML, like Gecko) Chrome/50.0.2661.102 Safari/537.36; 360Spider',
  'content-type' => '',
  'content-length' => '',
)
[ info ] [ PARAM ] array (
  'lang' => 'ar',
)
[ info ] [ RUN ] app\user\controller\User->login[ /home/www/snb_wallet/application/user/controller/User.php ]
[ info ] [ VIEW ] /home/www/snb_wallet/public/../application/user/view/user/Login.html [ array (
  0 => 'dir',
  1 => 'title',
  2 => 'error_msg',
) ]
[ info ] [ LOG ] INIT File

---------------------------------------------------------------
[ 2018-02-04T23:25:58+08:00 ] 172.31.232.156 42.236.48.103 GET /forgetpassword?lang=en-us
[ log ] wallet.2100w.cn/forgetpassword?lang=en-us [运行时间：0.020004s][吞吐率：49.99req/s] [内存消耗：2,411.75kb] [文件加载：40]
[ info ] [ LANG ] /home/www/snb_wallet/public/../application/lang/en-us.php
[ info ] [ ROUTE ] array (
  'type' => 'module',
  'module' => 
  array (
    0 => 'user',
    1 => 'user',
    2 => 'forgetpassword',
  ),
  'convert' => false,
)
[ info ] [ HEADER ] array (
  'host' => 'wallet.2100w.cn',
  'accept-encoding' => 'deflate, gzip',
  'referer' => 'http://wallet.2100w.cn/forgetpassword?lang=en-us',
  'cookie' => '',
  'accept' => '*/*',
  'accept-language' => 'zh-CN',
  'connection' => 'Keep-Alive',
  'user-agent' => 'Mozilla/5.0 (Windows NT 6.1; WOW64) AppleWebKit/537.36 (KHTML, like Gecko) Chrome/50.0.2661.102 Safari/537.36; 360Spider',
  'content-type' => '',
  'content-length' => '',
)
[ info ] [ PARAM ] array (
  'lang' => 'en-us',
)
[ info ] [ RUN ] app\user\controller\User->forgetpassword[ /home/www/snb_wallet/application/user/controller/User.php ]
[ info ] [ VIEW ] /home/www/snb_wallet/public/../application/user/view/user/Forgetpassword.html [ array (
  0 => 'dir',
  1 => 'title',
) ]
[ info ] [ LOG ] INIT File

---------------------------------------------------------------
[ 2018-02-04T23:25:58+08:00 ] 172.31.232.156 180.153.236.11 GET /forgetpassword?lang=ar
[ log ] wallet.2100w.cn/forgetpassword?lang=ar [运行时间：0.020200s][吞吐率：49.50req/s] [内存消耗：2,411.77kb] [文件加载：40]
[ info ] [ LANG ] /home/www/snb_wallet/public/../application/lang/ar.php
[ info ] [ ROUTE ] array (
  'type' => 'module',
  'module' => 
  array (
    0 => 'user',
    1 => 'user',
    2 => 'forgetpassword',
  ),
  'convert' => false,
)
[ info ] [ HEADER ] array (
  'host' => 'wallet.2100w.cn',
  'accept-encoding' => 'deflate, gzip',
  'referer' => 'http://wallet.2100w.cn/forgetpassword?lang=ar',
  'cookie' => '',
  'accept' => '*/*',
  'accept-language' => 'zh-CN',
  'connection' => 'Keep-Alive',
  'user-agent' => 'Mozilla/5.0 (Windows NT 6.1; WOW64) AppleWebKit/537.36 (KHTML, like Gecko) Chrome/50.2.2661.102 Safari/537.36; 360Spider',
  'content-type' => '',
  'content-length' => '',
)
[ info ] [ PARAM ] array (
  'lang' => 'ar',
)
[ info ] [ RUN ] app\user\controller\User->forgetpassword[ /home/www/snb_wallet/application/user/controller/User.php ]
[ info ] [ VIEW ] /home/www/snb_wallet/public/../application/user/view/user/Forgetpassword.html [ array (
  0 => 'dir',
  1 => 'title',
) ]
[ info ] [ LOG ] INIT File

---------------------------------------------------------------
[ 2018-02-04T23:25:59+08:00 ] 172.31.232.156 42.236.48.103 GET /login?lang=en-us
[ log ] wallet.2100w.cn/login?lang=en-us [运行时间：0.019366s][吞吐率：51.64req/s] [内存消耗：2,333.43kb] [文件加载：39]
[ info ] [ LANG ] /home/www/snb_wallet/public/../application/lang/en-us.php
[ info ] [ ROUTE ] array (
  'type' => 'module',
  'module' => 
  array (
    0 => 'user',
    1 => 'user',
    2 => 'login',
  ),
  'convert' => false,
)
[ info ] [ HEADER ] array (
  'host' => 'wallet.2100w.cn',
  'accept-encoding' => 'deflate, gzip',
  'referer' => 'http://wallet.2100w.cn/login?lang=en-us',
  'cookie' => '',
  'accept' => '*/*',
  'accept-language' => 'zh-CN',
  'connection' => 'Keep-Alive',
  'user-agent' => 'Mozilla/5.0 (Windows NT 6.1; WOW64) AppleWebKit/537.36 (KHTML, like Gecko) Chrome/50.0.2661.102 Safari/537.36; 360Spider',
  'content-type' => '',
  'content-length' => '',
)
[ info ] [ PARAM ] array (
  'lang' => 'en-us',
)
[ info ] [ RUN ] app\user\controller\User->login[ /home/www/snb_wallet/application/user/controller/User.php ]
[ info ] [ VIEW ] /home/www/snb_wallet/public/../application/user/view/user/Login.html [ array (
  0 => 'dir',
  1 => 'title',
  2 => 'error_msg',
) ]
[ info ] [ LOG ] INIT File

---------------------------------------------------------------
[ 2018-02-04T23:25:59+08:00 ] 172.31.232.156 42.236.49.172 GET /forgetpassword?lang=ru
[ log ] wallet.2100w.cn/forgetpassword?lang=ru [运行时间：0.020971s][吞吐率：47.69req/s] [内存消耗：2,411.70kb] [文件加载：40]
[ info ] [ LANG ] /home/www/snb_wallet/public/../application/lang/ru.php
[ info ] [ ROUTE ] array (
  'type' => 'module',
  'module' => 
  array (
    0 => 'user',
    1 => 'user',
    2 => 'forgetpassword',
  ),
  'convert' => false,
)
[ info ] [ HEADER ] array (
  'host' => 'wallet.2100w.cn',
  'accept-encoding' => 'deflate, gzip',
  'referer' => 'http://wallet.2100w.cn/forgetpassword?lang=ru',
  'cookie' => '',
  'accept' => '*/*',
  'accept-language' => 'zh-CN',
  'connection' => 'Keep-Alive',
  'user-agent' => 'Mozilla/5.0 (Windows NT 6.1; WOW64) AppleWebKit/537.36 (KHTML, like Gecko) Chrome/50.0.2661.102 Safari/537.36; 360Spider',
  'content-type' => '',
  'content-length' => '',
)
[ info ] [ PARAM ] array (
  'lang' => 'ru',
)
[ info ] [ RUN ] app\user\controller\User->forgetpassword[ /home/www/snb_wallet/application/user/controller/User.php ]
[ info ] [ VIEW ] /home/www/snb_wallet/public/../application/user/view/user/Forgetpassword.html [ array (
  0 => 'dir',
  1 => 'title',
) ]
[ info ] [ LOG ] INIT File

---------------------------------------------------------------
[ 2018-02-04T23:25:59+08:00 ] 172.31.232.156 42.236.49.172 GET /?lang=ko
[ log ] wallet.2100w.cn/?lang=ko [运行时间：0.017857s][吞吐率：56.00req/s] [内存消耗：2,163.06kb] [文件加载：41]
[ info ] [ LANG ] /home/www/snb_wallet/public/../application/lang/ko.php
[ info ] [ ROUTE ] array (
  'type' => 'module',
  'module' => 
  array (
    0 => '',
    1 => NULL,
    2 => NULL,
  ),
)
[ info ] [ HEADER ] array (
  'host' => 'wallet.2100w.cn',
  'accept-encoding' => 'deflate, gzip',
  'referer' => 'http://wallet.2100w.cn/?lang=ko',
  'cookie' => '',
  'accept' => '*/*',
  'accept-language' => 'zh-CN',
  'connection' => 'Keep-Alive',
  'user-agent' => 'Mozilla/5.0 (Windows NT 6.1; WOW64) AppleWebKit/537.36 (KHTML, like Gecko) Chrome/50.0.2661.102 Safari/537.36; 360Spider',
  'content-type' => '',
  'content-length' => '',
)
[ info ] [ PARAM ] array (
  'lang' => 'ko',
)
[ info ] [ RUN ] app\index\controller\Index->index[ /home/www/snb_wallet/application/index/controller/Index.php ]
[ info ] [ SESSION ] INIT array (
  'id' => '',
  'var_session_id' => '',
  'prefix' => 'think',
  'type' => '',
  'auto_start' => true,
)
[ info ] [ LOG ] INIT File

---------------------------------------------------------------
[ 2018-02-04T23:25:59+08:00 ] 172.31.232.156 42.236.49.172 GET /forgetpassword?lang=ja
[ log ] wallet.2100w.cn/forgetpassword?lang=ja [运行时间：0.020091s][吞吐率：49.77req/s] [内存消耗：2,411.75kb] [文件加载：40]
[ info ] [ LANG ] /home/www/snb_wallet/public/../application/lang/ja.php
[ info ] [ ROUTE ] array (
  'type' => 'module',
  'module' => 
  array (
    0 => 'user',
    1 => 'user',
    2 => 'forgetpassword',
  ),
  'convert' => false,
)
[ info ] [ HEADER ] array (
  'host' => 'wallet.2100w.cn',
  'accept-encoding' => 'deflate, gzip',
  'referer' => 'http://wallet.2100w.cn/forgetpassword?lang=ja',
  'cookie' => '',
  'accept' => '*/*',
  'accept-language' => 'zh-CN',
  'connection' => 'Keep-Alive',
  'user-agent' => 'Mozilla/5.0 (Windows NT 6.1; WOW64) AppleWebKit/537.36 (KHTML, like Gecko) Chrome/50.0.2661.102 Safari/537.36; 360Spider',
  'content-type' => '',
  'content-length' => '',
)
[ info ] [ PARAM ] array (
  'lang' => 'ja',
)
[ info ] [ RUN ] app\user\controller\User->forgetpassword[ /home/www/snb_wallet/application/user/controller/User.php ]
[ info ] [ VIEW ] /home/www/snb_wallet/public/../application/user/view/user/Forgetpassword.html [ array (
  0 => 'dir',
  1 => 'title',
) ]
[ info ] [ LOG ] INIT File

---------------------------------------------------------------
[ 2018-02-04T23:25:59+08:00 ] 172.31.232.156 42.236.49.172 GET /login
[ log ] wallet.2100w.cn/login [运行时间：0.019413s][吞吐率：51.51req/s] [内存消耗：2,332.47kb] [文件加载：39]
[ info ] [ LANG ] /home/www/snb_wallet/public/../application/lang/ko.php
[ info ] [ ROUTE ] array (
  'type' => 'module',
  'module' => 
  array (
    0 => 'user',
    1 => 'user',
    2 => 'login',
  ),
  'convert' => false,
)
[ info ] [ HEADER ] array (
  'host' => 'wallet.2100w.cn',
  'accept-encoding' => 'deflate, gzip',
  'referer' => 'http://wallet.2100w.cn/login',
  'cookie' => 'PHPSESSID=4264adik6gk6pkb1dsh7ed1at1; think_var=ko;',
  'accept' => '*/*',
  'accept-language' => 'zh-CN',
  'connection' => 'Keep-Alive',
  'user-agent' => 'Mozilla/5.0 (Windows NT 6.1; WOW64) AppleWebKit/537.36 (KHTML, like Gecko) Chrome/50.0.2661.102 Safari/537.36; 360Spider',
  'content-type' => '',
  'content-length' => '',
)
[ info ] [ PARAM ] array (
)
[ info ] [ RUN ] app\user\controller\User->login[ /home/www/snb_wallet/application/user/controller/User.php ]
[ info ] [ VIEW ] /home/www/snb_wallet/public/../application/user/view/user/Login.html [ array (
  0 => 'dir',
  1 => 'title',
  2 => 'error_msg',
) ]
[ info ] [ LOG ] INIT File

---------------------------------------------------------------
[ 2018-02-04T23:49:05+08:00 ] 172.31.232.156 106.11.156.121 GET /register?lang=zh-hk
[ log ] wallet.2100w.cn/register?lang=zh-hk [运行时间：0.035575s][吞吐率：28.11req/s] [内存消耗：3,589.38kb] [文件加载：47]
[ info ] [ LANG ] /home/www/snb_wallet/public/../application/lang/zh-hk.php
[ info ] [ ROUTE ] array (
  'type' => 'module',
  'module' => 
  array (
    0 => 'user',
    1 => 'user',
    2 => 'register',
  ),
  'convert' => false,
)
[ info ] [ HEADER ] array (
  'accept-language' => 'zh-cn,en-us,zh-tw,en-gb,en;',
  'host' => 'wallet.2100w.cn',
  'accept-encoding' => 'gzip',
  'accept' => '*/*',
  'connection' => 'Keep-Alive',
  'user-agent' => 'YisouSpider',
  'content-type' => '',
  'content-length' => '',
)
[ info ] [ PARAM ] array (
  'lang' => 'zh-hk',
)
[ info ] [ RUN ] app\user\controller\User->register[ /home/www/snb_wallet/application/user/controller/User.php ]
[ info ] [ DB ] INIT mysql
[ info ] [ VIEW ] /home/www/snb_wallet/public/../application/user/view/user/Register.html [ array (
  0 => 'dir',
  1 => 'title',
) ]
[ info ] [ LOG ] INIT File

---------------------------------------------------------------
