[ 2018-02-08T12:08:47+08:00 ] 172.31.232.156 106.11.155.185 GET /forgetpassword
[ log ] wallet.2100w.cn/forgetpassword [运行时间：0.019985s][吞吐率：50.04req/s] [内存消耗：2,420.46kb] [文件加载：41]
[ info ] [ LANG ] /home/www/snb_wallet/thinkphp/lang/zh-cn.php
[ info ] [ LANG ] /home/www/snb_wallet/public/../application/lang/zh-cn.php
[ info ] [ ROUTE ] array (
  'type' => 'module',
  'module' => 
  array (
    0 => 'user',
    1 => 'user',
    2 => 'forgetpassword',
  ),
  'convert' => false,
)
[ info ] [ HEADER ] array (
  'accept-language' => 'zh-cn,en-us,zh-tw,en-gb,en;',
  'host' => 'wallet.2100w.cn',
  'accept-encoding' => 'gzip',
  'accept' => '*/*',
  'connection' => 'Keep-Alive',
  'user-agent' => 'YisouSpider',
  'content-type' => '',
  'content-length' => '',
)
[ info ] [ PARAM ] array (
)
[ info ] [ RUN ] app\user\controller\User->forgetpassword[ /home/www/snb_wallet/application/user/controller/User.php ]
[ info ] [ VIEW ] /home/www/snb_wallet/public/../application/user/view/user/Forgetpassword.html [ array (
  0 => 'dir',
  1 => 'title',
) ]
[ info ] [ LOG ] INIT File

---------------------------------------------------------------
[ 2018-02-08T18:23:33+08:00 ] 172.31.232.156 183.14.29.10 GET /verifyemail?email=992145150@qq.com
[ log ] wallet.2100w.cn/verifyemail?email=992145150@qq.com [运行时间：20.844700s][吞吐率：0.05req/s] [内存消耗：3,937.45kb] [文件加载：54]
[ info ] [ LANG ] /home/www/snb_wallet/thinkphp/lang/zh-cn.php
[ info ] [ LANG ] /home/www/snb_wallet/public/../application/lang/zh-cn.php
[ info ] [ ROUTE ] array (
  'type' => 'module',
  'module' => 
  array (
    0 => 'user',
    1 => 'user',
    2 => 'verifyemail',
  ),
  'convert' => false,
)
[ info ] [ HEADER ] array (
  'host' => 'wallet.2100w.cn',
  'connection' => 'keep-alive',
  'user-agent' => 'Mozilla/5.0 (Windows NT 10.0; WOW64) AppleWebKit/537.36 (KHTML, like Gecko) Chrome/63.0.3239.132 Safari/537.36',
  'upgrade-insecure-requests' => '1',
  'accept' => 'text/html,application/xhtml+xml,application/xml;q=0.9,image/webp,image/apng,*/*;q=0.8',
  'accept-encoding' => 'gzip, deflate',
  'accept-language' => 'zh-CN,zh;q=0.9',
  'content-type' => '',
  'content-length' => '',
)
[ info ] [ PARAM ] array (
  'email' => '992145150@qq.com',
)
[ info ] [ RUN ] app\user\controller\User->verifyemail[ /home/www/snb_wallet/application/user/controller/User.php ]
[ info ] [ SESSION ] INIT array (
  'id' => '',
  'var_session_id' => '',
  'prefix' => 'think',
  'type' => '',
  'auto_start' => true,
)
[ info ] [ DB ] INIT mysql
[ info ] [ CACHE ] INIT File
[ info ] [ VIEW ] /home/www/snb_wallet/public/../application/user/view/user/Verifyemail.html [ array (
  0 => 'dir',
  1 => 'title',
  2 => 'email',
  3 => 'domain',
) ]
[ info ] [ LOG ] INIT File
[ sql ] [ DB ] CONNECT:[ UseTime:0.000411s ] mysql:dbname=wallet;host=localhost;charset=utf8
[ sql ] [ SQL ] SHOW COLUMNS FROM `yuan_user` [ RunTime:0.017592s ]
[ sql ] [ SQL ] SELECT * FROM `yuan_user` WHERE  `user_email` = '992145150@qq.com' LIMIT 1 [ RunTime:0.005781s ]
[ sql ] [ SQL ] UPDATE `yuan_user`  SET `user_code`='e239206573dc011f5c61c90a069e1adf76d9330f',`user_datetime`='2018-02-08 18:23:13'  WHERE  `user_id` = 67 [ RunTime:0.000360s ]
[ sql ] [ SQL ] SHOW COLUMNS FROM `yuan_config` [ RunTime:0.015257s ]
[ sql ] [ SQL ] SELECT * FROM `yuan_config` WHERE  `config_key` = 'MAIL_SERVER' LIMIT 1 [ RunTime:0.001008s ]
[ sql ] [ SQL ] SELECT * FROM `yuan_config` WHERE  `config_key` = 'MAIL_USER' LIMIT 1 [ RunTime:0.000330s ]
[ sql ] [ SQL ] SELECT * FROM `yuan_config` WHERE  `config_key` = 'MAIL_PASS' LIMIT 1 [ RunTime:0.000276s ]
[ sql ] [ SQL ] SELECT * FROM `yuan_config` WHERE  `config_key` = 'MAIL_FROM' LIMIT 1 [ RunTime:0.000278s ]
[ sql ] [ SQL ] SELECT * FROM `yuan_config` WHERE  `config_key` = 'MAIL_FROM_NAME' LIMIT 1 [ RunTime:0.000262s ]

---------------------------------------------------------------
[ 2018-02-08T23:13:20+08:00 ] 172.31.232.156 42.236.48.238 GET /?lang=ru
[ log ] wallet.2100w.cn/?lang=ru [运行时间：0.017946s][吞吐率：55.72req/s] [内存消耗：2,163.00kb] [文件加载：41]
[ info ] [ LANG ] /home/www/snb_wallet/public/../application/lang/ru.php
[ info ] [ ROUTE ] array (
  'type' => 'module',
  'module' => 
  array (
    0 => '',
    1 => NULL,
    2 => NULL,
  ),
)
[ info ] [ HEADER ] array (
  'host' => 'wallet.2100w.cn',
  'accept-encoding' => 'deflate, gzip',
  'referer' => 'http://wallet.2100w.cn/?lang=ru',
  'cookie' => '',
  'accept' => '*/*',
  'accept-language' => 'zh-CN',
  'connection' => 'Keep-Alive',
  'user-agent' => 'Mozilla/5.0 (Windows NT 6.1; WOW64) AppleWebKit/537.36 (KHTML, like Gecko) Chrome/50.0.2661.102 Safari/537.36; 360Spider',
  'content-type' => '',
  'content-length' => '',
)
[ info ] [ PARAM ] array (
  'lang' => 'ru',
)
[ info ] [ RUN ] app\index\controller\Index->index[ /home/www/snb_wallet/application/index/controller/Index.php ]
[ info ] [ SESSION ] INIT array (
  'id' => '',
  'var_session_id' => '',
  'prefix' => 'think',
  'type' => '',
  'auto_start' => true,
)
[ info ] [ LOG ] INIT File

---------------------------------------------------------------
[ 2018-02-08T23:13:20+08:00 ] 172.31.232.156 42.236.48.238 GET /login
[ log ] wallet.2100w.cn/login [运行时间：0.020295s][吞吐率：49.27req/s] [内存消耗：2,332.41kb] [文件加载：39]
[ info ] [ LANG ] /home/www/snb_wallet/public/../application/lang/ru.php
[ info ] [ ROUTE ] array (
  'type' => 'module',
  'module' => 
  array (
    0 => 'user',
    1 => 'user',
    2 => 'login',
  ),
  'convert' => false,
)
[ info ] [ HEADER ] array (
  'host' => 'wallet.2100w.cn',
  'accept-encoding' => 'deflate, gzip',
  'referer' => 'http://wallet.2100w.cn/login',
  'cookie' => 'PHPSESSID=67jfj0uff4o8ou66cm7h6hcu03; think_var=ru;',
  'accept' => '*/*',
  'accept-language' => 'zh-CN',
  'connection' => 'Keep-Alive',
  'user-agent' => 'Mozilla/5.0 (Windows NT 6.1; WOW64) AppleWebKit/537.36 (KHTML, like Gecko) Chrome/50.0.2661.102 Safari/537.36; 360Spider',
  'content-type' => '',
  'content-length' => '',
)
[ info ] [ PARAM ] array (
)
[ info ] [ RUN ] app\user\controller\User->login[ /home/www/snb_wallet/application/user/controller/User.php ]
[ info ] [ VIEW ] /home/www/snb_wallet/public/../application/user/view/user/Login.html [ array (
  0 => 'dir',
  1 => 'title',
  2 => 'error_msg',
) ]
[ info ] [ LOG ] INIT File

---------------------------------------------------------------
[ 2018-02-08T23:13:20+08:00 ] 172.31.232.156 42.236.102.184 GET /?lang=de
[ log ] wallet.2100w.cn/?lang=de [运行时间：0.017678s][吞吐率：56.57req/s] [内存消耗：2,163.01kb] [文件加载：41]
[ info ] [ LANG ] /home/www/snb_wallet/public/../application/lang/de.php
[ info ] [ ROUTE ] array (
  'type' => 'module',
  'module' => 
  array (
    0 => '',
    1 => NULL,
    2 => NULL,
  ),
)
[ info ] [ HEADER ] array (
  'host' => 'wallet.2100w.cn',
  'accept-encoding' => 'deflate, gzip',
  'referer' => 'http://wallet.2100w.cn/?lang=de',
  'cookie' => '',
  'accept' => '*/*',
  'accept-language' => 'zh-CN',
  'connection' => 'Keep-Alive',
  'user-agent' => 'Mozilla/5.0 (Windows NT 6.1; WOW64) AppleWebKit/537.36 (KHTML, like Gecko) Chrome/50.0.2661.102 Safari/537.36; 360Spider',
  'content-type' => '',
  'content-length' => '',
)
[ info ] [ PARAM ] array (
  'lang' => 'de',
)
[ info ] [ RUN ] app\index\controller\Index->index[ /home/www/snb_wallet/application/index/controller/Index.php ]
[ info ] [ SESSION ] INIT array (
  'id' => '',
  'var_session_id' => '',
  'prefix' => 'think',
  'type' => '',
  'auto_start' => true,
)
[ info ] [ LOG ] INIT File

---------------------------------------------------------------
[ 2018-02-08T23:13:20+08:00 ] 172.31.232.156 42.236.102.184 GET /login
[ log ] wallet.2100w.cn/login [运行时间：0.019075s][吞吐率：52.42req/s] [内存消耗：2,332.46kb] [文件加载：39]
[ info ] [ LANG ] /home/www/snb_wallet/public/../application/lang/de.php
[ info ] [ ROUTE ] array (
  'type' => 'module',
  'module' => 
  array (
    0 => 'user',
    1 => 'user',
    2 => 'login',
  ),
  'convert' => false,
)
[ info ] [ HEADER ] array (
  'host' => 'wallet.2100w.cn',
  'accept-encoding' => 'deflate, gzip',
  'referer' => 'http://wallet.2100w.cn/login',
  'cookie' => 'PHPSESSID=drqn592nerlqjse264rbsctju3; think_var=de;',
  'accept' => '*/*',
  'accept-language' => 'zh-CN',
  'connection' => 'Keep-Alive',
  'user-agent' => 'Mozilla/5.0 (Windows NT 6.1; WOW64) AppleWebKit/537.36 (KHTML, like Gecko) Chrome/50.0.2661.102 Safari/537.36; 360Spider',
  'content-type' => '',
  'content-length' => '',
)
[ info ] [ PARAM ] array (
)
[ info ] [ RUN ] app\user\controller\User->login[ /home/www/snb_wallet/application/user/controller/User.php ]
[ info ] [ VIEW ] /home/www/snb_wallet/public/../application/user/view/user/Login.html [ array (
  0 => 'dir',
  1 => 'title',
  2 => 'error_msg',
) ]
[ info ] [ LOG ] INIT File

---------------------------------------------------------------
