[ 2017-12-03T01:58:48+08:00 ] 172.31.232.156 106.11.155.236 GET /register?lang=th
[ log ] wallet.2100w.cn/register?lang=th [运行时间：0.021635s][吞吐率：46.22req/s] [内存消耗：3,589.06kb] [文件加载：47]
[ info ] [ LANG ] /home/www/snb_wallet/public/../application/lang/th.php
[ info ] [ ROUTE ] array (
  'type' => 'module',
  'module' => 
  array (
    0 => 'user',
    1 => 'user',
    2 => 'register',
  ),
  'convert' => false,
)
[ info ] [ HEADER ] array (
  'accept-language' => 'zh-cn,en-us,zh-tw,en-gb,en;',
  'host' => 'wallet.2100w.cn',
  'accept-encoding' => 'gzip',
  'accept' => '*/*',
  'connection' => 'Keep-Alive',
  'user-agent' => 'YisouSpider',
  'content-type' => '',
  'content-length' => '',
)
[ info ] [ PARAM ] array (
  'lang' => 'th',
)
[ info ] [ RUN ] app\user\controller\User->register[ /home/www/snb_wallet/application/user/controller/User.php ]
[ info ] [ DB ] INIT mysql
[ info ] [ VIEW ] /home/www/snb_wallet/public/../application/user/view/user/Register.html [ array (
  0 => 'dir',
  1 => 'title',
) ]
[ info ] [ LOG ] INIT File

---------------------------------------------------------------
[ 2017-12-03T19:32:54+08:00 ] 172.31.232.156 113.117.136.17 GET /
[ log ] wallet.2100w.cn/ [运行时间：0.023793s][吞吐率：42.03req/s] [内存消耗：2,175.11kb] [文件加载：43]
[ info ] [ LANG ] /home/www/snb_wallet/thinkphp/lang/zh-cn.php
[ info ] [ LANG ] /home/www/snb_wallet/public/../application/lang/zh-cn.php
[ info ] [ ROUTE ] array (
  'type' => 'module',
  'module' => 
  array (
    0 => '',
    1 => NULL,
    2 => NULL,
  ),
)
[ info ] [ HEADER ] array (
  'host' => 'wallet.2100w.cn',
  'connection' => 'keep-alive',
  'upgrade-insecure-requests' => '1',
  'user-agent' => 'Mozilla/5.0 (Windows NT 10.0; Win64; x64) AppleWebKit/537.36 (KHTML, like Gecko) Chrome/60.0.3112.78 Safari/537.36',
  'accept' => 'text/html,application/xhtml+xml,application/xml;q=0.9,image/webp,image/apng,*/*;q=0.8',
  'accept-encoding' => 'gzip, deflate',
  'accept-language' => 'zh-CN,zh;q=0.8',
  'content-type' => '',
  'content-length' => '',
)
[ info ] [ PARAM ] array (
)
[ info ] [ LANG ] /home/www/snb_wallet/public/../application/index/lang/zh-cn.php
[ info ] [ RUN ] app\index\controller\Index->index[ /home/www/snb_wallet/application/index/controller/Index.php ]
[ info ] [ SESSION ] INIT array (
  'id' => '',
  'var_session_id' => '',
  'prefix' => 'think',
  'type' => '',
  'auto_start' => true,
)
[ info ] [ LOG ] INIT File

---------------------------------------------------------------
[ 2017-12-03T19:32:54+08:00 ] 172.31.232.156 113.117.136.17 GET /login
[ log ] wallet.2100w.cn/login [运行时间：0.014986s][吞吐率：66.73req/s] [内存消耗：2,342.04kb] [文件加载：40]
[ info ] [ LANG ] /home/www/snb_wallet/thinkphp/lang/zh-cn.php
[ info ] [ LANG ] /home/www/snb_wallet/public/../application/lang/zh-cn.php
[ info ] [ ROUTE ] array (
  'type' => 'module',
  'module' => 
  array (
    0 => 'user',
    1 => 'user',
    2 => 'login',
  ),
  'convert' => false,
)
[ info ] [ HEADER ] array (
  'host' => 'wallet.2100w.cn',
  'connection' => 'keep-alive',
  'upgrade-insecure-requests' => '1',
  'user-agent' => 'Mozilla/5.0 (Windows NT 10.0; Win64; x64) AppleWebKit/537.36 (KHTML, like Gecko) Chrome/60.0.3112.78 Safari/537.36',
  'accept' => 'text/html,application/xhtml+xml,application/xml;q=0.9,image/webp,image/apng,*/*;q=0.8',
  'accept-encoding' => 'gzip, deflate',
  'accept-language' => 'zh-CN,zh;q=0.8',
  'cookie' => 'think_var=zh-cn; PHPSESSID=vmedeaollv6cu6up73c13055c2',
  'content-type' => '',
  'content-length' => '',
)
[ info ] [ PARAM ] array (
)
[ info ] [ RUN ] app\user\controller\User->login[ /home/www/snb_wallet/application/user/controller/User.php ]
[ info ] [ VIEW ] /home/www/snb_wallet/public/../application/user/view/user/Login.html [ array (
  0 => 'dir',
  1 => 'title',
  2 => 'error_msg',
) ]
[ info ] [ LOG ] INIT File

---------------------------------------------------------------
[ 2017-12-03T19:35:29+08:00 ] 172.31.232.156 113.117.[ 2017-12-03T19:40:45+08:00 ] 172.31.232.156 113.117.136.17 GET /
[ log ] wallet.2100w.cn/ [运行时间：0.014849s][吞吐率：67.34req/s] [内存消耗：2,174.47kb] [文件加载：43]
[ info ] [ LANG ] /home/www/snb_wallet/thinkphp/lang/zh-cn.php
[ info ] [ LANG ] /home/www/snb_wallet/public/../application/lang/zh-cn.php
[ info ] [ ROUTE ] array (
  'type' => 'module',
  'module' => 
  array (
    0 => '',
    1 => NULL,
    2 => NULL,
  ),
)
[ info ] [ HEADER ] array (
  'host' => 'wallet.2100w.cn',
  'connection' => 'keep-alive',
  'upgrade-insecure-requests' => '1',
  'user-agent' => 'Mozilla/5.0 (Windows NT 10.0; Win64; x64) AppleWebKit/537.36 (KHTML, like Gecko) Chrome/60.0.3112.78 Safari/537.36',
  'accept' => 'text/html,application/xhtml+xml,application/xml;q=0.9,image/webp,image/apng,*/*;q=0.8',
  'accept-encoding' => 'gzip, deflate',
  'accept-language' => 'zh-CN,zh;q=0.8',
  'cookie' => 'think_var=zh-cn; PHPSESSID=vmedeaollv6cu6up73c13055c2',
  'content-type' => '',
  'content-length' => '',
)
[ info ] [ PARAM ] array (
)
[ info ] [ LANG ] /home/www/snb_wallet/public/../application/index/lang/zh-cn.php
[ info ] [ RUN ] app\index\controller\Index->index[ /home/www/snb_wallet/application/index/controller/Index.php ]
[ info ] [ SESSION ] INIT array (
  'id' => '',
  'var_session_id' => '',
  'prefix' => 'think',
  'type' => '',
  'auto_start' => true,
)
[ info ] [ LOG ] INIT File

---------------------------------------------------------------
[ 2017-12-03T19:40:45+08:00 ] 172.31.232.156 113.117.136.17 GET /login
[ log ] wallet.2100w.cn/login [运行时间：0.015839s][吞吐率：63.13req/s] [内存消耗：2,342.04kb] [文件加载：40]
[ info ] [ LANG ] /home/www/snb_wallet/thinkphp/lang/zh-cn.php
[ info ] [ LANG ] /home/www/snb_wallet/public/../application/lang/zh-cn.php
[ info ] [ ROUTE ] array (
  'type' => 'module',
  'module' => 
  array (
    0 => 'user',
    1 => 'user',
    2 => 'login',
  ),
  'convert' => false,
)
[ info ] [ HEADER ] array (
  'host' => 'wallet.2100w.cn',
  'connection' => 'keep-alive',
  'upgrade-insecure-requests' => '1',
  'user-agent' => 'Mozilla/5.0 (Windows NT 10.0; Win64; x64) AppleWebKit/537.36 (KHTML, like Gecko) Chrome/60.0.3112.78 Safari/537.36',
  'accept' => 'text/html,application/xhtml+xml,application/xml;q=0.9,image/webp,image/apng,*/*;q=0.8',
  'accept-encoding' => 'gzip, deflate',
  'accept-language' => 'zh-CN,zh;q=0.8',
  'cookie' => 'think_var=zh-cn; PHPSESSID=vmedeaollv6cu6up73c13055c2',
  'content-type' => '',
  'content-length' => '',
)
[ info ] [ PARAM ] array (
)
[ info ] [ RUN ] app\user\controller\User->login[ /home/www/snb_wallet/application/user/controller/User.php ]
[ info ] [ VIEW ] /home/www/snb_wallet/public/../application/user/view/user/Login.html [ array (
  0 => 'dir',
  1 => 'title',
  2 => 'error_msg',
) ]
[ info ] [ LOG ] INIT File

---------------------------------------------------------------
[ 2017-12-03T19:40:47+08:00 ] 172.31.232.156 113.117.136.17 POST /login
[ log ] wallet.2100w.cn/login [运行时间：0.029324s][吞吐率：34.10req/s] [内存消耗：3,710.34kb] [文件加载：50]
[ info ] [ LANG ] /home/www/snb_wallet/thinkphp/lang/zh-cn.php
[ info ] [ LANG ] /home/www/snb_wallet/public/../application/lang/zh-cn.php
[ info ] [ ROUTE ] array (
  'type' => 'module',
  'module' => 
  array (
    0 => 'user',
    1 => 'user',
    2 => 'login',
  ),
  'convert' => false,
)
[ info ] [ HEADER ] array (
  'host' => 'wallet.2100w.cn',
  'connection' => 'keep-alive',
  'content-length' => '44',
  'cache-control' => 'max-age=0',
  'origin' => 'http://wallet.2100w.cn',
  'upgrade-insecure-requests' => '1',
  'user-agent' => 'Mozilla/5.0 (Windows NT 10.0; Win64; x64) AppleWebKit/537.36 (KHTML, like Gecko) Chrome/60.0.3112.78 Safari/537.36',
  'content-type' => 'application/x-www-form-urlencoded',
  'accept' => 'text/html,application/xhtml+xml,application/xml;q=0.9,image/webp,image/apng,*/*;q=0.8',
  'referer' => 'http://wallet.2100w.cn/login',
  'accept-encoding' => 'gzip, deflate',
  'accept-language' => 'zh-CN,zh;q=0.8',
  'cookie' => 'think_var=zh-cn; PHPSESSID=vmedeaollv6cu6up73c13055c2',
)
[ info ] [ PARAM ] array (
  'email' => '396406530@qq.com',
  'password' => 'wing123456',
)
[ info ] [ RUN ] app\user\controller\User->login[ /home/www/snb_wallet/application/user/controller/User.php ]
[ info ] [ DB ] INIT mysql
[ info ] [ SESSION ] INIT array (
  'id' => '',
  'var_session_id' => '',
  'prefix' => 'think',
  'type' => '',
  'auto_start' => true,
)
[ info ] [ LOG ] INIT File
[ sql ] [ DB ] CONNECT:[ UseTime:0.000377s ] mysql:dbname=wallet;host=localhost;charset=utf8
[ sql ] [ SQL ] SHOW COLUMNS FROM `yuan_user` [ RunTime:0.001425s ]
[ sql ] [ SQL ] SELECT `user_id`,`user_account`,`user_3des`,`user_name`,`user_setTrust` FROM `yuan_user` WHERE  `user_email` = '396406530@qq.com' LIMIT 1 [ RunTime:0.000610s ]
[ sql ] [ SQL ] SELECT `user_pass`,`user_confirm`,`user_3des`,`user_lock` FROM `yuan_user` WHERE  `user_email` = '396406530@qq.com' LIMIT 1 [ RunTime:0.000215s ]

---------------------------------------------------------------
[ 2017-12-03T19:40:47+08:00 ] 172.31.232.156 113.117.136.17 GET /
[ log ] wallet.2100w.cn/ [运行时间：0.020154s][吞吐率：49.62req/s] [内存消耗：2,151.08kb] [文件加载：42]
[ info ] [ LANG ] /home/www/snb_wallet/thinkphp/lang/zh-cn.php
[ info ] [ LANG ] /home/www/snb_wallet/public/../application/lang/zh-cn.php
[ info ] [ ROUTE ] array (
  'type' => 'module',
  'module' => 
  array (
    0 => '',
    1 => NULL,
    2 => NULL,
  ),
)
[ info ] [ HEADER ] array (
  'host' => 'wallet.2100w.cn',
  'connection' => 'keep-alive',
  'cache-control' => 'max-age=0',
  'upgrade-insecure-requests' => '1',
  'user-agent' => 'Mozilla/5.0 (Windows NT 10.0; Win64; x64) AppleWebKit/537.36 (KHTML, like Gecko) Chrome/60.0.3112.78 Safari/537.36',
  'accept' => 'text/html,application/xhtml+xml,application/xml;q=0.9,image/webp,image/apng,*/*;q=0.8',
  'referer' => 'http://wallet.2100w.cn/login',
  'accept-encoding' => 'gzip, deflate',
  'accept-language' => 'zh-CN,zh;q=0.8',
  'cookie' => 'think_var=zh-cn; PHPSESSID=vmedeaollv6cu6up73c13055c2',
  'content-type' => '',
  'content-length' => '',
)
[ info ] [ PARAM ] array (
)
[ info ] [ LANG ] /home/www/snb_wallet/public/../application/index/lang/zh-cn.php
[ info ] [ RUN ] app\index\controller\Index->index[ /home/www/snb_wallet/application/index/controller/Index.php ]
[ info ] [ SESSION ] INIT array (
  'id' => '',
  'var_session_id' => '',
  'prefix' => 'think',
  'type' => '',
  'auto_start' => true,
)
[ info ] [ VIEW ] /home/www/snb_wallet/public/../application/index/view/index/Index.html [ array (
  0 => 'dir',
  1 => 'title',
) ]
[ info ] [ LOG ] INIT File

---------------------------------------------------------------
[ 2017-12-03T19:40:48+08:00 ] 172.31.232.156 113.117.136.17 POST /index/gateway/alldata
[ log ] wallet.2100w.cn/index/gateway/alldata [运行时间：0.025395s][吞吐率：39.38req/s] [内存消耗：3,637.88kb] [文件加载：51]
[ info ] [ LANG ] /home/www/snb_wallet/thinkphp/lang/zh-cn.php
[ info ] [ LANG ] /home/www/snb_wallet/public/../application/lang/zh-cn.php
[ info ] [ ROUTE ] array (
  'type' => 'module',
  'module' => 
  array (
    0 => 'index',
    1 => 'gateway',
    2 => 'alldata',
  ),
)
[ info ] [ HEADER ] array (
  'host' => 'wallet.2100w.cn',
  'connection' => 'keep-alive',
  'content-length' => '0',
  'accept' => '*/*',
  'origin' => 'http://wallet.2100w.cn',
  'x-requested-with' => 'XMLHttpRequest',
  'user-agent' => 'Mozilla/5.0 (Windows NT 10.0; Win64; x64) AppleWebKit/537.36 (KHTML, like Gecko) Chrome/60.0.3112.78 Safari/537.36',
  'referer' => 'http://wallet.2100w.cn/',
  'accept-encoding' => 'gzip, deflate',
  'accept-language' => 'zh-CN,zh;q=0.8',
  'cookie' => 'think_var=zh-cn; PHPSESSID=vmedeaollv6cu6up73c13055c2',
  'content-type' => '',
)
[ info ] [ PARAM ] array (
)
[ info ] [ LANG ] /home/www/snb_wallet/public/../application/index/lang/zh-cn.php
[ info ] [ RUN ] app\index\controller\Gateway->alldata[ /home/www/snb_wallet/application/index/controller/Gateway.php ]
[ info ] [ SESSION ] INIT array (
  'id' => '',
  'var_session_id' => '',
  'prefix' => 'think',
  'type' => '',
  'auto_start' => true,
)
[ info ] [ DB ] INIT mysql
[ info ] [ LOG ] INIT File

---------------------------------------------------------------
[ 2017-12-03T19:41:50+08:00 ] 172.31.232.156 113.117.136.17 GET /SuperTool/Masstool/MassUKCICO.html
[ log ] wallet.2100w.cn/SuperTool/Masstool/MassUKCICO.html [运行时间：0.015363s][吞吐率：65.09req/s] [内存消耗：1,843.05kb] [文件加载：35]
[ info ] [ LANG ] /home/www/snb_wallet/thinkphp/lang/zh-cn.php
[ info ] [ LANG ] /home/www/snb_wallet/public/../application/lang/zh-cn.php
[ info ] [ ROUTE ] array (
  'type' => 'module',
  'module' => 
  array (
    0 => 'SuperTool',
    1 => 'Masstool',
    2 => 'MassUKCICO',
  ),
)
[ info ] [ HEADER ] array (
  'host' => 'wallet.2100w.cn',
  'connection' => 'keep-alive',
  'upgrade-insecure-requests' => '1',
  'user-agent' => 'Mozilla/5.0 (Windows NT 10.0; Win64; x64) AppleWebKit/537.36 (KHTML, like Gecko) Chrome/60.0.3112.78 Safari/537.36',
  'accept' => 'text/html,application/xhtml+xml,application/xml;q=0.9,image/webp,image/apng,*/*;q=0.8',
  'accept-encoding' => 'gzip, deflate',
  'accept-language' => 'zh-CN,zh;q=0.8',
  'cookie' => 'think_var=zh-cn; PHPSESSID=vmedeaollv6cu6up73c13055c2',
  'content-type' => '',
  'content-length' => '',
)
[ info ] [ PARAM ] array (
)
[ info ] [ LOG ] INIT File

---------------------------------------------------------------
[ 2017-12-03T19:41:53+08:00 ] 172.31.232.156 113.117.136.17 GET /
[ log ] wallet.2100w.cn/ [运行时间：0.016030s][吞吐率：62.38req/s] [内存消耗：2,150.67kb] [文件加载：42]
[ info ] [ LANG ] /home/www/snb_wallet/thinkphp/lang/zh-cn.php
[ info ] [ LANG ] /home/www/snb_wallet/public/../application/lang/zh-cn.php
[ info ] [ ROUTE ] array (
  'type' => 'module',
  'module' => 
  array (
    0 => '',
    1 => NULL,
    2 => NULL,
  ),
)
[ info ] [ HEADER ] array (
  'host' => 'wallet.2100w.cn',
  'connection' => 'keep-alive',
  'upgrade-insecure-requests' => '1',
  'user-agent' => 'Mozilla/5.0 (Windows NT 10.0; Win64; x64) AppleWebKit/537.36 (KHTML, like Gecko) Chrome/60.0.3112.78 Safari/537.36',
  'accept' => 'text/html,application/xhtml+xml,application/xml;q=0.9,image/webp,image/apng,*/*;q=0.8',
  'accept-encoding' => 'gzip, deflate',
  'accept-language' => 'zh-CN,zh;q=0.8',
  'cookie' => 'think_var=zh-cn; PHPSESSID=vmedeaollv6cu6up73c13055c2',
  'content-type' => '',
  'content-length' => '',
)
[ info ] [ PARAM ] array (
)
[ info ] [ LANG ] /home/www/snb_wallet/public/../application/index/lang/zh-cn.php
[ info ] [ RUN ] app\index\controller\Index->index[ /home/www/snb_wallet/application/index/controller/Index.php ]
[ info ] [ SESSION ] INIT array (
  'id' => '',
  'var_session_id' => '',
  'prefix' => 'think',
  'type' => '',
  'auto_start' => true,
)
[ info ] [ VIEW ] /home/www/snb_wallet/public/../application/index/view/index/Index.html [ array (
  0 => 'dir',
  1 => 'title',
) ]
[ info ] [ LOG ] INIT File

---------------------------------------------------------------
[ 2017-12-03T19:41:55+08:00 ] 172.31.232.156 113.117.136.17 POST /index/gateway/alldata
[ log ] wallet.2100w.cn/index/gateway/alldata [运行时间：0.037067s][吞吐率：26.98req/s] [内存消耗：3,637.88kb] [文件加载：51]
[ info ] [ LANG ] /home/www/snb_wallet/thinkphp/lang/zh-cn.php
[ info ] [ LANG ] /home/www/snb_wallet/public/../application/lang/zh-cn.php
[ info ] [ ROUTE ] array (
  'type' => 'module',
  'module' => 
  array (
    0 => 'index',
    1 => 'gateway',
    2 => 'alldata',
  ),
)
[ info ] [ HEADER ] array (
  'host' => 'wallet.2100w.cn',
  'connection' => 'keep-alive',
  'content-length' => '0',
  'accept' => '*/*',
  'origin' => 'http://wallet.2100w.cn',
  'x-requested-with' => 'XMLHttpRequest',
  'user-agent' => 'Mozilla/5.0 (Windows NT 10.0; Win64; x64) AppleWebKit/537.36 (KHTML, like Gecko) Chrome/60.0.3112.78 Safari/537.36',
  'referer' => 'http://wallet.2100w.cn/',
  'accept-encoding' => 'gzip, deflate',
  'accept-language' => 'zh-CN,zh;q=0.8',
  'cookie' => 'think_var=zh-cn; PHPSESSID=vmedeaollv6cu6up73c13055c2',
  'content-type' => '',
)
[ info ] [ PARAM ] array (
)
[ info ] [ LANG ] /home/www/snb_wallet/public/../application/index/lang/zh-cn.php
[ info ] [ RUN ] app\index\controller\Gateway->alldata[ /home/www/snb_wallet/application/index/controller/Gateway.php ]
[ info ] [ SESSION ] INIT array (
  'id' => '',
  'var_session_id' => '',
  'prefix' => 'think',
  'type' => '',
  'auto_start' => true,
)
[ info ] [ DB ] INIT mysql
[ info ] [ LOG ] INIT File

---------------------------------------------------------------
[ 2017-12-03T19:41:57+08:00 ] 172.31.232.156 113.117.136.17 GET /gateway
[ log ] wallet.2100w.cn/gateway [运行时间：0.029440s][吞吐率：33.97req/s] [内存消耗：3,816.10kb] [文件加载：53]
[ info ] [ LANG ] /home/www/snb_wallet/thinkphp/lang/zh-cn.php
[ info ] [ LANG ] /home/www/snb_wallet/public/../application/lang/zh-cn.php
[ info ] [ ROUTE ] array (
  'type' => 'module',
  'module' => 
  array (
    0 => 'index',
    1 => 'gateway',
    2 => 'index',
  ),
  'convert' => false,
)
[ info ] [ HEADER ] array (
  'host' => 'wallet.2100w.cn',
  'connection' => 'keep-alive',
  'upgrade-insecure-requests' => '1',
  'user-agent' => 'Mozilla/5.0 (Windows NT 10.0; Win64; x64) AppleWebKit/537.36 (KHTML, like Gecko) Chrome/60.0.3112.78 Safari/537.36',
  'accept' => 'text/html,application/xhtml+xml,application/xml;q=0.9,image/webp,image/apng,*/*;q=0.8',
  'referer' => 'http://wallet.2100w.cn/',
  'accept-encoding' => 'gzip, deflate',
  'accept-language' => 'zh-CN,zh;q=0.8',
  'cookie' => 'think_var=zh-cn; PHPSESSID=vmedeaollv6cu6up73c13055c2',
  'content-type' => '',
  'content-length' => '',
)
[ info ] [ PARAM ] array (
)
[ info ] [ LANG ] /home/www/snb_wallet/public/../application/index/lang/zh-cn.php
[ info ] [ RUN ] app\index\controller\Gateway->index[ /home/www/snb_wallet/application/index/controller/Gateway.php ]
[ info ] [ SESSION ] INIT array (
  'id' => '',
  'var_session_id' => '',
  'prefix' => 'think',
  'type' => '',
  'auto_start' => true,
)
[ info ] [ DB ] INIT mysql
[ info ] [ VIEW ] /home/www/snb_wallet/public/../application/index/view/gateway/Index.html [ array (
  0 => 'dir',
  1 => 'gateway',
  2 => 'mygateway',
) ]
[ info ] [ LOG ] INIT File
[ sql ] [ DB ] CONNECT:[ UseTime:0.000331s ] mysql:dbname=wallet;host=localhost;charset=utf8
[ sql ] [ SQL ] SHOW COLUMNS FROM `yuan_gateway` [ RunTime:0.001143s ]
[ sql ] [ SQL ] SELECT * FROM `yuan_gateway` WHERE  `gateway_status` = 2 LIMIT 10 [ RunTime:0.000470s ]
[ sql ] [ SQL ] SHOW COLUMNS FROM `yuan_asset` [ RunTime:0.000784s ]
[ sql ] [ SQL ] SELECT * FROM `yuan_asset` WHERE  `gateway_id` = 6 [ RunTime:0.000336s ]
[ sql ] [ SQL ] SELECT * FROM `yuan_gateway` WHERE  `gateway_account` = 'GB5HHFSYU7ZQX5P3SHNVLFTB4JKX3A35YLFEMPOHEMWQIMJLVI3CCPN2' LIMIT 1 [ RunTime:0.000222s ]

---------------------------------------------------------------
[ 2017-12-03T19:41:57+08:00 ] 172.31.232.156 113.117.136.17 GET /index/gateway/data/account/GDYTA6IF5VUT5DH4ULA57CMM4OYWVZF6ZQFWAVHSGCMOI2ZTXMMVEYIA
[ log ] wallet.2100w.cn/index/gateway/data/account/GDYTA6IF5VUT5DH4ULA57CMM4OYWVZF6ZQFWAVHSGCMOI2ZTXMMVEYIA [运行时间：0.027458s][吞吐率：36.42req/s] [内存消耗：3,801.74kb] [文件加载：53]
[ info ] [ LANG ] /home/www/snb_wallet/thinkphp/lang/zh-cn.php
[ info ] [ LANG ] /home/www/snb_wallet/public/../application/lang/zh-cn.php
[ info ] [ ROUTE ] array (
  'type' => 'module',
  'module' => 
  array (
    0 => 'index',
    1 => 'gateway',
    2 => 'data',
  ),
)
[ info ] [ HEADER ] array (
  'host' => 'wallet.2100w.cn',
  'connection' => 'keep-alive',
  'accept' => '*/*',
  'x-requested-with' => 'XMLHttpRequest',
  'user-agent' => 'Mozilla/5.0 (Windows NT 10.0; Win64; x64) AppleWebKit/537.36 (KHTML, like Gecko) Chrome/60.0.3112.78 Safari/537.36',
  'referer' => 'http://wallet.2100w.cn/gateway',
  'accept-encoding' => 'gzip, deflate',
  'accept-language' => 'zh-CN,zh;q=0.8',
  'cookie' => 'think_var=zh-cn; PHPSESSID=vmedeaollv6cu6up73c13055c2',
  'content-type' => '',
  'content-length' => '',
)
[ info ] [ PARAM ] array (
  'account' => 'GDYTA6IF5VUT5DH4ULA57CMM4OYWVZF6ZQFWAVHSGCMOI2ZTXMMVEYIA',
)
[ info ] [ LANG ] /home/www/snb_wallet/public/../application/index/lang/zh-cn.php
[ info ] [ RUN ] app\index\controller\Gateway->data[ /home/www/snb_wallet/application/index/controller/Gateway.php ]
[ info ] [ SESSION ] INIT array (
  'id' => '',
  'var_session_id' => '',
  'prefix' => 'think',
  'type' => '',
  'auto_start' => true,
)
[ info ] [ DB ] INIT mysql
[ info ] [ LOG ] INIT File
[ sql ] [ DB ] CONNECT:[ UseTime:0.000350s ] mysql:dbname=wallet;host=localhost;charset=utf8
[ sql ] [ SQL ] SHOW COLUMNS FROM `yuan_asset` [ RunTime:0.000639s ]
[ sql ] [ SQL ] SELECT * FROM `yuan_asset` WHERE  `asset_issuer` = 'GDYTA6IF5VUT5DH4ULA57CMM4OYWVZF6ZQFWAVHSGCMOI2ZTXMMVEYIA' LIMIT 1 [ RunTime:0.000293s ]
[ sql ] [ SQL ] SHOW COLUMNS FROM `yuan_gateway` [ RunTime:0.000422s ]
[ sql ] [ SQL ] SELECT * FROM `yuan_gateway` WHERE  `gateway_id` = 6 LIMIT 1 [ RunTime:0.000232s ]
[ sql ] [ SQL ] SELECT * FROM `yuan_asset` WHERE  `gateway_id` = 6 [ RunTime:0.000206s ]

---------------------------------------------------------------
[ 2017-12-03T19:41:57+08:00 ] 172.31.232.156 113.117.136.17 GET /index/asset/getIssuerAmount/code/LQSHY/issuer/GDYTA6IF5VUT5DH4ULA57CMM4OYWVZF6ZQFWAVHSGCMOI2ZTXMMVEYIA
[ log ] wallet.2100w.cn/index/asset/getIssuerAmount/code/LQSHY/issuer/GDYTA6IF5VUT5DH4ULA57CMM4OYWVZF6ZQFWAVHSGCMOI2ZTXMMVEYIA [运行时间：0.024748s][吞吐率：40.41req/s] [内存消耗：3,500.55kb] [文件加载：51]
[ info ] [ LANG ] /home/www/snb_wallet/thinkphp/lang/zh-cn.php
[ info ] [ LANG ] /home/www/snb_wallet/public/../application/lang/zh-cn.php
[ info ] [ ROUTE ] array (
  'type' => 'module',
  'module' => 
  array (
    0 => 'index',
    1 => 'asset',
    2 => 'getIssuerAmount',
  ),
)
[ info ] [ HEADER ] array (
  'host' => 'wallet.2100w.cn',
  'connection' => 'keep-alive',
  'accept' => '*/*',
  'x-requested-with' => 'XMLHttpRequest',
  'user-agent' => 'Mozilla/5.0 (Windows NT 10.0; Win64; x64) AppleWebKit/537.36 (KHTML, like Gecko) Chrome/60.0.3112.78 Safari/537.36',
  'referer' => 'http://wallet.2100w.cn/gateway',
  'accept-encoding' => 'gzip, deflate',
  'accept-language' => 'zh-CN,zh;q=0.8',
  'cookie' => 'think_var=zh-cn; PHPSESSID=vmedeaollv6cu6up73c13055c2',
  'content-type' => '',
  'content-length' => '',
)
[ info ] [ PARAM ] array (
  'code' => 'LQSHY',
  'issuer' => 'GDYTA6IF5VUT5DH4ULA57CMM4OYWVZF6ZQFWAVHSGCMOI2ZTXMMVEYIA',
)
[ info ] [ LANG ] /home/www/snb_wallet/public/../application/index/lang/zh-cn.php
[ info ] [ RUN ] app\index\controller\Asset->getIssuerAmount[ /home/www/snb_wallet/application/index/controller/Asset.php ]
[ info ] [ DB ] INIT mysql
[ info ] [ LOG ] INIT File
[ sql ] [ DB ] CONNECT:[ UseTime:0.000341s ] mysql:dbname=wallet;host=localhost;charset=utf8
[ sql ] [ SQL ] SHOW COLUMNS FROM `yuan_asset` [ RunTime:0.000522s ]
[ sql ] [ SQL ] SELECT * FROM `yuan_asset` WHERE  `asset_issuer` = 'GDYTA6IF5VUT5DH4ULA57CMM4OYWVZF6ZQFWAVHSGCMOI2ZTXMMVEYIA'  AND `asset_code` = 'LQSHY' LIMIT 1 [ RunTime:0.000268s ]

---------------------------------------------------------------
[ 2017-12-03T19:42:00+08:00 ] 172.31.232.156 113.117.136.17 GET /
[ log ] wallet.2100w.cn/ [运行时间：0.017127s][吞吐率：58.39req/s] [内存消耗：2,150.85kb] [文件加载：42]
[ info ] [ LANG ] /home/www/snb_wallet/thinkphp/lang/zh-cn.php
[ info ] [ LANG ] /home/www/snb_wallet/public/../application/lang/zh-cn.php
[ info ] [ ROUTE ] array (
  'type' => 'module',
  'module' => 
  array (
    0 => '',
    1 => NULL,
    2 => NULL,
  ),
)
[ info ] [ HEADER ] array (
  'host' => 'wallet.2100w.cn',
  'connection' => 'keep-alive',
  'upgrade-insecure-requests' => '1',
  'user-agent' => 'Mozilla/5.0 (Windows NT 10.0; Win64; x64) AppleWebKit/537.36 (KHTML, like Gecko) Chrome/60.0.3112.78 Safari/537.36',
  'accept' => 'text/html,application/xhtml+xml,application/xml;q=0.9,image/webp,image/apng,*/*;q=0.8',
  'referer' => 'http://wallet.2100w.cn/gateway',
  'accept-encoding' => 'gzip, deflate',
  'accept-language' => 'zh-CN,zh;q=0.8',
  'cookie' => 'think_var=zh-cn; PHPSESSID=vmedeaollv6cu6up73c13055c2',
  'content-type' => '',
  'content-length' => '',
)
[ info ] [ PARAM ] array (
)
[ info ] [ LANG ] /home/www/snb_wallet/public/../application/index/lang/zh-cn.php
[ info ] [ RUN ] app\index\controller\Index->index[ /home/www/snb_wallet/application/index/controller/Index.php ]
[ info ] [ SESSION ] INIT array (
  'id' => '',
  'var_session_id' => '',
  'prefix' => 'think',
  'type' => '',
  'auto_start' => true,
)
[ info ] [ VIEW ] /home/www/snb_wallet/public/../application/index/view/index/Index.html [ array (
  0 => 'dir',
  1 => 'title',
) ]
[ info ] [ LOG ] INIT File

---------------------------------------------------------------
[ 2017-12-03T19:42:01+08:00 ] 172.31.232.156 113.117.136.17 POST /index/gateway/alldata
[ log ] wallet.2100w.cn/index/gateway/alldata [运行时间：0.024527s][吞吐率：40.77req/s] [内存消耗：3,637.88kb] [文件加载：51]
[ info ] [ LANG ] /home/www/snb_wallet/thinkphp/lang/zh-cn.php
[ info ] [ LANG ] /home/www/snb_wallet/public/../application/lang/zh-cn.php
[ info ] [ ROUTE ] array (
  'type' => 'module',
  'module' => 
  array (
    0 => 'index',
    1 => 'gateway',
    2 => 'alldata',
  ),
)
[ info ] [ HEADER ] array (
  'host' => 'wallet.2100w.cn',
  'connection' => 'keep-alive',
  'content-length' => '0',
  'accept' => '*/*',
  'origin' => 'http://wallet.2100w.cn',
  'x-requested-with' => 'XMLHttpRequest',
  'user-agent' => 'Mozilla/5.0 (Windows NT 10.0; Win64; x64) AppleWebKit/537.36 (KHTML, like Gecko) Chrome/60.0.3112.78 Safari/537.36',
  'referer' => 'http://wallet.2100w.cn/',
  'accept-encoding' => 'gzip, deflate',
  'accept-language' => 'zh-CN,zh;q=0.8',
  'cookie' => 'think_var=zh-cn; PHPSESSID=vmedeaollv6cu6up73c13055c2',
  'content-type' => '',
)
[ info ] [ PARAM ] array (
)
[ info ] [ LANG ] /home/www/snb_wallet/public/../application/index/lang/zh-cn.php
[ info ] [ RUN ] app\index\controller\Gateway->alldata[ /home/www/snb_wallet/application/index/controller/Gateway.php ]
[ info ] [ SESSION ] INIT array (
  'id' => '',
  'var_session_id' => '',
  'prefix' => 'think',
  'type' => '',
  'auto_start' => true,
)
[ info ] [ DB ] INIT mysql
[ info ] [ LOG ] INIT File

---------------------------------------------------------------
[ 2017-12-03T21:51:39+08:00 ] 172.31.232.156 120.239.181.97 GET /
[ log ] wallet.2100w.cn/ [运行时间：0.014647s][吞吐率：68.27req/s] [内存消耗：2,175.34kb] [文件加载：43]
[ info ] [ LANG ] /home/www/snb_wallet/thinkphp/lang/zh-cn.php
[ info ] [ LANG ] /home/www/snb_wallet/public/../application/lang/zh-cn.php
[ info ] [ ROUTE ] array (
  'type' => 'module',
  'module' => 
  array (
    0 => '',
    1 => NULL,
    2 => NULL,
  ),
)
[ info ] [ HEADER ] array (
  'host' => 'wallet.2100w.cn',
  'accept' => 'text/html,application/xhtml+xml,application/xml;q=0.9,*/*;q=0.8',
  'upgrade-insecure-requests' => '1',
  'cookie' => '_ga=GA1.2.304387276.1511587880',
  'user-agent' => 'Mozilla/5.0 (Macintosh; Intel Mac OS X 10_13_1) AppleWebKit/604.3.5 (KHTML, like Gecko) Version/11.0.1 Safari/604.3.5',
  'accept-language' => 'zh-cn',
  'accept-encoding' => 'gzip, deflate',
  'connection' => 'keep-alive',
  'content-type' => '',
  'content-length' => '',
)
[ info ] [ PARAM ] array (
)
[ info ] [ LANG ] /home/www/snb_wallet/public/../application/index/lang/zh-cn.php
[ info ] [ RUN ] app\index\controller\Index->index[ /home/www/snb_wallet/application/index/controller/Index.php ]
[ info ] [ SESSION ] INIT array (
  'id' => '',
  'var_session_id' => '',
  'prefix' => 'think',
  'type' => '',
  'auto_start' => true,
)
[ info ] [ LOG ] INIT File

---------------------------------------------------------------
[ 2017-12-03T21:51:39+08:00 ] 172.31.232.156 120.239.181.97 GET /login
[ log ] wallet.2100w.cn/login [运行时间：0.017016s][吞吐率：58.77req/s] [内存消耗：2,342.02kb] [文件加载：40]
[ info ] [ LANG ] /home/www/snb_wallet/thinkphp/lang/zh-cn.php
[ info ] [ LANG ] /home/www/snb_wallet/public/../application/lang/zh-cn.php
[ info ] [ ROUTE ] array (
  'type' => 'module',
  'module' => 
  array (
    0 => 'user',
    1 => 'user',
    2 => 'login',
  ),
  'convert' => false,
)
[ info ] [ HEADER ] array (
  'host' => 'wallet.2100w.cn',
  'accept' => 'text/html,application/xhtml+xml,application/xml;q=0.9,*/*;q=0.8',
  'upgrade-insecure-requests' => '1',
  'cookie' => 'PHPSESSID=gkr3ctk4ie5trhilncqokirjh3; think_var=zh-cn; _ga=GA1.2.304387276.1511587880',
  'user-agent' => 'Mozilla/5.0 (Macintosh; Intel Mac OS X 10_13_1) AppleWebKit/604.3.5 (KHTML, like Gecko) Version/11.0.1 Safari/604.3.5',
  'accept-language' => 'zh-cn',
  'accept-encoding' => 'gzip, deflate',
  'connection' => 'keep-alive',
  'content-type' => '',
  'content-length' => '',
)
[ info ] [ PARAM ] array (
)
[ info ] [ RUN ] app\user\controller\User->login[ /home/www/snb_wallet/application/user/controller/User.php ]
[ info ] [ VIEW ] /home/www/snb_wallet/public/../application/user/view/user/Login.html [ array (
  0 => 'dir',
  1 => 'title',
  2 => 'error_msg',
) ]
[ info ] [ LOG ] INIT File

---------------------------------------------------------------
[ 2017-12-03T21:51:49+08:00 ] 172.31.232.156 120.239.181.97 POST /login
[ log ] wallet.2100w.cn/login [运行时间：0.027715s][吞吐率：36.08req/s] [内存消耗：3,709.94kb] [文件加载：50]
[ info ] [ LANG ] /home/www/snb_wallet/thinkphp/lang/zh-cn.php
[ info ] [ LANG ] /home/www/snb_wallet/public/../application/lang/zh-cn.php
[ info ] [ ROUTE ] array (
  'type' => 'module',
  'module' => 
  array (
    0 => 'user',
    1 => 'user',
    2 => 'login',
  ),
  'convert' => false,
)
[ info ] [ HEADER ] array (
  'host' => 'wallet.2100w.cn',
  'accept' => 'text/html,application/xhtml+xml,application/xml;q=0.9,*/*;q=0.8',
  'accept-encoding' => 'gzip, deflate',
  'accept-language' => 'zh-cn',
  'content-type' => 'application/x-www-form-urlencoded',
  'origin' => 'http://wallet.2100w.cn',
  'user-agent' => 'Mozilla/5.0 (Macintosh; Intel Mac OS X 10_13_1) AppleWebKit/604.3.5 (KHTML, like Gecko) Version/11.0.1 Safari/604.3.5',
  'connection' => 'keep-alive',
  'upgrade-insecure-requests' => '1',
  'referer' => 'http://wallet.2100w.cn/login',
  'content-length' => '41',
  'cookie' => 'PHPSESSID=gkr3ctk4ie5trhilncqokirjh3; think_var=zh-cn; _ga=GA1.2.304387276.1511587880',
)
[ info ] [ PARAM ] array (
  'email' => '9048914@qq.com',
  'password' => 'jpy123jpy',
)
[ info ] [ RUN ] app\user\controller\User->login[ /home/www/snb_wallet/application/user/controller/User.php ]
[ info ] [ DB ] INIT mysql
[ info ] [ SESSION ] INIT array (
  'id' => '',
  'var_session_id' => '',
  'prefix' => 'think',
  'type' => '',
  'auto_start' => true,
)
[ info ] [ LOG ] INIT File
[ sql ] [ DB ] CONNECT:[ UseTime:0.000717s ] mysql:dbname=wallet;host=localhost;charset=utf8
[ sql ] [ SQL ] SHOW COLUMNS FROM `yuan_user` [ RunTime:0.001186s ]
[ sql ] [ SQL ] SELECT `user_id`,`user_account`,`user_3des`,`user_name`,`user_setTrust` FROM `yuan_user` WHERE  `user_email` = '9048914@qq.com' LIMIT 1 [ RunTime:0.000580s ]
[ sql ] [ SQL ] SELECT `user_pass`,`user_confirm`,`user_3des`,`user_lock` FROM `yuan_user` WHERE  `user_email` = '9048914@qq.com' LIMIT 1 [ RunTime:0.000236s ]

---------------------------------------------------------------
[ 2017-12-03T21:51:49+08:00 ] 172.31.232.156 120.239.181.97 GET /
[ log ] wallet.2100w.cn/ [运行时间：0.016171s][吞吐率：61.84req/s] [内存消耗：2,151.12kb] [文件加载：42]
[ info ] [ LANG ] /home/www/snb_wallet/thinkphp/lang/zh-cn.php
[ info ] [ LANG ] /home/www/snb_wallet/public/../application/lang/zh-cn.php
[ info ] [ ROUTE ] array (
  'type' => 'module',
  'module' => 
  array (
    0 => '',
    1 => NULL,
    2 => NULL,
  ),
)
[ info ] [ HEADER ] array (
  'host' => 'wallet.2100w.cn',
  'origin' => 'http://wallet.2100w.cn',
  'cookie' => 'PHPSESSID=gkr3ctk4ie5trhilncqokirjh3; think_var=zh-cn; _ga=GA1.2.304387276.1511587880',
  'connection' => 'keep-alive',
  'upgrade-insecure-requests' => '1',
  'accept' => 'text/html,application/xhtml+xml,application/xml;q=0.9,*/*;q=0.8',
  'user-agent' => 'Mozilla/5.0 (Macintosh; Intel Mac OS X 10_13_1) AppleWebKit/604.3.5 (KHTML, like Gecko) Version/11.0.1 Safari/604.3.5',
  'accept-language' => 'zh-cn',
  'referer' => 'http://wallet.2100w.cn/login',
  'accept-encoding' => 'gzip, deflate',
  'content-type' => '',
  'content-length' => '',
)
[ info ] [ PARAM ] array (
)
[ info ] [ LANG ] /home/www/snb_wallet/public/../application/index/lang/zh-cn.php
[ info ] [ RUN ] app\index\controller\Index->index[ /home/www/snb_wallet/application/index/controller/Index.php ]
[ info ] [ SESSION ] INIT array (
  'id' => '',
  'var_session_id' => '',
  'prefix' => 'think',
  'type' => '',
  'auto_start' => true,
)
[ info ] [ VIEW ] /home/www/snb_wallet/public/../application/index/view/index/Index.html [ array (
  0 => 'dir',
  1 => 'title',
) ]
[ info ] [ LOG ] INIT File

---------------------------------------------------------------
[ 2017-12-03T21:51:52+08:00 ] 172.31.232.156 120.239.181.97 POST /index/gateway/alldata
[ log ] wallet.2100w.cn/index/gateway/alldata [运行时间：0.034845s][吞吐率：28.70req/s] [内存消耗：3,802.80kb] [文件加载：53]
[ info ] [ LANG ] /home/www/snb_wallet/thinkphp/lang/zh-cn.php
[ info ] [ LANG ] /home/www/snb_wallet/public/../application/lang/zh-cn.php
[ info ] [ ROUTE ] array (
  'type' => 'module',
  'module' => 
  array (
    0 => 'index',
    1 => 'gateway',
    2 => 'alldata',
  ),
)
[ info ] [ HEADER ] array (
  'host' => 'wallet.2100w.cn',
  'accept' => '*/*',
  'x-requested-with' => 'XMLHttpRequest',
  'accept-language' => 'zh-cn',
  'accept-encoding' => 'gzip, deflate',
  'content-type' => 'application/x-www-form-urlencoded; charset=UTF-8',
  'origin' => 'http://wallet.2100w.cn',
  'user-agent' => 'Mozilla/5.0 (Macintosh; Intel Mac OS X 10_13_1) AppleWebKit/604.3.5 (KHTML, like Gecko) Version/11.0.1 Safari/604.3.5',
  'connection' => 'keep-alive',
  'referer' => 'http://wallet.2100w.cn/',
  'content-length' => '779',
  'cookie' => 'PHPSESSID=gkr3ctk4ie5trhilncqokirjh3; think_var=zh-cn; _ga=GA1.2.304387276.1511587880',
)
[ info ] [ PARAM ] array (
  'issuer' => 
  array (
    0 => 'GCXN2CDLEOQ5Z3JGSGZWZ3ZQ6MPDJWDBFN5MYRZXTYMAP6TZIZMCUYSY',
    1 => 'GCV3PTG5D3RG2LFBZV3FC4LCVMYR5KJBHU567PSHUHBN56HIALZQZIJQ',
    2 => 'GBFM33WO6ROOUD4ZZ4NYRAEKQKGHXDAFGJVZUR2LBU76OAVP4XGFMSN2',
    3 => 'GB4U3D4DH44L3MDHX4RUGLQK7OXTN4POQGGGFHIDQU57NH4D3SMRHVCA',
    4 => 'GDQZ2HAFUJXBXJJF4RHJD5GOZF7PCCNKKRW6JSXHPBHHTFUUR2RMYV2S',
    5 => 'GAQSMLEAXM6LZWGFTINF3ZW56NFWG7MNVNODVCT4F66Z3P7FQLVIJ7NK',
    6 => 'GDYTA6IF5VUT5DH4ULA57CMM4OYWVZF6ZQFWAVHSGCMOI2ZTXMMVEYIA',
  ),
  'asset' => 
  array (
    0 => 'IOT',
    1 => 'CNY',
    2 => 'LQSDT',
    3 => 'LQSMJ',
    4 => 'LQSTJ',
    5 => 'LQSSJ',
    6 => 'LQSHY',
  ),
  'balance' => 
  array (
    0 => '0.0000000',
    1 => '0.0000000',
    2 => '0.0000000',
    3 => '0.0000000',
    4 => '0.0000000',
    5 => '0.0000000',
    6 => '0.0000000',
  ),
)
[ info ] [ LANG ] /home/www/snb_wallet/public/../application/index/lang/zh-cn.php
[ info ] [ RUN ] app\index\controller\Gateway->alldata[ /home/www/snb_wallet/application/index/controller/Gateway.php ]
[ info ] [ SESSION ] INIT array (
  'id' => '',
  'var_session_id' => '',
  'prefix' => 'think',
  'type' => '',
  'auto_start' => true,
)
[ info ] [ DB ] INIT mysql
[ info ] [ LOG ] INIT File
[ sql ] [ DB ] CONNECT:[ UseTime:0.000280s ] mysql:dbname=wallet;host=localhost;charset=utf8
[ sql ] [ SQL ] SHOW COLUMNS FROM `yuan_asset` [ RunTime:0.001237s ]
[ sql ] [ SQL ] SELECT * FROM `yuan_asset` WHERE  `asset_issuer` = 'GCXN2CDLEOQ5Z3JGSGZWZ3ZQ6MPDJWDBFN5MYRZXTYMAP6TZIZMCUYSY'  AND `asset_code` = 'IOT' LIMIT 1 [ RunTime:0.000445s ]
[ sql ] [ SQL ] SHOW COLUMNS FROM `yuan_gateway` [ RunTime:0.000827s ]
[ sql ] [ SQL ] SELECT * FROM `yuan_gateway` WHERE  `gateway_id` = 6 LIMIT 1 [ RunTime:0.000383s ]
[ sql ] [ SQL ] SELECT * FROM `yuan_asset` WHERE  `asset_issuer` = 'GCV3PTG5D3RG2LFBZV3FC4LCVMYR5KJBHU567PSHUHBN56HIALZQZIJQ'  AND `asset_code` = 'CNY' LIMIT 1 [ RunTime:0.000229s ]
[ sql ] [ SQL ] SELECT * FROM `yuan_gateway` WHERE  `gateway_id` = 2 LIMIT 1 [ RunTime:0.000238s ]
[ sql ] [ SQL ] SELECT * FROM `yuan_asset` WHERE  `asset_issuer` = 'GBFM33WO6ROOUD4ZZ4NYRAEKQKGHXDAFGJVZUR2LBU76OAVP4XGFMSN2'  AND `asset_code` = 'LQSDT' LIMIT 1 [ RunTime:0.000211s ]
[ sql ] [ SQL ] SELECT * FROM `yuan_gateway` WHERE  `gateway_id` = 6 LIMIT 1 [ RunTime:0.000167s ]
[ sql ] [ SQL ] SELECT * FROM `yuan_asset` WHERE  `asset_issuer` = 'GB4U3D4DH44L3MDHX4RUGLQK7OXTN4POQGGGFHIDQU57NH4D3SMRHVCA'  AND `asset_code` = 'LQSMJ' LIMIT 1 [ RunTime:0.000329s ]
[ sql ] [ SQL ] SELECT * FROM `yuan_gateway` WHERE  `gateway_id` = 6 LIMIT 1 [ RunTime:0.000235s ]
[ sql ] [ SQL ] SELECT * FROM `yuan_asset` WHERE  `asset_issuer` = 'GDQZ2HAFUJXBXJJF4RHJD5GOZF7PCCNKKRW6JSXHPBHHTFUUR2RMYV2S'  AND `asset_code` = 'LQSTJ' LIMIT 1 [ RunTime:0.000250s ]
[ sql ] [ SQL ] SELECT * FROM `yuan_gateway` WHERE  `gateway_id` = 6 LIMIT 1 [ RunTime:0.000195s ]
[ sql ] [ SQL ] SELECT * FROM `yuan_asset` WHERE  `asset_issuer` = 'GAQSMLEAXM6LZWGFTINF3ZW56NFWG7MNVNODVCT4F66Z3P7FQLVIJ7NK'  AND `asset_code` = 'LQSSJ' LIMIT 1 [ RunTime:0.000256s ]
[ sql ] [ SQL ] SELECT * FROM `yuan_gateway` WHERE  `gateway_id` = 6 LIMIT 1 [ RunTime:0.000182s ]
[ sql ] [ SQL ] SELECT * FROM `yuan_asset` WHERE  `asset_issuer` = 'GDYTA6IF5VUT5DH4ULA57CMM4OYWVZF6ZQFWAVHSGCMOI2ZTXMMVEYIA'  AND `asset_code` = 'LQSHY' LIMIT 1 [ RunTime:0.000254s ]
[ sql ] [ SQL ] SELECT * FROM `yuan_gateway` WHERE  `gateway_id` = 6 LIMIT 1 [ RunTime:0.000181s ]

---------------------------------------------------------------
[ 2017-12-03T21:51:57+08:00 ] 172.31.232.156 120.239.181.97 GET /gateway
[ log ] wallet.2100w.cn/gateway [运行时间：0.029257s][吞吐率：34.18req/s] [内存消耗：3,816.38kb] [文件加载：53]
[ info ] [ LANG ] /home/www/snb_wallet/thinkphp/lang/zh-cn.php
[ info ] [ LANG ] /home/www/snb_wallet/public/../application/lang/zh-cn.php
[ info ] [ ROUTE ] array (
  'type' => 'module',
  'module' => 
  array (
    0 => 'index',
    1 => 'gateway',
    2 => 'index',
  ),
  'convert' => false,
)
[ info ] [ HEADER ] array (
  'host' => 'wallet.2100w.cn',
  'cookie' => 'PHPSESSID=gkr3ctk4ie5trhilncqokirjh3; think_var=zh-cn; _ga=GA1.2.304387276.1511587880',
  'connection' => 'keep-alive',
  'upgrade-insecure-requests' => '1',
  'accept' => 'text/html,application/xhtml+xml,application/xml;q=0.9,*/*;q=0.8',
  'user-agent' => 'Mozilla/5.0 (Macintosh; Intel Mac OS X 10_13_1) AppleWebKit/604.3.5 (KHTML, like Gecko) Version/11.0.1 Safari/604.3.5',
  'referer' => 'http://wallet.2100w.cn/',
  'accept-language' => 'zh-cn',
  'accept-encoding' => 'gzip, deflate',
  'content-type' => '',
  'content-length' => '',
)
[ info ] [ PARAM ] array (
)
[ info ] [ LANG ] /home/www/snb_wallet/public/../application/index/lang/zh-cn.php
[ info ] [ RUN ] app\index\controller\Gateway->index[ /home/www/snb_wallet/application/index/controller/Gateway.php ]
[ info ] [ SESSION ] INIT array (
  'id' => '',
  'var_session_id' => '',
  'prefix' => 'think',
  'type' => '',
  'auto_start' => true,
)
[ info ] [ DB ] INIT mysql
[ info ] [ VIEW ] /home/www/snb_wallet/public/../application/index/view/gateway/Index.html [ array (
  0 => 'dir',
  1 => 'gateway',
  2 => 'mygateway',
) ]
[ info ] [ LOG ] INIT File
[ sql ] [ DB ] CONNECT:[ UseTime:0.000326s ] mysql:dbname=wallet;host=localhost;charset=utf8
[ sql ] [ SQL ] SHOW COLUMNS FROM `yuan_gateway` [ RunTime:0.000689s ]
[ sql ] [ SQL ] SELECT * FROM `yuan_gateway` WHERE  `gateway_status` = 2 LIMIT 10 [ RunTime:0.000289s ]
[ sql ] [ SQL ] SHOW COLUMNS FROM `yuan_asset` [ RunTime:0.000438s ]
[ sql ] [ SQL ] SELECT * FROM `yuan_asset` WHERE  `gateway_id` = 6 [ RunTime:0.000222s ]
[ sql ] [ SQL ] SELECT * FROM `yuan_gateway` WHERE  `gateway_account` = 'GBTTTIS53XG3UX2UEXJQDPCITTEDQYBVXJ5MLN4QQTRRFMX45ZJTBIN6' LIMIT 1 [ RunTime:0.000220s ]

---------------------------------------------------------------
[ 2017-12-03T21:51:58+08:00 ] 172.31.232.156 120.239.181.97 GET /index/gateway/data/account/GDYTA6IF5VUT5DH4ULA57CMM4OYWVZF6ZQFWAVHSGCMOI2ZTXMMVEYIA
[ log ] wallet.2100w.cn/index/gateway/data/account/GDYTA6IF5VUT5DH4ULA57CMM4OYWVZF6ZQFWAVHSGCMOI2ZTXMMVEYIA [运行时间：0.032916s][吞吐率：30.38req/s] [内存消耗：3,801.54kb] [文件加载：53]
[ info ] [ LANG ] /home/www/snb_wallet/thinkphp/lang/zh-cn.php
[ info ] [ LANG ] /home/www/snb_wallet/public/../application/lang/zh-cn.php
[ info ] [ ROUTE ] array (
  'type' => 'module',
  'module' => 
  array (
    0 => 'index',
    1 => 'gateway',
    2 => 'data',
  ),
)
[ info ] [ HEADER ] array (
  'host' => 'wallet.2100w.cn',
  'accept-encoding' => 'gzip, deflate',
  'cookie' => 'PHPSESSID=gkr3ctk4ie5trhilncqokirjh3; think_var=zh-cn; _ga=GA1.2.304387276.1511587880',
  'connection' => 'keep-alive',
  'accept' => '*/*',
  'user-agent' => 'Mozilla/5.0 (Macintosh; Intel Mac OS X 10_13_1) AppleWebKit/604.3.5 (KHTML, like Gecko) Version/11.0.1 Safari/604.3.5',
  'referer' => 'http://wallet.2100w.cn/gateway',
  'accept-language' => 'zh-cn',
  'x-requested-with' => 'XMLHttpRequest',
  'content-type' => '',
  'content-length' => '',
)
[ info ] [ PARAM ] array (
  'account' => 'GDYTA6IF5VUT5DH4ULA57CMM4OYWVZF6ZQFWAVHSGCMOI2ZTXMMVEYIA',
)
[ info ] [ LANG ] /home/www/snb_wallet/public/../application/index/lang/zh-cn.php
[ info ] [ RUN ] app\index\controller\Gateway->data[ /home/www/snb_wallet/application/index/controller/Gateway.php ]
[ info ] [ SESSION ] INIT array (
  'id' => '',
  'var_session_id' => '',
  'prefix' => 'think',
  'type' => '',
  'auto_start' => true,
)
[ info ] [ DB ] INIT mysql
[ info ] [ LOG ] INIT File
[ sql ] [ DB ] CONNECT:[ UseTime:0.000326s ] mysql:dbname=wallet;host=localhost;charset=utf8
[ sql ] [ SQL ] SHOW COLUMNS FROM `yuan_asset` [ RunTime:0.000610s ]
[ sql ] [ SQL ] SELECT * FROM `yuan_asset` WHERE  `asset_issuer` = 'GDYTA6IF5VUT5DH4ULA57CMM4OYWVZF6ZQFWAVHSGCMOI2ZTXMMVEYIA' LIMIT 1 [ RunTime:0.000273s ]
[ sql ] [ SQL ] SHOW COLUMNS FROM `yuan_gateway` [ RunTime:0.000412s ]
[ sql ] [ SQL ] SELECT * FROM `yuan_gateway` WHERE  `gateway_id` = 6 LIMIT 1 [ RunTime:0.000161s ]
[ sql ] [ SQL ] SELECT * FROM `yuan_asset` WHERE  `gateway_id` = 6 [ RunTime:0.000154s ]

---------------------------------------------------------------
[ 2017-12-03T21:51:58+08:00 ] 172.31.232.156 120.239.181.97 GET /index/asset/getIssuerAmount/code/LQSHY/issuer/GDYTA6IF5VUT5DH4ULA57CMM4OYWVZF6ZQFWAVHSGCMOI2ZTXMMVEYIA
[ log ] wallet.2100w.cn/index/asset/getIssuerAmount/code/LQSHY/issuer/GDYTA6IF5VUT5DH4ULA57CMM4OYWVZF6ZQFWAVHSGCMOI2ZTXMMVEYIA [运行时间：0.024524s][吞吐率：40.78req/s] [内存消耗：3,500.09kb] [文件加载：51]
[ info ] [ LANG ] /home/www/snb_wallet/thinkphp/lang/zh-cn.php
[ info ] [ LANG ] /home/www/snb_wallet/public/../application/lang/zh-cn.php
[ info ] [ ROUTE ] array (
  'type' => 'module',
  'module' => 
  array (
    0 => 'index',
    1 => 'asset',
    2 => 'getIssuerAmount',
  ),
)
[ info ] [ HEADER ] array (
  'host' => 'wallet.2100w.cn',
  'accept-encoding' => 'gzip, deflate',
  'cookie' => 'PHPSESSID=gkr3ctk4ie5trhilncqokirjh3; think_var=zh-cn; _ga=GA1.2.304387276.1511587880',
  'connection' => 'keep-alive',
  'accept' => '*/*',
  'user-agent' => 'Mozilla/5.0 (Macintosh; Intel Mac OS X 10_13_1) AppleWebKit/604.3.5 (KHTML, like Gecko) Version/11.0.1 Safari/604.3.5',
  'referer' => 'http://wallet.2100w.cn/gateway',
  'accept-language' => 'zh-cn',
  'x-requested-with' => 'XMLHttpRequest',
  'content-type' => '',
  'content-length' => '',
)
[ info ] [ PARAM ] array (
  'code' => 'LQSHY',
  'issuer' => 'GDYTA6IF5VUT5DH4ULA57CMM4OYWVZF6ZQFWAVHSGCMOI2ZTXMMVEYIA',
)
[ info ] [ LANG ] /home/www/snb_wallet/public/../application/index/lang/zh-cn.php
[ info ] [ RUN ] app\index\controller\Asset->getIssuerAmount[ /home/www/snb_wallet/application/index/controller/Asset.php ]
[ info ] [ DB ] INIT mysql
[ info ] [ LOG ] INIT File
[ sql ] [ DB ] CONNECT:[ UseTime:0.000292s ] mysql:dbname=wallet;host=localhost;charset=utf8
[ sql ] [ SQL ] SHOW COLUMNS FROM `yuan_asset` [ RunTime:0.000632s ]
[ sql ] [ SQL ] SELECT * FROM `yuan_asset` WHERE  `asset_issuer` = 'GDYTA6IF5VUT5DH4ULA57CMM4OYWVZF6ZQFWAVHSGCMOI2ZTXMMVEYIA'  AND `asset_code` = 'LQSHY' LIMIT 1 [ RunTime:0.000217s ]

---------------------------------------------------------------
[ 2017-12-03T21:52:17+08:00 ] 172.31.232.156 120.239.181.97 GET /index/gateway/data/account/GBFM33WO6ROOUD4ZZ4NYRAEKQKGHXDAFGJVZUR2LBU76OAVP4XGFMSN2
[ log ] wallet.2100w.cn/index/gateway/data/account/GBFM33WO6ROOUD4ZZ4NYRAEKQKGHXDAFGJVZUR2LBU76OAVP4XGFMSN2 [运行时间：0.030783s][吞吐率：32.49req/s] [内存消耗：3,801.57kb] [文件加载：53]
[ info ] [ LANG ] /home/www/snb_wallet/thinkphp/lang/zh-cn.php
[ info ] [ LANG ] /home/www/snb_wallet/public/../application/lang/zh-cn.php
[ info ] [ ROUTE ] array (
  'type' => 'module',
  'module' => 
  array (
    0 => 'index',
    1 => 'gateway',
    2 => 'data',
  ),
)
[ info ] [ HEADER ] array (
  'host' => 'wallet.2100w.cn',
  'accept-encoding' => 'gzip, deflate',
  'cookie' => 'PHPSESSID=gkr3ctk4ie5trhilncqokirjh3; think_var=zh-cn; _ga=GA1.2.304387276.1511587880',
  'connection' => 'keep-alive',
  'accept' => '*/*',
  'user-agent' => 'Mozilla/5.0 (Macintosh; Intel Mac OS X 10_13_1) AppleWebKit/604.3.5 (KHTML, like Gecko) Version/11.0.1 Safari/604.3.5',
  'referer' => 'http://wallet.2100w.cn/gateway',
  'accept-language' => 'zh-cn',
  'x-requested-with' => 'XMLHttpRequest',
  'content-type' => '',
  'content-length' => '',
)
[ info ] [ PARAM ] array (
  'account' => 'GBFM33WO6ROOUD4ZZ4NYRAEKQKGHXDAFGJVZUR2LBU76OAVP4XGFMSN2',
)
[ info ] [ LANG ] /home/www/snb_wallet/public/../application/index/lang/zh-cn.php
[ info ] [ RUN ] app\index\controller\Gateway->data[ /home/www/snb_wallet/application/index/controller/Gateway.php ]
[ info ] [ SESSION ] INIT array (
  'id' => '',
  'var_session_id' => '',
  'prefix' => 'think',
  'type' => '',
  'auto_start' => true,
)
[ info ] [ DB ] INIT mysql
[ info ] [ LOG ] INIT File
[ sql ] [ DB ] CONNECT:[ UseTime:0.000353s ] mysql:dbname=wallet;host=localhost;charset=utf8
[ sql ] [ SQL ] SHOW COLUMNS FROM `yuan_asset` [ RunTime:0.000690s ]
[ sql ] [ SQL ] SELECT * FROM `yuan_asset` WHERE  `asset_issuer` = 'GBFM33WO6ROOUD4ZZ4NYRAEKQKGHXDAFGJVZUR2LBU76OAVP4XGFMSN2' LIMIT 1 [ RunTime:0.000386s ]
[ sql ] [ SQL ] SHOW COLUMNS FROM `yuan_gateway` [ RunTime:0.000482s ]
[ sql ] [ SQL ] SELECT * FROM `yuan_gateway` WHERE  `gateway_id` = 6 LIMIT 1 [ RunTime:0.000205s ]
[ sql ] [ SQL ] SELECT * FROM `yuan_asset` WHERE  `gateway_id` = 6 [ RunTime:0.000182s ]

---------------------------------------------------------------
[ 2017-12-03T21:52:17+08:00 ] 172.31.232.156 120.239.181.97 GET /index/asset/getIssuerAmount/code/LQSDT/issuer/GBFM33WO6ROOUD4ZZ4NYRAEKQKGHXDAFGJVZUR2LBU76OAVP4XGFMSN2
[ log ] wallet.2100w.cn/index/asset/getIssuerAmount/code/LQSDT/issuer/GBFM33WO6ROOUD4ZZ4NYRAEKQKGHXDAFGJVZUR2LBU76OAVP4XGFMSN2 [运行时间：0.024113s][吞吐率：41.47req/s] [内存消耗：3,500.08kb] [文件加载：51]
[ info ] [ LANG ] /home/www/snb_wallet/thinkphp/lang/zh-cn.php
[ info ] [ LANG ] /home/www/snb_wallet/public/../application/lang/zh-cn.php
[ info ] [ ROUTE ] array (
  'type' => 'module',
  'module' => 
  array (
    0 => 'index',
    1 => 'asset',
    2 => 'getIssuerAmount',
  ),
)
[ info ] [ HEADER ] array (
  'host' => 'wallet.2100w.cn',
  'accept-encoding' => 'gzip, deflate',
  'cookie' => 'PHPSESSID=gkr3ctk4ie5trhilncqokirjh3; think_var=zh-cn; _ga=GA1.2.304387276.1511587880',
  'connection' => 'keep-alive',
  'accept' => '*/*',
  'user-agent' => 'Mozilla/5.0 (Macintosh; Intel Mac OS X 10_13_1) AppleWebKit/604.3.5 (KHTML, like Gecko) Version/11.0.1 Safari/604.3.5',
  'referer' => 'http://wallet.2100w.cn/gateway',
  'accept-language' => 'zh-cn',
  'x-requested-with' => 'XMLHttpRequest',
  'content-type' => '',
  'content-length' => '',
)
[ info ] [ PARAM ] array (
  'code' => 'LQSDT',
  'issuer' => 'GBFM33WO6ROOUD4ZZ4NYRAEKQKGHXDAFGJVZUR2LBU76OAVP4XGFMSN2',
)
[ info ] [ LANG ] /home/www/snb_wallet/public/../application/index/lang/zh-cn.php
[ info ] [ RUN ] app\index\controller\Asset->getIssuerAmount[ /home/www/snb_wallet/application/index/controller/Asset.php ]
[ info ] [ DB ] INIT mysql
[ info ] [ LOG ] INIT File
[ sql ] [ DB ] CONNECT:[ UseTime:0.000357s ] mysql:dbname=wallet;host=localhost;charset=utf8
[ sql ] [ SQL ] SHOW COLUMNS FROM `yuan_asset` [ RunTime:0.000588s ]
[ sql ] [ SQL ] SELECT * FROM `yuan_asset` WHERE  `asset_issuer` = 'GBFM33WO6ROOUD4ZZ4NYRAEKQKGHXDAFGJVZUR2LBU76OAVP4XGFMSN2'  AND `asset_code` = 'LQSDT' LIMIT 1 [ RunTime:0.000243s ]

---------------------------------------------------------------
[ 2017-12-03T21:57:59+08:00 ] 172.31.232.156 120.239.181.97 GET /index/gateway/data/account/GDQZ2HAFUJXBXJJF4RHJD5GOZF7PCCNKKRW6JSXHPBHHTFUUR2RMYV2S
[ log ] wallet.2100w.cn/index/gateway/data/account/GDQZ2HAFUJXBXJJF4RHJD5GOZF7PCCNKKRW6JSXHPBHHTFUUR2RMYV2S [运行时间：0.026615s][吞吐率：37.57req/s] [内存消耗：3,801.57kb] [文件加载：53]
[ info ] [ LANG ] /home/www/snb_wallet/thinkphp/lang/zh-cn.php
[ info ] [ LANG ] /home/www/snb_wallet/public/../application/lang/zh-cn.php
[ info ] [ ROUTE ] array (
  'type' => 'module',
  'module' => 
  array (
    0 => 'index',
    1 => 'gateway',
    2 => 'data',
  ),
)
[ info ] [ HEADER ] array (
  'host' => 'wallet.2100w.cn',
  'accept-encoding' => 'gzip, deflate',
  'cookie' => 'PHPSESSID=gkr3ctk4ie5trhilncqokirjh3; think_var=zh-cn; _ga=GA1.2.304387276.1511587880',
  'connection' => 'keep-alive',
  'accept' => '*/*',
  'user-agent' => 'Mozilla/5.0 (Macintosh; Intel Mac OS X 10_13_1) AppleWebKit/604.3.5 (KHTML, like Gecko) Version/11.0.1 Safari/604.3.5',
  'referer' => 'http://wallet.2100w.cn/gateway',
  'accept-language' => 'zh-cn',
  'x-requested-with' => 'XMLHttpRequest',
  'content-type' => '',
  'content-length' => '',
)
[ info ] [ PARAM ] array (
  'account' => 'GDQZ2HAFUJXBXJJF4RHJD5GOZF7PCCNKKRW6JSXHPBHHTFUUR2RMYV2S',
)
[ info ] [ LANG ] /home/www/snb_wallet/public/../application/index/lang/zh-cn.php
[ info ] [ RUN ] app\index\controller\Gateway->data[ /home/www/snb_wallet/application/index/controller/Gateway.php ]
[ info ] [ SESSION ] INIT array (
  'id' => '',
  'var_session_id' => '',
  'prefix' => 'think',
  'type' => '',
  'auto_start' => true,
)
[ info ] [ DB ] INIT mysql
[ info ] [ LOG ] INIT File
[ sql ] [ DB ] CONNECT:[ UseTime:0.000311s ] mysql:dbname=wallet;host=localhost;charset=utf8
[ sql ] [ SQL ] SHOW COLUMNS FROM `yuan_asset` [ RunTime:0.000666s ]
[ sql ] [ SQL ] SELECT * FROM `yuan_asset` WHERE  `asset_issuer` = 'GDQZ2HAFUJXBXJJF4RHJD5GOZF7PCCNKKRW6JSXHPBHHTFUUR2RMYV2S' LIMIT 1 [ RunTime:0.000269s ]
[ sql ] [ SQL ] SHOW COLUMNS FROM `yuan_gateway` [ RunTime:0.000414s ]
[ sql ] [ SQL ] SELECT * FROM `yuan_gateway` WHERE  `gateway_id` = 6 LIMIT 1 [ RunTime:0.000175s ]
[ sql ] [ SQL ] SELECT * FROM `yuan_asset` WHERE  `gateway_id` = 6 [ RunTime:0.000173s ]

---------------------------------------------------------------
[ 2017-12-03T21:57:59+08:00 ] 172.31.232.156 120.239.181.97 GET /index/asset/getIssuerAmount/code/LQSTJ/issuer/GDQZ2HAFUJXBXJJF4RHJD5GOZF7PCCNKKRW6JSXHPBHHTFUUR2RMYV2S
[ log ] wallet.2100w.cn/index/asset/getIssuerAmount/code/LQSTJ/issuer/GDQZ2HAFUJXBXJJF4RHJD5GOZF7PCCNKKRW6JSXHPBHHTFUUR2RMYV2S [运行时间：0.023142s][吞吐率：43.21req/s] [内存消耗：3,500.08kb] [文件加载：51]
[ info ] [ LANG ] /home/www/snb_wallet/thinkphp/lang/zh-cn.php
[ info ] [ LANG ] /home/www/snb_wallet/public/../application/lang/zh-cn.php
[ info ] [ ROUTE ] array (
  'type' => 'module',
  'module' => 
  array (
    0 => 'index',
    1 => 'asset',
    2 => 'getIssuerAmount',
  ),
)
[ info ] [ HEADER ] array (
  'host' => 'wallet.2100w.cn',
  'accept-encoding' => 'gzip, deflate',
  'cookie' => 'PHPSESSID=gkr3ctk4ie5trhilncqokirjh3; think_var=zh-cn; _ga=GA1.2.304387276.1511587880',
  'connection' => 'keep-alive',
  'accept' => '*/*',
  'user-agent' => 'Mozilla/5.0 (Macintosh; Intel Mac OS X 10_13_1) AppleWebKit/604.3.5 (KHTML, like Gecko) Version/11.0.1 Safari/604.3.5',
  'referer' => 'http://wallet.2100w.cn/gateway',
  'accept-language' => 'zh-cn',
  'x-requested-with' => 'XMLHttpRequest',
  'content-type' => '',
  'content-length' => '',
)
[ info ] [ PARAM ] array (
  'code' => 'LQSTJ',
  'issuer' => 'GDQZ2HAFUJXBXJJF4RHJD5GOZF7PCCNKKRW6JSXHPBHHTFUUR2RMYV2S',
)
[ info ] [ LANG ] /home/www/snb_wallet/public/../application/index/lang/zh-cn.php
[ info ] [ RUN ] app\index\controller\Asset->getIssuerAmount[ /home/www/snb_wallet/application/index/controller/Asset.php ]
[ info ] [ DB ] INIT mysql
[ info ] [ LOG ] INIT File
[ sql ] [ DB ] CONNECT:[ UseTime:0.000221s ] mysql:dbname=wallet;host=localhost;charset=utf8
[ sql ] [ SQL ] SHOW COLUMNS FROM `yuan_asset` [ RunTime:0.000586s ]
[ sql ] [ SQL ] SELECT * FROM `yuan_asset` WHERE  `asset_issuer` = 'GDQZ2HAFUJXBXJJF4RHJD5GOZF7PCCNKKRW6JSXHPBHHTFUUR2RMYV2S'  AND `asset_code` = 'LQSTJ' LIMIT 1 [ RunTime:0.000206s ]

---------------------------------------------------------------
[ 2017-12-03T21:58:16+08:00 ] 172.31.232.156 120.239.181.97 GET /index/gateway/data/account/GAQSMLEAXM6LZWGFTINF3ZW56NFWG7MNVNODVCT4F66Z3P7FQLVIJ7NK
[ log ] wallet.2100w.cn/index/gateway/data/account/GAQSMLEAXM6LZWGFTINF3ZW56NFWG7MNVNODVCT4F66Z3P7FQLVIJ7NK [运行时间：0.026547s][吞吐率：37.67req/s] [内存消耗：3,801.57kb] [文件加载：53]
[ info ] [ LANG ] /home/www/snb_wallet/thinkphp/lang/zh-cn.php
[ info ] [ LANG ] /home/www/snb_wallet/public/../application/lang/zh-cn.php
[ info ] [ ROUTE ] array (
  'type' => 'module',
  'module' => 
  array (
    0 => 'index',
    1 => 'gateway',
    2 => 'data',
  ),
)
[ info ] [ HEADER ] array (
  'host' => 'wallet.2100w.cn',
  'accept-encoding' => 'gzip, deflate',
  'cookie' => 'PHPSESSID=gkr3ctk4ie5trhilncqokirjh3; think_var=zh-cn; _ga=GA1.2.304387276.1511587880',
  'connection' => 'keep-alive',
  'accept' => '*/*',
  'user-agent' => 'Mozilla/5.0 (Macintosh; Intel Mac OS X 10_13_1) AppleWebKit/604.3.5 (KHTML, like Gecko) Version/11.0.1 Safari/604.3.5',
  'referer' => 'http://wallet.2100w.cn/gateway',
  'accept-language' => 'zh-cn',
  'x-requested-with' => 'XMLHttpRequest',
  'content-type' => '',
  'content-length' => '',
)
[ info ] [ PARAM ] array (
  'account' => 'GAQSMLEAXM6LZWGFTINF3ZW56NFWG7MNVNODVCT4F66Z3P7FQLVIJ7NK',
)
[ info ] [ LANG ] /home/www/snb_wallet/public/../application/index/lang/zh-cn.php
[ info ] [ RUN ] app\index\controller\Gateway->data[ /home/www/snb_wallet/application/index/controller/Gateway.php ]
[ info ] [ SESSION ] INIT array (
  'id' => '',
  'var_session_id' => '',
  'prefix' => 'think',
  'type' => '',
  'auto_start' => true,
)
[ info ] [ DB ] INIT mysql
[ info ] [ LOG ] INIT File
[ sql ] [ DB ] CONNECT:[ UseTime:0.000346s ] mysql:dbname=wallet;host=localhost;charset=utf8
[ sql ] [ SQL ] SHOW COLUMNS FROM `yuan_asset` [ RunTime:0.000636s ]
[ sql ] [ SQL ] SELECT * FROM `yuan_asset` WHERE  `asset_issuer` = 'GAQSMLEAXM6LZWGFTINF3ZW56NFWG7MNVNODVCT4F66Z3P7FQLVIJ7NK' LIMIT 1 [ RunTime:0.000269s ]
[ sql ] [ SQL ] SHOW COLUMNS FROM `yuan_gateway` [ RunTime:0.000418s ]
[ sql ] [ SQL ] SELECT * FROM `yuan_gateway` WHERE  `gateway_id` = 6 LIMIT 1 [ RunTime:0.000157s ]
[ sql ] [ SQL ] SELECT * FROM `yuan_asset` WHERE  `gateway_id` = 6 [ RunTime:0.000162s ]

---------------------------------------------------------------
[ 2017-12-03T21:58:17+08:00 ] 172.31.232.156 120.239.181.97 GET /index/asset/getIssuerAmount/code/LQSSJ/issuer/GAQSMLEAXM6LZWGFTINF3ZW56NFWG7MNVNODVCT4F66Z3P7FQLVIJ7NK
[ log ] wallet.2100w.cn/index/asset/getIssuerAmount/code/LQSSJ/issuer/GAQSMLEAXM6LZWGFTINF3ZW56NFWG7MNVNODVCT4F66Z3P7FQLVIJ7NK [运行时间：0.026980s][吞吐率：37.06req/s] [内存消耗：3,500.08kb] [文件加载：51]
[ info ] [ LANG ] /home/www/snb_wallet/thinkphp/lang/zh-cn.php
[ info ] [ LANG ] /home/www/snb_wallet/public/../application/lang/zh-cn.php
[ info ] [ ROUTE ] array (
  'type' => 'module',
  'module' => 
  array (
    0 => 'index',
    1 => 'asset',
    2 => 'getIssuerAmount',
  ),
)
[ info ] [ HEADER ] array (
  'host' => 'wallet.2100w.cn',
  'accept-encoding' => 'gzip, deflate',
  'cookie' => 'PHPSESSID=gkr3ctk4ie5trhilncqokirjh3; think_var=zh-cn; _ga=GA1.2.304387276.1511587880',
  'connection' => 'keep-alive',
  'accept' => '*/*',
  'user-agent' => 'Mozilla/5.0 (Macintosh; Intel Mac OS X 10_13_1) AppleWebKit/604.3.5 (KHTML, like Gecko) Version/11.0.1 Safari/604.3.5',
  'referer' => 'http://wallet.2100w.cn/gateway',
  'accept-language' => 'zh-cn',
  'x-requested-with' => 'XMLHttpRequest',
  'content-type' => '',
  'content-length' => '',
)
[ info ] [ PARAM ] array (
  'code' => 'LQSSJ',
  'issuer' => 'GAQSMLEAXM6LZWGFTINF3ZW56NFWG7MNVNODVCT4F66Z3P7FQLVIJ7NK',
)
[ info ] [ LANG ] /home/www/snb_wallet/public/../application/index/lang/zh-cn.php
[ info ] [ RUN ] app\index\controller\Asset->getIssuerAmount[ /home/www/snb_wallet/application/index/controller/Asset.php ]
[ info ] [ DB ] INIT mysql
[ info ] [ LOG ] INIT File
[ sql ] [ DB ] CONNECT:[ UseTime:0.000330s ] mysql:dbname=wallet;host=localhost;charset=utf8
[ sql ] [ SQL ] SHOW COLUMNS FROM `yuan_asset` [ RunTime:0.000654s ]
[ sql ] [ SQL ] SELECT * FROM `yuan_asset` WHERE  `asset_issuer` = 'GAQSMLEAXM6LZWGFTINF3ZW56NFWG7MNVNODVCT4F66Z3P7FQLVIJ7NK'  AND `asset_code` = 'LQSSJ' LIMIT 1 [ RunTime:0.000251s ]

---------------------------------------------------------------
[ 2017-12-03T21:58:46+08:00 ] 172.31.232.156 120.239.181.97 GET /index/gateway/data/account/GDYTA6IF5VUT5DH4ULA57CMM4OYWVZF6ZQFWAVHSGCMOI2ZTXMMVEYIA
[ log ] wallet.2100w.cn/index/gateway/data/account/GDYTA6IF5VUT5DH4ULA57CMM4OYWVZF6ZQFWAVHSGCMOI2ZTXMMVEYIA [运行时间：0.025428s][吞吐率：39.33req/s] [内存消耗：3,801.54kb] [文件加载：53]
[ info ] [ LANG ] /home/www/snb_wallet/thinkphp/lang/zh-cn.php
[ info ] [ LANG ] /home/www/snb_wallet/public/../application/lang/zh-cn.php
[ info ] [ ROUTE ] array (
  'type' => 'module',
  'module' => 
  array (
    0 => 'index',
    1 => 'gateway',
    2 => 'data',
  ),
)
[ info ] [ HEADER ] array (
  'host' => 'wallet.2100w.cn',
  'accept-encoding' => 'gzip, deflate',
  'cookie' => 'PHPSESSID=gkr3ctk4ie5trhilncqokirjh3; think_var=zh-cn; _ga=GA1.2.304387276.1511587880',
  'connection' => 'keep-alive',
  'accept' => '*/*',
  'user-agent' => 'Mozilla/5.0 (Macintosh; Intel Mac OS X 10_13_1) AppleWebKit/604.3.5 (KHTML, like Gecko) Version/11.0.1 Safari/604.3.5',
  'referer' => 'http://wallet.2100w.cn/gateway',
  'accept-language' => 'zh-cn',
  'x-requested-with' => 'XMLHttpRequest',
  'content-type' => '',
  'content-length' => '',
)
[ info ] [ PARAM ] array (
  'account' => 'GDYTA6IF5VUT5DH4ULA57CMM4OYWVZF6ZQFWAVHSGCMOI2ZTXMMVEYIA',
)
[ info ] [ LANG ] /home/www/snb_wallet/public/../application/index/lang/zh-cn.php
[ info ] [ RUN ] app\index\controller\Gateway->data[ /home/www/snb_wallet/application/index/controller/Gateway.php ]
[ info ] [ SESSION ] INIT array (
  'id' => '',
  'var_session_id' => '',
  'prefix' => 'think',
  'type' => '',
  'auto_start' => true,
)
[ info ] [ DB ] INIT mysql
[ info ] [ LOG ] INIT File
[ sql ] [ DB ] CONNECT:[ UseTime:0.000303s ] mysql:dbname=wallet;host=localhost;charset=utf8
[ sql ] [ SQL ] SHOW COLUMNS FROM `yuan_asset` [ RunTime:0.000685s ]
[ sql ] [ SQL ] SELECT * FROM `yuan_asset` WHERE  `asset_issuer` = 'GDYTA6IF5VUT5DH4ULA57CMM4OYWVZF6ZQFWAVHSGCMOI2ZTXMMVEYIA' LIMIT 1 [ RunTime:0.000209s ]
[ sql ] [ SQL ] SHOW COLUMNS FROM `yuan_gateway` [ RunTime:0.000480s ]
[ sql ] [ SQL ] SELECT * FROM `yuan_gateway` WHERE  `gateway_id` = 6 LIMIT 1 [ RunTime:0.000160s ]
[ sql ] [ SQL ] SELECT * FROM `yuan_asset` WHERE  `gateway_id` = 6 [ RunTime:0.000141s ]

---------------------------------------------------------------
[ 2017-12-03T21:58:46+08:00 ] 172.31.232.156 120.239.181.97 GET /index/asset/getIssuerAmount/code/LQSHY/issuer/GDYTA6IF5VUT5DH4ULA57CMM4OYWVZF6ZQFWAVHSGCMOI2ZTXMMVEYIA
[ log ] wallet.2100w.cn/index/asset/getIssuerAmount/code/LQSHY/issuer/GDYTA6IF5VUT5DH4ULA57CMM4OYWVZF6ZQFWAVHSGCMOI2ZTXMMVEYIA [运行时间：0.023059s][吞吐率：43.37req/s] [内存消耗：3,500.09kb] [文件加载：51]
[ info ] [ LANG ] /home/www/snb_wallet/thinkphp/lang/zh-cn.php
[ info ] [ LANG ] /home/www/snb_wallet/public/../application/lang/zh-cn.php
[ info ] [ ROUTE ] array (
  'type' => 'module',
  'module' => 
  array (
    0 => 'index',
    1 => 'asset',
    2 => 'getIssuerAmount',
  ),
)
[ info ] [ HEADER ] array (
  'host' => 'wallet.2100w.cn',
  'accept-encoding' => 'gzip, deflate',
  'cookie' => 'PHPSESSID=gkr3ctk4ie5trhilncqokirjh3; think_var=zh-cn; _ga=GA1.2.304387276.1511587880',
  'connection' => 'keep-alive',
  'accept' => '*/*',
  'user-agent' => 'Mozilla/5.0 (Macintosh; Intel Mac OS X 10_13_1) AppleWebKit/604.3.5 (KHTML, like Gecko) Version/11.0.1 Safari/604.3.5',
  'referer' => 'http://wallet.2100w.cn/gateway',
  'accept-language' => 'zh-cn',
  'x-requested-with' => 'XMLHttpRequest',
  'content-type' => '',
  'content-length' => '',
)
[ info ] [ PARAM ] array (
  'code' => 'LQSHY',
  'issuer' => 'GDYTA6IF5VUT5DH4ULA57CMM4OYWVZF6ZQFWAVHSGCMOI2ZTXMMVEYIA',
)
[ info ] [ LANG ] /home/www/snb_wallet/public/../application/index/lang/zh-cn.php
[ info ] [ RUN ] app\index\controller\Asset->getIssuerAmount[ /home/www/snb_wallet/application/index/controller/Asset.php ]
[ info ] [ DB ] INIT mysql
[ info ] [ LOG ] INIT File
[ sql ] [ DB ] CONNECT:[ UseTime:0.000246s ] mysql:dbname=wallet;host=localhost;charset=utf8
[ sql ] [ SQL ] SHOW COLUMNS FROM `yuan_asset` [ RunTime:0.000609s ]
[ sql ] [ SQL ] SELECT * FROM `yuan_asset` WHERE  `asset_issuer` = 'GDYTA6IF5VUT5DH4ULA57CMM4OYWVZF6ZQFWAVHSGCMOI2ZTXMMVEYIA'  AND `asset_code` = 'LQSHY' LIMIT 1 [ RunTime:0.000218s ]

---------------------------------------------------------------
