[ 2017-12-05T03:02:44+08:00 ] 172.31.232.156 77.88.5.5 GET /
[ log ] wallet.2100w.cn/ [运行时间：0.014735s][吞吐率：67.87req/s] [内存消耗：2,162.66kb] [文件加载：41]
[ info ] [ LANG ] /home/www/snb_wallet/public/../application/lang/ru.php
[ info ] [ ROUTE ] array (
  'type' => 'module',
  'module' => 
  array (
    0 => '',
    1 => NULL,
    2 => NULL,
  ),
)
[ info ] [ HEADER ] array (
  'host' => 'wallet.2100w.cn',
  'connection' => 'Keep-Alive',
  'user-agent' => 'Mozilla/5.0 (compatible; YandexBot/3.0; +http://yandex.com/bots)',
  'from' => 'support@search.yandex.ru',
  'accept-encoding' => 'gzip,deflate',
  'accept-language' => 'ru, uk;q=0.8, be;q=0.8, en;q=0.7, *;q=0.01',
  'accept' => '*/*',
  'content-type' => '',
  'content-length' => '',
)
[ info ] [ PARAM ] array (
)
[ info ] [ RUN ] app\index\controller\Index->index[ /home/www/snb_wallet/application/index/controller/Index.php ]
[ info ] [ SESSION ] INIT array (
  'id' => '',
  'var_session_id' => '',
  'prefix' => 'think',
  'type' => '',
  'auto_start' => true,
)
[ info ] [ LOG ] INIT File

---------------------------------------------------------------
[ 2017-12-05T03:02:44+08:00 ] 172.31.232.156 93.158.161.100 GET /
[ log ] wallet.2100w.cn/ [运行时间：0.016728s][吞吐率：59.78req/s] [内存消耗：2,162.65kb] [文件加载：41]
[ info ] [ LANG ] /home/www/snb_wallet/public/../application/lang/ru.php
[ info ] [ ROUTE ] array (
  'type' => 'module',
  'module' => 
  array (
    0 => '',
    1 => NULL,
    2 => NULL,
  ),
)
[ info ] [ HEADER ] array (
  'host' => 'wallet.2100w.cn',
  'connection' => 'Keep-Alive',
  'user-agent' => 'Mozilla/5.0 (compatible; YandexBot/3.0; +http://yandex.com/bots)',
  'from' => 'support@search.yandex.ru',
  'accept-encoding' => 'gzip,deflate',
  'accept-language' => 'ru, uk;q=0.8, be;q=0.8, en;q=0.7, *;q=0.01',
  'accept' => '*/*',
  'content-type' => '',
  'content-length' => '',
)
[ info ] [ PARAM ] array (
)
[ info ] [ RUN ] app\index\controller\Index->index[ /home/www/snb_wallet/application/index/controller/Index.php ]
[ info ] [ SESSION ] INIT array (
  'id' => '',
  'var_session_id' => '',
  'prefix' => 'think',
  'type' => '',
  'auto_start' => true,
)
[ info ] [ LOG ] INIT File

---------------------------------------------------------------
[ 2017-12-05T03:02:48+08:00 ] 172.31.232.156 141.8.144.2 GET /login
[ log ] wallet.2100w.cn/login [运行时间：0.016723s][吞吐率：59.80req/s] [内存消耗：2,332.88kb] [文件加载：39]
[ info ] [ LANG ] /home/www/snb_wallet/public/../application/lang/ru.php
[ info ] [ ROUTE ] array (
  'type' => 'module',
  'module' => 
  array (
    0 => 'user',
    1 => 'user',
    2 => 'login',
  ),
  'convert' => false,
)
[ info ] [ HEADER ] array (
  'host' => 'wallet.2100w.cn',
  'connection' => 'Keep-Alive',
  'user-agent' => 'Mozilla/5.0 (compatible; YandexBot/3.0; +http://yandex.com/bots)',
  'from' => 'support@search.yandex.ru',
  'accept-encoding' => 'gzip,deflate',
  'accept-language' => 'ru, uk;q=0.8, be;q=0.8, en;q=0.7, *;q=0.01',
  'accept' => '*/*',
  'content-type' => '',
  'content-length' => '',
)
[ info ] [ PARAM ] array (
)
[ info ] [ RUN ] app\user\controller\User->login[ /home/www/snb_wallet/application/user/controller/User.php ]
[ info ] [ VIEW ] /home/www/snb_wallet/public/../application/user/view/user/Login.html [ array (
  0 => 'dir',
  1 => 'title',
  2 => 'error_msg',
) ]
[ info ] [ LOG ] INIT File

---------------------------------------------------------------
[ 2017-12-05T03:02:49+08:00 ] 172.31.232.156 5.255.250.75 GET /login
[ log ] wallet.2100w.cn/login [运行时间：0.016078s][吞吐率：62.20req/s] [内存消耗：2,333.19kb] [文件加载：39]
[ info ] [ LANG ] /home/www/snb_wallet/public/../application/lang/ru.php
[ info ] [ ROUTE ] array (
  'type' => 'module',
  'module' => 
  array (
    0 => 'user',
    1 => 'user',
    2 => 'login',
  ),
  'convert' => false,
)
[ info ] [ HEADER ] array (
  'host' => 'wallet.2100w.cn',
  'connection' => 'Keep-Alive',
  'user-agent' => 'Mozilla/5.0 (compatible; YandexBot/3.0; +http://yandex.com/bots)',
  'from' => 'support@search.yandex.ru',
  'accept-encoding' => 'gzip,deflate',
  'accept-language' => 'ru, uk;q=0.8, be;q=0.8, en;q=0.7, *;q=0.01',
  'accept' => '*/*',
  'content-type' => '',
  'content-length' => '',
)
[ info ] [ PARAM ] array (
)
[ info ] [ RUN ] app\user\controller\User->login[ /home/www/snb_wallet/application/user/controller/User.php ]
[ info ] [ VIEW ] /home/www/snb_wallet/public/../application/user/view/user/Login.html [ array (
  0 => 'dir',
  1 => 'title',
  2 => 'error_msg',
) ]
[ info ] [ LOG ] INIT File

---------------------------------------------------------------
[ 2017-12-05T06:15:32+08:00 ] 172.31.232.156 106.11.157.129 GET /login?lang=zh-cn
[ log ] wallet.2100w.cn/login?lang=zh-cn [运行时间：0.016728s][吞吐率：59.78req/s] [内存消耗：2,342.14kb] [文件加载：40]
[ info ] [ LANG ] /home/www/snb_wallet/thinkphp/lang/zh-cn.php
[ info ] [ LANG ] /home/www/snb_wallet/public/../application/lang/zh-cn.php
[ info ] [ ROUTE ] array (
  'type' => 'module',
  'module' => 
  array (
    0 => 'user',
    1 => 'user',
    2 => 'login',
  ),
  'convert' => false,
)
[ info ] [ HEADER ] array (
  'accept-language' => 'zh-cn,en-us,zh-tw,en-gb,en;',
  'host' => 'wallet.2100w.cn',
  'accept-encoding' => 'gzip',
  'accept' => '*/*',
  'connection' => 'Keep-Alive',
  'user-agent' => 'YisouSpider',
  'content-type' => '',
  'content-length' => '',
)
[ info ] [ PARAM ] array (
  'lang' => 'zh-cn',
)
[ info ] [ RUN ] app\user\controller\User->login[ /home/www/snb_wallet/application/user/controller/User.php ]
[ info ] [ VIEW ] /home/www/snb_wallet/public/../application/user/view/user/Login.html [ array (
  0 => 'dir',
  1 => 'title',
  2 => 'error_msg',
) ]
[ info ] [ LOG ] INIT File

---------------------------------------------------------------
[ 2017-12-05T09:05:13+08:00 ] 172.31.232.156 163.179.32.176 GET /
[ log ] wallet.2100w.cn/ [运行时间：0.015409s][吞吐率：64.90req/s] [内存消耗：2,175.67kb] [文件加载：43]
[ info ] [ LANG ] /home/www/snb_wallet/thinkphp/lang/zh-cn.php
[ info ] [ LANG ] /home/www/snb_wallet/public/../application/lang/zh-cn.php
[ info ] [ ROUTE ] array (
  'type' => 'module',
  'module' => 
  array (
    0 => '',
    1 => NULL,
    2 => NULL,
  ),
)
[ info ] [ HEADER ] array (
  'host' => 'wallet.2100w.cn',
  'connection' => 'keep-alive',
  'user-agent' => 'Mozilla/5.0 (Windows NT 6.1; WOW64) AppleWebKit/537.36 (KHTML, like Gecko) Chrome/62.0.3202.94 Safari/537.36',
  'upgrade-insecure-requests' => '1',
  'accept' => 'text/html,application/xhtml+xml,application/xml;q=0.9,image/webp,image/apng,*/*;q=0.8',
  'accept-encoding' => 'gzip, deflate',
  'accept-language' => 'zh-CN,zh;q=0.9',
  'cookie' => 'CCKF_visitor_id_129208=965317510; _ga=GA1.2.1046958118.1502787237',
  'content-type' => '',
  'content-length' => '',
)
[ info ] [ PARAM ] array (
)
[ info ] [ LANG ] /home/www/snb_wallet/public/../application/index/lang/zh-cn.php
[ info ] [ RUN ] app\index\controller\Index->index[ /home/www/snb_wallet/application/index/controller/Index.php ]
[ info ] [ SESSION ] INIT array (
  'id' => '',
  'var_session_id' => '',
  'prefix' => 'think',
  'type' => '',
  'auto_start' => true,
)
[ info ] [ LOG ] INIT File

---------------------------------------------------------------
[ 2017-12-05T09:05:13+08:00 ] 172.31.232.156 163.179.32.176 GET /login
[ log ] wallet.2100w.cn/login [运行时间：0.016269s][吞吐率：61.47req/s] [内存消耗：2,342.22kb] [文件加载：40]
[ info ] [ LANG ] /home/www/snb_wallet/thinkphp/lang/zh-cn.php
[ info ] [ LANG ] /home/www/snb_wallet/public/../application/lang/zh-cn.php
[ info ] [ ROUTE ] array (
  'type' => 'module',
  'module' => 
  array (
    0 => 'user',
    1 => 'user',
    2 => 'login',
  ),
  'convert' => false,
)
[ info ] [ HEADER ] array (
  'host' => 'wallet.2100w.cn',
  'connection' => 'keep-alive',
  'user-agent' => 'Mozilla/5.0 (Windows NT 6.1; WOW64) AppleWebKit/537.36 (KHTML, like Gecko) Chrome/62.0.3202.94 Safari/537.36',
  'upgrade-insecure-requests' => '1',
  'accept' => 'text/html,application/xhtml+xml,application/xml;q=0.9,image/webp,image/apng,*/*;q=0.8',
  'accept-encoding' => 'gzip, deflate',
  'accept-language' => 'zh-CN,zh;q=0.9',
  'cookie' => 'CCKF_visitor_id_129208=965317510; _ga=GA1.2.1046958118.1502787237; think_var=zh-cn; PHPSESSID=8av1epais6ap351je2gvimc0d1',
  'content-type' => '',
  'content-length' => '',
)
[ info ] [ PARAM ] array (
)
[ info ] [ RUN ] app\user\controller\User->login[ /home/www/snb_wallet/application/user/controller/User.php ]
[ info ] [ VIEW ] /home/www/snb_wallet/public/../application/user/view/user/Login.html [ array (
  0 => 'dir',
  1 => 'title',
  2 => 'error_msg',
) ]
[ info ] [ LOG ] INIT File

---------------------------------------------------------------
[ 2017-12-05T09:05:27+08:00 ] 172.31.232.156 163.179.32.176 POST /login
[ log ] wallet.2100w.cn/login [运行时间：0.027514s][吞吐率：36.35req/s] [内存消耗：3,710.16kb] [文件加载：50]
[ info ] [ LANG ] /home/www/snb_wallet/thinkphp/lang/zh-cn.php
[ info ] [ LANG ] /home/www/snb_wallet/public/../application/lang/zh-cn.php
[ info ] [ ROUTE ] array (
  'type' => 'module',
  'module' => 
  array (
    0 => 'user',
    1 => 'user',
    2 => 'login',
  ),
  'convert' => false,
)
[ info ] [ HEADER ] array (
  'host' => 'wallet.2100w.cn',
  'connection' => 'keep-alive',
  'content-length' => '45',
  'cache-control' => 'max-age=0',
  'origin' => 'http://wallet.2100w.cn',
  'upgrade-insecure-requests' => '1',
  'content-type' => 'application/x-www-form-urlencoded',
  'user-agent' => 'Mozilla/5.0 (Windows NT 6.1; WOW64) AppleWebKit/537.36 (KHTML, like Gecko) Chrome/62.0.3202.94 Safari/537.36',
  'accept' => 'text/html,application/xhtml+xml,application/xml;q=0.9,image/webp,image/apng,*/*;q=0.8',
  'referer' => 'http://wallet.2100w.cn/login',
  'accept-encoding' => 'gzip, deflate',
  'accept-language' => 'zh-CN,zh;q=0.9',
  'cookie' => 'CCKF_visitor_id_129208=965317510; _ga=GA1.2.1046958118.1502787237; think_var=zh-cn; PHPSESSID=8av1epais6ap351je2gvimc0d1',
)
[ info ] [ PARAM ] array (
  'email' => '328468923@qq.com',
  'password' => '15900092204',
)
[ info ] [ RUN ] app\user\controller\User->login[ /home/www/snb_wallet/application/user/controller/User.php ]
[ info ] [ DB ] INIT mysql
[ info ] [ SESSION ] INIT array (
  'id' => '',
  'var_session_id' => '',
  'prefix' => 'think',
  'type' => '',
  'auto_start' => true,
)
[ info ] [ LOG ] INIT File
[ sql ] [ DB ] CONNECT:[ UseTime:0.000693s ] mysql:dbname=wallet;host=localhost;charset=utf8
[ sql ] [ SQL ] SHOW COLUMNS FROM `yuan_user` [ RunTime:0.001099s ]
[ sql ] [ SQL ] SELECT `user_id`,`user_account`,`user_3des`,`user_name`,`user_setTrust` FROM `yuan_user` WHERE  `user_email` = '328468923@qq.com' LIMIT 1 [ RunTime:0.000461s ]
[ sql ] [ SQL ] SELECT `user_pass`,`user_confirm`,`user_3des`,`user_lock` FROM `yuan_user` WHERE  `user_email` = '328468923@qq.com' LIMIT 1 [ RunTime:0.000208s ]

---------------------------------------------------------------
[ 2017-12-05T09:05:28+08:00 ] 172.31.232.156 163.179.32.176 GET /
[ log ] wallet.2100w.cn/ [运行时间：0.015738s][吞吐率：63.54req/s] [内存消耗：2,151.13kb] [文件加载：42]
[ info ] [ LANG ] /home/www/snb_wallet/thinkphp/lang/zh-cn.php
[ info ] [ LANG ] /home/www/snb_wallet/public/../application/lang/zh-cn.php
[ info ] [ ROUTE ] array (
  'type' => 'module',
  'module' => 
  array (
    0 => '',
    1 => NULL,
    2 => NULL,
  ),
)
[ info ] [ HEADER ] array (
  'host' => 'wallet.2100w.cn',
  'connection' => 'keep-alive',
  'cache-control' => 'max-age=0',
  'upgrade-insecure-requests' => '1',
  'user-agent' => 'Mozilla/5.0 (Windows NT 6.1; WOW64) AppleWebKit/537.36 (KHTML, like Gecko) Chrome/62.0.3202.94 Safari/537.36',
  'accept' => 'text/html,application/xhtml+xml,application/xml;q=0.9,image/webp,image/apng,*/*;q=0.8',
  'referer' => 'http://wallet.2100w.cn/login',
  'accept-encoding' => 'gzip, deflate',
  'accept-language' => 'zh-CN,zh;q=0.9',
  'cookie' => 'CCKF_visitor_id_129208=965317510; _ga=GA1.2.1046958118.1502787237; think_var=zh-cn; PHPSESSID=8av1epais6ap351je2gvimc0d1',
  'content-type' => '',
  'content-length' => '',
)
[ info ] [ PARAM ] array (
)
[ info ] [ LANG ] /home/www/snb_wallet/public/../application/index/lang/zh-cn.php
[ info ] [ RUN ] app\index\controller\Index->index[ /home/www/snb_wallet/application/index/controller/Index.php ]
[ info ] [ SESSION ] INIT array (
  'id' => '',
  'var_session_id' => '',
  'prefix' => 'think',
  'type' => '',
  'auto_start' => true,
)
[ info ] [ VIEW ] /home/www/snb_wallet/public/../application/index/view/index/Index.html [ array (
  0 => 'dir',
  1 => 'title',
) ]
[ info ] [ LOG ] INIT File

---------------------------------------------------------------
[ 2017-12-05T09:05:32+08:00 ] 172.31.232.156 163.179.32.176 POST /index/gateway/alldata
[ log ] wallet.2100w.cn/index/gateway/alldata [运行时间：0.025979s][吞吐率：38.49req/s] [内存消耗：3,716.65kb] [文件加载：52]
[ info ] [ LANG ] /home/www/snb_wallet/thinkphp/lang/zh-cn.php
[ info ] [ LANG ] /home/www/snb_wallet/public/../application/lang/zh-cn.php
[ info ] [ ROUTE ] array (
  'type' => 'module',
  'module' => 
  array (
    0 => 'index',
    1 => 'gateway',
    2 => 'alldata',
  ),
)
[ info ] [ HEADER ] array (
  'host' => 'wallet.2100w.cn',
  'connection' => 'keep-alive',
  'content-length' => '109',
  'accept' => '*/*',
  'origin' => 'http://wallet.2100w.cn',
  'x-requested-with' => 'XMLHttpRequest',
  'user-agent' => 'Mozilla/5.0 (Windows NT 6.1; WOW64) AppleWebKit/537.36 (KHTML, like Gecko) Chrome/62.0.3202.94 Safari/537.36',
  'content-type' => 'application/x-www-form-urlencoded; charset=UTF-8',
  'referer' => 'http://wallet.2100w.cn/',
  'accept-encoding' => 'gzip, deflate',
  'accept-language' => 'zh-CN,zh;q=0.9',
  'cookie' => 'CCKF_visitor_id_129208=965317510; _ga=GA1.2.1046958118.1502787237; think_var=zh-cn; PHPSESSID=8av1epais6ap351je2gvimc0d1',
)
[ info ] [ PARAM ] array (
  'issuer' => 
  array (
    0 => 'GCMSVCVBPUR4KAIPLLGN4YX3CCTDWOYOJ6H2M3TNYJJ77LH2IBFO75DU',
  ),
  'asset' => 
  array (
    0 => 'UKC',
  ),
  'balance' => 
  array (
    0 => '0.0000000',
  ),
)
[ info ] [ LANG ] /home/www/snb_wallet/public/../application/index/lang/zh-cn.php
[ info ] [ RUN ] app\index\controller\Gateway->alldata[ /home/www/snb_wallet/application/index/controller/Gateway.php ]
[ info ] [ SESSION ] INIT array (
  'id' => '',
  'var_session_id' => '',
  'prefix' => 'think',
  'type' => '',
  'auto_start' => true,
)
[ info ] [ DB ] INIT mysql
[ info ] [ LOG ] INIT File
[ sql ] [ DB ] CONNECT:[ UseTime:0.000333s ] mysql:dbname=wallet;host=localhost;charset=utf8
[ sql ] [ SQL ] SHOW COLUMNS FROM `yuan_asset` [ RunTime:0.001217s ]
[ sql ] [ SQL ] SELECT * FROM `yuan_asset` WHERE  `asset_issuer` = 'GCMSVCVBPUR4KAIPLLGN4YX3CCTDWOYOJ6H2M3TNYJJ77LH2IBFO75DU'  AND `asset_code` = 'UKC' LIMIT 1 [ RunTime:0.000455s ]

---------------------------------------------------------------
[ 2017-12-05T09:12:58+08:00 ] 172.31.232.156 163.179.32.176 GET /gateway
[ log ] wallet.2100w.cn/gateway [运行时间：0.028894s][吞吐率：34.61req/s] [内存消耗：3,810.89kb] [文件加载：53]
[ info ] [ LANG ] /home/www/snb_wallet/thinkphp/lang/zh-cn.php
[ info ] [ LANG ] /home/www/snb_wallet/public/../application/lang/zh-cn.php
[ info ] [ ROUTE ] array (
  'type' => 'module',
  'module' => 
  array (
    0 => 'index',
    1 => 'gateway',
    2 => 'index',
  ),
  'convert' => false,
)
[ info ] [ HEADER ] array (
  'host' => 'wallet.2100w.cn',
  'connection' => 'keep-alive',
  'upgrade-insecure-requests' => '1',
  'user-agent' => 'Mozilla/5.0 (Windows NT 6.1; WOW64) AppleWebKit/537.36 (KHTML, like Gecko) Chrome/62.0.3202.94 Safari/537.36',
  'accept' => 'text/html,application/xhtml+xml,application/xml;q=0.9,image/webp,image/apng,*/*;q=0.8',
  'referer' => 'http://wallet.2100w.cn/',
  'accept-encoding' => 'gzip, deflate',
  'accept-language' => 'zh-CN,zh;q=0.9',
  'cookie' => 'CCKF_visitor_id_129208=965317510; _ga=GA1.2.1046958118.1502787237; think_var=zh-cn; PHPSESSID=8av1epais6ap351je2gvimc0d1',
  'content-type' => '',
  'content-length' => '',
)
[ info ] [ PARAM ] array (
)
[ info ] [ LANG ] /home/www/snb_wallet/public/../application/index/lang/zh-cn.php
[ info ] [ RUN ] app\index\controller\Gateway->index[ /home/www/snb_wallet/application/index/controller/Gateway.php ]
[ info ] [ SESSION ] INIT array (
  'id' => '',
  'var_session_id' => '',
  'prefix' => 'think',
  'type' => '',
  'auto_start' => true,
)
[ info ] [ DB ] INIT mysql
[ info ] [ VIEW ] /home/www/snb_wallet/public/../application/index/view/gateway/Index.html [ array (
  0 => 'dir',
  1 => 'gateway',
  2 => 'mygateway',
) ]
[ info ] [ LOG ] INIT File
[ sql ] [ DB ] CONNECT:[ UseTime:0.000271s ] mysql:dbname=wallet;host=localhost;charset=utf8
[ sql ] [ SQL ] SHOW COLUMNS FROM `yuan_gateway` [ RunTime:0.001243s ]
[ sql ] [ SQL ] SELECT * FROM `yuan_gateway` WHERE  `gateway_status` = 2 LIMIT 10 [ RunTime:0.000457s ]
[ sql ] [ SQL ] SHOW COLUMNS FROM `yuan_asset` [ RunTime:0.000428s ]
[ sql ] [ SQL ] SELECT * FROM `yuan_asset` WHERE  `gateway_id` = 6 [ RunTime:0.000250s ]
[ sql ] [ SQL ] SELECT * FROM `yuan_gateway` WHERE  `gateway_account` = 'GBCP6E4BPBFZS3WXDBDPTB7XXWKQ7STHP6J3NUQSQEVCTQEP5LKRLBZS' LIMIT 1 [ RunTime:0.000215s ]

---------------------------------------------------------------
[ 2017-12-05T09:12:59+08:00 ] 172.31.232.156 163.179.32.176 GET /index/gateway/data/account/GDYTA6IF5VUT5DH4ULA57CMM4OYWVZF6ZQFWAVHSGCMOI2ZTXMMVEYIA
[ log ] wallet.2100w.cn/index/gateway/data/account/GDYTA6IF5VUT5DH4ULA57CMM4OYWVZF6ZQFWAVHSGCMOI2ZTXMMVEYIA [运行时间：0.026898s][吞吐率：37.18req/s] [内存消耗：3,801.59kb] [文件加载：53]
[ info ] [ LANG ] /home/www/snb_wallet/thinkphp/lang/zh-cn.php
[ info ] [ LANG ] /home/www/snb_wallet/public/../application/lang/zh-cn.php
[ info ] [ ROUTE ] array (
  'type' => 'module',
  'module' => 
  array (
    0 => 'index',
    1 => 'gateway',
    2 => 'data',
  ),
)
[ info ] [ HEADER ] array (
  'host' => 'wallet.2100w.cn',
  'connection' => 'keep-alive',
  'accept' => '*/*',
  'x-requested-with' => 'XMLHttpRequest',
  'user-agent' => 'Mozilla/5.0 (Windows NT 6.1; WOW64) AppleWebKit/537.36 (KHTML, like Gecko) Chrome/62.0.3202.94 Safari/537.36',
  'referer' => 'http://wallet.2100w.cn/gateway',
  'accept-encoding' => 'gzip, deflate',
  'accept-language' => 'zh-CN,zh;q=0.9',
  'cookie' => 'CCKF_visitor_id_129208=965317510; _ga=GA1.2.1046958118.1502787237; think_var=zh-cn; PHPSESSID=8av1epais6ap351je2gvimc0d1',
  'content-type' => '',
  'content-length' => '',
)
[ info ] [ PARAM ] array (
  'account' => 'GDYTA6IF5VUT5DH4ULA57CMM4OYWVZF6ZQFWAVHSGCMOI2ZTXMMVEYIA',
)
[ info ] [ LANG ] /home/www/snb_wallet/public/../application/index/lang/zh-cn.php
[ info ] [ RUN ] app\index\controller\Gateway->data[ /home/www/snb_wallet/application/index/controller/Gateway.php ]
[ info ] [ SESSION ] INIT array (
  'id' => '',
  'var_session_id' => '',
  'prefix' => 'think',
  'type' => '',
  'auto_start' => true,
)
[ info ] [ DB ] INIT mysql
[ info ] [ LOG ] INIT File
[ sql ] [ DB ] CONNECT:[ UseTime:0.000423s ] mysql:dbname=wallet;host=localhost;charset=utf8
[ sql ] [ SQL ] SHOW COLUMNS FROM `yuan_asset` [ RunTime:0.000636s ]
[ sql ] [ SQL ] SELECT * FROM `yuan_asset` WHERE  `asset_issuer` = 'GDYTA6IF5VUT5DH4ULA57CMM4OYWVZF6ZQFWAVHSGCMOI2ZTXMMVEYIA' LIMIT 1 [ RunTime:0.000294s ]
[ sql ] [ SQL ] SHOW COLUMNS FROM `yuan_gateway` [ RunTime:0.000426s ]
[ sql ] [ SQL ] SELECT * FROM `yuan_gateway` WHERE  `gateway_id` = 6 LIMIT 1 [ RunTime:0.000262s ]
[ sql ] [ SQL ] SELECT * FROM `yuan_asset` WHERE  `gateway_id` = 6 [ RunTime:0.000159s ]

---------------------------------------------------------------
[ 2017-12-05T09:12:59+08:00 ] 172.31.232.156 163.179.32.176 GET /index/asset/getIssuerAmount/code/LQSHY/issuer/GDYTA6IF5VUT5DH4ULA57CMM4OYWVZF6ZQFWAVHSGCMOI2ZTXMMVEYIA
[ log ] wallet.2100w.cn/index/asset/getIssuerAmount/code/LQSHY/issuer/GDYTA6IF5VUT5DH4ULA57CMM4OYWVZF6ZQFWAVHSGCMOI2ZTXMMVEYIA [运行时间：0.023391s][吞吐率：42.75req/s] [内存消耗：3,500.47kb] [文件加载：51]
[ info ] [ LANG ] /home/www/snb_wallet/thinkphp/lang/zh-cn.php
[ info ] [ LANG ] /home/www/snb_wallet/public/../application/lang/zh-cn.php
[ info ] [ ROUTE ] array (
  'type' => 'module',
  'module' => 
  array (
    0 => 'index',
    1 => 'asset',
    2 => 'getIssuerAmount',
  ),
)
[ info ] [ HEADER ] array (
  'host' => 'wallet.2100w.cn',
  'connection' => 'keep-alive',
  'accept' => '*/*',
  'x-requested-with' => 'XMLHttpRequest',
  'user-agent' => 'Mozilla/5.0 (Windows NT 6.1; WOW64) AppleWebKit/537.36 (KHTML, like Gecko) Chrome/62.0.3202.94 Safari/537.36',
  'referer' => 'http://wallet.2100w.cn/gateway',
  'accept-encoding' => 'gzip, deflate',
  'accept-language' => 'zh-CN,zh;q=0.9',
  'cookie' => 'CCKF_visitor_id_129208=965317510; _ga=GA1.2.1046958118.1502787237; think_var=zh-cn; PHPSESSID=8av1epais6ap351je2gvimc0d1',
  'content-type' => '',
  'content-length' => '',
)
[ info ] [ PARAM ] array (
  'code' => 'LQSHY',
  'issuer' => 'GDYTA6IF5VUT5DH4ULA57CMM4OYWVZF6ZQFWAVHSGCMOI2ZTXMMVEYIA',
)
[ info ] [ LANG ] /home/www/snb_wallet/public/../application/index/lang/zh-cn.php
[ info ] [ RUN ] app\index\controller\Asset->getIssuerAmount[ /home/www/snb_wallet/application/index/controller/Asset.php ]
[ info ] [ DB ] INIT mysql
[ info ] [ LOG ] INIT File
[ sql ] [ DB ] CONNECT:[ UseTime:0.000319s ] mysql:dbname=wallet;host=localhost;charset=utf8
[ sql ] [ SQL ] SHOW COLUMNS FROM `yuan_asset` [ RunTime:0.000628s ]
[ sql ] [ SQL ] SELECT * FROM `yuan_asset` WHERE  `asset_issuer` = 'GDYTA6IF5VUT5DH4ULA57CMM4OYWVZF6ZQFWAVHSGCMOI2ZTXMMVEYIA'  AND `asset_code` = 'LQSHY' LIMIT 1 [ RunTime:0.000347s ]

---------------------------------------------------------------
[ 2017-12-05T09:55:26+08:00 ] 172.31.232.156 163.179.32.176 GET /
[ log ] wallet.2100w.cn/ [运行时间：0.015313s][吞吐率：65.30req/s] [内存消耗：2,175.73kb] [文件加载：43]
[ info ] [ LANG ] /home/www/snb_wallet/thinkphp/lang/zh-cn.php
[ info ] [ LANG ] /home/www/snb_wallet/public/../application/lang/zh-cn.php
[ info ] [ ROUTE ] array (
  'type' => 'module',
  'module' => 
  array (
    0 => '',
    1 => NULL,
    2 => NULL,
  ),
)
[ info ] [ HEADER ] array (
  'host' => 'wallet.2100w.cn',
  'connection' => 'keep-alive',
  'user-agent' => 'Mozilla/5.0 (Windows NT 6.1; Win64; x64) AppleWebKit/537.36 (KHTML, like Gecko) Chrome/62.0.3202.75 Safari/537.36',
  'upgrade-insecure-requests' => '1',
  'accept' => 'text/html,application/xhtml+xml,application/xml;q=0.9,image/webp,image/apng,*/*;q=0.8',
  'accept-encoding' => 'gzip, deflate',
  'accept-language' => 'zh-CN,zh;q=0.9,en-US;q=0.8,en;q=0.7',
  'cookie' => 'CCKF_visitor_id_129208=962711169; __lc.visitor_id.9108090=S1507337289.f28d035027; _ga=GA1.2.347894047.1505702478',
  'content-type' => '',
  'content-length' => '',
)
[ info ] [ PARAM ] array (
)
[ info ] [ LANG ] /home/www/snb_wallet/public/../application/index/lang/zh-cn.php
[ info ] [ RUN ] app\index\controller\Index->index[ /home/www/snb_wallet/application/index/controller/Index.php ]
[ info ] [ SESSION ] INIT array (
  'id' => '',
  'var_session_id' => '',
  'prefix' => 'think',
  'type' => '',
  'auto_start' => true,
)
[ info ] [ LOG ] INIT File

---------------------------------------------------------------
[ 2017-12-05T09:55:26+08:00 ] 172.31.232.156 163.179.32.176 GET /login
[ log ] wallet.2100w.cn/login [运行时间：0.017386s][吞吐率：57.52req/s] [内存消耗：2,342.20kb] [文件加载：40]
[ info ] [ LANG ] /home/www/snb_wallet/thinkphp/lang/zh-cn.php
[ info ] [ LANG ] /home/www/snb_wallet/public/../application/lang/zh-cn.php
[ info ] [ ROUTE ] array (
  'type' => 'module',
  'module' => 
  array (
    0 => 'user',
    1 => 'user',
    2 => 'login',
  ),
  'convert' => false,
)
[ info ] [ HEADER ] array (
  'host' => 'wallet.2100w.cn',
  'connection' => 'keep-alive',
  'user-agent' => 'Mozilla/5.0 (Windows NT 6.1; Win64; x64) AppleWebKit/537.36 (KHTML, like Gecko) Chrome/62.0.3202.75 Safari/537.36',
  'upgrade-insecure-requests' => '1',
  'accept' => 'text/html,application/xhtml+xml,application/xml;q=0.9,image/webp,image/apng,*/*;q=0.8',
  'accept-encoding' => 'gzip, deflate',
  'accept-language' => 'zh-CN,zh;q=0.9,en-US;q=0.8,en;q=0.7',
  'cookie' => 'CCKF_visitor_id_129208=962711169; __lc.visitor_id.9108090=S1507337289.f28d035027; _ga=GA1.2.347894047.1505702478; think_var=zh-cn; PHPSESSID=3rlq8q08k7i83n8pjpltvapre7',
  'content-type' => '',
  'content-length' => '',
)
[ info ] [ PARAM ] array (
)
[ info ] [ RUN ] app\user\controller\User->login[ /home/www/snb_wallet/application/user/controller/User.php ]
[ info ] [ VIEW ] /home/www/snb_wallet/public/../application/user/view/user/Login.html [ array (
  0 => 'dir',
  1 => 'title',
  2 => 'error_msg',
) ]
[ info ] [ LOG ] INIT File

---------------------------------------------------------------
[ 2017-12-05T11:09:35+08:00 ] 172.31.232.156 163.179.32.176 GET /member
[ log ] wallet.2100w.cn/member [运行时间：0.017116s][吞吐率：58.43req/s] [内存消耗：2,365.66kb] [文件加载：44]
[ info ] [ LANG ] /home/www/snb_wallet/thinkphp/lang/zh-cn.php
[ info ] [ LANG ] /home/www/snb_wallet/public/../application/lang/zh-cn.php
[ info ] [ ROUTE ] array (
  'type' => 'module',
  'module' => 
  array (
    0 => 'index',
    1 => 'member',
    2 => 'index',
  ),
  'convert' => false,
)
[ info ] [ HEADER ] array (
  'host' => 'wallet.2100w.cn',
  'connection' => 'keep-alive',
  'upgrade-insecure-requests' => '1',
  'user-agent' => 'Mozilla/5.0 (Windows NT 6.1; WOW64) AppleWebKit/537.36 (KHTML, like Gecko) Chrome/62.0.3202.94 Safari/537.36',
  'accept' => 'text/html,application/xhtml+xml,application/xml;q=0.9,image/webp,image/apng,*/*;q=0.8',
  'referer' => 'http://wallet.2100w.cn/gateway',
  'accept-encoding' => 'gzip, deflate',
  'accept-language' => 'zh-CN,zh;q=0.9',
  'cookie' => 'CCKF_visitor_id_129208=965317510; _ga=GA1.2.1046958118.1502787237; PHPSESSID=8av1epais6ap351je2gvimc0d1',
  'content-type' => '',
  'content-length' => '',
)
[ info ] [ PARAM ] array (
)
[ info ] [ LANG ] /home/www/snb_wallet/public/../application/index/lang/zh-cn.php
[ info ] [ RUN ] app\index\controller\Member->index[ /home/www/snb_wallet/application/index/controller/Member.php ]
[ info ] [ SESSION ] INIT array (
  'id' => '',
  'var_session_id' => '',
  'prefix' => 'think',
  'type' => '',
  'auto_start' => true,
)
[ info ] [ VIEW ] /home/www/snb_wallet/thinkphp/tpl/dispatch_jump.tpl [ array (
  0 => 'code',
  1 => 'msg',
  2 => 'data',
  3 => 'url',
  4 => 'wait',
) ]
[ info ] [ LOG ] INIT File

---------------------------------------------------------------
[ 2017-12-05T11:09:39+08:00 ] 172.31.232.156 163.179.32.176 GET /login
[ log ] wallet.2100w.cn/login [运行时间：0.015577s][吞吐率：64.20req/s] [内存消耗：2,342.30kb] [文件加载：40]
[ info ] [ LANG ] /home/www/snb_wallet/thinkphp/lang/zh-cn.php
[ info ] [ LANG ] /home/www/snb_wallet/public/../application/lang/zh-cn.php
[ info ] [ ROUTE ] array (
  'type' => 'module',
  'module' => 
  array (
    0 => 'user',
    1 => 'user',
    2 => 'login',
  ),
  'convert' => false,
)
[ info ] [ HEADER ] array (
  'host' => 'wallet.2100w.cn',
  'connection' => 'keep-alive',
  'upgrade-insecure-requests' => '1',
  'user-agent' => 'Mozilla/5.0 (Windows NT 6.1; WOW64) AppleWebKit/537.36 (KHTML, like Gecko) Chrome/62.0.3202.94 Safari/537.36',
  'accept' => 'text/html,application/xhtml+xml,application/xml;q=0.9,image/webp,image/apng,*/*;q=0.8',
  'referer' => 'http://wallet.2100w.cn/member',
  'accept-encoding' => 'gzip, deflate',
  'accept-language' => 'zh-CN,zh;q=0.9',
  'cookie' => 'CCKF_visitor_id_129208=965317510; _ga=GA1.2.1046958118.1502787237; PHPSESSID=8av1epais6ap351je2gvimc0d1; think_var=zh-cn',
  'content-type' => '',
  'content-length' => '',
)
[ info ] [ PARAM ] array (
)
[ info ] [ RUN ] app\user\controller\User->login[ /home/www/snb_wallet/application/user/controller/User.php ]
[ info ] [ VIEW ] /home/www/snb_wallet/public/../application/user/view/user/Login.html [ array (
  0 => 'dir',
  1 => 'title',
  2 => 'error_msg',
) ]
[ info ] [ LOG ] INIT File

---------------------------------------------------------------
[ 2017-12-05T11:09:49+08:00 ] 172.31.232.156 163.179.32.176 POST /login
[ log ] wallet.2100w.cn/login [运行时间：0.025774s][吞吐率：38.80req/s] [内存消耗：3,710.16kb] [文件加载：50]
[ info ] [ LANG ] /home/www/snb_wallet/thinkphp/lang/zh-cn.php
[ info ] [ LANG ] /home/www/snb_wallet/public/../application/lang/zh-cn.php
[ info ] [ ROUTE ] array (
  'type' => 'module',
  'module' => 
  array (
    0 => 'user',
    1 => 'user',
    2 => 'login',
  ),
  'convert' => false,
)
[ info ] [ HEADER ] array (
  'host' => 'wallet.2100w.cn',
  'connection' => 'keep-alive',
  'content-length' => '45',
  'cache-control' => 'max-age=0',
  'origin' => 'http://wallet.2100w.cn',
  'upgrade-insecure-requests' => '1',
  'content-type' => 'application/x-www-form-urlencoded',
  'user-agent' => 'Mozilla/5.0 (Windows NT 6.1; WOW64) AppleWebKit/537.36 (KHTML, like Gecko) Chrome/62.0.3202.94 Safari/537.36',
  'accept' => 'text/html,application/xhtml+xml,application/xml;q=0.9,image/webp,image/apng,*/*;q=0.8',
  'referer' => 'http://wallet.2100w.cn/login',
  'accept-encoding' => 'gzip, deflate',
  'accept-language' => 'zh-CN,zh;q=0.9',
  'cookie' => 'CCKF_visitor_id_129208=965317510; _ga=GA1.2.1046958118.1502787237; PHPSESSID=8av1epais6ap351je2gvimc0d1; think_var=zh-cn',
)
[ info ] [ PARAM ] array (
  'email' => '328468923@qq.com',
  'password' => '15900092204',
)
[ info ] [ RUN ] app\user\controller\User->login[ /home/www/snb_wallet/application/user/controller/User.php ]
[ info ] [ DB ] INIT mysql
[ info ] [ SESSION ] INIT array (
  'id' => '',
  'var_session_id' => '',
  'prefix' => 'think',
  'type' => '',
  'auto_start' => true,
)
[ info ] [ LOG ] INIT File
[ sql ] [ DB ] CONNECT:[ UseTime:0.000340s ] mysql:dbname=wallet;host=localhost;charset=utf8
[ sql ] [ SQL ] SHOW COLUMNS FROM `yuan_user` [ RunTime:0.000722s ]
[ sql ] [ SQL ] SELECT `user_id`,`user_account`,`user_3des`,`user_name`,`user_setTrust` FROM `yuan_user` WHERE  `user_email` = '328468923@qq.com' LIMIT 1 [ RunTime:0.000287s ]
[ sql ] [ SQL ] SELECT `user_pass`,`user_confirm`,`user_3des`,`user_lock` FROM `yuan_user` WHERE  `user_email` = '328468923@qq.com' LIMIT 1 [ RunTime:0.000174s ]

---------------------------------------------------------------
[ 2017-12-05T11:09:49+08:00 ] 172.31.232.156 163.179.32.176 GET /
[ log ] wallet.2100w.cn/ [运行时间：0.017529s][吞吐率：57.05req/s] [内存消耗：2,151.13kb] [文件加载：42]
[ info ] [ LANG ] /home/www/snb_wallet/thinkphp/lang/zh-cn.php
[ info ] [ LANG ] /home/www/snb_wallet/public/../application/lang/zh-cn.php
[ info ] [ ROUTE ] array (
  'type' => 'module',
  'module' => 
  array (
    0 => '',
    1 => NULL,
    2 => NULL,
  ),
)
[ info ] [ HEADER ] array (
  'host' => 'wallet.2100w.cn',
  'connection' => 'keep-alive',
  'cache-control' => 'max-age=0',
  'upgrade-insecure-requests' => '1',
  'user-agent' => 'Mozilla/5.0 (Windows NT 6.1; WOW64) AppleWebKit/537.36 (KHTML, like Gecko) Chrome/62.0.3202.94 Safari/537.36',
  'accept' => 'text/html,application/xhtml+xml,application/xml;q=0.9,image/webp,image/apng,*/*;q=0.8',
  'referer' => 'http://wallet.2100w.cn/login',
  'accept-encoding' => 'gzip, deflate',
  'accept-language' => 'zh-CN,zh;q=0.9',
  'cookie' => 'CCKF_visitor_id_129208=965317510; _ga=GA1.2.1046958118.1502787237; PHPSESSID=8av1epais6ap351je2gvimc0d1; think_var=zh-cn',
  'content-type' => '',
  'content-length' => '',
)
[ info ] [ PARAM ] array (
)
[ info ] [ LANG ] /home/www/snb_wallet/public/../application/index/lang/zh-cn.php
[ info ] [ RUN ] app\index\controller\Index->index[ /home/www/snb_wallet/application/index/controller/Index.php ]
[ info ] [ SESSION ] INIT array (
  'id' => '',
  'var_session_id' => '',
  'prefix' => 'think',
  'type' => '',
  'auto_start' => true,
)
[ info ] [ VIEW ] /home/www/snb_wallet/public/../application/index/view/index/Index.html [ array (
  0 => 'dir',
  1 => 'title',
) ]
[ info ] [ LOG ] INIT File

---------------------------------------------------------------
[ 2017-12-05T11:09:52+08:00 ] 172.31.232.156 163.179.32.176 POST /index/gateway/alldata
[ log ] wallet.2100w.cn/index/gateway/alldata [运行时间：0.025500s][吞吐率：39.22req/s] [内存消耗：3,716.65kb] [文件加载：52]
[ info ] [ LANG ] /home/www/snb_wallet/thinkphp/lang/zh-cn.php
[ info ] [ LANG ] /home/www/snb_wallet/public/../application/lang/zh-cn.php
[ info ] [ ROUTE ] array (
  'type' => 'module',
  'module' => 
  array (
    0 => 'index',
    1 => 'gateway',
    2 => 'alldata',
  ),
)
[ info ] [ HEADER ] array (
  'host' => 'wallet.2100w.cn',
  'connection' => 'keep-alive',
  'content-length' => '109',
  'accept' => '*/*',
  'origin' => 'http://wallet.2100w.cn',
  'x-requested-with' => 'XMLHttpRequest',
  'user-agent' => 'Mozilla/5.0 (Windows NT 6.1; WOW64) AppleWebKit/537.36 (KHTML, like Gecko) Chrome/62.0.3202.94 Safari/537.36',
  'content-type' => 'application/x-www-form-urlencoded; charset=UTF-8',
  'referer' => 'http://wallet.2100w.cn/',
  'accept-encoding' => 'gzip, deflate',
  'accept-language' => 'zh-CN,zh;q=0.9',
  'cookie' => 'CCKF_visitor_id_129208=965317510; _ga=GA1.2.1046958118.1502787237; PHPSESSID=8av1epais6ap351je2gvimc0d1; think_var=zh-cn',
)
[ info ] [ PARAM ] array (
  'issuer' => 
  array (
    0 => 'GCMSVCVBPUR4KAIPLLGN4YX3CCTDWOYOJ6H2M3TNYJJ77LH2IBFO75DU',
  ),
  'asset' => 
  array (
    0 => 'UKC',
  ),
  'balance' => 
  array (
    0 => '0.0000000',
  ),
)
[ info ] [ LANG ] /home/www/snb_wallet/public/../application/index/lang/zh-cn.php
[ info ] [ RUN ] app\index\controller\Gateway->alldata[ /home/www/snb_wallet/application/index/controller/Gateway.php ]
[ info ] [ SESSION ] INIT array (
  'id' => '',
  'var_session_id' => '',
  'prefix' => 'think',
  'type' => '',
  'auto_start' => true,
)
[ info ] [ DB ] INIT mysql
[ info ] [ LOG ] INIT File
[ sql ] [ DB ] CONNECT:[ UseTime:0.000313s ] mysql:dbname=wallet;host=localhost;charset=utf8
[ sql ] [ SQL ] SHOW COLUMNS FROM `yuan_asset` [ RunTime:0.000714s ]
[ sql ] [ SQL ] SELECT * FROM `yuan_asset` WHERE  `asset_issuer` = 'GCMSVCVBPUR4KAIPLLGN4YX3CCTDWOYOJ6H2M3TNYJJ77LH2IBFO75DU'  AND `asset_code` = 'UKC' LIMIT 1 [ RunTime:0.000238s ]

---------------------------------------------------------------
[ 2017-12-05T11:09:59+08:00 ] 172.31.232.156 163.179.32.176 GET /gateway
[ log ] wallet.2100w.cn/gateway [运行时间：0.032558s][吞吐率：30.71req/s] [内存消耗：3,810.89kb] [文件加载：53]
[ info ] [ LANG ] /home/www/snb_wallet/thinkphp/lang/zh-cn.php
[ info ] [ LANG ] /home/www/snb_wallet/public/../application/lang/zh-cn.php
[ info ] [ ROUTE ] array (
  'type' => 'module',
  'module' => 
  array (
    0 => 'index',
    1 => 'gateway',
    2 => 'index',
  ),
  'convert' => false,
)
[ info ] [ HEADER ] array (
  'host' => 'wallet.2100w.cn',
  'connection' => 'keep-alive',
  'upgrade-insecure-requests' => '1',
  'user-agent' => 'Mozilla/5.0 (Windows NT 6.1; WOW64) AppleWebKit/537.36 (KHTML, like Gecko) Chrome/62.0.3202.94 Safari/537.36',
  'accept' => 'text/html,application/xhtml+xml,application/xml;q=0.9,image/webp,image/apng,*/*;q=0.8',
  'referer' => 'http://wallet.2100w.cn/',
  'accept-encoding' => 'gzip, deflate',
  'accept-language' => 'zh-CN,zh;q=0.9',
  'cookie' => 'CCKF_visitor_id_129208=965317510; _ga=GA1.2.1046958118.1502787237; PHPSESSID=8av1epais6ap351je2gvimc0d1; think_var=zh-cn',
  'content-type' => '',
  'content-length' => '',
)
[ info ] [ PARAM ] array (
)
[ info ] [ LANG ] /home/www/snb_wallet/public/../application/index/lang/zh-cn.php
[ info ] [ RUN ] app\index\controller\Gateway->index[ /home/www/snb_wallet/application/index/controller/Gateway.php ]
[ info ] [ SESSION ] INIT array (
  'id' => '',
  'var_session_id' => '',
  'prefix' => 'think',
  'type' => '',
  'auto_start' => true,
)
[ info ] [ DB ] INIT mysql
[ info ] [ VIEW ] /home/www/snb_wallet/public/../application/index/view/gateway/Index.html [ array (
  0 => 'dir',
  1 => 'gateway',
  2 => 'mygateway',
) ]
[ info ] [ LOG ] INIT File
[ sql ] [ DB ] CONNECT:[ UseTime:0.000254s ] mysql:dbname=wallet;host=localhost;charset=utf8
[ sql ] [ SQL ] SHOW COLUMNS FROM `yuan_gateway` [ RunTime:0.000675s ]
[ sql ] [ SQL ] SELECT * FROM `yuan_gateway` WHERE  `gateway_status` = 2 LIMIT 10 [ RunTime:0.000245s ]
[ sql ] [ SQL ] SHOW COLUMNS FROM `yuan_asset` [ RunTime:0.000395s ]
[ sql ] [ SQL ] SELECT * FROM `yuan_asset` WHERE  `gateway_id` = 6 [ RunTime:0.000153s ]
[ sql ] [ SQL ] SELECT * FROM `yuan_gateway` WHERE  `gateway_account` = 'GBCP6E4BPBFZS3WXDBDPTB7XXWKQ7STHP6J3NUQSQEVCTQEP5LKRLBZS' LIMIT 1 [ RunTime:0.000174s ]

---------------------------------------------------------------
[ 2017-12-05T11:10:00+08:00 ] 172.31.232.156 163.179.32.176 GET /index/gateway/data/account/GDYTA6IF5VUT5DH4ULA57CMM4OYWVZF6ZQFWAVHSGCMOI2ZTXMMVEYIA
[ log ] wallet.2100w.cn/index/gateway/data/account/GDYTA6IF5VUT5DH4ULA57CMM4OYWVZF6ZQFWAVHSGCMOI2ZTXMMVEYIA [运行时间：0.026539s][吞吐率：37.68req/s] [内存消耗：3,801.59kb] [文件加载：53]
[ info ] [ LANG ] /home/www/snb_wallet/thinkphp/lang/zh-cn.php
[ info ] [ LANG ] /home/www/snb_wallet/public/../application/lang/zh-cn.php
[ info ] [ ROUTE ] array (
  'type' => 'module',
  'module' => 
  array (
    0 => 'index',
    1 => 'gateway',
    2 => 'data',
  ),
)
[ info ] [ HEADER ] array (
  'host' => 'wallet.2100w.cn',
  'connection' => 'keep-alive',
  'accept' => '*/*',
  'x-requested-with' => 'XMLHttpRequest',
  'user-agent' => 'Mozilla/5.0 (Windows NT 6.1; WOW64) AppleWebKit/537.36 (KHTML, like Gecko) Chrome/62.0.3202.94 Safari/537.36',
  'referer' => 'http://wallet.2100w.cn/gateway',
  'accept-encoding' => 'gzip, deflate',
  'accept-language' => 'zh-CN,zh;q=0.9',
  'cookie' => 'CCKF_visitor_id_129208=965317510; _ga=GA1.2.1046958118.1502787237; PHPSESSID=8av1epais6ap351je2gvimc0d1; think_var=zh-cn',
  'content-type' => '',
  'content-length' => '',
)
[ info ] [ PARAM ] array (
  'account' => 'GDYTA6IF5VUT5DH4ULA57CMM4OYWVZF6ZQFWAVHSGCMOI2ZTXMMVEYIA',
)
[ info ] [ LANG ] /home/www/snb_wallet/public/../application/index/lang/zh-cn.php
[ info ] [ RUN ] app\index\controller\Gateway->data[ /home/www/snb_wallet/application/index/controller/Gateway.php ]
[ info ] [ SESSION ] INIT array (
  'id' => '',
  'var_session_id' => '',
  'prefix' => 'think',
  'type' => '',
  'auto_start' => true,
)
[ info ] [ DB ] INIT mysql
[ info ] [ LOG ] INIT File
[ sql ] [ DB ] CONNECT:[ UseTime:0.000300s ] mysql:dbname=wallet;host=localhost;charset=utf8
[ sql ] [ SQL ] SHOW COLUMNS FROM `yuan_asset` [ RunTime:0.000601s ]
[ sql ] [ SQL ] SELECT * FROM `yuan_asset` WHERE  `asset_issuer` = 'GDYTA6IF5VUT5DH4ULA57CMM4OYWVZF6ZQFWAVHSGCMOI2ZTXMMVEYIA' LIMIT 1 [ RunTime:0.000200s ]
[ sql ] [ SQL ] SHOW COLUMNS FROM `yuan_gateway` [ RunTime:0.000440s ]
[ sql ] [ SQL ] SELECT * FROM `yuan_gateway` WHERE  `gateway_id` = 6 LIMIT 1 [ RunTime:0.000183s ]
[ sql ] [ SQL ] SELECT * FROM `yuan_asset` WHERE  `gateway_id` = 6 [ RunTime:0.000154s ]

---------------------------------------------------------------
[ 2017-12-05T11:10:00+08:00 ] 172.31.232.156 163.179.32.176 GET /index/asset/getIssuerAmount/code/LQSHY/issuer/GDYTA6IF5VUT5DH4ULA57CMM4OYWVZF6ZQFWAVHSGCMOI2ZTXMMVEYIA
[ log ] wallet.2100w.cn/index/asset/getIssuerAmount/code/LQSHY/issuer/GDYTA6IF5VUT5DH4ULA57CMM4OYWVZF6ZQFWAVHSGCMOI2ZTXMMVEYIA [运行时间：0.026744s][吞吐率：37.39req/s] [内存消耗：3,500.47kb] [文件加载：51]
[ info ] [ LANG ] /home/www/snb_wallet/thinkphp/lang/zh-cn.php
[ info ] [ LANG ] /home/www/snb_wallet/public/../application/lang/zh-cn.php
[ info ] [ ROUTE ] array (
  'type' => 'module',
  'module' => 
  array (
    0 => 'index',
    1 => 'asset',
    2 => 'getIssuerAmount',
  ),
)
[ info ] [ HEADER ] array (
  'host' => 'wallet.2100w.cn',
  'connection' => 'keep-alive',
  'accept' => '*/*',
  'x-requested-with' => 'XMLHttpRequest',
  'user-agent' => 'Mozilla/5.0 (Windows NT 6.1; WOW64) AppleWebKit/537.36 (KHTML, like Gecko) Chrome/62.0.3202.94 Safari/537.36',
  'referer' => 'http://wallet.2100w.cn/gateway',
  'accept-encoding' => 'gzip, deflate',
  'accept-language' => 'zh-CN,zh;q=0.9',
  'cookie' => 'CCKF_visitor_id_129208=965317510; _ga=GA1.2.1046958118.1502787237; PHPSESSID=8av1epais6ap351je2gvimc0d1; think_var=zh-cn',
  'content-type' => '',
  'content-length' => '',
)
[ info ] [ PARAM ] array (
  'code' => 'LQSHY',
  'issuer' => 'GDYTA6IF5VUT5DH4ULA57CMM4OYWVZF6ZQFWAVHSGCMOI2ZTXMMVEYIA',
)
[ info ] [ LANG ] /home/www/snb_wallet/public/../application/index/lang/zh-cn.php
[ info ] [ RUN ] app\index\controller\Asset->getIssuerAmount[ /home/www/snb_wallet/application/index/controller/Asset.php ]
[ info ] [ DB ] INIT mysql
[ info ] [ LOG ] INIT File
[ sql ] [ DB ] CONNECT:[ UseTime:0.000326s ] mysql:dbname=wallet;host=localhost;charset=utf8
[ sql ] [ SQL ] SHOW COLUMNS FROM `yuan_asset` [ RunTime:0.000731s ]
[ sql ] [ SQL ] SELECT * FROM `yuan_asset` WHERE  `asset_issuer` = 'GDYTA6IF5VUT5DH4ULA57CMM4OYWVZF6ZQFWAVHSGCMOI2ZTXMMVEYIA'  AND `asset_code` = 'LQSHY' LIMIT 1 [ RunTime:0.000237s ]

---------------------------------------------------------------
[ 2017-12-05T11:10:02+08:00 ] 172.31.232.156 163.179.32.176 GET /member
[ log ] wallet.2100w.cn/member [运行时间：0.017458s][吞吐率：57.28req/s] [内存消耗：2,358.52kb] [文件加载：43]
[ info ] [ LANG ] /home/www/snb_wallet/thinkphp/lang/zh-cn.php
[ info ] [ LANG ] /home/www/snb_wallet/public/../application/lang/zh-cn.php
[ info ] [ ROUTE ] array (
  'type' => 'module',
  'module' => 
  array (
    0 => 'index',
    1 => 'member',
    2 => 'index',
  ),
  'convert' => false,
)
[ info ] [ HEADER ] array (
  'host' => 'wallet.2100w.cn',
  'connection' => 'keep-alive',
  'upgrade-insecure-requests' => '1',
  'user-agent' => 'Mozilla/5.0 (Windows NT 6.1; WOW64) AppleWebKit/537.36 (KHTML, like Gecko) Chrome/62.0.3202.94 Safari/537.36',
  'accept' => 'text/html,application/xhtml+xml,application/xml;q=0.9,image/webp,image/apng,*/*;q=0.8',
  'referer' => 'http://wallet.2100w.cn/gateway',
  'accept-encoding' => 'gzip, deflate',
  'accept-language' => 'zh-CN,zh;q=0.9',
  'cookie' => 'CCKF_visitor_id_129208=965317510; _ga=GA1.2.1046958118.1502787237; PHPSESSID=8av1epais6ap351je2gvimc0d1; think_var=zh-cn',
  'content-type' => '',
  'content-length' => '',
)
[ info ] [ PARAM ] array (
)
[ info ] [ LANG ] /home/www/snb_wallet/public/../application/index/lang/zh-cn.php
[ info ] [ RUN ] app\index\controller\Member->index[ /home/www/snb_wallet/application/index/controller/Member.php ]
[ info ] [ SESSION ] INIT array (
  'id' => '',
  'var_session_id' => '',
  'prefix' => 'think',
  'type' => '',
  'auto_start' => true,
)
[ info ] [ VIEW ] /home/www/snb_wallet/public/../application/index/view/member/Index.html [ array (
  0 => 'dir',
) ]
[ info ] [ LOG ] INIT File

---------------------------------------------------------------
[ 2017-12-05T11:44:56+08:00 ] 172.31.232.156 163.179.32.176 GET /member
[ log ] wallet.2100w.cn/member [运行时间：0.016277s][吞吐率：61.44req/s] [内存消耗：2,364.95kb] [文件加载：44]
[ info ] [ LANG ] /home/www/snb_wallet/thinkphp/lang/zh-cn.php
[ info ] [ LANG ] /home/www/snb_wallet/public/../application/lang/zh-cn.php
[ info ] [ ROUTE ] array (
  'type' => 'module',
  'module' => 
  array (
    0 => 'index',
    1 => 'member',
    2 => 'index',
  ),
  'convert' => false,
)
[ info ] [ HEADER ] array (
  'host' => 'wallet.2100w.cn',
  'connection' => 'keep-alive',
  'cache-control' => 'max-age=0',
  'user-agent' => 'Mozilla/5.0 (Windows NT 6.1; WOW64) AppleWebKit/537.36 (KHTML, like Gecko) Chrome/62.0.3202.94 Safari/537.36',
  'upgrade-insecure-requests' => '1',
  'accept' => 'text/html,application/xhtml+xml,application/xml;q=0.9,image/webp,image/apng,*/*;q=0.8',
  'referer' => 'http://wallet.2100w.cn/gateway',
  'accept-encoding' => 'gzip, deflate',
  'accept-language' => 'zh-CN,zh;q=0.9',
  'cookie' => 'CCKF_visitor_id_129208=965317510; _ga=GA1.2.1046958118.1502787237; PHPSESSID=8av1epais6ap351je2gvimc0d1; think_var=zh-cn',
  'content-type' => '',
  'content-length' => '',
)
[ info ] [ PARAM ] array (
)
[ info ] [ LANG ] /home/www/snb_wallet/public/../application/index/lang/zh-cn.php
[ info ] [ RUN ] app\index\controller\Member->index[ /home/www/snb_wallet/application/index/controller/Member.php ]
[ info ] [ SESSION ] INIT array (
  'id' => '',
  'var_session_id' => '',
  'prefix' => 'think',
  'type' => '',
  'auto_start' => true,
)
[ info ] [ VIEW ] /home/www/snb_wallet/thinkphp/tpl/dispatch_jump.tpl [ array (
  0 => 'code',
  1 => 'msg',
  2 => 'data',
  3 => 'url',
  4 => 'wait',
) ]
[ info ] [ LOG ] INIT File

---------------------------------------------------------------
[ 2017-12-05T11:44:59+08:00 ] 172.31.232.156 163.179.32.176 GET /login
[ log ] wallet.2100w.cn/login [运行时间：0.015580s][吞吐率：64.19req/s] [内存消耗：2,342.30kb] [文件加载：40]
[ info ] [ LANG ] /home/www/snb_wallet/thinkphp/lang/zh-cn.php
[ info ] [ LANG ] /home/www/snb_wallet/public/../application/lang/zh-cn.php
[ info ] [ ROUTE ] array (
  'type' => 'module',
  'module' => 
  array (
    0 => 'user',
    1 => 'user',
    2 => 'login',
  ),
  'convert' => false,
)
[ info ] [ HEADER ] array (
  'host' => 'wallet.2100w.cn',
  'connection' => 'keep-alive',
  'upgrade-insecure-requests' => '1',
  'user-agent' => 'Mozilla/5.0 (Windows NT 6.1; WOW64) AppleWebKit/537.36 (KHTML, like Gecko) Chrome/62.0.3202.94 Safari/537.36',
  'accept' => 'text/html,application/xhtml+xml,application/xml;q=0.9,image/webp,image/apng,*/*;q=0.8',
  'referer' => 'http://wallet.2100w.cn/member',
  'accept-encoding' => 'gzip, deflate',
  'accept-language' => 'zh-CN,zh;q=0.9',
  'cookie' => 'CCKF_visitor_id_129208=965317510; _ga=GA1.2.1046958118.1502787237; PHPSESSID=8av1epais6ap351je2gvimc0d1; think_var=zh-cn',
  'content-type' => '',
  'content-length' => '',
)
[ info ] [ PARAM ] array (
)
[ info ] [ RUN ] app\user\controller\User->login[ /home/www/snb_wallet/application/user/controller/User.php ]
[ info ] [ VIEW ] /home/www/snb_wallet/public/../application/user/view/user/Login.html [ array (
  0 => 'dir',
  1 => 'title',
  2 => 'error_msg',
) ]
[ info ] [ LOG ] INIT File

---------------------------------------------------------------
[ 2017-12-05T12:06:59+08:00 ] 172.31.232.156 106.11.158.149 GET /register
[ log ] wallet.2100w.cn/register [运行时间：0.021720s][吞吐率：46.04req/s] [内存消耗：3,597.96kb] [文件加载：48]
[ info ] [ LANG ] /home/www/snb_wallet/thinkphp/lang/zh-cn.php
[ info ] [ LANG ] /home/www/snb_wallet/public/../application/lang/zh-cn.php
[ info ] [ ROUTE ] array (
  'type' => 'module',
  'module' => 
  array (
    0 => 'user',
    1 => 'user',
    2 => 'register',
  ),
  'convert' => false,
)
[ info ] [ HEADER ] array (
  'accept-language' => 'zh-cn,en-us,zh-tw,en-gb,en;',
  'host' => 'wallet.2100w.cn',
  'accept-encoding' => 'gzip',
  'accept' => '*/*',
  'connection' => 'Keep-Alive',
  'user-agent' => 'YisouSpider',
  'content-type' => '',
  'content-length' => '',
)
[ info ] [ PARAM ] array (
)
[ info ] [ RUN ] app\user\controller\User->register[ /home/www/snb_wallet/application/user/controller/User.php ]
[ info ] [ DB ] INIT mysql
[ info ] [ VIEW ] /home/www/snb_wallet/public/../application/user/view/user/Register.html [ array (
  0 => 'dir',
  1 => 'title',
) ]
[ info ] [ LOG ] INIT File

---------------------------------------------------------------
[ 2017-12-05T14:31:22+08:00 ] 172.31.232.156 163.179.32.176 POST /login
[ log ] wallet.2100w.cn/login [运行时间：0.025952s][吞吐率：38.53req/s] [内存消耗：3,711.19kb] [文件加载：50]
[ info ] [ LANG ] /home/www/snb_wallet/thinkphp/lang/zh-cn.php
[ info ] [ LANG ] /home/www/snb_wallet/public/../application/lang/zh-cn.php
[ info ] [ ROUTE ] array (
  'type' => 'module',
  'module' => 
  array (
    0 => 'user',
    1 => 'user',
    2 => 'login',
  ),
  'convert' => false,
)
[ info ] [ HEADER ] array (
  'host' => 'wallet.2100w.cn',
  'connection' => 'keep-alive',
  'content-length' => '45',
  'cache-control' => 'max-age=0',
  'origin' => 'http://wallet.2100w.cn',
  'upgrade-insecure-requests' => '1',
  'content-type' => 'application/x-www-form-urlencoded',
  'user-agent' => 'Mozilla/5.0 (Windows NT 6.1; WOW64) AppleWebKit/537.36 (KHTML, like Gecko) Chrome/62.0.3202.94 Safari/537.36',
  'accept' => 'text/html,application/xhtml+xml,application/xml;q=0.9,image/webp,image/apng,*/*;q=0.8',
  'referer' => 'http://wallet.2100w.cn/login',
  'accept-encoding' => 'gzip, deflate',
  'accept-language' => 'zh-CN,zh;q=0.9',
  'cookie' => 'CCKF_visitor_id_129208=965317510; _ga=GA1.2.1046958118.1502787237; PHPSESSID=8av1epais6ap351je2gvimc0d1',
)
[ info ] [ PARAM ] array (
  'email' => '328468923@qq.com',
  'password' => '15900092204',
)
[ info ] [ RUN ] app\user\controller\User->login[ /home/www/snb_wallet/application/user/controller/User.php ]
[ info ] [ DB ] INIT mysql
[ info ] [ SESSION ] INIT array (
  'id' => '',
  'var_session_id' => '',
  'prefix' => 'think',
  'type' => '',
  'auto_start' => true,
)
[ info ] [ LOG ] INIT File
[ sql ] [ DB ] CONNECT:[ UseTime:0.000652s ] mysql:dbname=wallet;host=localhost;charset=utf8
[ sql ] [ SQL ] SHOW COLUMNS FROM `yuan_user` [ RunTime:0.001315s ]
[ sql ] [ SQL ] SELECT `user_id`,`user_account`,`user_3des`,`user_name`,`user_setTrust` FROM `yuan_user` WHERE  `user_email` = '328468923@qq.com' LIMIT 1 [ RunTime:0.000491s ]
[ sql ] [ SQL ] SELECT `user_pass`,`user_confirm`,`user_3des`,`user_lock` FROM `yuan_user` WHERE  `user_email` = '328468923@qq.com' LIMIT 1 [ RunTime:0.000257s ]

---------------------------------------------------------------
[ 2017-12-05T14:31:22+08:00 ] 172.31.232.156 163.179.32.176 GET /
[ log ] wallet.2100w.cn/ [运行时间：0.016734s][吞吐率：59.76req/s] [内存消耗：2,151.13kb] [文件加载：42]
[ info ] [ LANG ] /home/www/snb_wallet/thinkphp/lang/zh-cn.php
[ info ] [ LANG ] /home/www/snb_wallet/public/../application/lang/zh-cn.php
[ info ] [ ROUTE ] array (
  'type' => 'module',
  'module' => 
  array (
    0 => '',
    1 => NULL,
    2 => NULL,
  ),
)
[ info ] [ HEADER ] array (
  'host' => 'wallet.2100w.cn',
  'connection' => 'keep-alive',
  'cache-control' => 'max-age=0',
  'upgrade-insecure-requests' => '1',
  'user-agent' => 'Mozilla/5.0 (Windows NT 6.1; WOW64) AppleWebKit/537.36 (KHTML, like Gecko) Chrome/62.0.3202.94 Safari/537.36',
  'accept' => 'text/html,application/xhtml+xml,application/xml;q=0.9,image/webp,image/apng,*/*;q=0.8',
  'referer' => 'http://wallet.2100w.cn/login',
  'accept-encoding' => 'gzip, deflate',
  'accept-language' => 'zh-CN,zh;q=0.9',
  'cookie' => 'CCKF_visitor_id_129208=965317510; _ga=GA1.2.1046958118.1502787237; PHPSESSID=8av1epais6ap351je2gvimc0d1; think_var=zh-cn',
  'content-type' => '',
  'content-length' => '',
)
[ info ] [ PARAM ] array (
)
[ info ] [ LANG ] /home/www/snb_wallet/public/../application/index/lang/zh-cn.php
[ info ] [ RUN ] app\index\controller\Index->index[ /home/www/snb_wallet/application/index/controller/Index.php ]
[ info ] [ SESSION ] INIT array (
  'id' => '',
  'var_session_id' => '',
  'prefix' => 'think',
  'type' => '',
  'auto_start' => true,
)
[ info ] [ VIEW ] /home/www/snb_wallet/public/../application/index/view/index/Index.html [ array (
  0 => 'dir',
  1 => 'title',
) ]
[ info ] [ LOG ] INIT File

---------------------------------------------------------------
[ 2017-12-05T14:31:24+08:00 ] 172.31.232.156 163.179.32.176 POST /index/gateway/alldata
[ log ] wallet.2100w.cn/index/gateway/alldata [运行时间：0.028169s][吞吐率：35.50req/s] [内存消耗：3,716.65kb] [文件加载：52]
[ info ] [ LANG ] /home/www/snb_wallet/thinkphp/lang/zh-cn.php
[ info ] [ LANG ] /home/www/snb_wallet/public/../application/lang/zh-cn.php
[ info ] [ ROUTE ] array (
  'type' => 'module',
  'module' => 
  array (
    0 => 'index',
    1 => 'gateway',
    2 => 'alldata',
  ),
)
[ info ] [ HEADER ] array (
  'host' => 'wallet.2100w.cn',
  'connection' => 'keep-alive',
  'content-length' => '109',
  'accept' => '*/*',
  'origin' => 'http://wallet.2100w.cn',
  'x-requested-with' => 'XMLHttpRequest',
  'user-agent' => 'Mozilla/5.0 (Windows NT 6.1; WOW64) AppleWebKit/537.36 (KHTML, like Gecko) Chrome/62.0.3202.94 Safari/537.36',
  'content-type' => 'application/x-www-form-urlencoded; charset=UTF-8',
  'referer' => 'http://wallet.2100w.cn/',
  'accept-encoding' => 'gzip, deflate',
  'accept-language' => 'zh-CN,zh;q=0.9',
  'cookie' => 'CCKF_visitor_id_129208=965317510; _ga=GA1.2.1046958118.1502787237; PHPSESSID=8av1epais6ap351je2gvimc0d1; think_var=zh-cn',
)
[ info ] [ PARAM ] array (
  'issuer' => 
  array (
    0 => 'GCMSVCVBPUR4KAIPLLGN4YX3CCTDWOYOJ6H2M3TNYJJ77LH2IBFO75DU',
  ),
  'asset' => 
  array (
    0 => 'UKC',
  ),
  'balance' => 
  array (
    0 => '0.0000000',
  ),
)
[ info ] [ LANG ] /home/www/snb_wallet/public/../application/index/lang/zh-cn.php
[ info ] [ RUN ] app\index\controller\Gateway->alldata[ /home/www/snb_wallet/application/index/controller/Gateway.php ]
[ info ] [ SESSION ] INIT array (
  'id' => '',
  'var_session_id' => '',
  'prefix' => 'think',
  'type' => '',
  'auto_start' => true,
)
[ info ] [ DB ] INIT mysql
[ info ] [ LOG ] INIT File
[ sql ] [ DB ] CONNECT:[ UseTime:0.000365s ] mysql:dbname=wallet;host=localhost;charset=utf8
[ sql ] [ SQL ] SHOW COLUMNS FROM `yuan_asset` [ RunTime:0.001192s ]
[ sql ] [ SQL ] SELECT * FROM `yuan_asset` WHERE  `asset_issuer` = 'GCMSVCVBPUR4KAIPLLGN4YX3CCTDWOYOJ6H2M3TNYJJ77LH2IBFO75DU'  AND `asset_code` = 'UKC' LIMIT 1 [ RunTime:0.000481s ]

---------------------------------------------------------------
[ 2017-12-05T15:40:56+08:00 ] 172.31.232.156 163.179.32.176 GET /gateway
[ log ] wallet.2100w.cn/gateway [运行时间：0.016412s][吞吐率：60.93req/s] [内存消耗：2,378.75kb] [文件加载：44]
[ info ] [ LANG ] /home/www/snb_wallet/thinkphp/lang/zh-cn.php
[ info ] [ LANG ] /home/www/snb_wallet/public/../application/lang/zh-cn.php
[ info ] [ ROUTE ] array (
  'type' => 'module',
  'module' => 
  array (
    0 => 'index',
    1 => 'gateway',
    2 => 'index',
  ),
  'convert' => false,
)
[ info ] [ HEADER ] array (
  'host' => 'wallet.2100w.cn',
  'connection' => 'keep-alive',
  'upgrade-insecure-requests' => '1',
  'user-agent' => 'Mozilla/5.0 (Windows NT 6.1; WOW64) AppleWebKit/537.36 (KHTML, like Gecko) Chrome/62.0.3202.94 Safari/537.36',
  'accept' => 'text/html,application/xhtml+xml,application/xml;q=0.9,image/webp,image/apng,*/*;q=0.8',
  'referer' => 'http://wallet.2100w.cn/',
  'accept-encoding' => 'gzip, deflate',
  'accept-language' => 'zh-CN,zh;q=0.9',
  'cookie' => 'CCKF_visitor_id_129208=965317510; _ga=GA1.2.1046958118.1502787237; PHPSESSID=8av1epais6ap351je2gvimc0d1',
  'content-type' => '',
  'content-length' => '',
)
[ info ] [ PARAM ] array (
)
[ info ] [ LANG ] /home/www/snb_wallet/public/../application/index/lang/zh-cn.php
[ info ] [ RUN ] app\index\controller\Gateway->index[ /home/www/snb_wallet/application/index/controller/Gateway.php ]
[ info ] [ SESSION ] INIT array (
  'id' => '',
  'var_session_id' => '',
  'prefix' => 'think',
  'type' => '',
  'auto_start' => true,
)
[ info ] [ VIEW ] /home/www/snb_wallet/thinkphp/tpl/dispatch_jump.tpl [ array (
  0 => 'code',
  1 => 'msg',
  2 => 'data',
  3 => 'url',
  4 => 'wait',
) ]
[ info ] [ LOG ] INIT File

---------------------------------------------------------------
[ 2017-12-05T15:40:59+08:00 ] 172.31.232.156 163.179.32.176 GET /login
[ log ] wallet.2100w.cn/login [运行时间：0.015623s][吞吐率：64.01req/s] [内存消耗：2,342.40kb] [文件加载：40]
[ info ] [ LANG ] /home/www/snb_wallet/thinkphp/lang/zh-cn.php
[ info ] [ LANG ] /home/www/snb_wallet/public/../application/lang/zh-cn.php
[ info ] [ ROUTE ] array (
  'type' => 'module',
  'module' => 
  array (
    0 => 'user',
    1 => 'user',
    2 => 'login',
  ),
  'convert' => false,
)
[ info ] [ HEADER ] array (
  'host' => 'wallet.2100w.cn',
  'connection' => 'keep-alive',
  'upgrade-insecure-requests' => '1',
  'user-agent' => 'Mozilla/5.0 (Windows NT 6.1; WOW64) AppleWebKit/537.36 (KHTML, like Gecko) Chrome/62.0.3202.94 Safari/537.36',
  'accept' => 'text/html,application/xhtml+xml,application/xml;q=0.9,image/webp,image/apng,*/*;q=0.8',
  'referer' => 'http://wallet.2100w.cn/gateway',
  'accept-encoding' => 'gzip, deflate',
  'accept-language' => 'zh-CN,zh;q=0.9',
  'cookie' => 'CCKF_visitor_id_129208=965317510; _ga=GA1.2.1046958118.1502787237; PHPSESSID=8av1epais6ap351je2gvimc0d1; think_var=zh-cn',
  'content-type' => '',
  'content-length' => '',
)
[ info ] [ PARAM ] array (
)
[ info ] [ RUN ] app\user\controller\User->login[ /home/www/snb_wallet/application/user/controller/User.php ]
[ info ] [ VIEW ] /home/www/snb_wallet/public/../application/user/view/user/Login.html [ array (
  0 => 'dir',
  1 => 'title',
  2 => 'error_msg',
) ]
[ info ] [ LOG ] INIT File

---------------------------------------------------------------
[ 2017-12-05T15:41:05+08:00 ] 172.31.232.156 163.179.32.176 POST /login
[ log ] wallet.2100w.cn/login [运行时间：0.024217s][吞吐率：41.29req/s] [内存消耗：3,710.16kb] [文件加载：50]
[ info ] [ LANG ] /home/www/snb_wallet/thinkphp/lang/zh-cn.php
[ info ] [ LANG ] /home/www/snb_wallet/public/../application/lang/zh-cn.php
[ info ] [ ROUTE ] array (
  'type' => 'module',
  'module' => 
  array (
    0 => 'user',
    1 => 'user',
    2 => 'login',
  ),
  'convert' => false,
)
[ info ] [ HEADER ] array (
  'host' => 'wallet.2100w.cn',
  'connection' => 'keep-alive',
  'content-length' => '45',
  'cache-control' => 'max-age=0',
  'origin' => 'http://wallet.2100w.cn',
  'upgrade-insecure-requests' => '1',
  'content-type' => 'application/x-www-form-urlencoded',
  'user-agent' => 'Mozilla/5.0 (Windows NT 6.1; WOW64) AppleWebKit/537.36 (KHTML, like Gecko) Chrome/62.0.3202.94 Safari/537.36',
  'accept' => 'text/html,application/xhtml+xml,application/xml;q=0.9,image/webp,image/apng,*/*;q=0.8',
  'referer' => 'http://wallet.2100w.cn/login',
  'accept-encoding' => 'gzip, deflate',
  'accept-language' => 'zh-CN,zh;q=0.9',
  'cookie' => 'CCKF_visitor_id_129208=965317510; _ga=GA1.2.1046958118.1502787237; PHPSESSID=8av1epais6ap351je2gvimc0d1; think_var=zh-cn',
)
[ info ] [ PARAM ] array (
  'email' => '328468923@qq.com',
  'password' => '15900092204',
)
[ info ] [ RUN ] app\user\controller\User->login[ /home/www/snb_wallet/application/user/controller/User.php ]
[ info ] [ DB ] INIT mysql
[ info ] [ SESSION ] INIT array (
  'id' => '',
  'var_session_id' => '',
  'prefix' => 'think',
  'type' => '',
  'auto_start' => true,
)
[ info ] [ LOG ] INIT File
[ sql ] [ DB ] CONNECT:[ UseTime:0.000306s ] mysql:dbname=wallet;host=localhost;charset=utf8
[ sql ] [ SQL ] SHOW COLUMNS FROM `yuan_user` [ RunTime:0.000801s ]
[ sql ] [ SQL ] SELECT `user_id`,`user_account`,`user_3des`,`user_name`,`user_setTrust` FROM `yuan_user` WHERE  `user_email` = '328468923@qq.com' LIMIT 1 [ RunTime:0.000208s ]
[ sql ] [ SQL ] SELECT `user_pass`,`user_confirm`,`user_3des`,`user_lock` FROM `yuan_user` WHERE  `user_email` = '328468923@qq.com' LIMIT 1 [ RunTime:0.000142s ]

---------------------------------------------------------------
[ 2017-12-05T15:41:05+08:00 ] 172.31.232.156 163.179.32.176 GET /
[ log ] wallet.2100w.cn/ [运行时间：0.016549s][吞吐率：60.43req/s] [内存消耗：2,151.13kb] [文件加载：42]
[ info ] [ LANG ] /home/www/snb_wallet/thinkphp/lang/zh-cn.php
[ info ] [ LANG ] /home/www/snb_wallet/public/../application/lang/zh-cn.php
[ info ] [ ROUTE ] array (
  'type' => 'module',
  'module' => 
  array (
    0 => '',
    1 => NULL,
    2 => NULL,
  ),
)
[ info ] [ HEADER ] array (
  'host' => 'wallet.2100w.cn',
  'connection' => 'keep-alive',
  'cache-control' => 'max-age=0',
  'upgrade-insecure-requests' => '1',
  'user-agent' => 'Mozilla/5.0 (Windows NT 6.1; WOW64) AppleWebKit/537.36 (KHTML, like Gecko) Chrome/62.0.3202.94 Safari/537.36',
  'accept' => 'text/html,application/xhtml+xml,application/xml;q=0.9,image/webp,image/apng,*/*;q=0.8',
  'referer' => 'http://wallet.2100w.cn/login',
  'accept-encoding' => 'gzip, deflate',
  'accept-language' => 'zh-CN,zh;q=0.9',
  'cookie' => 'CCKF_visitor_id_129208=965317510; _ga=GA1.2.1046958118.1502787237; PHPSESSID=8av1epais6ap351je2gvimc0d1; think_var=zh-cn',
  'content-type' => '',
  'content-length' => '',
)
[ info ] [ PARAM ] array (
)
[ info ] [ LANG ] /home/www/snb_wallet/public/../application/index/lang/zh-cn.php
[ info ] [ RUN ] app\index\controller\Index->index[ /home/www/snb_wallet/application/index/controller/Index.php ]
[ info ] [ SESSION ] INIT array (
  'id' => '',
  'var_session_id' => '',
  'prefix' => 'think',
  'type' => '',
  'auto_start' => true,
)
[ info ] [ VIEW ] /home/www/snb_wallet/public/../application/index/view/index/Index.html [ array (
  0 => 'dir',
  1 => 'title',
) ]
[ info ] [ LOG ] INIT File

---------------------------------------------------------------
[ 2017-12-05T15:41:09+08:00 ] 172.31.232.156 163.179.32.176 POST /index/gateway/alldata
[ log ] wallet.2100w.cn/index/gateway/alldata [运行时间：0.024078s][吞吐率：41.53req/s] [内存消耗：3,716.65kb] [文件加载：52]
[ info ] [ LANG ] /home/www/snb_wallet/thinkphp/lang/zh-cn.php
[ info ] [ LANG ] /home/www/snb_wallet/public/../application/lang/zh-cn.php
[ info ] [ ROUTE ] array (
  'type' => 'module',
  'module' => 
  array (
    0 => 'index',
    1 => 'gateway',
    2 => 'alldata',
  ),
)
[ info ] [ HEADER ] array (
  'host' => 'wallet.2100w.cn',
  'connection' => 'keep-alive',
  'content-length' => '109',
  'accept' => '*/*',
  'origin' => 'http://wallet.2100w.cn',
  'x-requested-with' => 'XMLHttpRequest',
  'user-agent' => 'Mozilla/5.0 (Windows NT 6.1; WOW64) AppleWebKit/537.36 (KHTML, like Gecko) Chrome/62.0.3202.94 Safari/537.36',
  'content-type' => 'application/x-www-form-urlencoded; charset=UTF-8',
  'referer' => 'http://wallet.2100w.cn/',
  'accept-encoding' => 'gzip, deflate',
  'accept-language' => 'zh-CN,zh;q=0.9',
  'cookie' => 'CCKF_visitor_id_129208=965317510; _ga=GA1.2.1046958118.1502787237; PHPSESSID=8av1epais6ap351je2gvimc0d1; think_var=zh-cn',
)
[ info ] [ PARAM ] array (
  'issuer' => 
  array (
    0 => 'GCMSVCVBPUR4KAIPLLGN4YX3CCTDWOYOJ6H2M3TNYJJ77LH2IBFO75DU',
  ),
  'asset' => 
  array (
    0 => 'UKC',
  ),
  'balance' => 
  array (
    0 => '0.0000000',
  ),
)
[ info ] [ LANG ] /home/www/snb_wallet/public/../application/index/lang/zh-cn.php
[ info ] [ RUN ] app\index\controller\Gateway->alldata[ /home/www/snb_wallet/application/index/controller/Gateway.php ]
[ info ] [ SESSION ] INIT array (
  'id' => '',
  'var_session_id' => '',
  'prefix' => 'think',
  'type' => '',
  'auto_start' => true,
)
[ info ] [ DB ] INIT mysql
[ info ] [ LOG ] INIT File
[ sql ] [ DB ] CONNECT:[ UseTime:0.000284s ] mysql:dbname=wallet;host=localhost;charset=utf8
[ sql ] [ SQL ] SHOW COLUMNS FROM `yuan_asset` [ RunTime:0.000632s ]
[ sql ] [ SQL ] SELECT * FROM `yuan_asset` WHERE  `asset_issuer` = 'GCMSVCVBPUR4KAIPLLGN4YX3CCTDWOYOJ6H2M3TNYJJ77LH2IBFO75DU'  AND `asset_code` = 'UKC' LIMIT 1 [ RunTime:0.000207s ]

---------------------------------------------------------------
[ 2017-12-05T15:41:09+08:00 ] 172.31.232.156 163.179.32.176 GET /exchange
[ log ] wallet.2100w.cn/exchange [运行时间：0.033788s][吞吐率：29.60req/s] [内存消耗：4,044.62kb] [文件加载：57]
[ info ] [ LANG ] /home/www/snb_wallet/thinkphp/lang/zh-cn.php
[ info ] [ LANG ] /home/www/snb_wallet/public/../application/lang/zh-cn.php
[ info ] [ ROUTE ] array (
  'type' => 'module',
  'module' => 
  array (
    0 => 'index',
    1 => 'exchange',
    2 => 'index',
  ),
  'convert' => false,
)
[ info ] [ HEADER ] array (
  'host' => 'wallet.2100w.cn',
  'connection' => 'keep-alive',
  'upgrade-insecure-requests' => '1',
  'user-agent' => 'Mozilla/5.0 (Windows NT 6.1; WOW64) AppleWebKit/537.36 (KHTML, like Gecko) Chrome/62.0.3202.94 Safari/537.36',
  'accept' => 'text/html,application/xhtml+xml,application/xml;q=0.9,image/webp,image/apng,*/*;q=0.8',
  'referer' => 'http://wallet.2100w.cn/',
  'accept-encoding' => 'gzip, deflate',
  'accept-language' => 'zh-CN,zh;q=0.9',
  'cookie' => 'CCKF_visitor_id_129208=965317510; _ga=GA1.2.1046958118.1502787237; PHPSESSID=8av1epais6ap351je2gvimc0d1; think_var=zh-cn',
  'content-type' => '',
  'content-length' => '',
)
[ info ] [ PARAM ] array (
)
[ info ] [ LANG ] /home/www/snb_wallet/public/../application/index/lang/zh-cn.php
[ info ] [ RUN ] app\index\controller\Exchange->index[ /home/www/snb_wallet/application/index/controller/Exchange.php ]
[ info ] [ SESSION ] INIT array (
  'id' => '',
  'var_session_id' => '',
  'prefix' => 'think',
  'type' => '',
  'auto_start' => true,
)
[ info ] [ DB ] INIT mysql
[ info ] [ VIEW ] /home/www/snb_wallet/public/../application/index/view/exchange/Index.html [ array (
  0 => 'dir',
  1 => 'gateway',
  2 => 'allExchange',
  3 => 'page',
) ]
[ info ] [ LOG ] INIT File
[ sql ] [ DB ] CONNECT:[ UseTime:0.000248s ] mysql:dbname=wallet;host=localhost;charset=utf8
[ sql ] [ SQL ] SHOW COLUMNS FROM `yuan_gateway` [ RunTime:0.001139s ]
[ sql ] [ SQL ] SELECT * FROM `yuan_gateway` WHERE  `gateway_status` = 2 [ RunTime:0.000418s ]
[ sql ] [ SQL ] SHOW COLUMNS FROM `yuan_asset` [ RunTime:0.000425s ]
[ sql ] [ SQL ] SELECT * FROM `yuan_asset` WHERE  `gateway_id` = 6  AND `asset_issuer` = 'GBTTTIS53XG3UX2UEXJQDPCITTEDQYBVXJ5MLN4QQTRRFMX45ZJTBIN6' [ RunTime:0.000240s ]
[ sql ] [ SQL ] SHOW COLUMNS FROM `yuan_exchange_record` [ RunTime:0.000778s ]
[ sql ] [ SQL ] SELECT COUNT(*) AS tp_count FROM `yuan_exchange_record` WHERE  ( `user_account_obj` = 'GBCP6E4BPBFZS3WXDBDPTB7XXWKQ7STHP6J3NUQSQEVCTQEP5LKRLBZS' OR `user_account_src` = 'GBCP6E4BPBFZS3WXDBDPTB7XXWKQ7STHP6J3NUQSQEVCTQEP5LKRLBZS' OR `user_account` = 'GBCP6E4BPBFZS3WXDBDPTB7XXWKQ7STHP6J3NUQSQEVCTQEP5LKRLBZS' ) LIMIT 1 [ RunTime:0.000416s ]
[ sql ] [ SQL ] SELECT * FROM `yuan_exchange_record` WHERE  ( `user_account_obj` = 'GBCP6E4BPBFZS3WXDBDPTB7XXWKQ7STHP6J3NUQSQEVCTQEP5LKRLBZS' OR `user_account_src` = 'GBCP6E4BPBFZS3WXDBDPTB7XXWKQ7STHP6J3NUQSQEVCTQEP5LKRLBZS' OR `user_account` = 'GBCP6E4BPBFZS3WXDBDPTB7XXWKQ7STHP6J3NUQSQEVCTQEP5LKRLBZS' ) ORDER BY record_datetime desc LIMIT 0,8 [ RunTime:0.000259s ]

---------------------------------------------------------------
[ 2017-12-05T15:41:11+08:00 ] 172.31.232.156 163.179.32.176 POST /index/gateway/alldata
[ log ] wallet.2100w.cn/index/gateway/alldata [运行时间：0.026640s][吞吐率：37.54req/s] [内存消耗：3,716.94kb] [文件加载：52]
[ info ] [ LANG ] /home/www/snb_wallet/thinkphp/lang/zh-cn.php
[ info ] [ LANG ] /home/www/snb_wallet/public/../application/lang/zh-cn.php
[ info ] [ ROUTE ] array (
  'type' => 'module',
  'module' => 
  array (
    0 => 'index',
    1 => 'gateway',
    2 => 'alldata',
  ),
)
[ info ] [ HEADER ] array (
  'host' => 'wallet.2100w.cn',
  'connection' => 'keep-alive',
  'content-length' => '109',
  'accept' => '*/*',
  'origin' => 'http://wallet.2100w.cn',
  'x-requested-with' => 'XMLHttpRequest',
  'user-agent' => 'Mozilla/5.0 (Windows NT 6.1; WOW64) AppleWebKit/537.36 (KHTML, like Gecko) Chrome/62.0.3202.94 Safari/537.36',
  'content-type' => 'application/x-www-form-urlencoded; charset=UTF-8',
  'referer' => 'http://wallet.2100w.cn/exchange',
  'accept-encoding' => 'gzip, deflate',
  'accept-language' => 'zh-CN,zh;q=0.9',
  'cookie' => 'CCKF_visitor_id_129208=965317510; _ga=GA1.2.1046958118.1502787237; PHPSESSID=8av1epais6ap351je2gvimc0d1; think_var=zh-cn',
)
[ info ] [ PARAM ] array (
  'issuer' => 
  array (
    0 => 'GCMSVCVBPUR4KAIPLLGN4YX3CCTDWOYOJ6H2M3TNYJJ77LH2IBFO75DU',
  ),
  'asset' => 
  array (
    0 => 'UKC',
  ),
  'balance' => 
  array (
    0 => '0.0000000',
  ),
)
[ info ] [ LANG ] /home/www/snb_wallet/public/../application/index/lang/zh-cn.php
[ info ] [ RUN ] app\index\controller\Gateway->alldata[ /home/www/snb_wallet/application/index/controller/Gateway.php ]
[ info ] [ SESSION ] INIT array (
  'id' => '',
  'var_session_id' => '',
  'prefix' => 'think',
  'type' => '',
  'auto_start' => true,
)
[ info ] [ DB ] INIT mysql
[ info ] [ LOG ] INIT File
[ sql ] [ DB ] CONNECT:[ UseTime:0.000300s ] mysql:dbname=wallet;host=localhost;charset=utf8
[ sql ] [ SQL ] SHOW COLUMNS FROM `yuan_asset` [ RunTime:0.000676s ]
[ sql ] [ SQL ] SELECT * FROM `yuan_asset` WHERE  `asset_issuer` = 'GCMSVCVBPUR4KAIPLLGN4YX3CCTDWOYOJ6H2M3TNYJJ77LH2IBFO75DU'  AND `asset_code` = 'UKC' LIMIT 1 [ RunTime:0.000220s ]

---------------------------------------------------------------
[ 2017-12-05T15:41:13+08:00 ] 172.31.232.156 163.179.32.176 GET /gateway
[ log ] wallet.2100w.cn/gateway [运行时间：0.027721s][吞吐率：36.07req/s] [内存消耗：3,810.57kb] [文件加载：53]
[ info ] [ LANG ] /home/www/snb_wallet/thinkphp/lang/zh-cn.php
[ info ] [ LANG ] /home/www/snb_wallet/public/../application/lang/zh-cn.php
[ info ] [ ROUTE ] array (
  'type' => 'module',
  'module' => 
  array (
    0 => 'index',
    1 => 'gateway',
    2 => 'index',
  ),
  'convert' => false,
)
[ info ] [ HEADER ] array (
  'host' => 'wallet.2100w.cn',
  'connection' => 'keep-alive',
  'upgrade-insecure-requests' => '1',
  'user-agent' => 'Mozilla/5.0 (Windows NT 6.1; WOW64) AppleWebKit/537.36 (KHTML, like Gecko) Chrome/62.0.3202.94 Safari/537.36',
  'accept' => 'text/html,application/xhtml+xml,application/xml;q=0.9,image/webp,image/apng,*/*;q=0.8',
  'referer' => 'http://wallet.2100w.cn/exchange',
  'accept-encoding' => 'gzip, deflate',
  'accept-language' => 'zh-CN,zh;q=0.9',
  'cookie' => 'CCKF_visitor_id_129208=965317510; _ga=GA1.2.1046958118.1502787237; PHPSESSID=8av1epais6ap351je2gvimc0d1; think_var=zh-cn',
  'content-type' => '',
  'content-length' => '',
)
[ info ] [ PARAM ] array (
)
[ info ] [ LANG ] /home/www/snb_wallet/public/../application/index/lang/zh-cn.php
[ info ] [ RUN ] app\index\controller\Gateway->index[ /home/www/snb_wallet/application/index/controller/Gateway.php ]
[ info ] [ SESSION ] INIT array (
  'id' => '',
  'var_session_id' => '',
  'prefix' => 'think',
  'type' => '',
  'auto_start' => true,
)
[ info ] [ DB ] INIT mysql
[ info ] [ VIEW ] /home/www/snb_wallet/public/../application/index/view/gateway/Index.html [ array (
  0 => 'dir',
  1 => 'gateway',
  2 => 'mygateway',
) ]
[ info ] [ LOG ] INIT File
[ sql ] [ DB ] CONNECT:[ UseTime:0.000318s ] mysql:dbname=wallet;host=localhost;charset=utf8
[ sql ] [ SQL ] SHOW COLUMNS FROM `yuan_gateway` [ RunTime:0.000648s ]
[ sql ] [ SQL ] SELECT * FROM `yuan_gateway` WHERE  `gateway_status` = 2 LIMIT 10 [ RunTime:0.000302s ]
[ sql ] [ SQL ] SHOW COLUMNS FROM `yuan_asset` [ RunTime:0.000414s ]
[ sql ] [ SQL ] SELECT * FROM `yuan_asset` WHERE  `gateway_id` = 6 [ RunTime:0.000217s ]
[ sql ] [ SQL ] SELECT * FROM `yuan_gateway` WHERE  `gateway_account` = 'GBCP6E4BPBFZS3WXDBDPTB7XXWKQ7STHP6J3NUQSQEVCTQEP5LKRLBZS' LIMIT 1 [ RunTime:0.000222s ]

---------------------------------------------------------------
[ 2017-12-05T15:41:15+08:00 ] 172.31.232.156 163.179.32.176 GET /index/gateway/data/account/GDYTA6IF5VUT5DH4ULA57CMM4OYWVZF6ZQFWAVHSGCMOI2ZTXMMVEYIA
[ log ] wallet.2100w.cn/index/gateway/data/account/GDYTA6IF5VUT5DH4ULA57CMM4OYWVZF6ZQFWAVHSGCMOI2ZTXMMVEYIA [运行时间：0.025608s][吞吐率：39.05req/s] [内存消耗：3,801.59kb] [文件加载：53]
[ info ] [ LANG ] /home/www/snb_wallet/thinkphp/lang/zh-cn.php
[ info ] [ LANG ] /home/www/snb_wallet/public/../application/lang/zh-cn.php
[ info ] [ ROUTE ] array (
  'type' => 'module',
  'module' => 
  array (
    0 => 'index',
    1 => 'gateway',
    2 => 'data',
  ),
)
[ info ] [ HEADER ] array (
  'host' => 'wallet.2100w.cn',
  'connection' => 'keep-alive',
  'accept' => '*/*',
  'x-requested-with' => 'XMLHttpRequest',
  'user-agent' => 'Mozilla/5.0 (Windows NT 6.1; WOW64) AppleWebKit/537.36 (KHTML, like Gecko) Chrome/62.0.3202.94 Safari/537.36',
  'referer' => 'http://wallet.2100w.cn/gateway',
  'accept-encoding' => 'gzip, deflate',
  'accept-language' => 'zh-CN,zh;q=0.9',
  'cookie' => 'CCKF_visitor_id_129208=965317510; _ga=GA1.2.1046958118.1502787237; PHPSESSID=8av1epais6ap351je2gvimc0d1; think_var=zh-cn',
  'content-type' => '',
  'content-length' => '',
)
[ info ] [ PARAM ] array (
  'account' => 'GDYTA6IF5VUT5DH4ULA57CMM4OYWVZF6ZQFWAVHSGCMOI2ZTXMMVEYIA',
)
[ info ] [ LANG ] /home/www/snb_wallet/public/../application/index/lang/zh-cn.php
[ info ] [ RUN ] app\index\controller\Gateway->data[ /home/www/snb_wallet/application/index/controller/Gateway.php ]
[ info ] [ SESSION ] INIT array (
  'id' => '',
  'var_session_id' => '',
  'prefix' => 'think',
  'type' => '',
  'auto_start' => true,
)
[ info ] [ DB ] INIT mysql
[ info ] [ LOG ] INIT File
[ sql ] [ DB ] CONNECT:[ UseTime:0.000325s ] mysql:dbname=wallet;host=localhost;charset=utf8
[ sql ] [ SQL ] SHOW COLUMNS FROM `yuan_asset` [ RunTime:0.000665s ]
[ sql ] [ SQL ] SELECT * FROM `yuan_asset` WHERE  `asset_issuer` = 'GDYTA6IF5VUT5DH4ULA57CMM4OYWVZF6ZQFWAVHSGCMOI2ZTXMMVEYIA' LIMIT 1 [ RunTime:0.000286s ]
[ sql ] [ SQL ] SHOW COLUMNS FROM `yuan_gateway` [ RunTime:0.000462s ]
[ sql ] [ SQL ] SELECT * FROM `yuan_gateway` WHERE  `gateway_id` = 6 LIMIT 1 [ RunTime:0.000227s ]
[ sql ] [ SQL ] SELECT * FROM `yuan_asset` WHERE  `gateway_id` = 6 [ RunTime:0.000140s ]

---------------------------------------------------------------
[ 2017-12-05T15:41:15+08:00 ] 172.31.232.156 163.179.32.176 GET /index/asset/getIssuerAmount/code/LQSHY/issuer/GDYTA6IF5VUT5DH4ULA57CMM4OYWVZF6ZQFWAVHSGCMOI2ZTXMMVEYIA
[ log ] wallet.2100w.cn/index/asset/getIssuerAmount/code/LQSHY/issuer/GDYTA6IF5VUT5DH4ULA57CMM4OYWVZF6ZQFWAVHSGCMOI2ZTXMMVEYIA [运行时间：0.022446s][吞吐率：44.55req/s] [内存消耗：3,500.47kb] [文件加载：51]
[ info ] [ LANG ] /home/www/snb_wallet/thinkphp/lang/zh-cn.php
[ info ] [ LANG ] /home/www/snb_wallet/public/../application/lang/zh-cn.php
[ info ] [ ROUTE ] array (
  'type' => 'module',
  'module' => 
  array (
    0 => 'index',
    1 => 'asset',
    2 => 'getIssuerAmount',
  ),
)
[ info ] [ HEADER ] array (
  'host' => 'wallet.2100w.cn',
  'connection' => 'keep-alive',
  'accept' => '*/*',
  'x-requested-with' => 'XMLHttpRequest',
  'user-agent' => 'Mozilla/5.0 (Windows NT 6.1; WOW64) AppleWebKit/537.36 (KHTML, like Gecko) Chrome/62.0.3202.94 Safari/537.36',
  'referer' => 'http://wallet.2100w.cn/gateway',
  'accept-encoding' => 'gzip, deflate',
  'accept-language' => 'zh-CN,zh;q=0.9',
  'cookie' => 'CCKF_visitor_id_129208=965317510; _ga=GA1.2.1046958118.1502787237; PHPSESSID=8av1epais6ap351je2gvimc0d1; think_var=zh-cn',
  'content-type' => '',
  'content-length' => '',
)
[ info ] [ PARAM ] array (
  'code' => 'LQSHY',
  'issuer' => 'GDYTA6IF5VUT5DH4ULA57CMM4OYWVZF6ZQFWAVHSGCMOI2ZTXMMVEYIA',
)
[ info ] [ LANG ] /home/www/snb_wallet/public/../application/index/lang/zh-cn.php
[ info ] [ RUN ] app\index\controller\Asset->getIssuerAmount[ /home/www/snb_wallet/application/index/controller/Asset.php ]
[ info ] [ DB ] INIT mysql
[ info ] [ LOG ] INIT File
[ sql ] [ DB ] CONNECT:[ UseTime:0.000303s ] mysql:dbname=wallet;host=localhost;charset=utf8
[ sql ] [ SQL ] SHOW COLUMNS FROM `yuan_asset` [ RunTime:0.000641s ]
[ sql ] [ SQL ] SELECT * FROM `yuan_asset` WHERE  `asset_issuer` = 'GDYTA6IF5VUT5DH4ULA57CMM4OYWVZF6ZQFWAVHSGCMOI2ZTXMMVEYIA'  AND `asset_code` = 'LQSHY' LIMIT 1 [ RunTime:0.000287s ]

---------------------------------------------------------------
