[ 2017-12-24T07:13:30+08:00 ] 172.31.232.156 116.62.209.27 GET /index.php
[ log ] www.2100w.org/index.php [运行时间：0.016180s][吞吐率：61.80req/s] [内存消耗：2,175.15kb] [文件加载：43]
[ info ] [ LANG ] /home/www/snb_wallet/thinkphp/lang/zh-cn.php
[ info ] [ LANG ] /home/www/snb_wallet/public/../application/lang/zh-cn.php
[ info ] [ ROUTE ] array (
  'type' => 'module',
  'module' => 
  array (
    0 => '',
    1 => NULL,
    2 => NULL,
  ),
)
[ info ] [ HEADER ] array (
  'host' => 'www.2100w.org',
  'user-agent' => 'Mozilla/5.0 (Windows NT 10.0; Win64; x64) AppleWebKit/537.36 (KHTML, like Gecko) Chrome/59.0.3071.115 Safari/537.36',
  'accept-encoding' => 'gzip, deflate',
  'accept' => 'text/html,application/xhtml+xml,application/xml;q=0.9,image/webp,image/apng,*/*;q=0.8',
  'connection' => 'keep-alive',
  'accept-language' => 'zh-CN,zh;q=0.8',
  'referer' => 'http://www.2100w.org/index.php',
  'content-type' => '',
  'content-length' => '',
)
[ info ] [ PARAM ] array (
)
[ info ] [ LANG ] /home/www/snb_wallet/public/../application/index/lang/zh-cn.php
[ info ] [ RUN ] app\index\controller\Index->index[ /home/www/snb_wallet/application/index/controller/Index.php ]
[ info ] [ SESSION ] INIT array (
  'id' => '',
  'var_session_id' => '',
  'prefix' => 'think',
  'type' => '',
  'auto_start' => true,
)
[ info ] [ LOG ] INIT File

---------------------------------------------------------------
[ 2017-12-24T16:51:52+08:00 ] 172.31.232.156 116.62.209.27 GET /index.php
[ log ] test.2100w.org/index.php [运行时间：0.014554s][吞吐率：68.71req/s] [内存消耗：2,175.16kb] [文件加载：43]
[ info ] [ LANG ] /home/www/snb_wallet/thinkphp/lang/zh-cn.php
[ info ] [ LANG ] /home/www/snb_wallet/public/../application/lang/zh-cn.php
[ info ] [ ROUTE ] array (
  'type' => 'module',
  'module' => 
  array (
    0 => '',
    1 => NULL,
    2 => NULL,
  ),
)
[ info ] [ HEADER ] array (
  'host' => 'test.2100w.org',
  'user-agent' => 'Mozilla/5.0 (Windows NT 10.0; Win64; x64) AppleWebKit/537.36 (KHTML, like Gecko) Chrome/59.0.3071.115 Safari/537.36',
  'accept-encoding' => 'gzip, deflate',
  'accept' => 'text/html,application/xhtml+xml,application/xml;q=0.9,image/webp,image/apng,*/*;q=0.8',
  'connection' => 'keep-alive',
  'accept-language' => 'zh-CN,zh;q=0.8',
  'referer' => 'http://test.2100w.org/index.php',
  'content-type' => '',
  'content-length' => '',
)
[ info ] [ PARAM ] array (
)
[ info ] [ LANG ] /home/www/snb_wallet/public/../application/index/lang/zh-cn.php
[ info ] [ RUN ] app\index\controller\Index->index[ /home/www/snb_wallet/application/index/controller/Index.php ]
[ info ] [ SESSION ] INIT array (
  'id' => '',
  'var_session_id' => '',
  'prefix' => 'think',
  'type' => '',
  'auto_start' => true,
)
[ info ] [ LOG ] INIT File

---------------------------------------------------------------
[ 2017-12-24T18:33:44+08:00 ] 172.31.232.156 116.62.209.27 GET /
[ log ] wallet.2100w.cn/ [运行时间：0.015609s][吞吐率：64.07req/s] [内存消耗：2,175.05kb] [文件加载：43]
[ info ] [ LANG ] /home/www/snb_wallet/thinkphp/lang/zh-cn.php
[ info ] [ LANG ] /home/www/snb_wallet/public/../application/lang/zh-cn.php
[ info ] [ ROUTE ] array (
  'type' => 'module',
  'module' => 
  array (
    0 => '',
    1 => NULL,
    2 => NULL,
  ),
)
[ info ] [ HEADER ] array (
  'host' => 'wallet.2100w.cn',
  'user-agent' => 'Mozilla/5.0 (Windows NT 10.0; Win64; x64) AppleWebKit/537.36 (KHTML, like Gecko) Chrome/59.0.3071.115 Safari/537.36',
  'accept-encoding' => 'gzip, deflate',
  'accept' => 'text/html,application/xhtml+xml,application/xml;q=0.9,image/webp,image/apng,*/*;q=0.8',
  'connection' => 'keep-alive',
  'accept-language' => 'zh-CN,zh;q=0.8',
  'referer' => 'https://wallet.2100w.cn:443',
  'content-type' => '',
  'content-length' => '',
)
[ info ] [ PARAM ] array (
)
[ info ] [ LANG ] /home/www/snb_wallet/public/../application/index/lang/zh-cn.php
[ info ] [ RUN ] app\index\controller\Index->index[ /home/www/snb_wallet/application/index/controller/Index.php ]
[ info ] [ SESSION ] INIT array (
  'id' => '',
  'var_session_id' => '',
  'prefix' => 'think',
  'type' => '',
  'auto_start' => true,
)
[ info ] [ LOG ] INIT File

---------------------------------------------------------------
[ 2017-12-24T18:33:44+08:00 ] 172.31.232.156 116.62.209.27 GET /login
[ log ] wallet.2100w.cn/login [运行时间：0.015429s][吞吐率：64.81req/s] [内存消耗：2,342.06kb] [文件加载：40]
[ info ] [ LANG ] /home/www/snb_wallet/thinkphp/lang/zh-cn.php
[ info ] [ LANG ] /home/www/snb_wallet/public/../application/lang/zh-cn.php
[ info ] [ ROUTE ] array (
  'type' => 'module',
  'module' => 
  array (
    0 => 'user',
    1 => 'user',
    2 => 'login',
  ),
  'convert' => false,
)
[ info ] [ HEADER ] array (
  'host' => 'wallet.2100w.cn',
  'user-agent' => 'Mozilla/5.0 (Windows NT 10.0; Win64; x64) AppleWebKit/537.36 (KHTML, like Gecko) Chrome/59.0.3071.115 Safari/537.36',
  'accept-encoding' => 'gzip, deflate',
  'accept' => 'text/html,application/xhtml+xml,application/xml;q=0.9,image/webp,image/apng,*/*;q=0.8',
  'connection' => 'keep-alive',
  'accept-language' => 'zh-CN,zh;q=0.8',
  'referer' => 'https://wallet.2100w.cn:443',
  'cookie' => 'think_var=zh-cn; PHPSESSID=im383s1r310ajpff6easrb5413',
  'content-type' => '',
  'content-length' => '',
)
[ info ] [ PARAM ] array (
)
[ info ] [ RUN ] app\user\controller\User->login[ /home/www/snb_wallet/application/user/controller/User.php ]
[ info ] [ VIEW ] /home/www/snb_wallet/public/../application/user/view/user/Login.html [ array (
  0 => 'dir',
  1 => 'title',
  2 => 'error_msg',
) ]
[ info ] [ LOG ] INIT File

---------------------------------------------------------------
[ 2017-12-24T18:33:45+08:00 ] 172.31.232.156 116.62.209.27 GET /explicit_not_exist_path
[ log ] wallet.2100w.cn/explicit_not_exist_path [运行时间：0.013981s][吞吐率：71.53req/s] [内存消耗：1,843.30kb] [文件加载：35]
[ info ] [ LANG ] /home/www/snb_wallet/thinkphp/lang/zh-cn.php
[ info ] [ LANG ] /home/www/snb_wallet/public/../application/lang/zh-cn.php
[ info ] [ ROUTE ] array (
  'type' => 'module',
  'module' => 
  array (
    0 => 'explicit_not_exist_path',
    1 => NULL,
    2 => NULL,
  ),
)
[ info ] [ HEADER ] array (
  'host' => 'wallet.2100w.cn',
  'user-agent' => 'Mozilla/5.0 (Windows NT 10.0; Win64; x64) AppleWebKit/537.36 (KHTML, like Gecko) Chrome/59.0.3071.115 Safari/537.36',
  'accept-encoding' => 'gzip, deflate',
  'accept' => 'text/html,application/xhtml+xml,application/xml;q=0.9,image/webp,image/apng,*/*;q=0.8',
  'connection' => 'keep-alive',
  'accept-language' => 'zh-CN,zh;q=0.8',
  'referer' => 'https://wallet.2100w.cn/explicit_not_exist_path',
  'content-type' => '',
  'content-length' => '',
)
[ info ] [ PARAM ] array (
)
[ info ] [ LOG ] INIT File

---------------------------------------------------------------
[ 2017-12-24T18:33:45+08:00 ] 172.31.232.156 116.62.209.27 GET /index.html
[ log ] wallet.2100w.cn/index.html [运行时间：0.015573s][吞吐率：64.21req/s] [内存消耗：2,179.25kb] [文件加载：43]
[ info ] [ LANG ] /home/www/snb_wallet/thinkphp/lang/zh-cn.php
[ info ] [ LANG ] /home/www/snb_wallet/public/../application/lang/zh-cn.php
[ info ] [ ROUTE ] array (
  'type' => 'module',
  'module' => 
  array (
    0 => 'index',
    1 => NULL,
    2 => NULL,
  ),
)
[ info ] [ HEADER ] array (
  'host' => 'wallet.2100w.cn',
  'user-agent' => 'Mozilla/5.0 (Windows NT 10.0; Win64; x64) AppleWebKit/537.36 (KHTML, like Gecko) Chrome/59.0.3071.115 Safari/537.36',
  'accept-encoding' => 'gzip, deflate',
  'accept' => 'text/html,application/xhtml+xml,application/xml;q=0.9,image/webp,image/apng,*/*;q=0.8',
  'connection' => 'keep-alive',
  'accept-language' => 'zh-CN,zh;q=0.8',
  'referer' => 'https://wallet.2100w.cn/index.html',
  'cookie' => 'think_var=zh-cn',
  'content-type' => '',
  'content-length' => '',
)
[ info ] [ PARAM ] array (
)
[ info ] [ LANG ] /home/www/snb_wallet/public/../application/index/lang/zh-cn.php
[ info ] [ RUN ] app\index\controller\Index->index[ /home/www/snb_wallet/application/index/controller/Index.php ]
[ info ] [ SESSION ] INIT array (
  'id' => '',
  'var_session_id' => '',
  'prefix' => 'think',
  'type' => '',
  'auto_start' => true,
)
[ info ] [ LOG ] INIT File

---------------------------------------------------------------
[ 2017-12-24T18:33:45+08:00 ] 172.31.232.156 116.62.209.27 GET /login
[ log ] wallet.2100w.cn/login [运行时间：0.016467s][吞吐率：60.73req/s] [内存消耗：2,342.06kb] [文件加载：40]
[ info ] [ LANG ] /home/www/snb_wallet/thinkphp/lang/zh-cn.php
[ info ] [ LANG ] /home/www/snb_wallet/public/../application/lang/zh-cn.php
[ info ] [ ROUTE ] array (
  'type' => 'module',
  'module' => 
  array (
    0 => 'user',
    1 => 'user',
    2 => 'login',
  ),
  'convert' => false,
)
[ info ] [ HEADER ] array (
  'host' => 'wallet.2100w.cn',
  'user-agent' => 'Mozilla/5.0 (Windows NT 10.0; Win64; x64) AppleWebKit/537.36 (KHTML, like Gecko) Chrome/59.0.3071.115 Safari/537.36',
  'accept-encoding' => 'gzip, deflate',
  'accept' => 'text/html,application/xhtml+xml,application/xml;q=0.9,image/webp,image/apng,*/*;q=0.8',
  'connection' => 'keep-alive',
  'accept-language' => 'zh-CN,zh;q=0.8',
  'referer' => 'https://wallet.2100w.cn/index.html',
  'cookie' => 'think_var=zh-cn; PHPSESSID=gb5tdf8j0fe2lmqt9roi53r506',
  'content-type' => '',
  'content-length' => '',
)
[ info ] [ PARAM ] array (
)
[ info ] [ RUN ] app\user\controller\User->login[ /home/www/snb_wallet/application/user/controller/User.php ]
[ info ] [ VIEW ] /home/www/snb_wallet/public/../application/user/view/user/Login.html [ array (
  0 => 'dir',
  1 => 'title',
  2 => 'error_msg',
) ]
[ info ] [ LOG ] INIT File

---------------------------------------------------------------
[ 2017-12-24T18:33:45+08:00 ] 172.31.232.156 116.62.209.27 GET /index.php
[ log ] wallet.2100w.cn/index.php [运行时间：0.014085s][吞吐率：71.00req/s] [内存消耗：2,174.77kb] [文件加载：43]
[ info ] [ LANG ] /home/www/snb_wallet/thinkphp/lang/zh-cn.php
[ info ] [ LANG ] /home/www/snb_wallet/public/../application/lang/zh-cn.php
[ info ] [ ROUTE ] array (
  'type' => 'module',
  'module' => 
  array (
    0 => '',
    1 => NULL,
    2 => NULL,
  ),
)
[ info ] [ HEADER ] array (
  'host' => 'wallet.2100w.cn',
  'user-agent' => 'Mozilla/5.0 (Windows NT 10.0; Win64; x64) AppleWebKit/537.36 (KHTML, like Gecko) Chrome/59.0.3071.115 Safari/537.36',
  'accept-encoding' => 'gzip, deflate',
  'accept' => 'text/html,application/xhtml+xml,application/xml;q=0.9,image/webp,image/apng,*/*;q=0.8',
  'connection' => 'keep-alive',
  'accept-language' => 'zh-CN,zh;q=0.8',
  'referer' => 'https://wallet.2100w.cn/index.php',
  'cookie' => 'PHPSESSID=gb5tdf8j0fe2lmqt9roi53r506; think_var=zh-cn',
  'content-type' => '',
  'content-length' => '',
)
[ info ] [ PARAM ] array (
)
[ info ] [ LANG ] /home/www/snb_wallet/public/../application/index/lang/zh-cn.php
[ info ] [ RUN ] app\index\controller\Index->index[ /home/www/snb_wallet/application/index/controller/Index.php ]
[ info ] [ SESSION ] INIT array (
  'id' => '',
  'var_session_id' => '',
  'prefix' => 'think',
  'type' => '',
  'auto_start' => true,
)
[ info ] [ LOG ] INIT File

---------------------------------------------------------------
[ 2017-12-24T18:33:46+08:00 ] 172.31.232.156 116.62.209.27 GET /login
[ log ] wallet.2100w.cn/login [运行时间：0.016281s][吞吐率：61.42req/s] [内存消耗：2,342.15kb] [文件加载：40]
[ info ] [ LANG ] /home/www/snb_wallet/thinkphp/lang/zh-cn.php
[ info ] [ LANG ] /home/www/snb_wallet/public/../application/lang/zh-cn.php
[ info ] [ ROUTE ] array (
  'type' => 'module',
  'module' => 
  array (
    0 => 'user',
    1 => 'user',
    2 => 'login',
  ),
  'convert' => false,
)
[ info ] [ HEADER ] array (
  'host' => 'wallet.2100w.cn',
  'user-agent' => 'Mozilla/5.0 (Windows NT 10.0; Win64; x64) AppleWebKit/537.36 (KHTML, like Gecko) Chrome/59.0.3071.115 Safari/537.36',
  'accept-encoding' => 'gzip, deflate',
  'accept' => 'text/html,application/xhtml+xml,application/xml;q=0.9,image/webp,image/apng,*/*;q=0.8',
  'connection' => 'keep-alive',
  'accept-language' => 'zh-CN,zh;q=0.8',
  'referer' => 'https://wallet.2100w.cn/index.php',
  'cookie' => 'PHPSESSID=gb5tdf8j0fe2lmqt9roi53r506; think_var=zh-cn',
  'content-type' => '',
  'content-length' => '',
)
[ info ] [ PARAM ] array (
)
[ info ] [ RUN ] app\user\controller\User->login[ /home/www/snb_wallet/application/user/controller/User.php ]
[ info ] [ VIEW ] /home/www/snb_wallet/public/../application/user/view/user/Login.html [ array (
  0 => 'dir',
  1 => 'title',
  2 => 'error_msg',
) ]
[ info ] [ LOG ] INIT File

---------------------------------------------------------------
[ 2017-12-24T18:33:46+08:00 ] 172.31.232.156 116.62.209.27 GET /index.jsp
[ log ] wallet.2100w.cn/index.jsp [运行时间：0.013996s][吞吐率：71.45req/s] [内存消耗：1,842.78kb] [文件加载：35]
[ info ] [ LANG ] /home/www/snb_wallet/thinkphp/lang/zh-cn.php
[ info ] [ LANG ] /home/www/snb_wallet/public/../application/lang/zh-cn.php
[ info ] [ ROUTE ] array (
  'type' => 'module',
  'module' => 
  array (
    0 => 'index.jsp',
    1 => NULL,
    2 => NULL,
  ),
)
[ info ] [ HEADER ] array (
  'host' => 'wallet.2100w.cn',
  'user-agent' => 'Mozilla/5.0 (Windows NT 10.0; Win64; x64) AppleWebKit/537.36 (KHTML, like Gecko) Chrome/59.0.3071.115 Safari/537.36',
  'accept-encoding' => 'gzip, deflate',
  'accept' => 'text/html,application/xhtml+xml,application/xml;q=0.9,image/webp,image/apng,*/*;q=0.8',
  'connection' => 'keep-alive',
  'accept-language' => 'zh-CN,zh;q=0.8',
  'referer' => 'https://wallet.2100w.cn/index.jsp',
  'cookie' => 'PHPSESSID=gb5tdf8j0fe2lmqt9roi53r506; think_var=zh-cn',
  'content-type' => '',
  'content-length' => '',
)
[ info ] [ PARAM ] array (
)
[ info ] [ LOG ] INIT File

---------------------------------------------------------------
[ 2017-12-24T18:33:46+08:00 ] 172.31.232.156 116.62.209.27 GET /admin/
[ log ] wallet.2100w.cn/admin/ [运行时间：0.013935s][吞吐率：71.76req/s] [内存消耗：1,842.80kb] [文件加载：35]
[ info ] [ LANG ] /home/www/snb_wallet/thinkphp/lang/zh-cn.php
[ info ] [ LANG ] /home/www/snb_wallet/public/../application/lang/zh-cn.php
[ info ] [ ROUTE ] array (
  'type' => 'module',
  'module' => 
  array (
    0 => 'admin',
    1 => NULL,
    2 => NULL,
  ),
)
[ info ] [ HEADER ] array (
  'host' => 'wallet.2100w.cn',
  'user-agent' => 'Mozilla/5.0 (Windows NT 10.0; Win64; x64) AppleWebKit/537.36 (KHTML, like Gecko) Chrome/59.0.3071.115 Safari/537.36',
  'accept-encoding' => 'gzip, deflate',
  'accept' => 'text/html,application/xhtml+xml,application/xml;q=0.9,image/webp,image/apng,*/*;q=0.8',
  'connection' => 'keep-alive',
  'accept-language' => 'zh-CN,zh;q=0.8',
  'referer' => 'https://wallet.2100w.cn/admin/',
  'cookie' => 'PHPSESSID=gb5tdf8j0fe2lmqt9roi53r506; think_var=zh-cn',
  'content-type' => '',
  'content-length' => '',
)
[ info ] [ PARAM ] array (
)
[ info ] [ LOG ] INIT File

---------------------------------------------------------------
[ 2017-12-24T18:33:46+08:00 ] 172.31.232.156 116.62.209.27 GET /README
[ log ] wallet.2100w.cn/README [运行时间：0.012766s][吞吐率：78.33req/s] [内存消耗：1,842.85kb] [文件加载：35]
[ info ] [ LANG ] /home/www/snb_wallet/thinkphp/lang/zh-cn.php
[ info ] [ LANG ] /home/www/snb_wallet/public/../application/lang/zh-cn.php
[ info ] [ ROUTE ] array (
  'type' => 'module',
  'module' => 
  array (
    0 => 'README',
    1 => NULL,
    2 => NULL,
  ),
)
[ info ] [ HEADER ] array (
  'host' => 'wallet.2100w.cn',
  'user-agent' => 'Mozilla/5.0 (Windows NT 10.0; Win64; x64) AppleWebKit/537.36 (KHTML, like Gecko) Chrome/59.0.3071.115 Safari/537.36',
  'accept-encoding' => 'gzip, deflate',
  'accept' => 'text/html,application/xhtml+xml,application/xml;q=0.9,image/webp,image/apng,*/*;q=0.8',
  'connection' => 'keep-alive',
  'accept-language' => 'zh-CN,zh;q=0.8',
  'referer' => 'https://wallet.2100w.cn/README',
  'cookie' => 'PHPSESSID=gb5tdf8j0fe2lmqt9roi53r506; think_var=zh-cn',
  'content-type' => '',
  'content-length' => '',
)
[ info ] [ PARAM ] array (
)
[ info ] [ LOG ] INIT File

---------------------------------------------------------------
[ 2017-12-24T18:33:46+08:00 ] 172.31.232.156 116.62.209.27 GET /uddiexplorer/SearchPublicRegistries.jsp
[ log ] wallet.2100w.cn/uddiexplorer/SearchPublicRegistries.jsp [运行时间：0.012685s][吞吐率：78.83req/s] [内存消耗：1,843.07kb] [文件加载：35]
[ info ] [ LANG ] /home/www/snb_wallet/thinkphp/lang/zh-cn.php
[ info ] [ LANG ] /home/www/snb_wallet/public/../application/lang/zh-cn.php
[ info ] [ ROUTE ] array (
  'type' => 'module',
  'module' => 
  array (
    0 => 'uddiexplorer',
    1 => 'SearchPublicRegistries.jsp',
    2 => NULL,
  ),
)
[ info ] [ HEADER ] array (
  'host' => 'wallet.2100w.cn',
  'user-agent' => 'Mozilla/5.0 (Windows NT 10.0; Win64; x64) AppleWebKit/537.36 (KHTML, like Gecko) Chrome/59.0.3071.115 Safari/537.36',
  'accept-encoding' => 'gzip, deflate',
  'accept' => 'text/html,application/xhtml+xml,application/xml;q=0.9,image/webp,image/apng,*/*;q=0.8',
  'connection' => 'keep-alive',
  'accept-language' => 'zh-CN,zh;q=0.8',
  'referer' => 'https://wallet.2100w.cn/uddiexplorer/SearchPublicRegistries.jsp',
  'cookie' => 'PHPSESSID=gb5tdf8j0fe2lmqt9roi53r506; think_var=zh-cn',
  'content-type' => '',
  'content-length' => '',
)
[ info ] [ PARAM ] array (
)
[ info ] [ LOG ] INIT File

---------------------------------------------------------------
[ 2017-12-24T18:33:47+08:00 ] 172.31.232.156 116.62.209.27 GET /4e5e5d7364f443e28fbf0d3ae744a59a
[ log ] wallet.2100w.cn/4e5e5d7364f443e28fbf0d3ae744a59a [运行时间：0.013691s][吞吐率：73.04req/s] [内存消耗：1,842.92kb] [文件加载：35]
[ info ] [ LANG ] /home/www/snb_wallet/thinkphp/lang/zh-cn.php
[ info ] [ LANG ] /home/www/snb_wallet/public/../application/lang/zh-cn.php
[ info ] [ ROUTE ] array (
  'type' => 'module',
  'module' => 
  array (
    0 => '4e5e5d7364f443e28fbf0d3ae744a59a',
    1 => NULL,
    2 => NULL,
  ),
)
[ info ] [ HEADER ] array (
  'host' => 'wallet.2100w.cn',
  'user-agent' => 'Mozilla/5.0 (Windows NT 10.0; Win64; x64) AppleWebKit/537.36 (KHTML, like Gecko) Chrome/59.0.3071.115 Safari/537.36',
  'accept-encoding' => 'gzip, deflate',
  'accept' => 'text/html,application/xhtml+xml,application/xml;q=0.9,image/webp,image/apng,*/*;q=0.8',
  'connection' => 'keep-alive',
  'accept-language' => 'zh-CN,zh;q=0.8',
  'referer' => 'https://wallet.2100w.cn/4e5e5d7364f443e28fbf0d3ae744a59a',
  'cookie' => 'PHPSESSID=gb5tdf8j0fe2lmqt9roi53r506; think_var=zh-cn',
  'content-type' => '',
  'content-length' => '',
)
[ info ] [ PARAM ] array (
)
[ info ] [ LOG ] INIT File

---------------------------------------------------------------
[ 2017-12-24T18:33:47+08:00 ] 172.31.232.156 116.62.209.27 GET /?c=4e5e5d7364f443e28fbf0d3ae744a59a
[ log ] wallet.2100w.cn/?c=4e5e5d7364f443e28fbf0d3ae744a59a [运行时间：0.014035s][吞吐率：71.25req/s] [内存消耗：2,174.97kb] [文件加载：43]
[ info ] [ LANG ] /home/www/snb_wallet/thinkphp/lang/zh-cn.php
[ info ] [ LANG ] /home/www/snb_wallet/public/../application/lang/zh-cn.php
[ info ] [ ROUTE ] array (
  'type' => 'module',
  'module' => 
  array (
    0 => '',
    1 => NULL,
    2 => NULL,
  ),
)
[ info ] [ HEADER ] array (
  'host' => 'wallet.2100w.cn',
  'user-agent' => 'Mozilla/5.0 (Windows NT 10.0; Win64; x64) AppleWebKit/537.36 (KHTML, like Gecko) Chrome/59.0.3071.115 Safari/537.36',
  'accept-encoding' => 'gzip, deflate',
  'accept' => 'text/html,application/xhtml+xml,application/xml;q=0.9,image/webp,image/apng,*/*;q=0.8',
  'connection' => 'keep-alive',
  'accept-language' => 'zh-CN,zh;q=0.8',
  'referer' => 'https://wallet.2100w.cn/?c=4e5e5d7364f443e28fbf0d3ae744a59a',
  'cookie' => 'PHPSESSID=gb5tdf8j0fe2lmqt9roi53r506; think_var=zh-cn',
  'content-type' => '',
  'content-length' => '',
)
[ info ] [ PARAM ] array (
  'c' => '4e5e5d7364f443e28fbf0d3ae744a59a',
)
[ info ] [ LANG ] /home/www/snb_wallet/public/../application/index/lang/zh-cn.php
[ info ] [ RUN ] app\index\controller\Index->index[ /home/www/snb_wallet/application/index/controller/Index.php ]
[ info ] [ SESSION ] INIT array (
  'id' => '',
  'var_session_id' => '',
  'prefix' => 'think',
  'type' => '',
  'auto_start' => true,
)
[ info ] [ LOG ] INIT File

---------------------------------------------------------------
[ 2017-12-24T18:33:47+08:00 ] 172.31.232.156 116.62.209.27 GET /login
[ log ] wallet.2100w.cn/login [运行时间：0.015052s][吞吐率：66.44req/s] [内存消耗：2,342.12kb] [文件加载：40]
[ info ] [ LANG ] /home/www/snb_wallet/thinkphp/lang/zh-cn.php
[ info ] [ LANG ] /home/www/snb_wallet/public/../application/lang/zh-cn.php
[ info ] [ ROUTE ] array (
  'type' => 'module',
  'module' => 
  array (
    0 => 'user',
    1 => 'user',
    2 => 'login',
  ),
  'convert' => false,
)
[ info ] [ HEADER ] array (
  'host' => 'wallet.2100w.cn',
  'user-agent' => 'Mozilla/5.0 (Windows NT 10.0; Win64; x64) AppleWebKit/537.36 (KHTML, like Gecko) Chrome/59.0.3071.115 Safari/537.36',
  'accept-encoding' => 'gzip, deflate',
  'accept' => 'text/html,application/xhtml+xml,application/xml;q=0.9,image/webp,image/apng,*/*;q=0.8',
  'connection' => 'keep-alive',
  'accept-language' => 'zh-CN,zh;q=0.8',
  'referer' => 'https://wallet.2100w.cn/?c=4e5e5d7364f443e28fbf0d3ae744a59a',
  'cookie' => 'PHPSESSID=gb5tdf8j0fe2lmqt9roi53r506; think_var=zh-cn',
  'content-type' => '',
  'content-length' => '',
)
[ info ] [ PARAM ] array (
)
[ info ] [ RUN ] app\user\controller\User->login[ /home/www/snb_wallet/application/user/controller/User.php ]
[ info ] [ VIEW ] /home/www/snb_wallet/public/../application/user/view/user/Login.html [ array (
  0 => 'dir',
  1 => 'title',
  2 => 'error_msg',
) ]
[ info ] [ LOG ] INIT File

---------------------------------------------------------------
[ 2017-12-24T18:33:47+08:00 ] 172.31.232.156 116.62.209.27 GET /login?c=4e5e5d7364f443e28fbf0d3ae744a59a
[ log ] wallet.2100w.cn/login?c=4e5e5d7364f443e28fbf0d3ae744a59a [运行时间：0.015231s][吞吐率：65.65req/s] [内存消耗：2,342.81kb] [文件加载：40]
[ info ] [ LANG ] /home/www/snb_wallet/thinkphp/lang/zh-cn.php
[ info ] [ LANG ] /home/www/snb_wallet/public/../application/lang/zh-cn.php
[ info ] [ ROUTE ] array (
  'type' => 'module',
  'module' => 
  array (
    0 => 'user',
    1 => 'user',
    2 => 'login',
  ),
  'convert' => false,
)
[ info ] [ HEADER ] array (
  'host' => 'wallet.2100w.cn',
  'user-agent' => 'Mozilla/5.0 (Windows NT 10.0; Win64; x64) AppleWebKit/537.36 (KHTML, like Gecko) Chrome/59.0.3071.115 Safari/537.36',
  'accept-encoding' => 'gzip, deflate',
  'accept' => 'text/html,application/xhtml+xml,application/xml;q=0.9,image/webp,image/apng,*/*;q=0.8',
  'connection' => 'keep-alive',
  'accept-language' => 'zh-CN,zh;q=0.8',
  'referer' => 'https://wallet.2100w.cn/login?c=4e5e5d7364f443e28fbf0d3ae744a59a',
  'cookie' => 'PHPSESSID=gb5tdf8j0fe2lmqt9roi53r506; think_var=zh-cn',
  'content-type' => '',
  'content-length' => '',
)
[ info ] [ PARAM ] array (
  'c' => '4e5e5d7364f443e28fbf0d3ae744a59a',
)
[ info ] [ RUN ] app\user\controller\User->login[ /home/www/snb_wallet/application/user/controller/User.php ]
[ info ] [ VIEW ] /home/www/snb_wallet/public/../application/user/view/user/Login.html [ array (
  0 => 'dir',
  1 => 'title',
  2 => 'error_msg',
) ]
[ info ] [ LOG ] INIT File

---------------------------------------------------------------
[ 2017-12-24T18:33:47+08:00 ] 172.31.232.156 116.62.209.27 GET /phpMyAdmin/
[ log ] wallet.2100w.cn/phpMyAdmin/ [运行时间：0.013181s][吞吐率：75.87req/s] [内存消耗：1,842.84kb] [文件加载：35]
[ info ] [ LANG ] /home/www/snb_wallet/thinkphp/lang/zh-cn.php
[ info ] [ LANG ] /home/www/snb_wallet/public/../application/lang/zh-cn.php
[ info ] [ ROUTE ] array (
  'type' => 'module',
  'module' => 
  array (
    0 => 'phpMyAdmin',
    1 => NULL,
    2 => NULL,
  ),
)
[ info ] [ HEADER ] array (
  'host' => 'wallet.2100w.cn',
  'user-agent' => 'Mozilla/5.0 (Windows NT 10.0; Win64; x64) AppleWebKit/537.36 (KHTML, like Gecko) Chrome/59.0.3071.115 Safari/537.36',
  'accept-encoding' => 'gzip, deflate',
  'accept' => 'text/html,application/xhtml+xml,application/xml;q=0.9,image/webp,image/apng,*/*;q=0.8',
  'connection' => 'keep-alive',
  'accept-language' => 'zh-CN,zh;q=0.8',
  'referer' => 'https://wallet.2100w.cn/phpMyAdmin/',
  'cookie' => 'PHPSESSID=gb5tdf8j0fe2lmqt9roi53r506; think_var=zh-cn',
  'content-type' => '',
  'content-length' => '',
)
[ info ] [ PARAM ] array (
)
[ info ] [ LOG ] INIT File

---------------------------------------------------------------
[ 2017-12-24T18:33:47+08:00 ] 172.31.232.156 116.62.209.27 GET /phpmyadmin/
[ log ] wallet.2100w.cn/phpmyadmin/ [运行时间：0.013936s][吞吐率：71.76req/s] [内存消耗：1,842.84kb] [文件加载：35]
[ info ] [ LANG ] /home/www/snb_wallet/thinkphp/lang/zh-cn.php
[ info ] [ LANG ] /home/www/snb_wallet/public/../application/lang/zh-cn.php
[ info ] [ ROUTE ] array (
  'type' => 'module',
  'module' => 
  array (
    0 => 'phpmyadmin',
    1 => NULL,
    2 => NULL,
  ),
)
[ info ] [ HEADER ] array (
  'host' => 'wallet.2100w.cn',
  'user-agent' => 'Mozilla/5.0 (Windows NT 10.0; Win64; x64) AppleWebKit/537.36 (KHTML, like Gecko) Chrome/59.0.3071.115 Safari/537.36',
  'accept-encoding' => 'gzip, deflate',
  'accept' => 'text/html,application/xhtml+xml,application/xml;q=0.9,image/webp,image/apng,*/*;q=0.8',
  'connection' => 'keep-alive',
  'accept-language' => 'zh-CN,zh;q=0.8',
  'referer' => 'https://wallet.2100w.cn/phpmyadmin/',
  'cookie' => 'PHPSESSID=gb5tdf8j0fe2lmqt9roi53r506; think_var=zh-cn',
  'content-type' => '',
  'content-length' => '',
)
[ info ] [ PARAM ] array (
)
[ info ] [ LOG ] INIT File

---------------------------------------------------------------
[ 2017-12-24T18:33:47+08:00 ] 172.31.232.156 116.62.209.27 GET /pma/
[ log ] wallet.2100w.cn/pma/ [运行时间：0.014014s][吞吐率：71.36req/s] [内存消耗：1,842.87kb] [文件加载：35]
[ info ] [ LANG ] /home/www/snb_wallet/thinkphp/lang/zh-cn.php
[ info ] [ LANG ] /home/www/snb_wallet/public/../application/lang/zh-cn.php
[ info ] [ ROUTE ] array (
  'type' => 'module',
  'module' => 
  array (
    0 => 'pma',
    1 => NULL,
    2 => NULL,
  ),
)
[ info ] [ HEADER ] array (
  'host' => 'wallet.2100w.cn',
  'user-agent' => 'Mozilla/5.0 (Windows NT 10.0; Win64; x64) AppleWebKit/537.36 (KHTML, like Gecko) Chrome/59.0.3071.115 Safari/537.36',
  'accept-encoding' => 'gzip, deflate',
  'accept' => 'text/html,application/xhtml+xml,application/xml;q=0.9,image/webp,image/apng,*/*;q=0.8',
  'connection' => 'keep-alive',
  'accept-language' => 'zh-CN,zh;q=0.8',
  'referer' => 'https://wallet.2100w.cn/pma/',
  'cookie' => 'PHPSESSID=gb5tdf8j0fe2lmqt9roi53r506; think_var=zh-cn',
  'content-type' => '',
  'content-length' => '',
)
[ info ] [ PARAM ] array (
)
[ info ] [ LOG ] INIT File

---------------------------------------------------------------
[ 2017-12-24T18:33:48+08:00 ] 172.31.232.156 116.62.209.27 GET /pmd/
[ log ] wallet.2100w.cn/pmd/ [运行时间：0.013929s][吞吐率：71.79req/s] [内存消耗：1,842.87kb] [文件加载：35]
[ info ] [ LANG ] /home/www/snb_wallet/thinkphp/lang/zh-cn.php
[ info ] [ LANG ] /home/www/snb_wallet/public/../application/lang/zh-cn.php
[ info ] [ ROUTE ] array (
  'type' => 'module',
  'module' => 
  array (
    0 => 'pmd',
    1 => NULL,
    2 => NULL,
  ),
)
[ info ] [ HEADER ] array (
  'host' => 'wallet.2100w.cn',
  'user-agent' => 'Mozilla/5.0 (Windows NT 10.0; Win64; x64) AppleWebKit/537.36 (KHTML, like Gecko) Chrome/59.0.3071.115 Safari/537.36',
  'accept-encoding' => 'gzip, deflate',
  'accept' => 'text/html,application/xhtml+xml,application/xml;q=0.9,image/webp,image/apng,*/*;q=0.8',
  'connection' => 'keep-alive',
  'accept-language' => 'zh-CN,zh;q=0.8',
  'referer' => 'https://wallet.2100w.cn/pmd/',
  'cookie' => 'PHPSESSID=gb5tdf8j0fe2lmqt9roi53r506; think_var=zh-cn',
  'content-type' => '',
  'content-length' => '',
)
[ info ] [ PARAM ] array (
)
[ info ] [ LOG ] INIT File

---------------------------------------------------------------
[ 2017-12-24T18:33:48+08:00 ] 172.31.232.156 116.62.209.27 GET /solr/
[ log ] wallet.2100w.cn/solr/ [运行时间：0.012526s][吞吐率：79.84req/s] [内存消耗：1,842.86kb] [文件加载：35]
[ info ] [ LANG ] /home/www/snb_wallet/thinkphp/lang/zh-cn.php
[ info ] [ LANG ] /home/www/snb_wallet/public/../application/lang/zh-cn.php
[ info ] [ ROUTE ] array (
  'type' => 'module',
  'module' => 
  array (
    0 => 'solr',
    1 => NULL,
    2 => NULL,
  ),
)
[ info ] [ HEADER ] array (
  'host' => 'wallet.2100w.cn',
  'user-agent' => 'Mozilla/5.0 (Windows NT 10.0; Win64; x64) AppleWebKit/537.36 (KHTML, like Gecko) Chrome/59.0.3071.115 Safari/537.36',
  'accept-encoding' => 'gzip, deflate',
  'accept' => 'text/html,application/xhtml+xml,application/xml;q=0.9,image/webp,image/apng,*/*;q=0.8',
  'connection' => 'keep-alive',
  'accept-language' => 'zh-CN,zh;q=0.8',
  'referer' => 'https://wallet.2100w.cn/solr/',
  'cookie' => 'PHPSESSID=gb5tdf8j0fe2lmqt9roi53r506; think_var=zh-cn',
  'content-type' => '',
  'content-length' => '',
)
[ info ] [ PARAM ] array (
)
[ info ] [ LOG ] INIT File

---------------------------------------------------------------
[ 2017-12-24T18:33:48+08:00 ] 172.31.232.156 116.62.209.27 GET /wcm/
[ log ] wallet.2100w.cn/wcm/ [运行时间：0.012514s][吞吐率：79.91req/s] [内存消耗：1,842.87kb] [文件加载：35]
[ info ] [ LANG ] /home/www/snb_wallet/thinkphp/lang/zh-cn.php
[ info ] [ LANG ] /home/www/snb_wallet/public/../application/lang/zh-cn.php
[ info ] [ ROUTE ] array (
  'type' => 'module',
  'module' => 
  array (
    0 => 'wcm',
    1 => NULL,
    2 => NULL,
  ),
)
[ info ] [ HEADER ] array (
  'host' => 'wallet.2100w.cn',
  'user-agent' => 'Mozilla/5.0 (Windows NT 10.0; Win64; x64) AppleWebKit/537.36 (KHTML, like Gecko) Chrome/59.0.3071.115 Safari/537.36',
  'accept-encoding' => 'gzip, deflate',
  'accept' => 'text/html,application/xhtml+xml,application/xml;q=0.9,image/webp,image/apng,*/*;q=0.8',
  'connection' => 'keep-alive',
  'accept-language' => 'zh-CN,zh;q=0.8',
  'referer' => 'https://wallet.2100w.cn/wcm/',
  'cookie' => 'PHPSESSID=gb5tdf8j0fe2lmqt9roi53r506; think_var=zh-cn',
  'content-type' => '',
  'content-length' => '',
)
[ info ] [ PARAM ] array (
)
[ info ] [ LOG ] INIT File

---------------------------------------------------------------
[ 2017-12-24T18:54:20+08:00 ] 172.31.232.156 77.88.5.5 GET /
[ log ] wallet.2100w.cn/ [运行时间：0.014569s][吞吐率：68.64req/s] [内存消耗：2,162.67kb] [文件加载：41]
[ info ] [ LANG ] /home/www/snb_wallet/public/../application/lang/ru.php
[ info ] [ ROUTE ] array (
  'type' => 'module',
  'module' => 
  array (
    0 => '',
    1 => NULL,
    2 => NULL,
  ),
)
[ info ] [ HEADER ] array (
  'host' => 'wallet.2100w.cn',
  'connection' => 'Keep-Alive',
  'user-agent' => 'Mozilla/5.0 (compatible; YandexBot/3.0; +http://yandex.com/bots)',
  'from' => 'support@search.yandex.ru',
  'accept-encoding' => 'gzip,deflate',
  'accept-language' => 'ru, uk;q=0.8, be;q=0.8, en;q=0.7, *;q=0.01',
  'accept' => '*/*',
  'content-type' => '',
  'content-length' => '',
)
[ info ] [ PARAM ] array (
)
[ info ] [ RUN ] app\index\controller\Index->index[ /home/www/snb_wallet/application/index/controller/Index.php ]
[ info ] [ SESSION ] INIT array (
  'id' => '',
  'var_session_id' => '',
  'prefix' => 'think',
  'type' => '',
  'auto_start' => true,
)
[ info ] [ LOG ] INIT File

---------------------------------------------------------------
[ 2017-12-24T18:54:21+08:00 ] 172.31.232.156 93.158.161.100 GET /
[ log ] wallet.2100w.cn/ [运行时间：0.014510s][吞吐率：68.92req/s] [内存消耗：2,162.65kb] [文件加载：41]
[ info ] [ LANG ] /home/www/snb_wallet/public/../application/lang/ru.php
[ info ] [ ROUTE ] array (
  'type' => 'module',
  'module' => 
  array (
    0 => '',
    1 => NULL,
    2 => NULL,
  ),
)
[ info ] [ HEADER ] array (
  'host' => 'wallet.2100w.cn',
  'connection' => 'Keep-Alive',
  'user-agent' => 'Mozilla/5.0 (compatible; YandexBot/3.0; +http://yandex.com/bots)',
  'from' => 'support@search.yandex.ru',
  'accept-encoding' => 'gzip,deflate',
  'accept-language' => 'ru, uk;q=0.8, be;q=0.8, en;q=0.7, *;q=0.01',
  'accept' => '*/*',
  'content-type' => '',
  'content-length' => '',
)
[ info ] [ PARAM ] array (
)
[ info ] [ RUN ] app\index\controller\Index->index[ /home/www/snb_wallet/application/index/controller/Index.php ]
[ info ] [ SESSION ] INIT array (
  'id' => '',
  'var_session_id' => '',
  'prefix' => 'think',
  'type' => '',
  'auto_start' => true,
)
[ info ] [ LOG ] INIT File

---------------------------------------------------------------
[ 2017-12-24T18:54:25+08:00 ] 172.31.232.156 141.8.144.2 GET /login
[ log ] wallet.2100w.cn/login [运行时间：0.015703s][吞吐率：63.68req/s] [内存消耗：2,332.88kb] [文件加载：39]
[ info ] [ LANG ] /home/www/snb_wallet/public/../application/lang/ru.php
[ info ] [ ROUTE ] array (
  'type' => 'module',
  'module' => 
  array (
    0 => 'user',
    1 => 'user',
    2 => 'login',
  ),
  'convert' => false,
)
[ info ] [ HEADER ] array (
  'host' => 'wallet.2100w.cn',
  'connection' => 'Keep-Alive',
  'user-agent' => 'Mozilla/5.0 (compatible; YandexBot/3.0; +http://yandex.com/bots)',
  'from' => 'support@search.yandex.ru',
  'accept-encoding' => 'gzip,deflate',
  'accept-language' => 'ru, uk;q=0.8, be;q=0.8, en;q=0.7, *;q=0.01',
  'accept' => '*/*',
  'content-type' => '',
  'content-length' => '',
)
[ info ] [ PARAM ] array (
)
[ info ] [ RUN ] app\user\controller\User->login[ /home/www/snb_wallet/application/user/controller/User.php ]
[ info ] [ VIEW ] /home/www/snb_wallet/public/../application/user/view/user/Login.html [ array (
  0 => 'dir',
  1 => 'title',
  2 => 'error_msg',
) ]
[ info ] [ LOG ] INIT File

---------------------------------------------------------------
[ 2017-12-24T18:54:25+08:00 ] 172.31.232.156 5.255.250.75 GET /login
[ log ] wallet.2100w.cn/login [运行时间：0.016545s][吞吐率：60.44req/s] [内存消耗：2,333.19kb] [文件加载：39]
[ info ] [ LANG ] /home/www/snb_wallet/public/../application/lang/ru.php
[ info ] [ ROUTE ] array (
  'type' => 'module',
  'module' => 
  array (
    0 => 'user',
    1 => 'user',
    2 => 'login',
  ),
  'convert' => false,
)
[ info ] [ HEADER ] array (
  'host' => 'wallet.2100w.cn',
  'connection' => 'Keep-Alive',
  'user-agent' => 'Mozilla/5.0 (compatible; YandexBot/3.0; +http://yandex.com/bots)',
  'from' => 'support@search.yandex.ru',
  'accept-encoding' => 'gzip,deflate',
  'accept-language' => 'ru, uk;q=0.8, be;q=0.8, en;q=0.7, *;q=0.01',
  'accept' => '*/*',
  'content-type' => '',
  'content-length' => '',
)
[ info ] [ PARAM ] array (
)
[ info ] [ RUN ] app\user\controller\User->login[ /home/www/snb_wallet/application/user/controller/User.php ]
[ info ] [ VIEW ] /home/www/snb_wallet/public/../application/user/view/user/Login.html [ array (
  0 => 'dir',
  1 => 'title',
  2 => 'error_msg',
) ]
[ info ] [ LOG ] INIT File

---------------------------------------------------------------
